<?xml version="1.0" encoding="UTF-8"?>
<TestRun id="8b92f3df-38df-4ef7-bf11-219c12f59f95" name="HKR@AS0283 2016-09-28 09:33:43" runUser="OEVERMANN\HKR" xmlns="http://microsoft.com/schemas/VisualStudio/TeamTest/2010">
  <TestSettings name="TestSettings" id="3d90c4f8-ccdc-4663-bad3-9f4c55f42318">
    <Description>These are default test settings for a local test run.</Description>
    <Deployment userDeploymentRoot="C:\DevProjects\Tools\pickles" useDefaultDeploymentRoot="false" enabled="false" runDeploymentRoot="HKR_AS0283 2016-09-28 09_33_43" />
    <Execution>
      <TestTypeSpecific />
      <AgentRule name="Execution Agents">
      </AgentRule>
    </Execution>
    <Properties />
  </TestSettings>
  <Times creation="2016-09-28T09:33:43.1911705+02:00" queuing="2016-09-28T09:33:43.7031465+02:00" start="2016-09-28T09:33:43.7971511+02:00" finish="2016-09-28T09:33:44.4531422+02:00" />
  <ResultSummary outcome="Failed">
    <Counters total="47" executed="47" passed="30" error="0" failed="8" timeout="0" aborted="0" inconclusive="9" passedButRunAborted="0" notRunnable="0" notExecuted="0" disconnected="0" warning="0" completed="0" inProgress="0" pending="0" />
  </ResultSummary>
  <TestDefinitions>
    <UnitTest name="ThisScenarioContainsExamplesWithRegex_SpecialCharacters_Variant3" storage="c:\devprojects\tools\pickles\\test-harness\mstest\bin\debug\mstestharness.dll" id="7699da71-b819-eb00-3894-2f0be7eec39c">
      <Description>This scenario contains examples with Regex-special characters</Description>
      <Execution id="fe022d9c-e496-4d25-8ee2-cecdfd7d7cbd" />
      <Properties>
        <Property>
          <Key>FeatureTitle</Key>
          <Value>Scenarios With Special Characters</Value>
        </Property>
        <Property>
          <Key>VariantName</Key>
          <Value>Variant 3</Value>
        </Property>
        <Property>
          <Key>Parameter:regex</Key>
          <Value>[]</Value>
        </Property>
      </Properties>
      <TestMethod codeBase="C:/DevProjects/Tools/pickles/test-harness/mstest/bin/Debug/MsTestHarness.DLL" adapterTypeName="Microsoft.VisualStudio.TestTools.TestTypes.Unit.UnitTestAdapter, Microsoft.VisualStudio.QualityTools.Tips.UnitTest.Adapter, Version=14.0.0.0, Culture=neutral, PublicKeyToken=b03f5f7f11d50a3a" className="Pickles.TestHarness.MsTest.ScenariosWithSpecialCharactersFeature, MsTestHarness, Version=1.0.0.0, Culture=neutral, PublicKeyToken=null" name="ThisScenarioContainsExamplesWithRegex_SpecialCharacters_Variant3" />
    </UnitTest>
    <UnitTest name="NotAutomatedScenario1" storage="c:\devprojects\tools\pickles\\test-harness\mstest\bin\debug\mstestharness.dll" id="0e090158-43a1-1be8-47c2-13e1b2c9f8c7">
      <Description>Not automated scenario 1</Description>
      <Execution id="0289f165-b539-472e-97da-60133c9753c3" />
      <Properties>
        <Property>
          <Key>FeatureTitle</Key>
          <Value>Not Automated At All</Value>
        </Property>
      </Properties>
      <TestMethod codeBase="C:/DevProjects/Tools/pickles/test-harness/mstest/bin/Debug/MsTestHarness.DLL" adapterTypeName="Microsoft.VisualStudio.TestTools.TestTypes.Unit.UnitTestAdapter, Microsoft.VisualStudio.QualityTools.Tips.UnitTest.Adapter, Version=14.0.0.0, Culture=neutral, PublicKeyToken=b03f5f7f11d50a3a" className="Pickles.TestHarness.MsTest.NotAutomatedAtAllFeature, MsTestHarness, Version=1.0.0.0, Culture=neutral, PublicKeyToken=null" name="NotAutomatedScenario1" />
    </UnitTest>
    <UnitTest name="AddingSeveralNumbers_40" storage="c:\devprojects\tools\pickles\\test-harness\mstest\bin\debug\mstestharness.dll" id="4d0f7327-ed22-9a43-969a-ac2ea8102d66">
      <Description>Adding several numbers</Description>
      <TestCategory>
        <TestCategoryItem TestCategory="tag2" />
      </TestCategory>
      <Execution id="6b7ae4ce-36d5-4d33-b8f0-1bd2c47ce15e" />
      <Properties>
        <Property>
          <Key>Parameter:first number</Key>
          <Value>40</Value>
        </Property>
        <Property>
          <Key>VariantName</Key>
          <Value>40</Value>
        </Property>
        <Property>
          <Key>Parameter:result</Key>
          <Value>180</Value>
        </Property>
        <Property>
          <Key>Parameter:third number</Key>
          <Value>90</Value>
        </Property>
        <Property>
          <Key>Parameter:second number</Key>
          <Value>50</Value>
        </Property>
        <Property>
          <Key>FeatureTitle</Key>
          <Value>Addition</Value>
        </Property>
      </Properties>
      <TestMethod codeBase="C:/DevProjects/Tools/pickles/test-harness/mstest/bin/Debug/MsTestHarness.DLL" adapterTypeName="Microsoft.VisualStudio.TestTools.TestTypes.Unit.UnitTestAdapter, Microsoft.VisualStudio.QualityTools.Tips.UnitTest.Adapter, Version=14.0.0.0, Culture=neutral, PublicKeyToken=b03f5f7f11d50a3a" className="Pickles.TestHarness.MsTest.AdditionFeature, MsTestHarness, Version=1.0.0.0, Culture=neutral, PublicKeyToken=null" name="AddingSeveralNumbers_40" />
    </UnitTest>
    <UnitTest name="AndWeCanGoTotallyBonkersWithMultipleExampleSections__ExampleSet2_Fail_2" storage="c:\devprojects\tools\pickles\\test-harness\mstest\bin\debug\mstestharness.dll" id="40304968-0dee-8e41-4f42-20809899a9d0">
      <Description>And we can go totally bonkers with multiple example sections.</Description>
      <Execution id="dc477dc5-8081-4326-a1a3-7f691ef07670" />
      <Properties>
        <Property>
          <Key>FeatureTitle</Key>
          <Value>Scenario Outlines</Value>
        </Property>
        <Property>
          <Key>VariantName</Key>
          <Value>fail_2</Value>
        </Property>
        <Property>
          <Key>Parameter:result</Key>
          <Value>fail_2</Value>
        </Property>
      </Properties>
      <TestMethod codeBase="C:/DevProjects/Tools/pickles/test-harness/mstest/bin/Debug/MsTestHarness.DLL" adapterTypeName="Microsoft.VisualStudio.TestTools.TestTypes.Unit.UnitTestAdapter, Microsoft.VisualStudio.QualityTools.Tips.UnitTest.Adapter, Version=14.0.0.0, Culture=neutral, PublicKeyToken=b03f5f7f11d50a3a" className="Pickles.TestHarness.MsTest.ScenarioOutlinesFeature, MsTestHarness, Version=1.0.0.0, Culture=neutral, PublicKeyToken=null" name="AndWeCanGoTotallyBonkersWithMultipleExampleSections__ExampleSet2_Fail_2" />
    </UnitTest>
    <UnitTest name="NotAutomatedScenario3" storage="c:\devprojects\tools\pickles\\test-harness\mstest\bin\debug\mstestharness.dll" id="64813bea-d79b-d74b-adb5-1302eaf5641f">
      <Description>Not automated scenario 3</Description>
      <Execution id="08a69590-d4ac-4a25-b0bf-00702dee00bd" />
      <Properties>
        <Property>
          <Key>FeatureTitle</Key>
          <Value>Not Automated At All</Value>
        </Property>
      </Properties>
      <TestMethod codeBase="C:/DevProjects/Tools/pickles/test-harness/mstest/bin/Debug/MsTestHarness.DLL" adapterTypeName="Microsoft.VisualStudio.TestTools.TestTypes.Unit.UnitTestAdapter, Microsoft.VisualStudio.QualityTools.Tips.UnitTest.Adapter, Version=14.0.0.0, Culture=neutral, PublicKeyToken=b03f5f7f11d50a3a" className="Pickles.TestHarness.MsTest.NotAutomatedAtAllFeature, MsTestHarness, Version=1.0.0.0, Culture=neutral, PublicKeyToken=null" name="NotAutomatedScenario3" />
    </UnitTest>
    <UnitTest name="ThisScenarioContainsExamplesWithRegex_SpecialCharacters_Variant2" storage="c:\devprojects\tools\pickles\\test-harness\mstest\bin\debug\mstestharness.dll" id="a3bd6f67-daac-1ebc-5894-1d73dbe8d707">
      <Description>This scenario contains examples with Regex-special characters</Description>
      <Execution id="f2df90c9-7a83-4804-8286-7e68abdb6acc" />
      <Properties>
        <Property>
          <Key>FeatureTitle</Key>
          <Value>Scenarios With Special Characters</Value>
        </Property>
        <Property>
          <Key>VariantName</Key>
          <Value>Variant 2</Value>
        </Property>
        <Property>
          <Key>Parameter:regex</Key>
          <Value>.*</Value>
        </Property>
      </Properties>
      <TestMethod codeBase="C:/DevProjects/Tools/pickles/test-harness/mstest/bin/Debug/MsTestHarness.DLL" adapterTypeName="Microsoft.VisualStudio.TestTools.TestTypes.Unit.UnitTestAdapter, Microsoft.VisualStudio.QualityTools.Tips.UnitTest.Adapter, Version=14.0.0.0, Culture=neutral, PublicKeyToken=b03f5f7f11d50a3a" className="Pickles.TestHarness.MsTest.ScenariosWithSpecialCharactersFeature, MsTestHarness, Version=1.0.0.0, Culture=neutral, PublicKeyToken=null" name="ThisScenarioContainsExamplesWithRegex_SpecialCharacters_Variant2" />
    </UnitTest>
    <UnitTest name="ThisIsAScenarioWithParenthesesHyphenAndComma10_2030_40" storage="c:\devprojects\tools\pickles\\test-harness\mstest\bin\debug\mstestharness.dll" id="3fe8806f-fabb-1deb-7e27-c59578f16da3">
      <Description>This is a scenario with parentheses, hyphen and comma (10-20, 30-40)</Description>
      <Execution id="d6156b13-8dea-4855-a0d6-c17e57bc0bf1" />
      <Properties>
        <Property>
          <Key>FeatureTitle</Key>
          <Value>Scenarios With Special Characters</Value>
        </Property>
      </Properties>
      <TestMethod codeBase="C:/DevProjects/Tools/pickles/test-harness/mstest/bin/Debug/MsTestHarness.DLL" adapterTypeName="Microsoft.VisualStudio.TestTools.TestTypes.Unit.UnitTestAdapter, Microsoft.VisualStudio.QualityTools.Tips.UnitTest.Adapter, Version=14.0.0.0, Culture=neutral, PublicKeyToken=b03f5f7f11d50a3a" className="Pickles.TestHarness.MsTest.ScenariosWithSpecialCharactersFeature, MsTestHarness, Version=1.0.0.0, Culture=neutral, PublicKeyToken=null" name="ThisIsAScenarioWithParenthesesHyphenAndComma10_2030_40" />
    </UnitTest>
    <UnitTest name="ThisScenarioContainsExamplesWithRegex_SpecialCharacters_Variant1" storage="c:\devprojects\tools\pickles\\test-harness\mstest\bin\debug\mstestharness.dll" id="fb3ec8b2-a410-ecc8-265b-29bfd3772553">
      <Description>This scenario contains examples with Regex-special characters</Description>
      <Execution id="1aa8cc43-19e6-440f-9d36-87f525d47f1b" />
      <Properties>
        <Property>
          <Key>FeatureTitle</Key>
          <Value>Scenarios With Special Characters</Value>
        </Property>
        <Property>
          <Key>VariantName</Key>
          <Value>Variant 1</Value>
        </Property>
        <Property>
          <Key>Parameter:regex</Key>
          <Value>++</Value>
        </Property>
      </Properties>
      <TestMethod codeBase="C:/DevProjects/Tools/pickles/test-harness/mstest/bin/Debug/MsTestHarness.DLL" adapterTypeName="Microsoft.VisualStudio.TestTools.TestTypes.Unit.UnitTestAdapter, Microsoft.VisualStudio.QualityTools.Tips.UnitTest.Adapter, Version=14.0.0.0, Culture=neutral, PublicKeyToken=b03f5f7f11d50a3a" className="Pickles.TestHarness.MsTest.ScenariosWithSpecialCharactersFeature, MsTestHarness, Version=1.0.0.0, Culture=neutral, PublicKeyToken=null" name="ThisScenarioContainsExamplesWithRegex_SpecialCharacters_Variant1" />
    </UnitTest>
    <UnitTest name="AddTwoNumbers" storage="c:\devprojects\tools\pickles\\test-harness\mstest\bin\debug\mstestharness.dll" id="ca63316a-39e5-9545-3bca-f1839c7b4664">
      <Description>Add two numbers</Description>
      <Execution id="e88d9922-5a81-4f06-a73d-fe2ec0f0055b" />
      <Properties>
        <Property>
          <Key>FeatureTitle</Key>
          <Value>Failing Background</Value>
        </Property>
      </Properties>
      <TestMethod codeBase="C:/DevProjects/Tools/pickles/test-harness/mstest/bin/Debug/MsTestHarness.DLL" adapterTypeName="Microsoft.VisualStudio.TestTools.TestTypes.Unit.UnitTestAdapter, Microsoft.VisualStudio.QualityTools.Tips.UnitTest.Adapter, Version=14.0.0.0, Culture=neutral, PublicKeyToken=b03f5f7f11d50a3a" className="Pickles.TestHarness.MsTest.FailingBackgroundFeature, MsTestHarness, Version=1.0.0.0, Culture=neutral, PublicKeyToken=null" name="AddTwoNumbers" />
    </UnitTest>
    <UnitTest name="FailingFeatureInconclusiveScenario" storage="c:\devprojects\tools\pickles\\test-harness\mstest\bin\debug\mstestharness.dll" id="7e6c75c9-5365-7582-f701-20d37d3ff511">
      <Description>Failing Feature Inconclusive Scenario</Description>
      <Execution id="a05975bf-21e1-475a-8743-11ad25a86434" />
      <Properties>
        <Property>
          <Key>FeatureTitle</Key>
          <Value>Failing</Value>
        </Property>
      </Properties>
      <TestMethod codeBase="C:/DevProjects/Tools/pickles/test-harness/mstest/bin/Debug/MsTestHarness.DLL" adapterTypeName="Microsoft.VisualStudio.TestTools.TestTypes.Unit.UnitTestAdapter, Microsoft.VisualStudio.QualityTools.Tips.UnitTest.Adapter, Version=14.0.0.0, Culture=neutral, PublicKeyToken=b03f5f7f11d50a3a" className="Pickles.TestHarness.MsTest.MinimalFeatures.FailingFeature, MsTestHarness, Version=1.0.0.0, Culture=neutral, PublicKeyToken=null" name="FailingFeatureInconclusiveScenario" />
    </UnitTest>
    <UnitTest name="ThisIsAScenarioOutlineWithParenthesesHyphenAndComma10_2030_40_Pass_1" storage="c:\devprojects\tools\pickles\\test-harness\mstest\bin\debug\mstestharness.dll" id="f8369e2e-c5ec-dade-ad85-e2c56909c853">
      <Description>This is a scenario outline with parentheses, hyphen and comma (10-20, 30-40)</Description>
      <Execution id="8b1c3c84-7a92-4086-a0b6-570d83a0369b" />
      <Properties>
        <Property>
          <Key>FeatureTitle</Key>
          <Value>Scenarios With Special Characters</Value>
        </Property>
        <Property>
          <Key>VariantName</Key>
          <Value>pass_1</Value>
        </Property>
        <Property>
          <Key>Parameter:result</Key>
          <Value>pass_1</Value>
        </Property>
      </Properties>
      <TestMethod codeBase="C:/DevProjects/Tools/pickles/test-harness/mstest/bin/Debug/MsTestHarness.DLL" adapterTypeName="Microsoft.VisualStudio.TestTools.TestTypes.Unit.UnitTestAdapter, Microsoft.VisualStudio.QualityTools.Tips.UnitTest.Adapter, Version=14.0.0.0, Culture=neutral, PublicKeyToken=b03f5f7f11d50a3a" className="Pickles.TestHarness.MsTest.ScenariosWithSpecialCharactersFeature, MsTestHarness, Version=1.0.0.0, Culture=neutral, PublicKeyToken=null" name="ThisIsAScenarioOutlineWithParenthesesHyphenAndComma10_2030_40_Pass_1" />
    </UnitTest>
    <UnitTest name="InconclusiveFeatureInconclusiveScenario" storage="c:\devprojects\tools\pickles\\test-harness\mstest\bin\debug\mstestharness.dll" id="add44896-9236-510f-750d-eb49b89a7a65">
      <Description>Inconclusive Feature Inconclusive Scenario</Description>
      <Execution id="e624cfd3-c524-4fa1-98d3-9eefc8ed4be0" />
      <Properties>
        <Property>
          <Key>FeatureTitle</Key>
          <Value>Inconclusive</Value>
        </Property>
      </Properties>
      <TestMethod codeBase="C:/DevProjects/Tools/pickles/test-harness/mstest/bin/Debug/MsTestHarness.DLL" adapterTypeName="Microsoft.VisualStudio.TestTools.TestTypes.Unit.UnitTestAdapter, Microsoft.VisualStudio.QualityTools.Tips.UnitTest.Adapter, Version=14.0.0.0, Culture=neutral, PublicKeyToken=b03f5f7f11d50a3a" className="Pickles.TestHarness.MsTest.MinimalFeatures.InconclusiveFeature, MsTestHarness, Version=1.0.0.0, Culture=neutral, PublicKeyToken=null" name="InconclusiveFeatureInconclusiveScenario" />
    </UnitTest>
    <UnitTest name="FailingFeaturePassingScenario" storage="c:\devprojects\tools\pickles\\test-harness\mstest\bin\debug\mstestharness.dll" id="fa1e54c9-cdb0-8bb1-6764-9179c3b61825">
      <Description>Failing Feature Passing Scenario</Description>
      <Execution id="f5f65ec2-fb08-42b7-af73-9396576ce7c2" />
      <Properties>
        <Property>
          <Key>FeatureTitle</Key>
          <Value>Failing</Value>
        </Property>
      </Properties>
      <TestMethod codeBase="C:/DevProjects/Tools/pickles/test-harness/mstest/bin/Debug/MsTestHarness.DLL" adapterTypeName="Microsoft.VisualStudio.TestTools.TestTypes.Unit.UnitTestAdapter, Microsoft.VisualStudio.QualityTools.Tips.UnitTest.Adapter, Version=14.0.0.0, Culture=neutral, PublicKeyToken=b03f5f7f11d50a3a" className="Pickles.TestHarness.MsTest.MinimalFeatures.FailingFeature, MsTestHarness, Version=1.0.0.0, Culture=neutral, PublicKeyToken=null" name="FailingFeaturePassingScenario" />
    </UnitTest>
    <UnitTest name="DealCorrectlyWithBackslashesInTheExamples_CTemp" storage="c:\devprojects\tools\pickles\\test-harness\mstest\bin\debug\mstestharness.dll" id="72d470fa-c19a-1302-1fcf-eb104ea36048">
      <Description>Deal correctly with backslashes in the examples</Description>
      <Execution id="0db42487-c1e4-4189-a35f-e93bd02705bb" />
      <Properties>
        <Property>
          <Key>FeatureTitle</Key>
          <Value>Scenario Outlines</Value>
        </Property>
        <Property>
          <Key>VariantName</Key>
          <Value>c:\Temp\</Value>
        </Property>
        <Property>
          <Key>Parameter:file path</Key>
          <Value>c:\Temp\</Value>
        </Property>
      </Properties>
      <TestMethod codeBase="C:/DevProjects/Tools/pickles/test-harness/mstest/bin/Debug/MsTestHarness.DLL" adapterTypeName="Microsoft.VisualStudio.TestTools.TestTypes.Unit.UnitTestAdapter, Microsoft.VisualStudio.QualityTools.Tips.UnitTest.Adapter, Version=14.0.0.0, Culture=neutral, PublicKeyToken=b03f5f7f11d50a3a" className="Pickles.TestHarness.MsTest.ScenarioOutlinesFeature, MsTestHarness, Version=1.0.0.0, Culture=neutral, PublicKeyToken=null" name="DealCorrectlyWithBackslashesInTheExamples_CTemp" />
    </UnitTest>
    <UnitTest name="ThisIsAScenarioOutlineWhereOneScenarioFails_Pass_2" storage="c:\devprojects\tools\pickles\\test-harness\mstest\bin\debug\mstestharness.dll" id="b04f3200-80ca-d47f-0c01-8a37e5c952e6">
      <Description>This is a scenario outline where one scenario fails</Description>
      <Execution id="6d018bfc-866c-4963-9cf2-fea88195981b" />
      <Properties>
        <Property>
          <Key>FeatureTitle</Key>
          <Value>Scenario Outlines</Value>
        </Property>
        <Property>
          <Key>VariantName</Key>
          <Value>pass_2</Value>
        </Property>
        <Property>
          <Key>Parameter:result</Key>
          <Value>pass_2</Value>
        </Property>
      </Properties>
      <TestMethod codeBase="C:/DevProjects/Tools/pickles/test-harness/mstest/bin/Debug/MsTestHarness.DLL" adapterTypeName="Microsoft.VisualStudio.TestTools.TestTypes.Unit.UnitTestAdapter, Microsoft.VisualStudio.QualityTools.Tips.UnitTest.Adapter, Version=14.0.0.0, Culture=neutral, PublicKeyToken=b03f5f7f11d50a3a" className="Pickles.TestHarness.MsTest.ScenarioOutlinesFeature, MsTestHarness, Version=1.0.0.0, Culture=neutral, PublicKeyToken=null" name="ThisIsAScenarioOutlineWhereOneScenarioFails_Pass_2" />
    </UnitTest>
    <UnitTest name="ThisIsAScenarioOutlineWithGermanUmlautsAouBAOU_Pass_1" storage="c:\devprojects\tools\pickles\\test-harness\mstest\bin\debug\mstestharness.dll" id="763d7e52-45c9-3e45-478d-dd6659bc69ba">
      <Description>This is a scenario outline with german umlauts äöüß ÄÖÜ</Description>
      <Execution id="aa138266-ab3e-4002-a38e-c8e05c31c8e6" />
      <Properties>
        <Property>
          <Key>FeatureTitle</Key>
          <Value>Scenarios With Special Characters</Value>
        </Property>
        <Property>
          <Key>VariantName</Key>
          <Value>pass_1</Value>
        </Property>
        <Property>
          <Key>Parameter:result</Key>
          <Value>pass_1</Value>
        </Property>
      </Properties>
      <TestMethod codeBase="C:/DevProjects/Tools/pickles/test-harness/mstest/bin/Debug/MsTestHarness.DLL" adapterTypeName="Microsoft.VisualStudio.TestTools.TestTypes.Unit.UnitTestAdapter, Microsoft.VisualStudio.QualityTools.Tips.UnitTest.Adapter, Version=14.0.0.0, Culture=neutral, PublicKeyToken=b03f5f7f11d50a3a" className="Pickles.TestHarness.MsTest.ScenariosWithSpecialCharactersFeature, MsTestHarness, Version=1.0.0.0, Culture=neutral, PublicKeyToken=null" name="ThisIsAScenarioOutlineWithGermanUmlautsAouBAOU_Pass_1" />
    </UnitTest>
    <UnitTest name="AndWeCanGoTotallyBonkersWithMultipleExampleSections__ExampleSet2_Fail_1" storage="c:\devprojects\tools\pickles\\test-harness\mstest\bin\debug\mstestharness.dll" id="78a6b3a3-679e-ee71-7ff5-c9338e3be6c2">
      <Description>And we can go totally bonkers with multiple example sections.</Description>
      <Execution id="ab1d7239-4539-458b-a7f9-dfab7f9bc5da" />
      <Properties>
        <Property>
          <Key>FeatureTitle</Key>
          <Value>Scenario Outlines</Value>
        </Property>
        <Property>
          <Key>VariantName</Key>
          <Value>fail_1</Value>
        </Property>
        <Property>
          <Key>Parameter:result</Key>
          <Value>fail_1</Value>
        </Property>
      </Properties>
      <TestMethod codeBase="C:/DevProjects/Tools/pickles/test-harness/mstest/bin/Debug/MsTestHarness.DLL" adapterTypeName="Microsoft.VisualStudio.TestTools.TestTypes.Unit.UnitTestAdapter, Microsoft.VisualStudio.QualityTools.Tips.UnitTest.Adapter, Version=14.0.0.0, Culture=neutral, PublicKeyToken=b03f5f7f11d50a3a" className="Pickles.TestHarness.MsTest.ScenarioOutlinesFeature, MsTestHarness, Version=1.0.0.0, Culture=neutral, PublicKeyToken=null" name="AndWeCanGoTotallyBonkersWithMultipleExampleSections__ExampleSet2_Fail_1" />
    </UnitTest>
    <UnitTest name="ThisScenarioContainsExamplesWithRegex_SpecialCharacters_Variant6" storage="c:\devprojects\tools\pickles\\test-harness\mstest\bin\debug\mstestharness.dll" id="22ccdb90-02c8-97c1-e2a1-6bec4f044d99">
      <Description>This scenario contains examples with Regex-special characters</Description>
      <Execution id="8861d3d8-946d-4d98-a506-6f0abfeb7d86" />
      <Properties>
        <Property>
          <Key>FeatureTitle</Key>
          <Value>Scenarios With Special Characters</Value>
        </Property>
        <Property>
          <Key>VariantName</Key>
          <Value>Variant 6</Value>
        </Property>
        <Property>
          <Key>Parameter:regex</Key>
          <Value>^.*(?&lt;foo&gt;BAR)\s[^0-9]{3,4}A+$</Value>
        </Property>
      </Properties>
      <TestMethod codeBase="C:/DevProjects/Tools/pickles/test-harness/mstest/bin/Debug/MsTestHarness.DLL" adapterTypeName="Microsoft.VisualStudio.TestTools.TestTypes.Unit.UnitTestAdapter, Microsoft.VisualStudio.QualityTools.Tips.UnitTest.Adapter, Version=14.0.0.0, Culture=neutral, PublicKeyToken=b03f5f7f11d50a3a" className="Pickles.TestHarness.MsTest.ScenariosWithSpecialCharactersFeature, MsTestHarness, Version=1.0.0.0, Culture=neutral, PublicKeyToken=null" name="ThisScenarioContainsExamplesWithRegex_SpecialCharacters_Variant6" />
    </UnitTest>
    <UnitTest name="ThisScenarioContainsExamplesWithRegex_SpecialCharacters_Variant5" storage="c:\devprojects\tools\pickles\\test-harness\mstest\bin\debug\mstestharness.dll" id="cca2404a-911a-a50e-9898-327264f0ea76">
      <Description>This scenario contains examples with Regex-special characters</Description>
      <Execution id="7fa9f127-15ff-45a9-90a0-69b0359e0f64" />
      <Properties>
        <Property>
          <Key>FeatureTitle</Key>
          <Value>Scenarios With Special Characters</Value>
        </Property>
        <Property>
          <Key>VariantName</Key>
          <Value>Variant 5</Value>
        </Property>
        <Property>
          <Key>Parameter:regex</Key>
          <Value>()</Value>
        </Property>
      </Properties>
      <TestMethod codeBase="C:/DevProjects/Tools/pickles/test-harness/mstest/bin/Debug/MsTestHarness.DLL" adapterTypeName="Microsoft.VisualStudio.TestTools.TestTypes.Unit.UnitTestAdapter, Microsoft.VisualStudio.QualityTools.Tips.UnitTest.Adapter, Version=14.0.0.0, Culture=neutral, PublicKeyToken=b03f5f7f11d50a3a" className="Pickles.TestHarness.MsTest.ScenariosWithSpecialCharactersFeature, MsTestHarness, Version=1.0.0.0, Culture=neutral, PublicKeyToken=null" name="ThisScenarioContainsExamplesWithRegex_SpecialCharacters_Variant5" />
    </UnitTest>
    <UnitTest name="AddingSeveralNumbers_60" storage="c:\devprojects\tools\pickles\\test-harness\mstest\bin\debug\mstestharness.dll" id="f4b45c2f-fc98-d23c-6179-62d5b5a59825">
      <Description>Adding several numbers</Description>
      <TestCategory>
        <TestCategoryItem TestCategory="tag2" />
      </TestCategory>
      <Execution id="80a37d44-11e7-4e5f-a101-252de0b2c2b3" />
      <Properties>
        <Property>
          <Key>Parameter:first number</Key>
          <Value>60</Value>
        </Property>
        <Property>
          <Key>VariantName</Key>
          <Value>60</Value>
        </Property>
        <Property>
          <Key>Parameter:result</Key>
          <Value>260</Value>
        </Property>
        <Property>
          <Key>Parameter:third number</Key>
          <Value>130</Value>
        </Property>
        <Property>
          <Key>Parameter:second number</Key>
          <Value>70</Value>
        </Property>
        <Property>
          <Key>FeatureTitle</Key>
          <Value>Addition</Value>
        </Property>
      </Properties>
      <TestMethod codeBase="C:/DevProjects/Tools/pickles/test-harness/mstest/bin/Debug/MsTestHarness.DLL" adapterTypeName="Microsoft.VisualStudio.TestTools.TestTypes.Unit.UnitTestAdapter, Microsoft.VisualStudio.QualityTools.Tips.UnitTest.Adapter, Version=14.0.0.0, Culture=neutral, PublicKeyToken=b03f5f7f11d50a3a" className="Pickles.TestHarness.MsTest.AdditionFeature, MsTestHarness, Version=1.0.0.0, Culture=neutral, PublicKeyToken=null" name="AddingSeveralNumbers_60" />
    </UnitTest>
    <UnitTest name="AndWeCanGoTotallyBonkersWithMultipleExampleSections__ExampleSet0_Pass_2" storage="c:\devprojects\tools\pickles\\test-harness\mstest\bin\debug\mstestharness.dll" id="ee74d71f-f824-19d9-866e-a408a95ffa99">
      <Description>And we can go totally bonkers with multiple example sections.</Description>
      <Execution id="e3ae304c-2dae-4ced-8f1e-a967c4dbacd0" />
      <Properties>
        <Property>
          <Key>FeatureTitle</Key>
          <Value>Scenario Outlines</Value>
        </Property>
        <Property>
          <Key>VariantName</Key>
          <Value>pass_2</Value>
        </Property>
        <Property>
          <Key>Parameter:result</Key>
          <Value>pass_2</Value>
        </Property>
      </Properties>
      <TestMethod codeBase="C:/DevProjects/Tools/pickles/test-harness/mstest/bin/Debug/MsTestHarness.DLL" adapterTypeName="Microsoft.VisualStudio.TestTools.TestTypes.Unit.UnitTestAdapter, Microsoft.VisualStudio.QualityTools.Tips.UnitTest.Adapter, Version=14.0.0.0, Culture=neutral, PublicKeyToken=b03f5f7f11d50a3a" className="Pickles.TestHarness.MsTest.ScenarioOutlinesFeature, MsTestHarness, Version=1.0.0.0, Culture=neutral, PublicKeyToken=null" name="AndWeCanGoTotallyBonkersWithMultipleExampleSections__ExampleSet0_Pass_2" />
    </UnitTest>
    <UnitTest name="FailingFeatureFailingScenario" storage="c:\devprojects\tools\pickles\\test-harness\mstest\bin\debug\mstestharness.dll" id="18582dd5-09c7-ce67-9cb7-8e15a9cdffd0">
      <Description>Failing Feature Failing Scenario</Description>
      <Execution id="5c44dfb5-71bb-431e-9e76-26c2e6475b11" />
      <Properties>
        <Property>
          <Key>FeatureTitle</Key>
          <Value>Failing</Value>
        </Property>
      </Properties>
      <TestMethod codeBase="C:/DevProjects/Tools/pickles/test-harness/mstest/bin/Debug/MsTestHarness.DLL" adapterTypeName="Microsoft.VisualStudio.TestTools.TestTypes.Unit.UnitTestAdapter, Microsoft.VisualStudio.QualityTools.Tips.UnitTest.Adapter, Version=14.0.0.0, Culture=neutral, PublicKeyToken=b03f5f7f11d50a3a" className="Pickles.TestHarness.MsTest.MinimalFeatures.FailingFeature, MsTestHarness, Version=1.0.0.0, Culture=neutral, PublicKeyToken=null" name="FailingFeatureFailingScenario" />
    </UnitTest>
    <UnitTest name="DealCorrectlyWithParenthesisInTheExamples_ThisIsADescriptionAndMore" storage="c:\devprojects\tools\pickles\\test-harness\mstest\bin\debug\mstestharness.dll" id="d09c033d-0065-cbeb-bd7c-ee8b6460688f">
      <Description>Deal correctly with parenthesis in the examples</Description>
      <Execution id="cb798ff2-ffd4-4096-88aa-ac2565e53858" />
      <Properties>
        <Property>
          <Key>FeatureTitle</Key>
          <Value>Scenario Outlines</Value>
        </Property>
        <Property>
          <Key>VariantName</Key>
          <Value>This is a description (and more)</Value>
        </Property>
        <Property>
          <Key>Parameter:overly descriptive field</Key>
          <Value>This is a description (and more)</Value>
        </Property>
      </Properties>
      <TestMethod codeBase="C:/DevProjects/Tools/pickles/test-harness/mstest/bin/Debug/MsTestHarness.DLL" adapterTypeName="Microsoft.VisualStudio.TestTools.TestTypes.Unit.UnitTestAdapter, Microsoft.VisualStudio.QualityTools.Tips.UnitTest.Adapter, Version=14.0.0.0, Culture=neutral, PublicKeyToken=b03f5f7f11d50a3a" className="Pickles.TestHarness.MsTest.ScenarioOutlinesFeature, MsTestHarness, Version=1.0.0.0, Culture=neutral, PublicKeyToken=null" name="DealCorrectlyWithParenthesisInTheExamples_ThisIsADescriptionAndMore" />
    </UnitTest>
    <UnitTest name="ThisIsAScenarioOutlineWhereOneScenarioIsInconclusive_Pass_1" storage="c:\devprojects\tools\pickles\\test-harness\mstest\bin\debug\mstestharness.dll" id="6e54c207-a3b1-f181-06be-066795ac26e1">
      <Description>This is a scenario outline where one scenario is inconclusive</Description>
      <Execution id="37420234-8748-4b85-94dd-c262b1d4acae" />
      <Properties>
        <Property>
          <Key>FeatureTitle</Key>
          <Value>Scenario Outlines</Value>
        </Property>
        <Property>
          <Key>VariantName</Key>
          <Value>pass_1</Value>
        </Property>
        <Property>
          <Key>Parameter:result</Key>
          <Value>pass_1</Value>
        </Property>
      </Properties>
      <TestMethod codeBase="C:/DevProjects/Tools/pickles/test-harness/mstest/bin/Debug/MsTestHarness.DLL" adapterTypeName="Microsoft.VisualStudio.TestTools.TestTypes.Unit.UnitTestAdapter, Microsoft.VisualStudio.QualityTools.Tips.UnitTest.Adapter, Version=14.0.0.0, Culture=neutral, PublicKeyToken=b03f5f7f11d50a3a" className="Pickles.TestHarness.MsTest.ScenarioOutlinesFeature, MsTestHarness, Version=1.0.0.0, Culture=neutral, PublicKeyToken=null" name="ThisIsAScenarioOutlineWhereOneScenarioIsInconclusive_Pass_1" />
    </UnitTest>
    <UnitTest name="ThisIsAScenarioOutlineWhereAllScenariosPass_Pass_2" storage="c:\devprojects\tools\pickles\\test-harness\mstest\bin\debug\mstestharness.dll" id="9efc5df4-5f77-a670-8622-976418721b8f">
      <Description>This is a scenario outline where all scenarios pass</Description>
      <Execution id="807f7b27-c6eb-417f-8733-2d48ea7263c9" />
      <Properties>
        <Property>
          <Key>FeatureTitle</Key>
          <Value>Scenario Outlines</Value>
        </Property>
        <Property>
          <Key>VariantName</Key>
          <Value>pass_2</Value>
        </Property>
        <Property>
          <Key>Parameter:result</Key>
          <Value>pass_2</Value>
        </Property>
      </Properties>
      <TestMethod codeBase="C:/DevProjects/Tools/pickles/test-harness/mstest/bin/Debug/MsTestHarness.DLL" adapterTypeName="Microsoft.VisualStudio.TestTools.TestTypes.Unit.UnitTestAdapter, Microsoft.VisualStudio.QualityTools.Tips.UnitTest.Adapter, Version=14.0.0.0, Culture=neutral, PublicKeyToken=b03f5f7f11d50a3a" className="Pickles.TestHarness.MsTest.ScenarioOutlinesFeature, MsTestHarness, Version=1.0.0.0, Culture=neutral, PublicKeyToken=null" name="ThisIsAScenarioOutlineWhereAllScenariosPass_Pass_2" />
    </UnitTest>
    <UnitTest name="InconclusiveFeaturePassingScenario" storage="c:\devprojects\tools\pickles\\test-harness\mstest\bin\debug\mstestharness.dll" id="41cb0c4f-1c07-4937-29e8-dcc987caf94e">
      <Description>Inconclusive Feature Passing Scenario</Description>
      <Execution id="404c51e5-0866-4a9f-8135-e10148b23cab" />
      <Properties>
        <Property>
          <Key>FeatureTitle</Key>
          <Value>Inconclusive</Value>
        </Property>
      </Properties>
      <TestMethod codeBase="C:/DevProjects/Tools/pickles/test-harness/mstest/bin/Debug/MsTestHarness.DLL" adapterTypeName="Microsoft.VisualStudio.TestTools.TestTypes.Unit.UnitTestAdapter, Microsoft.VisualStudio.QualityTools.Tips.UnitTest.Adapter, Version=14.0.0.0, Culture=neutral, PublicKeyToken=b03f5f7f11d50a3a" className="Pickles.TestHarness.MsTest.MinimalFeatures.InconclusiveFeature, MsTestHarness, Version=1.0.0.0, Culture=neutral, PublicKeyToken=null" name="InconclusiveFeaturePassingScenario" />
    </UnitTest>
    <UnitTest name="ThisIsAScenarioOutlineWhereOneScenarioIsInconclusive_Inconclusive_1" storage="c:\devprojects\tools\pickles\\test-harness\mstest\bin\debug\mstestharness.dll" id="8c97c958-0c5d-1594-2cc5-02c96df8fc9b">
      <Description>This is a scenario outline where one scenario is inconclusive</Description>
      <Execution id="64386890-55a5-4b95-a423-b7712a39b8bf" />
      <Properties>
        <Property>
          <Key>FeatureTitle</Key>
          <Value>Scenario Outlines</Value>
        </Property>
        <Property>
          <Key>VariantName</Key>
          <Value>inconclusive_1</Value>
        </Property>
        <Property>
          <Key>Parameter:result</Key>
          <Value>inconclusive_1</Value>
        </Property>
      </Properties>
      <TestMethod codeBase="C:/DevProjects/Tools/pickles/test-harness/mstest/bin/Debug/MsTestHarness.DLL" adapterTypeName="Microsoft.VisualStudio.TestTools.TestTypes.Unit.UnitTestAdapter, Microsoft.VisualStudio.QualityTools.Tips.UnitTest.Adapter, Version=14.0.0.0, Culture=neutral, PublicKeyToken=b03f5f7f11d50a3a" className="Pickles.TestHarness.MsTest.ScenarioOutlinesFeature, MsTestHarness, Version=1.0.0.0, Culture=neutral, PublicKeyToken=null" name="ThisIsAScenarioOutlineWhereOneScenarioIsInconclusive_Inconclusive_1" />
    </UnitTest>
    <UnitTest name="TestMethod" storage="c:\devprojects\tools\pickles\\test-harness\mstest\bin\debug\mstestharness.dll" id="aa71fe8a-e5aa-f23d-c632-cfb3c587ca21">
      <Execution id="cc24508e-638a-4091-b113-e0ef1509435e" />
      <Properties>
        <Property>
          <Key>FeatureTitle</Key>
          <Value>Addition</Value>
        </Property>
      </Properties>
      <TestMethod codeBase="C:/DevProjects/Tools/pickles/test-harness/mstest/bin/Debug/MsTestHarness.DLL" adapterTypeName="Microsoft.VisualStudio.TestTools.TestTypes.Unit.UnitTestAdapter, Microsoft.VisualStudio.QualityTools.Tips.UnitTest.Adapter, Version=14.0.0.0, Culture=neutral, PublicKeyToken=b03f5f7f11d50a3a" className="Pickles.TestHarness.MsTest.OrdinaryUnitTest, MsTestHarness, Version=1.0.0.0, Culture=neutral, PublicKeyToken=null" name="TestMethod" />
    </UnitTest>
    <UnitTest name="ThisIsAScenarioOutlineWithAmpersand_Pass_1" storage="c:\devprojects\tools\pickles\\test-harness\mstest\bin\debug\mstestharness.dll" id="73c03e74-0c0b-5c1d-2193-91dd98f1f95e">
      <Description>This is a scenario outline with ampersand &amp;</Description>
      <Execution id="7e500918-0760-421a-83be-4ad63c51d858" />
      <Properties>
        <Property>
          <Key>FeatureTitle</Key>
          <Value>Scenarios With Special Characters</Value>
        </Property>
        <Property>
          <Key>VariantName</Key>
          <Value>pass_1</Value>
        </Property>
        <Property>
          <Key>Parameter:result</Key>
          <Value>pass_1</Value>
        </Property>
      </Properties>
      <TestMethod codeBase="C:/DevProjects/Tools/pickles/test-harness/mstest/bin/Debug/MsTestHarness.DLL" adapterTypeName="Microsoft.VisualStudio.TestTools.TestTypes.Unit.UnitTestAdapter, Microsoft.VisualStudio.QualityTools.Tips.UnitTest.Adapter, Version=14.0.0.0, Culture=neutral, PublicKeyToken=b03f5f7f11d50a3a" className="Pickles.TestHarness.MsTest.ScenariosWithSpecialCharactersFeature, MsTestHarness, Version=1.0.0.0, Culture=neutral, PublicKeyToken=null" name="ThisIsAScenarioOutlineWithAmpersand_Pass_1" />
    </UnitTest>
    <UnitTest name="AddTwoNumbers" storage="c:\devprojects\tools\pickles\\test-harness\mstest\bin\debug\mstestharness.dll" id="6b8581c3-611e-6116-4232-a31382677735">
      <Description>Add two numbers</Description>
      <TestCategory>
        <TestCategoryItem TestCategory="tag1" />
      </TestCategory>
      <Execution id="556edf09-34cc-473f-9b70-5d231853b07e" />
      <Properties>
        <Property>
          <Key>FeatureTitle</Key>
          <Value>Addition</Value>
        </Property>
      </Properties>
      <TestMethod codeBase="C:/DevProjects/Tools/pickles/test-harness/mstest/bin/Debug/MsTestHarness.DLL" adapterTypeName="Microsoft.VisualStudio.TestTools.TestTypes.Unit.UnitTestAdapter, Microsoft.VisualStudio.QualityTools.Tips.UnitTest.Adapter, Version=14.0.0.0, Culture=neutral, PublicKeyToken=b03f5f7f11d50a3a" className="Pickles.TestHarness.MsTest.AdditionFeature, MsTestHarness, Version=1.0.0.0, Culture=neutral, PublicKeyToken=null" name="AddTwoNumbers" />
    </UnitTest>
    <UnitTest name="ThisIsAScenarioOutlineWhereOneScenarioIsInconclusive_Pass_2" storage="c:\devprojects\tools\pickles\\test-harness\mstest\bin\debug\mstestharness.dll" id="8f2bb160-fa82-a566-570e-51eeb5237e95">
      <Description>This is a scenario outline where one scenario is inconclusive</Description>
      <Execution id="2caaf730-6060-459c-a263-4b80a7f424e4" />
      <Properties>
        <Property>
          <Key>FeatureTitle</Key>
          <Value>Scenario Outlines</Value>
        </Property>
        <Property>
          <Key>VariantName</Key>
          <Value>pass_2</Value>
        </Property>
        <Property>
          <Key>Parameter:result</Key>
          <Value>pass_2</Value>
        </Property>
      </Properties>
      <TestMethod codeBase="C:/DevProjects/Tools/pickles/test-harness/mstest/bin/Debug/MsTestHarness.DLL" adapterTypeName="Microsoft.VisualStudio.TestTools.TestTypes.Unit.UnitTestAdapter, Microsoft.VisualStudio.QualityTools.Tips.UnitTest.Adapter, Version=14.0.0.0, Culture=neutral, PublicKeyToken=b03f5f7f11d50a3a" className="Pickles.TestHarness.MsTest.ScenarioOutlinesFeature, MsTestHarness, Version=1.0.0.0, Culture=neutral, PublicKeyToken=null" name="ThisIsAScenarioOutlineWhereOneScenarioIsInconclusive_Pass_2" />
    </UnitTest>
    <UnitTest name="ThisIsAScenarioOutlineWhereOneScenarioFails_Fail_1" storage="c:\devprojects\tools\pickles\\test-harness\mstest\bin\debug\mstestharness.dll" id="05c22c90-eaaa-d3c2-bd2d-36c2df85528e">
      <Description>This is a scenario outline where one scenario fails</Description>
      <Execution id="943c71de-e0fb-4491-bee5-a88a58ce5d6f" />
      <Properties>
        <Property>
          <Key>FeatureTitle</Key>
          <Value>Scenario Outlines</Value>
        </Property>
        <Property>
          <Key>VariantName</Key>
          <Value>fail_1</Value>
        </Property>
        <Property>
          <Key>Parameter:result</Key>
          <Value>fail_1</Value>
        </Property>
      </Properties>
      <TestMethod codeBase="C:/DevProjects/Tools/pickles/test-harness/mstest/bin/Debug/MsTestHarness.DLL" adapterTypeName="Microsoft.VisualStudio.TestTools.TestTypes.Unit.UnitTestAdapter, Microsoft.VisualStudio.QualityTools.Tips.UnitTest.Adapter, Version=14.0.0.0, Culture=neutral, PublicKeyToken=b03f5f7f11d50a3a" className="Pickles.TestHarness.MsTest.ScenarioOutlinesFeature, MsTestHarness, Version=1.0.0.0, Culture=neutral, PublicKeyToken=null" name="ThisIsAScenarioOutlineWhereOneScenarioFails_Fail_1" />
    </UnitTest>
    <UnitTest name="AndWeCanGoTotallyBonkersWithMultipleExampleSections__ExampleSet1_Inconclusive_2" storage="c:\devprojects\tools\pickles\\test-harness\mstest\bin\debug\mstestharness.dll" id="4d5f7893-139c-db00-8823-de561780758d">
      <Description>And we can go totally bonkers with multiple example sections.</Description>
      <Execution id="b88e3fe2-7142-4844-82fb-c028962cf58c" />
      <Properties>
        <Property>
          <Key>FeatureTitle</Key>
          <Value>Scenario Outlines</Value>
        </Property>
        <Property>
          <Key>VariantName</Key>
          <Value>inconclusive_2</Value>
        </Property>
        <Property>
          <Key>Parameter:result</Key>
          <Value>inconclusive_2</Value>
        </Property>
      </Properties>
      <TestMethod codeBase="C:/DevProjects/Tools/pickles/test-harness/mstest/bin/Debug/MsTestHarness.DLL" adapterTypeName="Microsoft.VisualStudio.TestTools.TestTypes.Unit.UnitTestAdapter, Microsoft.VisualStudio.QualityTools.Tips.UnitTest.Adapter, Version=14.0.0.0, Culture=neutral, PublicKeyToken=b03f5f7f11d50a3a" className="Pickles.TestHarness.MsTest.ScenarioOutlinesFeature, MsTestHarness, Version=1.0.0.0, Culture=neutral, PublicKeyToken=null" name="AndWeCanGoTotallyBonkersWithMultipleExampleSections__ExampleSet1_Inconclusive_2" />
    </UnitTest>
    <UnitTest name="AddingSeveralNumbers_60" storage="c:\devprojects\tools\pickles\\test-harness\mstest\bin\debug\mstestharness.dll" id="17bb28b8-a770-72be-af08-5a4b0847e4ea">
      <Description>Adding several numbers</Description>
      <Execution id="4e036648-6c72-4565-b4e8-4952c46022e2" />
      <Properties>
        <Property>
          <Key>Parameter:first number</Key>
          <Value>60</Value>
        </Property>
        <Property>
          <Key>VariantName</Key>
          <Value>60</Value>
        </Property>
        <Property>
          <Key>Parameter:result</Key>
          <Value>260</Value>
        </Property>
        <Property>
          <Key>Parameter:third number</Key>
          <Value>130</Value>
        </Property>
        <Property>
          <Key>Parameter:second number</Key>
          <Value>70</Value>
        </Property>
        <Property>
          <Key>FeatureTitle</Key>
          <Value>Failing Background</Value>
        </Property>
      </Properties>
      <TestMethod codeBase="C:/DevProjects/Tools/pickles/test-harness/mstest/bin/Debug/MsTestHarness.DLL" adapterTypeName="Microsoft.VisualStudio.TestTools.TestTypes.Unit.UnitTestAdapter, Microsoft.VisualStudio.QualityTools.Tips.UnitTest.Adapter, Version=14.0.0.0, Culture=neutral, PublicKeyToken=b03f5f7f11d50a3a" className="Pickles.TestHarness.MsTest.FailingBackgroundFeature, MsTestHarness, Version=1.0.0.0, Culture=neutral, PublicKeyToken=null" name="AddingSeveralNumbers_60" />
    </UnitTest>
    <UnitTest name="NotAutomatedScenario2" storage="c:\devprojects\tools\pickles\\test-harness\mstest\bin\debug\mstestharness.dll" id="067e1c92-2860-531b-28dc-c2863e91b7f5">
      <Description>Not automated scenario 2</Description>
      <Execution id="991a416f-6dc9-43ca-8fd8-49defbb57f07" />
      <Properties>
        <Property>
          <Key>FeatureTitle</Key>
          <Value>Not Automated At All</Value>
        </Property>
      </Properties>
      <TestMethod codeBase="C:/DevProjects/Tools/pickles/test-harness/mstest/bin/Debug/MsTestHarness.DLL" adapterTypeName="Microsoft.VisualStudio.TestTools.TestTypes.Unit.UnitTestAdapter, Microsoft.VisualStudio.QualityTools.Tips.UnitTest.Adapter, Version=14.0.0.0, Culture=neutral, PublicKeyToken=b03f5f7f11d50a3a" className="Pickles.TestHarness.MsTest.NotAutomatedAtAllFeature, MsTestHarness, Version=1.0.0.0, Culture=neutral, PublicKeyToken=null" name="NotAutomatedScenario2" />
    </UnitTest>
    <UnitTest name="ThisIsAScenarioOutlineWhereAllScenariosPass_Pass_1" storage="c:\devprojects\tools\pickles\\test-harness\mstest\bin\debug\mstestharness.dll" id="2c8f1abb-446c-6683-6327-8ec4ccd46e1a">
      <Description>This is a scenario outline where all scenarios pass</Description>
      <Execution id="12e9883b-8b0c-4deb-a841-759574515567" />
      <Properties>
        <Property>
          <Key>FeatureTitle</Key>
          <Value>Scenario Outlines</Value>
        </Property>
        <Property>
          <Key>VariantName</Key>
          <Value>pass_1</Value>
        </Property>
        <Property>
          <Key>Parameter:result</Key>
          <Value>pass_1</Value>
        </Property>
      </Properties>
      <TestMethod codeBase="C:/DevProjects/Tools/pickles/test-harness/mstest/bin/Debug/MsTestHarness.DLL" adapterTypeName="Microsoft.VisualStudio.TestTools.TestTypes.Unit.UnitTestAdapter, Microsoft.VisualStudio.QualityTools.Tips.UnitTest.Adapter, Version=14.0.0.0, Culture=neutral, PublicKeyToken=b03f5f7f11d50a3a" className="Pickles.TestHarness.MsTest.ScenarioOutlinesFeature, MsTestHarness, Version=1.0.0.0, Culture=neutral, PublicKeyToken=null" name="ThisIsAScenarioOutlineWhereAllScenariosPass_Pass_1" />
    </UnitTest>
    <UnitTest name="DealCorrectlyWithOverlongExampleValues_PleaseEnterAValidTwoLetterCountryCodeE_G_DE" storage="c:\devprojects\tools\pickles\\test-harness\mstest\bin\debug\mstestharness.dll" id="ce4a9bf6-5fc5-0a40-2cbe-242a59cb1296">
      <Description>Deal correctly with overlong example values</Description>
      <Execution id="5f84a30c-d6be-43b0-8e3e-9539f2944ba2" />
      <Properties>
        <Property>
          <Key>FeatureTitle</Key>
          <Value>Scenario Outlines</Value>
        </Property>
        <Property>
          <Key>VariantName</Key>
          <Value>Please enter a valid two letter country code (e.g. DE)!</Value>
        </Property>
        <Property>
          <Key>Parameter:value1</Key>
          <Value>Please enter a valid two letter country code (e.g. DE)!</Value>
        </Property>
        <Property>
          <Key>Parameter:value2</Key>
          <Value>This is just a very very very veery long error message!</Value>
        </Property>
      </Properties>
      <TestMethod codeBase="C:/DevProjects/Tools/pickles/test-harness/mstest/bin/Debug/MsTestHarness.DLL" adapterTypeName="Microsoft.VisualStudio.TestTools.TestTypes.Unit.UnitTestAdapter, Microsoft.VisualStudio.QualityTools.Tips.UnitTest.Adapter, Version=14.0.0.0, Culture=neutral, PublicKeyToken=b03f5f7f11d50a3a" className="Pickles.TestHarness.MsTest.ScenarioOutlinesFeature, MsTestHarness, Version=1.0.0.0, Culture=neutral, PublicKeyToken=null" name="DealCorrectlyWithOverlongExampleValues_PleaseEnterAValidTwoLetterCountryCodeE_G_DE" />
    </UnitTest>
    <UnitTest name="AndWeCanGoTotallyBonkersWithMultipleExampleSections__ExampleSet0_Pass_1" storage="c:\devprojects\tools\pickles\\test-harness\mstest\bin\debug\mstestharness.dll" id="78aeddd0-4ae5-6103-b7dd-e62b71148721">
      <Description>And we can go totally bonkers with multiple example sections.</Description>
      <Execution id="df0fdf42-4c14-4bde-ba6a-2b06e801f895" />
      <Properties>
        <Property>
          <Key>FeatureTitle</Key>
          <Value>Scenario Outlines</Value>
        </Property>
        <Property>
          <Key>VariantName</Key>
          <Value>pass_1</Value>
        </Property>
        <Property>
          <Key>Parameter:result</Key>
          <Value>pass_1</Value>
        </Property>
      </Properties>
      <TestMethod codeBase="C:/DevProjects/Tools/pickles/test-harness/mstest/bin/Debug/MsTestHarness.DLL" adapterTypeName="Microsoft.VisualStudio.TestTools.TestTypes.Unit.UnitTestAdapter, Microsoft.VisualStudio.QualityTools.Tips.UnitTest.Adapter, Version=14.0.0.0, Culture=neutral, PublicKeyToken=b03f5f7f11d50a3a" className="Pickles.TestHarness.MsTest.ScenarioOutlinesFeature, MsTestHarness, Version=1.0.0.0, Culture=neutral, PublicKeyToken=null" name="AndWeCanGoTotallyBonkersWithMultipleExampleSections__ExampleSet0_Pass_1" />
    </UnitTest>
    <UnitTest name="PassingFeaturePassingScenario" storage="c:\devprojects\tools\pickles\\test-harness\mstest\bin\debug\mstestharness.dll" id="3af599bd-a8de-95a2-1ecc-194c7f8aceeb">
      <Description>Passing Feature Passing Scenario</Description>
      <Execution id="7c0571c5-7649-47e7-b5a3-d78ccf512327" />
      <Properties>
        <Property>
          <Key>FeatureTitle</Key>
          <Value>Passing</Value>
        </Property>
      </Properties>
      <TestMethod codeBase="C:/DevProjects/Tools/pickles/test-harness/mstest/bin/Debug/MsTestHarness.DLL" adapterTypeName="Microsoft.VisualStudio.TestTools.TestTypes.Unit.UnitTestAdapter, Microsoft.VisualStudio.QualityTools.Tips.UnitTest.Adapter, Version=14.0.0.0, Culture=neutral, PublicKeyToken=b03f5f7f11d50a3a" className="Pickles.TestHarness.MsTest.MinimalFeatures.PassingFeature, MsTestHarness, Version=1.0.0.0, Culture=neutral, PublicKeyToken=null" name="PassingFeaturePassingScenario" />
    </UnitTest>
    <UnitTest name="ThisScenarioContainsExamplesWithRegex_SpecialCharacters_Variant0" storage="c:\devprojects\tools\pickles\\test-harness\mstest\bin\debug\mstestharness.dll" id="b891bd24-e5b1-222b-8d70-96a2ba7b0807">
      <Description>This scenario contains examples with Regex-special characters</Description>
      <Execution id="98c888d3-b7f7-4085-8aef-ce81ee21100d" />
      <Properties>
        <Property>
          <Key>FeatureTitle</Key>
          <Value>Scenarios With Special Characters</Value>
        </Property>
        <Property>
          <Key>VariantName</Key>
          <Value>Variant 0</Value>
        </Property>
        <Property>
          <Key>Parameter:regex</Key>
          <Value>**</Value>
        </Property>
      </Properties>
      <TestMethod codeBase="C:/DevProjects/Tools/pickles/test-harness/mstest/bin/Debug/MsTestHarness.DLL" adapterTypeName="Microsoft.VisualStudio.TestTools.TestTypes.Unit.UnitTestAdapter, Microsoft.VisualStudio.QualityTools.Tips.UnitTest.Adapter, Version=14.0.0.0, Culture=neutral, PublicKeyToken=b03f5f7f11d50a3a" className="Pickles.TestHarness.MsTest.ScenariosWithSpecialCharactersFeature, MsTestHarness, Version=1.0.0.0, Culture=neutral, PublicKeyToken=null" name="ThisScenarioContainsExamplesWithRegex_SpecialCharacters_Variant0" />
    </UnitTest>
    <UnitTest name="ThisIsAScenarioOutlineWhereAllScenariosPass_Pass_3" storage="c:\devprojects\tools\pickles\\test-harness\mstest\bin\debug\mstestharness.dll" id="9bb2410c-d8c6-90b8-75cd-5c93dc903745">
      <Description>This is a scenario outline where all scenarios pass</Description>
      <Execution id="5afafeb3-4f9f-4761-aa1c-25437fb913db" />
      <Properties>
        <Property>
          <Key>FeatureTitle</Key>
          <Value>Scenario Outlines</Value>
        </Property>
        <Property>
          <Key>VariantName</Key>
          <Value>pass_3</Value>
        </Property>
        <Property>
          <Key>Parameter:result</Key>
          <Value>pass_3</Value>
        </Property>
      </Properties>
      <TestMethod codeBase="C:/DevProjects/Tools/pickles/test-harness/mstest/bin/Debug/MsTestHarness.DLL" adapterTypeName="Microsoft.VisualStudio.TestTools.TestTypes.Unit.UnitTestAdapter, Microsoft.VisualStudio.QualityTools.Tips.UnitTest.Adapter, Version=14.0.0.0, Culture=neutral, PublicKeyToken=b03f5f7f11d50a3a" className="Pickles.TestHarness.MsTest.ScenarioOutlinesFeature, MsTestHarness, Version=1.0.0.0, Culture=neutral, PublicKeyToken=null" name="ThisIsAScenarioOutlineWhereAllScenariosPass_Pass_3" />
    </UnitTest>
    <UnitTest name="ThisIsAScenarioOutlineWhereOneScenarioFails_Pass_1" storage="c:\devprojects\tools\pickles\\test-harness\mstest\bin\debug\mstestharness.dll" id="e64af447-d4dc-7221-865a-703128db7b90">
      <Description>This is a scenario outline where one scenario fails</Description>
      <Execution id="f48a7003-60ee-4a81-980d-93aa28dcdf4a" />
      <Properties>
        <Property>
          <Key>FeatureTitle</Key>
          <Value>Scenario Outlines</Value>
        </Property>
        <Property>
          <Key>VariantName</Key>
          <Value>pass_1</Value>
        </Property>
        <Property>
          <Key>Parameter:result</Key>
          <Value>pass_1</Value>
        </Property>
      </Properties>
      <TestMethod codeBase="C:/DevProjects/Tools/pickles/test-harness/mstest/bin/Debug/MsTestHarness.DLL" adapterTypeName="Microsoft.VisualStudio.TestTools.TestTypes.Unit.UnitTestAdapter, Microsoft.VisualStudio.QualityTools.Tips.UnitTest.Adapter, Version=14.0.0.0, Culture=neutral, PublicKeyToken=b03f5f7f11d50a3a" className="Pickles.TestHarness.MsTest.ScenarioOutlinesFeature, MsTestHarness, Version=1.0.0.0, Culture=neutral, PublicKeyToken=null" name="ThisIsAScenarioOutlineWhereOneScenarioFails_Pass_1" />
    </UnitTest>
    <UnitTest name="ThisScenarioContainsExamplesWithRegex_SpecialCharacters_Variant4" storage="c:\devprojects\tools\pickles\\test-harness\mstest\bin\debug\mstestharness.dll" id="d253522e-be41-9b3a-247a-ca440d4ac588">
      <Description>This scenario contains examples with Regex-special characters</Description>
      <Execution id="41ec70d9-da3e-4c83-928e-51a61b9d48c3" />
      <Properties>
        <Property>
          <Key>FeatureTitle</Key>
          <Value>Scenarios With Special Characters</Value>
        </Property>
        <Property>
          <Key>VariantName</Key>
          <Value>Variant 4</Value>
        </Property>
        <Property>
          <Key>Parameter:regex</Key>
          <Value>{}</Value>
        </Property>
      </Properties>
      <TestMethod codeBase="C:/DevProjects/Tools/pickles/test-harness/mstest/bin/Debug/MsTestHarness.DLL" adapterTypeName="Microsoft.VisualStudio.TestTools.TestTypes.Unit.UnitTestAdapter, Microsoft.VisualStudio.QualityTools.Tips.UnitTest.Adapter, Version=14.0.0.0, Culture=neutral, PublicKeyToken=b03f5f7f11d50a3a" className="Pickles.TestHarness.MsTest.ScenariosWithSpecialCharactersFeature, MsTestHarness, Version=1.0.0.0, Culture=neutral, PublicKeyToken=null" name="ThisScenarioContainsExamplesWithRegex_SpecialCharacters_Variant4" />
    </UnitTest>
    <UnitTest name="AddingSeveralNumbers_40" storage="c:\devprojects\tools\pickles\\test-harness\mstest\bin\debug\mstestharness.dll" id="b4815779-aba4-cf1b-8df3-4a745af70720">
      <Description>Adding several numbers</Description>
      <Execution id="fe37892d-8ca6-4fea-a2c9-030ff029b388" />
      <Properties>
        <Property>
          <Key>Parameter:first number</Key>
          <Value>40</Value>
        </Property>
        <Property>
          <Key>VariantName</Key>
          <Value>40</Value>
        </Property>
        <Property>
          <Key>Parameter:result</Key>
          <Value>180</Value>
        </Property>
        <Property>
          <Key>Parameter:third number</Key>
          <Value>90</Value>
        </Property>
        <Property>
          <Key>Parameter:second number</Key>
          <Value>50</Value>
        </Property>
        <Property>
          <Key>FeatureTitle</Key>
          <Value>Failing Background</Value>
        </Property>
      </Properties>
      <TestMethod codeBase="C:/DevProjects/Tools/pickles/test-harness/mstest/bin/Debug/MsTestHarness.DLL" adapterTypeName="Microsoft.VisualStudio.TestTools.TestTypes.Unit.UnitTestAdapter, Microsoft.VisualStudio.QualityTools.Tips.UnitTest.Adapter, Version=14.0.0.0, Culture=neutral, PublicKeyToken=b03f5f7f11d50a3a" className="Pickles.TestHarness.MsTest.FailingBackgroundFeature, MsTestHarness, Version=1.0.0.0, Culture=neutral, PublicKeyToken=null" name="AddingSeveralNumbers_40" />
    </UnitTest>
    <UnitTest name="FailToAddTwoNumbers" storage="c:\devprojects\tools\pickles\\test-harness\mstest\bin\debug\mstestharness.dll" id="b13a186e-33df-348e-f9e2-a18b445d0d6e">
      <Description>Fail to add two numbers</Description>
      <TestCategory>
        <TestCategoryItem TestCategory="tag1" />
      </TestCategory>
      <Execution id="d67a21cd-9867-4f32-9358-2433e6159a0e" />
      <Properties>
        <Property>
          <Key>FeatureTitle</Key>
          <Value>Addition</Value>
        </Property>
      </Properties>
      <TestMethod codeBase="C:/DevProjects/Tools/pickles/test-harness/mstest/bin/Debug/MsTestHarness.DLL" adapterTypeName="Microsoft.VisualStudio.TestTools.TestTypes.Unit.UnitTestAdapter, Microsoft.VisualStudio.QualityTools.Tips.UnitTest.Adapter, Version=14.0.0.0, Culture=neutral, PublicKeyToken=b03f5f7f11d50a3a" className="Pickles.TestHarness.MsTest.AdditionFeature, MsTestHarness, Version=1.0.0.0, Culture=neutral, PublicKeyToken=null" name="FailToAddTwoNumbers" />
    </UnitTest>
    <UnitTest name="NotAutomatedAddingTwoNumbers" storage="c:\devprojects\tools\pickles\\test-harness\mstest\bin\debug\mstestharness.dll" id="2124dd33-7aaa-d4fb-c72f-98ad434251c0">
      <Description>Not automated adding two numbers</Description>
      <Execution id="b6698137-01dc-42cc-9f5e-ae0e310d7af5" />
      <Properties>
        <Property>
          <Key>FeatureTitle</Key>
          <Value>Addition</Value>
        </Property>
      </Properties>
      <TestMethod codeBase="C:/DevProjects/Tools/pickles/test-harness/mstest/bin/Debug/MsTestHarness.DLL" adapterTypeName="Microsoft.VisualStudio.TestTools.TestTypes.Unit.UnitTestAdapter, Microsoft.VisualStudio.QualityTools.Tips.UnitTest.Adapter, Version=14.0.0.0, Culture=neutral, PublicKeyToken=b03f5f7f11d50a3a" className="Pickles.TestHarness.MsTest.AdditionFeature, MsTestHarness, Version=1.0.0.0, Culture=neutral, PublicKeyToken=null" name="NotAutomatedAddingTwoNumbers" />
    </UnitTest>
    <UnitTest name="AndWeCanGoTotallyBonkersWithMultipleExampleSections__ExampleSet1_Inconclusive_1" storage="c:\devprojects\tools\pickles\\test-harness\mstest\bin\debug\mstestharness.dll" id="e30ef794-1ea7-a76a-356b-1668bca94630">
      <Description>And we can go totally bonkers with multiple example sections.</Description>
      <Execution id="c2c64da2-f4d5-4797-a119-ff5b2470b978" />
      <Properties>
        <Property>
          <Key>FeatureTitle</Key>
          <Value>Scenario Outlines</Value>
        </Property>
        <Property>
          <Key>VariantName</Key>
          <Value>inconclusive_1</Value>
        </Property>
        <Property>
          <Key>Parameter:result</Key>
          <Value>inconclusive_1</Value>
        </Property>
      </Properties>
      <TestMethod codeBase="C:/DevProjects/Tools/pickles/test-harness/mstest/bin/Debug/MsTestHarness.DLL" adapterTypeName="Microsoft.VisualStudio.TestTools.TestTypes.Unit.UnitTestAdapter, Microsoft.VisualStudio.QualityTools.Tips.UnitTest.Adapter, Version=14.0.0.0, Culture=neutral, PublicKeyToken=b03f5f7f11d50a3a" className="Pickles.TestHarness.MsTest.ScenarioOutlinesFeature, MsTestHarness, Version=1.0.0.0, Culture=neutral, PublicKeyToken=null" name="AndWeCanGoTotallyBonkersWithMultipleExampleSections__ExampleSet1_Inconclusive_1" />
    </UnitTest>
  </TestDefinitions>
  <TestLists>
    <TestList name="Results Not in a List" id="8c84fa94-04c1-424b-9868-57a2d4851a1d" />
    <TestList name="All Loaded Results" id="19431567-8539-422a-85d7-44ee4e166bda" />
  </TestLists>
  <TestEntries>
    <TestEntry testId="4d0f7327-ed22-9a43-969a-ac2ea8102d66" executionId="6b7ae4ce-36d5-4d33-b8f0-1bd2c47ce15e" testListId="8c84fa94-04c1-424b-9868-57a2d4851a1d" />
    <TestEntry testId="f4b45c2f-fc98-d23c-6179-62d5b5a59825" executionId="80a37d44-11e7-4e5f-a101-252de0b2c2b3" testListId="8c84fa94-04c1-424b-9868-57a2d4851a1d" />
    <TestEntry testId="6b8581c3-611e-6116-4232-a31382677735" executionId="556edf09-34cc-473f-9b70-5d231853b07e" testListId="8c84fa94-04c1-424b-9868-57a2d4851a1d" />
    <TestEntry testId="b13a186e-33df-348e-f9e2-a18b445d0d6e" executionId="d67a21cd-9867-4f32-9358-2433e6159a0e" testListId="8c84fa94-04c1-424b-9868-57a2d4851a1d" />
    <TestEntry testId="2124dd33-7aaa-d4fb-c72f-98ad434251c0" executionId="b6698137-01dc-42cc-9f5e-ae0e310d7af5" testListId="8c84fa94-04c1-424b-9868-57a2d4851a1d" />
    <TestEntry testId="b4815779-aba4-cf1b-8df3-4a745af70720" executionId="fe37892d-8ca6-4fea-a2c9-030ff029b388" testListId="8c84fa94-04c1-424b-9868-57a2d4851a1d" />
    <TestEntry testId="17bb28b8-a770-72be-af08-5a4b0847e4ea" executionId="4e036648-6c72-4565-b4e8-4952c46022e2" testListId="8c84fa94-04c1-424b-9868-57a2d4851a1d" />
    <TestEntry testId="ca63316a-39e5-9545-3bca-f1839c7b4664" executionId="e88d9922-5a81-4f06-a73d-fe2ec0f0055b" testListId="8c84fa94-04c1-424b-9868-57a2d4851a1d" />
    <TestEntry testId="18582dd5-09c7-ce67-9cb7-8e15a9cdffd0" executionId="5c44dfb5-71bb-431e-9e76-26c2e6475b11" testListId="8c84fa94-04c1-424b-9868-57a2d4851a1d" />
    <TestEntry testId="7e6c75c9-5365-7582-f701-20d37d3ff511" executionId="a05975bf-21e1-475a-8743-11ad25a86434" testListId="8c84fa94-04c1-424b-9868-57a2d4851a1d" />
    <TestEntry testId="fa1e54c9-cdb0-8bb1-6764-9179c3b61825" executionId="f5f65ec2-fb08-42b7-af73-9396576ce7c2" testListId="8c84fa94-04c1-424b-9868-57a2d4851a1d" />
    <TestEntry testId="add44896-9236-510f-750d-eb49b89a7a65" executionId="e624cfd3-c524-4fa1-98d3-9eefc8ed4be0" testListId="8c84fa94-04c1-424b-9868-57a2d4851a1d" />
    <TestEntry testId="41cb0c4f-1c07-4937-29e8-dcc987caf94e" executionId="404c51e5-0866-4a9f-8135-e10148b23cab" testListId="8c84fa94-04c1-424b-9868-57a2d4851a1d" />
    <TestEntry testId="3af599bd-a8de-95a2-1ecc-194c7f8aceeb" executionId="7c0571c5-7649-47e7-b5a3-d78ccf512327" testListId="8c84fa94-04c1-424b-9868-57a2d4851a1d" />
    <TestEntry testId="0e090158-43a1-1be8-47c2-13e1b2c9f8c7" executionId="0289f165-b539-472e-97da-60133c9753c3" testListId="8c84fa94-04c1-424b-9868-57a2d4851a1d" />
    <TestEntry testId="067e1c92-2860-531b-28dc-c2863e91b7f5" executionId="991a416f-6dc9-43ca-8fd8-49defbb57f07" testListId="8c84fa94-04c1-424b-9868-57a2d4851a1d" />
    <TestEntry testId="64813bea-d79b-d74b-adb5-1302eaf5641f" executionId="08a69590-d4ac-4a25-b0bf-00702dee00bd" testListId="8c84fa94-04c1-424b-9868-57a2d4851a1d" />
    <TestEntry testId="aa71fe8a-e5aa-f23d-c632-cfb3c587ca21" executionId="cc24508e-638a-4091-b113-e0ef1509435e" testListId="8c84fa94-04c1-424b-9868-57a2d4851a1d" />
    <TestEntry testId="78aeddd0-4ae5-6103-b7dd-e62b71148721" executionId="df0fdf42-4c14-4bde-ba6a-2b06e801f895" testListId="8c84fa94-04c1-424b-9868-57a2d4851a1d" />
    <TestEntry testId="ee74d71f-f824-19d9-866e-a408a95ffa99" executionId="e3ae304c-2dae-4ced-8f1e-a967c4dbacd0" testListId="8c84fa94-04c1-424b-9868-57a2d4851a1d" />
    <TestEntry testId="e30ef794-1ea7-a76a-356b-1668bca94630" executionId="c2c64da2-f4d5-4797-a119-ff5b2470b978" testListId="8c84fa94-04c1-424b-9868-57a2d4851a1d" />
    <TestEntry testId="4d5f7893-139c-db00-8823-de561780758d" executionId="b88e3fe2-7142-4844-82fb-c028962cf58c" testListId="8c84fa94-04c1-424b-9868-57a2d4851a1d" />
    <TestEntry testId="78a6b3a3-679e-ee71-7ff5-c9338e3be6c2" executionId="ab1d7239-4539-458b-a7f9-dfab7f9bc5da" testListId="8c84fa94-04c1-424b-9868-57a2d4851a1d" />
    <TestEntry testId="40304968-0dee-8e41-4f42-20809899a9d0" executionId="dc477dc5-8081-4326-a1a3-7f691ef07670" testListId="8c84fa94-04c1-424b-9868-57a2d4851a1d" />
    <TestEntry testId="72d470fa-c19a-1302-1fcf-eb104ea36048" executionId="0db42487-c1e4-4189-a35f-e93bd02705bb" testListId="8c84fa94-04c1-424b-9868-57a2d4851a1d" />
    <TestEntry testId="ce4a9bf6-5fc5-0a40-2cbe-242a59cb1296" executionId="5f84a30c-d6be-43b0-8e3e-9539f2944ba2" testListId="8c84fa94-04c1-424b-9868-57a2d4851a1d" />
    <TestEntry testId="d09c033d-0065-cbeb-bd7c-ee8b6460688f" executionId="cb798ff2-ffd4-4096-88aa-ac2565e53858" testListId="8c84fa94-04c1-424b-9868-57a2d4851a1d" />
    <TestEntry testId="2c8f1abb-446c-6683-6327-8ec4ccd46e1a" executionId="12e9883b-8b0c-4deb-a841-759574515567" testListId="8c84fa94-04c1-424b-9868-57a2d4851a1d" />
    <TestEntry testId="9efc5df4-5f77-a670-8622-976418721b8f" executionId="807f7b27-c6eb-417f-8733-2d48ea7263c9" testListId="8c84fa94-04c1-424b-9868-57a2d4851a1d" />
    <TestEntry testId="9bb2410c-d8c6-90b8-75cd-5c93dc903745" executionId="5afafeb3-4f9f-4761-aa1c-25437fb913db" testListId="8c84fa94-04c1-424b-9868-57a2d4851a1d" />
    <TestEntry testId="05c22c90-eaaa-d3c2-bd2d-36c2df85528e" executionId="943c71de-e0fb-4491-bee5-a88a58ce5d6f" testListId="8c84fa94-04c1-424b-9868-57a2d4851a1d" />
    <TestEntry testId="e64af447-d4dc-7221-865a-703128db7b90" executionId="f48a7003-60ee-4a81-980d-93aa28dcdf4a" testListId="8c84fa94-04c1-424b-9868-57a2d4851a1d" />
    <TestEntry testId="b04f3200-80ca-d47f-0c01-8a37e5c952e6" executionId="6d018bfc-866c-4963-9cf2-fea88195981b" testListId="8c84fa94-04c1-424b-9868-57a2d4851a1d" />
    <TestEntry testId="8c97c958-0c5d-1594-2cc5-02c96df8fc9b" executionId="64386890-55a5-4b95-a423-b7712a39b8bf" testListId="8c84fa94-04c1-424b-9868-57a2d4851a1d" />
    <TestEntry testId="6e54c207-a3b1-f181-06be-066795ac26e1" executionId="37420234-8748-4b85-94dd-c262b1d4acae" testListId="8c84fa94-04c1-424b-9868-57a2d4851a1d" />
    <TestEntry testId="8f2bb160-fa82-a566-570e-51eeb5237e95" executionId="2caaf730-6060-459c-a263-4b80a7f424e4" testListId="8c84fa94-04c1-424b-9868-57a2d4851a1d" />
    <TestEntry testId="73c03e74-0c0b-5c1d-2193-91dd98f1f95e" executionId="7e500918-0760-421a-83be-4ad63c51d858" testListId="8c84fa94-04c1-424b-9868-57a2d4851a1d" />
    <TestEntry testId="763d7e52-45c9-3e45-478d-dd6659bc69ba" executionId="aa138266-ab3e-4002-a38e-c8e05c31c8e6" testListId="8c84fa94-04c1-424b-9868-57a2d4851a1d" />
    <TestEntry testId="f8369e2e-c5ec-dade-ad85-e2c56909c853" executionId="8b1c3c84-7a92-4086-a0b6-570d83a0369b" testListId="8c84fa94-04c1-424b-9868-57a2d4851a1d" />
    <TestEntry testId="3fe8806f-fabb-1deb-7e27-c59578f16da3" executionId="d6156b13-8dea-4855-a0d6-c17e57bc0bf1" testListId="8c84fa94-04c1-424b-9868-57a2d4851a1d" />
    <TestEntry testId="b891bd24-e5b1-222b-8d70-96a2ba7b0807" executionId="98c888d3-b7f7-4085-8aef-ce81ee21100d" testListId="8c84fa94-04c1-424b-9868-57a2d4851a1d" />
    <TestEntry testId="fb3ec8b2-a410-ecc8-265b-29bfd3772553" executionId="1aa8cc43-19e6-440f-9d36-87f525d47f1b" testListId="8c84fa94-04c1-424b-9868-57a2d4851a1d" />
    <TestEntry testId="a3bd6f67-daac-1ebc-5894-1d73dbe8d707" executionId="f2df90c9-7a83-4804-8286-7e68abdb6acc" testListId="8c84fa94-04c1-424b-9868-57a2d4851a1d" />
    <TestEntry testId="7699da71-b819-eb00-3894-2f0be7eec39c" executionId="fe022d9c-e496-4d25-8ee2-cecdfd7d7cbd" testListId="8c84fa94-04c1-424b-9868-57a2d4851a1d" />
    <TestEntry testId="d253522e-be41-9b3a-247a-ca440d4ac588" executionId="41ec70d9-da3e-4c83-928e-51a61b9d48c3" testListId="8c84fa94-04c1-424b-9868-57a2d4851a1d" />
    <TestEntry testId="cca2404a-911a-a50e-9898-327264f0ea76" executionId="7fa9f127-15ff-45a9-90a0-69b0359e0f64" testListId="8c84fa94-04c1-424b-9868-57a2d4851a1d" />
    <TestEntry testId="22ccdb90-02c8-97c1-e2a1-6bec4f044d99" executionId="8861d3d8-946d-4d98-a506-6f0abfeb7d86" testListId="8c84fa94-04c1-424b-9868-57a2d4851a1d" />
  </TestEntries>
  <Results>
    <UnitTestResult executionId="6b7ae4ce-36d5-4d33-b8f0-1bd2c47ce15e" testId="4d0f7327-ed22-9a43-969a-ac2ea8102d66" testName="AddingSeveralNumbers_40" computerName="AS0283" duration="00:00:00.0473846" startTime="2016-09-28T09:33:43.8291468+02:00" endTime="2016-09-28T09:33:44.1701469+02:00" testType="13cdc9d9-ddb5-4fa4-a97d-d965ccfc6d4b" outcome="Passed" testListId="8c84fa94-04c1-424b-9868-57a2d4851a1d" relativeResultsDirectory="6b7ae4ce-36d5-4d33-b8f0-1bd2c47ce15e">
      <Output>
        <StdOut>Given the calculator has clean memory
-&gt; done: AdditionSteps.GivenTheCalculatorHasCleanMemory() (0,0s)
Given I have entered 40 into the calculator
-&gt; done: AdditionSteps.GivenIHaveEnteredIntoTheCalculator(40) (0,0s)
And I have entered 50 into the calculator
-&gt; done: AdditionSteps.GivenIHaveEnteredIntoTheCalculator(50) (0,0s)
And I have entered 90 into the calculator
-&gt; done: AdditionSteps.GivenIHaveEnteredIntoTheCalculator(90) (0,0s)
When I press add
-&gt; done: AdditionSteps.WhenIPressAdd() (0,0s)
Then the result should be 180 on the screen
-&gt; done: AdditionSteps.ThenTheResultShouldBeOnTheScreen(180) (0,0s)</StdOut>
      </Output>
    </UnitTestResult>
    <UnitTestResult executionId="80a37d44-11e7-4e5f-a101-252de0b2c2b3" testId="f4b45c2f-fc98-d23c-6179-62d5b5a59825" testName="AddingSeveralNumbers_60" computerName="AS0283" duration="00:00:00.0003016" startTime="2016-09-28T09:33:44.1711479+02:00" endTime="2016-09-28T09:33:44.1731476+02:00" testType="13cdc9d9-ddb5-4fa4-a97d-d965ccfc6d4b" outcome="Passed" testListId="8c84fa94-04c1-424b-9868-57a2d4851a1d" relativeResultsDirectory="80a37d44-11e7-4e5f-a101-252de0b2c2b3">
      <Output>
        <StdOut>Given the calculator has clean memory
-&gt; done: AdditionSteps.GivenTheCalculatorHasCleanMemory() (0,0s)
Given I have entered 60 into the calculator
-&gt; done: AdditionSteps.GivenIHaveEnteredIntoTheCalculator(60) (0,0s)
And I have entered 70 into the calculator
-&gt; done: AdditionSteps.GivenIHaveEnteredIntoTheCalculator(70) (0,0s)
And I have entered 130 into the calculator
-&gt; done: AdditionSteps.GivenIHaveEnteredIntoTheCalculator(130) (0,0s)
When I press add
-&gt; done: AdditionSteps.WhenIPressAdd() (0,0s)
Then the result should be 260 on the screen
-&gt; done: AdditionSteps.ThenTheResultShouldBeOnTheScreen(260) (0,0s)</StdOut>
      </Output>
    </UnitTestResult>
    <UnitTestResult executionId="556edf09-34cc-473f-9b70-5d231853b07e" testId="6b8581c3-611e-6116-4232-a31382677735" testName="AddTwoNumbers" computerName="AS0283" duration="00:00:00.0002879" startTime="2016-09-28T09:33:44.1731476+02:00" endTime="2016-09-28T09:33:44.1751479+02:00" testType="13cdc9d9-ddb5-4fa4-a97d-d965ccfc6d4b" outcome="Passed" testListId="8c84fa94-04c1-424b-9868-57a2d4851a1d" relativeResultsDirectory="556edf09-34cc-473f-9b70-5d231853b07e">
      <Output>
        <StdOut>Given the calculator has clean memory
-&gt; done: AdditionSteps.GivenTheCalculatorHasCleanMemory() (0,0s)
Given I have entered 1 into the calculator
-&gt; done: AdditionSteps.GivenIHaveEnteredIntoTheCalculator(1) (0,0s)
And I have entered 2 into the calculator
-&gt; done: AdditionSteps.GivenIHaveEnteredIntoTheCalculator(2) (0,0s)
When I press add
-&gt; done: AdditionSteps.WhenIPressAdd() (0,0s)
Then the result should be 3 on the screen
-&gt; done: AdditionSteps.ThenTheResultShouldBeOnTheScreen(3) (0,0s)</StdOut>
      </Output>
    </UnitTestResult>
    <UnitTestResult executionId="d67a21cd-9867-4f32-9358-2433e6159a0e" testId="b13a186e-33df-348e-f9e2-a18b445d0d6e" testName="FailToAddTwoNumbers" computerName="AS0283" duration="00:00:00.0245749" startTime="2016-09-28T09:33:44.1761455+02:00" endTime="2016-09-28T09:33:44.2021441+02:00" testType="13cdc9d9-ddb5-4fa4-a97d-d965ccfc6d4b" outcome="Failed" testListId="8c84fa94-04c1-424b-9868-57a2d4851a1d" relativeResultsDirectory="d67a21cd-9867-4f32-9358-2433e6159a0e">
      <Output>
        <StdOut>Given the calculator has clean memory
-&gt; done: AdditionSteps.GivenTheCalculatorHasCleanMemory() (0,0s)
Given I have entered 1 into the calculator
-&gt; done: AdditionSteps.GivenIHaveEnteredIntoTheCalculator(1) (0,0s)
And I have entered 2.2 into the calculator
-&gt; done: AdditionSteps.GivenIHaveEnteredIntoTheCalculator(2,2) (0,0s)
When I press add
-&gt; done: AdditionSteps.WhenIPressAdd() (0,0s)
Then the result should be 3.2 on the screen
-&gt; error: Input string was not in a correct format.</StdOut>
        <ErrorInfo>
          <Message>Test method Pickles.TestHarness.MsTest.AdditionFeature.FailToAddTwoNumbers threw exception: 
System.FormatException: Input string was not in a correct format.</Message>
          <StackTrace>    at System.Number.StringToNumber(String str, NumberStyles options, NumberBuffer&amp; number, NumberFormatInfo info, Boolean parseDecimal)
   at System.Number.ParseInt32(String s, NumberStyles style, NumberFormatInfo info)
   at System.String.System.IConvertible.ToInt32(IFormatProvider provider)
   at System.Convert.ChangeType(Object value, Type conversionType, IFormatProvider provider)
   at TechTalk.SpecFlow.Bindings.StepArgumentTypeConverter.ConvertSimple(Type typeToConvertTo, Object value, CultureInfo cultureInfo)
   at TechTalk.SpecFlow.Bindings.StepArgumentTypeConverter.ConvertSimple(IBindingType typeToConvertTo, Object value, CultureInfo cultureInfo)
   at TechTalk.SpecFlow.Bindings.StepArgumentTypeConverter.Convert(Object value, IBindingType typeToConvertTo, CultureInfo cultureInfo)
   at TechTalk.SpecFlow.Infrastructure.TestExecutionEngine.ConvertArg(Object value, IBindingType typeToConvertTo)
   at TechTalk.SpecFlow.Infrastructure.TestExecutionEngine.&lt;&gt;c__DisplayClass5.&lt;GetExecuteArguments&gt;b__4(Object arg, Int32 argIndex)
   at System.Linq.Enumerable.&lt;SelectIterator&gt;d__5`2.MoveNext()
   at System.Linq.Buffer`1..ctor(IEnumerable`1 source)
   at System.Linq.Enumerable.ToArray[TSource](IEnumerable`1 source)
   at TechTalk.SpecFlow.Infrastructure.TestExecutionEngine.GetExecuteArguments(BindingMatch match)
   at TechTalk.SpecFlow.Infrastructure.TestExecutionEngine.ExecuteStep(StepInstance stepInstance)
   at TechTalk.SpecFlow.Infrastructure.TestExecutionEngine.OnAfterLastStep()
   at TechTalk.SpecFlow.TestRunner.CollectScenarioErrors()
   at Pickles.TestHarness.MsTest.AdditionFeature.ScenarioCleanup()
   at Pickles.TestHarness.MsTest.AdditionFeature.FailToAddTwoNumbers() in C:\DevProjects\Tools\pickles\test-harness\MsTest\Addition.feature:line 34
</StackTrace>
        </ErrorInfo>
      </Output>
    </UnitTestResult>
    <UnitTestResult executionId="b6698137-01dc-42cc-9f5e-ae0e310d7af5" testId="2124dd33-7aaa-d4fb-c72f-98ad434251c0" testName="NotAutomatedAddingTwoNumbers" computerName="AS0283" duration="00:00:00.0276110" startTime="2016-09-28T09:33:44.2031442+02:00" endTime="2016-09-28T09:33:44.2341461+02:00" testType="13cdc9d9-ddb5-4fa4-a97d-d965ccfc6d4b" outcome="Inconclusive" testListId="8c84fa94-04c1-424b-9868-57a2d4851a1d" relativeResultsDirectory="b6698137-01dc-42cc-9f5e-ae0e310d7af5">
      <Output>
        <StdOut>Given the calculator has clean memory
-&gt; done: AdditionSteps.GivenTheCalculatorHasCleanMemory() (0,0s)
Given unimplemented step
-&gt; No matching step definition found for the step. Use the following code to create one:
        [Given(@"unimplemented step")]
        public void GivenUnimplementedStep()
        {
            ScenarioContext.Current.Pending();
        }

When unimplemented step
-&gt; No matching step definition found for the step. Use the following code to create one:
        [When(@"unimplemented step")]
        public void WhenUnimplementedStep()
        {
            ScenarioContext.Current.Pending();
        }

Then unimplemented step
-&gt; No matching step definition found for the step. Use the following code to create one:
        [Then(@"unimplemented step")]
        public void ThenUnimplementedStep()
        {
            ScenarioContext.Current.Pending();
        }</StdOut>
        <ErrorInfo>
          <Message>Assert.Inconclusive failed. No matching step definition found for one or more steps.
using System;
using TechTalk.SpecFlow;

namespace MyNamespace
{
    [Binding]
    public class StepDefinitions
    {
        [Given(@"unimplemented step")]
        public void GivenUnimplementedStep()
        {
            ScenarioContext.Current.Pending();
        }
        
        [When(@"unimplemented step")]
        public void WhenUnimplementedStep()
        {
            ScenarioContext.Current.Pending();
        }
        
        [Then(@"unimplemented step")]
        public void ThenUnimplementedStep()
        {
            ScenarioContext.Current.Pending();
        }
    }
}
</Message>
          <StackTrace>   at lambda_method(Closure , String , Object[] )
   at TechTalk.SpecFlow.UnitTestProvider.MsTestRuntimeProvider.TestInconclusive(String message)
   at TechTalk.SpecFlow.UnitTestProvider.MsTestRuntimeProvider.TestPending(String message)
   at TechTalk.SpecFlow.ErrorHandling.ErrorProvider.ThrowPendingError(TestStatus testStatus, String message)
   at TechTalk.SpecFlow.Infrastructure.TestExecutionEngine.OnAfterLastStep()
   at TechTalk.SpecFlow.TestRunner.CollectScenarioErrors()
   at Pickles.TestHarness.MsTest.AdditionFeature.ScenarioCleanup()
   at Pickles.TestHarness.MsTest.AdditionFeature.NotAutomatedAddingTwoNumbers() in C:\DevProjects\Tools\pickles\test-harness\MsTest\Addition.feature:line 46
</StackTrace>
        </ErrorInfo>
      </Output>
    </UnitTestResult>
    <UnitTestResult executionId="fe37892d-8ca6-4fea-a2c9-030ff029b388" testId="b4815779-aba4-cf1b-8df3-4a745af70720" testName="AddingSeveralNumbers_40" computerName="AS0283" duration="00:00:00.0117864" startTime="2016-09-28T09:33:44.2351442+02:00" endTime="2016-09-28T09:33:44.2501582+02:00" testType="13cdc9d9-ddb5-4fa4-a97d-d965ccfc6d4b" outcome="Failed" testListId="8c84fa94-04c1-424b-9868-57a2d4851a1d" relativeResultsDirectory="fe37892d-8ca6-4fea-a2c9-030ff029b388">
      <Output>
        <StdOut>Given the background step fails
-&gt; error: 
    1
        should be
    2
        but was
    1
And the calculator has clean memory
-&gt; skipped because of previous errors
Given I have entered 40 into the calculator
-&gt; skipped because of previous errors
And I have entered 50 into the calculator
-&gt; skipped because of previous errors
And I have entered 90 into the calculator
-&gt; skipped because of previous errors
When I press add
-&gt; skipped because of previous errors
Then the result should be 180 on the screen
-&gt; skipped because of previous errors</StdOut>
        <ErrorInfo>
          <Message>Test method Pickles.TestHarness.MsTest.FailingBackgroundFeature.AddingSeveralNumbers_40 threw exception: 
Shouldly.ChuckedAWobbly: 
    1
        should be
    2
        but was
    1</Message>
          <StackTrace>    at Shouldly.ShouldlyCoreExtensions.AssertAwesomely[T](T actual, Func`2 specifiedConstraint, Object originalActual, Object originalExpected) in c:\TeamCity\buildAgent\work\10efaabfa8adbd4e\src\Shouldly\ShouldlyCoreExtensions.cs:line 18
   at Shouldly.ShouldBeTestExtensions.ShouldBe[T](T actual, T expected) in c:\TeamCity\buildAgent\work\10efaabfa8adbd4e\src\Shouldly\ShouldBeTestExtensions.cs:line 17
   at AutomationLayer.AdditionSteps.GivenTheBackgroundStepFails() in C:\DevProjects\Tools\pickles\test-harness\AutomationLayer\AdditionSteps.cs:line 25
   at lambda_method(Closure , IContextManager )
   at TechTalk.SpecFlow.Bindings.BindingInvoker.InvokeBinding(IBinding binding, IContextManager contextManager, Object[] arguments, ITestTracer testTracer, TimeSpan&amp; duration)
   at TechTalk.SpecFlow.Infrastructure.TestExecutionEngine.ExecuteStepMatch(BindingMatch match, Object[] arguments)
   at TechTalk.SpecFlow.Infrastructure.TestExecutionEngine.ExecuteStep(StepInstance stepInstance)
   at TechTalk.SpecFlow.Infrastructure.TestExecutionEngine.OnAfterLastStep()
   at TechTalk.SpecFlow.TestRunner.CollectScenarioErrors()
   at Pickles.TestHarness.MsTest.FailingBackgroundFeature.ScenarioCleanup()
   at Pickles.TestHarness.MsTest.FailingBackgroundFeature.AddingSeveralNumbers(String firstNumber, String secondNumber, String thirdNumber, String result, String[] exampleTags) in C:\DevProjects\Tools\pickles\test-harness\MsTest\FailingBackground.feature:line 19
   at Pickles.TestHarness.MsTest.FailingBackgroundFeature.AddingSeveralNumbers_40()
</StackTrace>
        </ErrorInfo>
      </Output>
    </UnitTestResult>
    <UnitTestResult executionId="4e036648-6c72-4565-b4e8-4952c46022e2" testId="17bb28b8-a770-72be-af08-5a4b0847e4ea" testName="AddingSeveralNumbers_60" computerName="AS0283" duration="00:00:00.0030294" startTime="2016-09-28T09:33:44.2511469+02:00" endTime="2016-09-28T09:33:44.2561650+02:00" testType="13cdc9d9-ddb5-4fa4-a97d-d965ccfc6d4b" outcome="Failed" testListId="8c84fa94-04c1-424b-9868-57a2d4851a1d" relativeResultsDirectory="4e036648-6c72-4565-b4e8-4952c46022e2">
      <Output>
        <StdOut>Given the background step fails
-&gt; error: 
    1
        should be
    2
        but was
    1
And the calculator has clean memory
-&gt; skipped because of previous errors
Given I have entered 60 into the calculator
-&gt; skipped because of previous errors
And I have entered 70 into the calculator
-&gt; skipped because of previous errors
And I have entered 130 into the calculator
-&gt; skipped because of previous errors
When I press add
-&gt; skipped because of previous errors
Then the result should be 260 on the screen
-&gt; skipped because of previous errors</StdOut>
        <ErrorInfo>
          <Message>Test method Pickles.TestHarness.MsTest.FailingBackgroundFeature.AddingSeveralNumbers_60 threw exception: 
Shouldly.ChuckedAWobbly: 
    1
        should be
    2
        but was
    1</Message>
[...]
      <Output>
        <StdOut>When I have parenthesis in the value, for example an 'This is a description (and more)'
-&gt; done: ScenarioOutlineSteps.WhenIHaveParenthesisInTheValueForExampleAnOverlyDescriptiveField("This is a descrip...") (0,0s)</StdOut>
      </Output>
    </UnitTestResult>
    <UnitTestResult executionId="12e9883b-8b0c-4deb-a841-759574515567" testId="2c8f1abb-446c-6683-6327-8ec4ccd46e1a" testName="ThisIsAScenarioOutlineWhereAllScenariosPass_Pass_1" computerName="AS0283" duration="00:00:00.0003110" startTime="2016-09-28T09:33:44.3511434+02:00" endTime="2016-09-28T09:33:44.3531460+02:00" testType="13cdc9d9-ddb5-4fa4-a97d-d965ccfc6d4b" outcome="Passed" testListId="8c84fa94-04c1-424b-9868-57a2d4851a1d" relativeResultsDirectory="12e9883b-8b0c-4deb-a841-759574515567">
      <Output>
        <StdOut>Then the scenario will 'pass_1'
-&gt; done: ScenarioOutlineSteps.ThenTheScenarioWill("pass_1") (0,0s)</StdOut>
      </Output>
    </UnitTestResult>
    <UnitTestResult executionId="807f7b27-c6eb-417f-8733-2d48ea7263c9" testId="9efc5df4-5f77-a670-8622-976418721b8f" testName="ThisIsAScenarioOutlineWhereAllScenariosPass_Pass_2" computerName="AS0283" duration="00:00:00.0001924" startTime="2016-09-28T09:33:44.3541430+02:00" endTime="2016-09-28T09:33:44.3561438+02:00" testType="13cdc9d9-ddb5-4fa4-a97d-d965ccfc6d4b" outcome="Passed" testListId="8c84fa94-04c1-424b-9868-57a2d4851a1d" relativeResultsDirectory="807f7b27-c6eb-417f-8733-2d48ea7263c9">
      <Output>
        <StdOut>Then the scenario will 'pass_2'
-&gt; done: ScenarioOutlineSteps.ThenTheScenarioWill("pass_2") (0,0s)</StdOut>
      </Output>
    </UnitTestResult>
    <UnitTestResult executionId="5afafeb3-4f9f-4761-aa1c-25437fb913db" testId="9bb2410c-d8c6-90b8-75cd-5c93dc903745" testName="ThisIsAScenarioOutlineWhereAllScenariosPass_Pass_3" computerName="AS0283" duration="00:00:00.0001702" startTime="2016-09-28T09:33:44.3571556+02:00" endTime="2016-09-28T09:33:44.3591434+02:00" testType="13cdc9d9-ddb5-4fa4-a97d-d965ccfc6d4b" outcome="Passed" testListId="8c84fa94-04c1-424b-9868-57a2d4851a1d" relativeResultsDirectory="5afafeb3-4f9f-4761-aa1c-25437fb913db">
      <Output>
        <StdOut>Then the scenario will 'pass_3'
-&gt; done: ScenarioOutlineSteps.ThenTheScenarioWill("pass_3") (0,0s)</StdOut>
      </Output>
    </UnitTestResult>
    <UnitTestResult executionId="943c71de-e0fb-4491-bee5-a88a58ce5d6f" testId="05c22c90-eaaa-d3c2-bd2d-36c2df85528e" testName="ThisIsAScenarioOutlineWhereOneScenarioFails_Fail_1" computerName="AS0283" duration="00:00:00.0034038" startTime="2016-09-28T09:33:44.3601435+02:00" endTime="2016-09-28T09:33:44.3651570+02:00" testType="13cdc9d9-ddb5-4fa4-a97d-d965ccfc6d4b" outcome="Failed" testListId="8c84fa94-04c1-424b-9868-57a2d4851a1d" relativeResultsDirectory="943c71de-e0fb-4491-bee5-a88a58ce5d6f">
      <Output>
        <StdOut>Then the scenario will 'fail_1'
-&gt; error: 
    true
        should be
    False
        but was
    True</StdOut>
        <ErrorInfo>
          <Message>Test method Pickles.TestHarness.MsTest.ScenarioOutlinesFeature.ThisIsAScenarioOutlineWhereOneScenarioFails_Fail_1 threw exception: 
Shouldly.ChuckedAWobbly: 
    true
        should be
    False
        but was
    True</Message>
          <StackTrace>    at Shouldly.ShouldlyCoreExtensions.AssertAwesomely[T](T actual, Func`2 specifiedConstraint, Object originalActual, Object originalExpected) in c:\TeamCity\buildAgent\work\10efaabfa8adbd4e\src\Shouldly\ShouldlyCoreExtensions.cs:line 18
   at Shouldly.ShouldBeTestExtensions.ShouldBe[T](T actual, T expected) in c:\TeamCity\buildAgent\work\10efaabfa8adbd4e\src\Shouldly\ShouldBeTestExtensions.cs:line 17
   at AutomationLayer.ScenarioOutlineSteps.ThenTheScenarioWill(String result) in C:\DevProjects\Tools\pickles\test-harness\AutomationLayer\ScenarioOutlineSteps.cs:line 21
   at lambda_method(Closure , IContextManager , String )
   at TechTalk.SpecFlow.Bindings.BindingInvoker.InvokeBinding(IBinding binding, IContextManager contextManager, Object[] arguments, ITestTracer testTracer, TimeSpan&amp; duration)
   at TechTalk.SpecFlow.Infrastructure.TestExecutionEngine.ExecuteStepMatch(BindingMatch match, Object[] arguments)
   at TechTalk.SpecFlow.Infrastructure.TestExecutionEngine.ExecuteStep(StepInstance stepInstance)
   at TechTalk.SpecFlow.Infrastructure.TestExecutionEngine.OnAfterLastStep()
   at TechTalk.SpecFlow.TestRunner.CollectScenarioErrors()
   at Pickles.TestHarness.MsTest.ScenarioOutlinesFeature.ScenarioCleanup()
   at Pickles.TestHarness.MsTest.ScenarioOutlinesFeature.ThisIsAScenarioOutlineWhereOneScenarioFails(String result, String[] exampleTags) in C:\DevProjects\Tools\pickles\test-harness\MsTest\ScenarioOutlines.feature:line 34
   at Pickles.TestHarness.MsTest.ScenarioOutlinesFeature.ThisIsAScenarioOutlineWhereOneScenarioFails_Fail_1()
</StackTrace>
        </ErrorInfo>
      </Output>
    </UnitTestResult>
    <UnitTestResult executionId="f48a7003-60ee-4a81-980d-93aa28dcdf4a" testId="e64af447-d4dc-7221-865a-703128db7b90" testName="ThisIsAScenarioOutlineWhereOneScenarioFails_Pass_1" computerName="AS0283" duration="00:00:00.0001605" startTime="2016-09-28T09:33:44.3661432+02:00" endTime="2016-09-28T09:33:44.3681463+02:00" testType="13cdc9d9-ddb5-4fa4-a97d-d965ccfc6d4b" outcome="Passed" testListId="8c84fa94-04c1-424b-9868-57a2d4851a1d" relativeResultsDirectory="f48a7003-60ee-4a81-980d-93aa28dcdf4a">
      <Output>
        <StdOut>Then the scenario will 'pass_1'
-&gt; done: ScenarioOutlineSteps.ThenTheScenarioWill("pass_1") (0,0s)</StdOut>
      </Output>
    </UnitTestResult>
    <UnitTestResult executionId="6d018bfc-866c-4963-9cf2-fea88195981b" testId="b04f3200-80ca-d47f-0c01-8a37e5c952e6" testName="ThisIsAScenarioOutlineWhereOneScenarioFails_Pass_2" computerName="AS0283" duration="00:00:00.0002360" startTime="2016-09-28T09:33:44.3691436+02:00" endTime="2016-09-28T09:33:44.3711438+02:00" testType="13cdc9d9-ddb5-4fa4-a97d-d965ccfc6d4b" outcome="Passed" testListId="8c84fa94-04c1-424b-9868-57a2d4851a1d" relativeResultsDirectory="6d018bfc-866c-4963-9cf2-fea88195981b">
      <Output>
        <StdOut>Then the scenario will 'pass_2'
-&gt; done: ScenarioOutlineSteps.ThenTheScenarioWill("pass_2") (0,0s)</StdOut>
      </Output>
    </UnitTestResult>
    <UnitTestResult executionId="64386890-55a5-4b95-a423-b7712a39b8bf" testId="8c97c958-0c5d-1594-2cc5-02c96df8fc9b" testName="ThisIsAScenarioOutlineWhereOneScenarioIsInconclusive_Inconclusive_1" computerName="AS0283" duration="00:00:00.0016638" startTime="2016-09-28T09:33:44.3721448+02:00" endTime="2016-09-28T09:33:44.3751441+02:00" testType="13cdc9d9-ddb5-4fa4-a97d-d965ccfc6d4b" outcome="Inconclusive" testListId="8c84fa94-04c1-424b-9868-57a2d4851a1d" relativeResultsDirectory="64386890-55a5-4b95-a423-b7712a39b8bf">
      <Output>
        <StdOut>Then the scenario will 'inconclusive_1'
-&gt; pending: ScenarioOutlineSteps.ThenTheScenarioWill("inconclusive_1")</StdOut>
        <ErrorInfo>
          <Message>Assert.Inconclusive failed. One or more step definitions are not implemented yet.
  ScenarioOutlineSteps.ThenTheScenarioWill("inconclusive_1")</Message>
          <StackTrace>   at lambda_method(Closure , String , Object[] )
   at TechTalk.SpecFlow.UnitTestProvider.MsTestRuntimeProvider.TestInconclusive(String message)
   at TechTalk.SpecFlow.UnitTestProvider.MsTestRuntimeProvider.TestPending(String message)
   at TechTalk.SpecFlow.ErrorHandling.ErrorProvider.ThrowPendingError(TestStatus testStatus, String message)
   at TechTalk.SpecFlow.Infrastructure.TestExecutionEngine.OnAfterLastStep()
   at TechTalk.SpecFlow.TestRunner.CollectScenarioErrors()
   at Pickles.TestHarness.MsTest.ScenarioOutlinesFeature.ScenarioCleanup()
   at Pickles.TestHarness.MsTest.ScenarioOutlinesFeature.ThisIsAScenarioOutlineWhereOneScenarioIsInconclusive(String result, String[] exampleTags) in C:\DevProjects\Tools\pickles\test-harness\MsTest\ScenarioOutlines.feature:line 21
   at Pickles.TestHarness.MsTest.ScenarioOutlinesFeature.ThisIsAScenarioOutlineWhereOneScenarioIsInconclusive_Inconclusive_1()
</StackTrace>
        </ErrorInfo>
      </Output>
    </UnitTestResult>
    <UnitTestResult executionId="37420234-8748-4b85-94dd-c262b1d4acae" testId="6e54c207-a3b1-f181-06be-066795ac26e1" testName="ThisIsAScenarioOutlineWhereOneScenarioIsInconclusive_Pass_1" computerName="AS0283" duration="00:00:00.0001576" startTime="2016-09-28T09:33:44.3761459+02:00" endTime="2016-09-28T09:33:44.3781570+02:00" testType="13cdc9d9-ddb5-4fa4-a97d-d965ccfc6d4b" outcome="Passed" testListId="8c84fa94-04c1-424b-9868-57a2d4851a1d" relativeResultsDirectory="37420234-8748-4b85-94dd-c262b1d4acae">
      <Output>
        <StdOut>Then the scenario will 'pass_1'
-&gt; done: ScenarioOutlineSteps.ThenTheScenarioWill("pass_1") (0,0s)</StdOut>
      </Output>
    </UnitTestResult>
    <UnitTestResult executionId="2caaf730-6060-459c-a263-4b80a7f424e4" testId="8f2bb160-fa82-a566-570e-51eeb5237e95" testName="ThisIsAScenarioOutlineWhereOneScenarioIsInconclusive_Pass_2" computerName="AS0283" duration="00:00:00.0001345" startTime="2016-09-28T09:33:44.3791432+02:00" endTime="2016-09-28T09:33:44.3801436+02:00" testType="13cdc9d9-ddb5-4fa4-a97d-d965ccfc6d4b" outcome="Passed" testListId="8c84fa94-04c1-424b-9868-57a2d4851a1d" relativeResultsDirectory="2caaf730-6060-459c-a263-4b80a7f424e4">
      <Output>
        <StdOut>Then the scenario will 'pass_2'
-&gt; done: ScenarioOutlineSteps.ThenTheScenarioWill("pass_2") (0,0s)</StdOut>
      </Output>
    </UnitTestResult>
    <UnitTestResult executionId="7e500918-0760-421a-83be-4ad63c51d858" testId="73c03e74-0c0b-5c1d-2193-91dd98f1f95e" testName="ThisIsAScenarioOutlineWithAmpersand_Pass_1" computerName="AS0283" duration="00:00:00.0005328" startTime="2016-09-28T09:33:44.3811625+02:00" endTime="2016-09-28T09:33:44.3841461+02:00" testType="13cdc9d9-ddb5-4fa4-a97d-d965ccfc6d4b" outcome="Passed" testListId="8c84fa94-04c1-424b-9868-57a2d4851a1d" relativeResultsDirectory="7e500918-0760-421a-83be-4ad63c51d858">
      <Output>
        <StdOut>Given the calculator has clean memory
-&gt; done: AdditionSteps.GivenTheCalculatorHasCleanMemory() (0,0s)
Then the scenario will 'pass_1'
-&gt; done: ScenarioOutlineSteps.ThenTheScenarioWill("pass_1") (0,0s)</StdOut>
      </Output>
    </UnitTestResult>
    <UnitTestResult executionId="aa138266-ab3e-4002-a38e-c8e05c31c8e6" testId="763d7e52-45c9-3e45-478d-dd6659bc69ba" testName="ThisIsAScenarioOutlineWithGermanUmlautsAouBAOU_Pass_1" computerName="AS0283" duration="00:00:00.0003084" startTime="2016-09-28T09:33:44.3851431+02:00" endTime="2016-09-28T09:33:44.3871434+02:00" testType="13cdc9d9-ddb5-4fa4-a97d-d965ccfc6d4b" outcome="Passed" testListId="8c84fa94-04c1-424b-9868-57a2d4851a1d" relativeResultsDirectory="aa138266-ab3e-4002-a38e-c8e05c31c8e6">
      <Output>
        <StdOut>Given the calculator has clean memory
-&gt; done: AdditionSteps.GivenTheCalculatorHasCleanMemory() (0,0s)
Then the scenario will 'pass_1'
-&gt; done: ScenarioOutlineSteps.ThenTheScenarioWill("pass_1") (0,0s)</StdOut>
      </Output>
    </UnitTestResult>
    <UnitTestResult executionId="8b1c3c84-7a92-4086-a0b6-570d83a0369b" testId="f8369e2e-c5ec-dade-ad85-e2c56909c853" testName="ThisIsAScenarioOutlineWithParenthesesHyphenAndComma10_2030_40_Pass_1" computerName="AS0283" duration="00:00:00.0003523" startTime="2016-09-28T09:33:44.3881430+02:00" endTime="2016-09-28T09:33:44.3901444+02:00" testType="13cdc9d9-ddb5-4fa4-a97d-d965ccfc6d4b" outcome="Passed" testListId="8c84fa94-04c1-424b-9868-57a2d4851a1d" relativeResultsDirectory="8b1c3c84-7a92-4086-a0b6-570d83a0369b">
      <Output>
        <StdOut>Given the calculator has clean memory
-&gt; done: AdditionSteps.GivenTheCalculatorHasCleanMemory() (0,0s)
Then the scenario will 'pass_1'
-&gt; done: ScenarioOutlineSteps.ThenTheScenarioWill("pass_1") (0,0s)</StdOut>
      </Output>
    </UnitTestResult>
    <UnitTestResult executionId="d6156b13-8dea-4855-a0d6-c17e57bc0bf1" testId="3fe8806f-fabb-1deb-7e27-c59578f16da3" testName="ThisIsAScenarioWithParenthesesHyphenAndComma10_2030_40" computerName="AS0283" duration="00:00:00.0004102" startTime="2016-09-28T09:33:44.3911431+02:00" endTime="2016-09-28T09:33:44.3931433+02:00" testType="13cdc9d9-ddb5-4fa4-a97d-d965ccfc6d4b" outcome="Passed" testListId="8c84fa94-04c1-424b-9868-57a2d4851a1d" relativeResultsDirectory="d6156b13-8dea-4855-a0d6-c17e57bc0bf1">
      <Output>
        <StdOut>Given the calculator has clean memory
-&gt; done: AdditionSteps.GivenTheCalculatorHasCleanMemory() (0,0s)
Given I have entered 50 into the calculator
-&gt; done: AdditionSteps.GivenIHaveEnteredIntoTheCalculator(50) (0,0s)
And I have entered 70 into the calculator
-&gt; done: AdditionSteps.GivenIHaveEnteredIntoTheCalculator(70) (0,0s)
When I press add
-&gt; done: AdditionSteps.WhenIPressAdd() (0,0s)
Then the result should be 120 on the screen
-&gt; done: AdditionSteps.ThenTheResultShouldBeOnTheScreen(120) (0,0s)</StdOut>
      </Output>
    </UnitTestResult>
    <UnitTestResult executionId="98c888d3-b7f7-4085-8aef-ce81ee21100d" testId="b891bd24-e5b1-222b-8d70-96a2ba7b0807" testName="ThisScenarioContainsExamplesWithRegex_SpecialCharacters_Variant0" computerName="AS0283" duration="00:00:00.0007828" startTime="2016-09-28T09:33:44.3941440+02:00" endTime="2016-09-28T09:33:44.3971430+02:00" testType="13cdc9d9-ddb5-4fa4-a97d-d965ccfc6d4b" outcome="Passed" testListId="8c84fa94-04c1-424b-9868-57a2d4851a1d" relativeResultsDirectory="98c888d3-b7f7-4085-8aef-ce81ee21100d">
      <Output>
        <StdOut>Given the calculator has clean memory
-&gt; done: AdditionSteps.GivenTheCalculatorHasCleanMemory() (0,0s)
When I have special characters for regexes in the value, for example a '**'
-&gt; done: ScenarioOutlineSteps.WhenIHaveSpecialCharactersForRegexesInTheValueForExampleARegex("**") (0,0s)
Then the scenario will 'PASS'
-&gt; done: ScenarioOutlineSteps.ThenTheScenarioWill("PASS") (0,0s)</StdOut>
      </Output>
    </UnitTestResult>
    <UnitTestResult executionId="1aa8cc43-19e6-440f-9d36-87f525d47f1b" testId="fb3ec8b2-a410-ecc8-265b-29bfd3772553" testName="ThisScenarioContainsExamplesWithRegex_SpecialCharacters_Variant1" computerName="AS0283" duration="00:00:00.0003503" startTime="2016-09-28T09:33:44.3981434+02:00" endTime="2016-09-28T09:33:44.4001460+02:00" testType="13cdc9d9-ddb5-4fa4-a97d-d965ccfc6d4b" outcome="Passed" testListId="8c84fa94-04c1-424b-9868-57a2d4851a1d" relativeResultsDirectory="1aa8cc43-19e6-440f-9d36-87f525d47f1b">
      <Output>
        <StdOut>Given the calculator has clean memory
-&gt; done: AdditionSteps.GivenTheCalculatorHasCleanMemory() (0,0s)
When I have special characters for regexes in the value, for example a '++'
-&gt; done: ScenarioOutlineSteps.WhenIHaveSpecialCharactersForRegexesInTheValueForExampleARegex("++") (0,0s)
Then the scenario will 'PASS'
-&gt; done: ScenarioOutlineSteps.ThenTheScenarioWill("PASS") (0,0s)</StdOut>
      </Output>
    </UnitTestResult>
    <UnitTestResult executionId="f2df90c9-7a83-4804-8286-7e68abdb6acc" testId="a3bd6f67-daac-1ebc-5894-1d73dbe8d707" testName="ThisScenarioContainsExamplesWithRegex_SpecialCharacters_Variant2" computerName="AS0283" duration="00:00:00.0001918" startTime="2016-09-28T09:33:44.4011441+02:00" endTime="2016-09-28T09:33:44.4031564+02:00" testType="13cdc9d9-ddb5-4fa4-a97d-d965ccfc6d4b" outcome="Passed" testListId="8c84fa94-04c1-424b-9868-57a2d4851a1d" relativeResultsDirectory="f2df90c9-7a83-4804-8286-7e68abdb6acc">
      <Output>
        <StdOut>Given the calculator has clean memory
-&gt; done: AdditionSteps.GivenTheCalculatorHasCleanMemory() (0,0s)
When I have special characters for regexes in the value, for example a '.*'
-&gt; done: ScenarioOutlineSteps.WhenIHaveSpecialCharactersForRegexesInTheValueForExampleARegex(".*") (0,0s)
Then the scenario will 'PASS'
-&gt; done: ScenarioOutlineSteps.ThenTheScenarioWill("PASS") (0,0s)</StdOut>
      </Output>
    </UnitTestResult>
    <UnitTestResult executionId="fe022d9c-e496-4d25-8ee2-cecdfd7d7cbd" testId="7699da71-b819-eb00-3894-2f0be7eec39c" testName="ThisScenarioContainsExamplesWithRegex_SpecialCharacters_Variant3" computerName="AS0283" duration="00:00:00.0001870" startTime="2016-09-28T09:33:44.4041454+02:00" endTime="2016-09-28T09:33:44.4051566+02:00" testType="13cdc9d9-ddb5-4fa4-a97d-d965ccfc6d4b" outcome="Passed" testListId="8c84fa94-04c1-424b-9868-57a2d4851a1d" relativeResultsDirectory="fe022d9c-e496-4d25-8ee2-cecdfd7d7cbd">
      <Output>
        <StdOut>Given the calculator has clean memory
-&gt; done: AdditionSteps.GivenTheCalculatorHasCleanMemory() (0,0s)
When I have special characters for regexes in the value, for example a '[]'
-&gt; done: ScenarioOutlineSteps.WhenIHaveSpecialCharactersForRegexesInTheValueForExampleARegex("[]") (0,0s)
Then the scenario will 'PASS'
-&gt; done: ScenarioOutlineSteps.ThenTheScenarioWill("PASS") (0,0s)</StdOut>
      </Output>
    </UnitTestResult>
    <UnitTestResult executionId="41ec70d9-da3e-4c83-928e-51a61b9d48c3" testId="d253522e-be41-9b3a-247a-ca440d4ac588" testName="ThisScenarioContainsExamplesWithRegex_SpecialCharacters_Variant4" computerName="AS0283" duration="00:00:00.0002936" startTime="2016-09-28T09:33:44.4061439+02:00" endTime="2016-09-28T09:33:44.4091569+02:00" testType="13cdc9d9-ddb5-4fa4-a97d-d965ccfc6d4b" outcome="Passed" testListId="8c84fa94-04c1-424b-9868-57a2d4851a1d" relativeResultsDirectory="41ec70d9-da3e-4c83-928e-51a61b9d48c3">
      <Output>
        <StdOut>Given the calculator has clean memory
-&gt; done: AdditionSteps.GivenTheCalculatorHasCleanMemory() (0,0s)
When I have special characters for regexes in the value, for example a '{}'
-&gt; done: ScenarioOutlineSteps.WhenIHaveSpecialCharactersForRegexesInTheValueForExampleARegex("{}") (0,0s)
Then the scenario will 'PASS'
-&gt; done: ScenarioOutlineSteps.ThenTheScenarioWill("PASS") (0,0s)</StdOut>
      </Output>
    </UnitTestResult>
    <UnitTestResult executionId="7fa9f127-15ff-45a9-90a0-69b0359e0f64" testId="cca2404a-911a-a50e-9898-327264f0ea76" testName="ThisScenarioContainsExamplesWithRegex_SpecialCharacters_Variant5" computerName="AS0283" duration="00:00:00.0002098" startTime="2016-09-28T09:33:44.4101447+02:00" endTime="2016-09-28T09:33:44.4121427+02:00" testType="13cdc9d9-ddb5-4fa4-a97d-d965ccfc6d4b" outcome="Passed" testListId="8c84fa94-04c1-424b-9868-57a2d4851a1d" relativeResultsDirectory="7fa9f127-15ff-45a9-90a0-69b0359e0f64">
      <Output>
        <StdOut>Given the calculator has clean memory
-&gt; done: AdditionSteps.GivenTheCalculatorHasCleanMemory() (0,0s)
When I have special characters for regexes in the value, for example a '()'
-&gt; done: ScenarioOutlineSteps.WhenIHaveSpecialCharactersForRegexesInTheValueForExampleARegex("()") (0,0s)
Then the scenario will 'PASS'
-&gt; done: ScenarioOutlineSteps.ThenTheScenarioWill("PASS") (0,0s)</StdOut>
      </Output>
    </UnitTestResult>
    <UnitTestResult executionId="8861d3d8-946d-4d98-a506-6f0abfeb7d86" testId="22ccdb90-02c8-97c1-e2a1-6bec4f044d99" testName="ThisScenarioContainsExamplesWithRegex_SpecialCharacters_Variant6" computerName="AS0283" duration="00:00:00.0001895" startTime="2016-09-28T09:33:44.4131440+02:00" endTime="2016-09-28T09:33:44.4141570+02:00" testType="13cdc9d9-ddb5-4fa4-a97d-d965ccfc6d4b" outcome="Passed" testListId="8c84fa94-04c1-424b-9868-57a2d4851a1d" relativeResultsDirectory="8861d3d8-946d-4d98-a506-6f0abfeb7d86">
      <Output>
        <StdOut>Given the calculator has clean memory
-&gt; done: AdditionSteps.GivenTheCalculatorHasCleanMemory() (0,0s)
When I have special characters for regexes in the value, for example a '^.*(?&lt;foo&gt;BAR)\s[^0-9]{3,4}A+$'
-&gt; done: ScenarioOutlineSteps.WhenIHaveSpecialCharactersForRegexesInTheValueForExampleARegex("^.*(?&lt;foo&gt;BAR)\s[...") (0,0s)
Then the scenario will 'PASS'
-&gt; done: ScenarioOutlineSteps.ThenTheScenarioWill("PASS") (0,0s)</StdOut>
      </Output>
    </UnitTestResult>
  </Results>
</TestRun>