<?xml version="1.0" encoding="UTF-8"?>
<TestRun id="030e9a50-e000-429c-b805-de5da58fbab4" name="Daniel@DANIEL-NOTEBOOK 2016-05-11 16:37:53" runUser="DANIEL-NOTEBOOK\Daniel" xmlns="http://microsoft.com/schemas/VisualStudio/TeamTest/2010">
  <TestSettings name="TestSettings" id="3d90c4f8-ccdc-4663-bad3-9f4c55f42318">
    <Description>These are default test settings for a local test run.</Description>
    <Deployment userDeploymentRoot="D:\Work\pickles-testresults" useDefaultDeploymentRoot="false" enabled="false" runDeploymentRoot="Daniel_DANIEL-NOTEBOOK 2016-05-11 16_37_53" />
    <Execution>
      <TestTypeSpecific />
      <AgentRule name="Execution Agents">
      </AgentRule>
    </Execution>
    <Properties />
  </TestSettings>
  <Times creation="2016-05-11T16:37:53.3293930+02:00" queuing="2016-05-11T16:37:53.6774278+02:00" start="2016-05-11T16:37:53.7304331+02:00" finish="2016-05-11T16:37:54.2624863+02:00" />
  <ResultSummary outcome="Failed">
    <Counters total="45" executed="45" passed="28" error="0" failed="8" timeout="0" aborted="0" inconclusive="9" passedButRunAborted="0" notRunnable="0" notExecuted="0" disconnected="0" warning="0" completed="0" inProgress="0" pending="0" />
  </ResultSummary>
  <TestDefinitions>
    <UnitTest name="ThisScenarioContainsExamplesWithRegex_SpecialCharacters_Variant3" storage="d:\work\pickles-testresults\\testharness\mstest\bin\debug\mstestharness.dll" id="7699da71-b819-eb00-3894-2f0be7eec39c">
      <Description>This scenario contains examples with Regex-special characters</Description>
      <Execution id="d1b89589-9b94-4b9b-a9fe-08bfeada5caa" />
      <Properties>
        <Property>
          <Key>FeatureTitle</Key>
          <Value>Scenarios With Special Characters</Value>
        </Property>
        <Property>
          <Key>VariantName</Key>
          <Value>Variant 3</Value>
        </Property>
        <Property>
          <Key>Parameter:regex</Key>
          <Value>[]</Value>
        </Property>
      </Properties>
      <TestMethod codeBase="D:/Work/pickles-testresults/TestHarness/mstest/bin/Debug/MsTestHarness.DLL" adapterTypeName="Microsoft.VisualStudio.TestTools.TestTypes.Unit.UnitTestAdapter, Microsoft.VisualStudio.QualityTools.Tips.UnitTest.Adapter, Version=12.0.0.0, Culture=neutral, PublicKeyToken=b03f5f7f11d50a3a" className="Pickles.TestHarness.MsTest.ScenariosWithSpecialCharactersFeature, MsTestHarness, Version=1.0.0.0, Culture=neutral, PublicKeyToken=null" name="ThisScenarioContainsExamplesWithRegex_SpecialCharacters_Variant3" />
    </UnitTest>
    <UnitTest name="NotAutomatedScenario1" storage="d:\work\pickles-testresults\\testharness\mstest\bin\debug\mstestharness.dll" id="0e090158-43a1-1be8-47c2-13e1b2c9f8c7">
      <Description>Not automated scenario 1</Description>
      <Execution id="15d20ccd-2a55-4673-8abc-08b31b11960a" />
      <Properties>
        <Property>
          <Key>FeatureTitle</Key>
          <Value>Not Automated At All</Value>
        </Property>
      </Properties>
      <TestMethod codeBase="D:/Work/pickles-testresults/TestHarness/mstest/bin/Debug/MsTestHarness.DLL" adapterTypeName="Microsoft.VisualStudio.TestTools.TestTypes.Unit.UnitTestAdapter, Microsoft.VisualStudio.QualityTools.Tips.UnitTest.Adapter, Version=12.0.0.0, Culture=neutral, PublicKeyToken=b03f5f7f11d50a3a" className="Pickles.TestHarness.MsTest.NotAutomatedAtAllFeature, MsTestHarness, Version=1.0.0.0, Culture=neutral, PublicKeyToken=null" name="NotAutomatedScenario1" />
    </UnitTest>
    <UnitTest name="AddingSeveralNumbers_40" storage="d:\work\pickles-testresults\\testharness\mstest\bin\debug\mstestharness.dll" id="4d0f7327-ed22-9a43-969a-ac2ea8102d66">
      <Description>Adding several numbers</Description>
      <TestCategory>
        <TestCategoryItem TestCategory="tag2" />
      </TestCategory>
      <Execution id="a403236f-3ba5-40de-8d7d-a11a0e1cb181" />
      <Properties>
        <Property>
          <Key>Parameter:first number</Key>
          <Value>40</Value>
        </Property>
        <Property>
          <Key>VariantName</Key>
          <Value>40</Value>
        </Property>
        <Property>
          <Key>Parameter:result</Key>
          <Value>180</Value>
        </Property>
        <Property>
          <Key>Parameter:third number</Key>
          <Value>90</Value>
        </Property>
        <Property>
          <Key>Parameter:second number</Key>
          <Value>50</Value>
        </Property>
        <Property>
          <Key>FeatureTitle</Key>
          <Value>Addition</Value>
        </Property>
      </Properties>
      <TestMethod codeBase="D:/Work/pickles-testresults/TestHarness/mstest/bin/Debug/MsTestHarness.DLL" adapterTypeName="Microsoft.VisualStudio.TestTools.TestTypes.Unit.UnitTestAdapter, Microsoft.VisualStudio.QualityTools.Tips.UnitTest.Adapter, Version=12.0.0.0, Culture=neutral, PublicKeyToken=b03f5f7f11d50a3a" className="Pickles.TestHarness.MsTest.AdditionFeature, MsTestHarness, Version=1.0.0.0, Culture=neutral, PublicKeyToken=null" name="AddingSeveralNumbers_40" />
    </UnitTest>
    <UnitTest name="AndWeCanGoTotallyBonkersWithMultipleExampleSections__ExampleSet2_Fail_2" storage="d:\work\pickles-testresults\\testharness\mstest\bin\debug\mstestharness.dll" id="40304968-0dee-8e41-4f42-20809899a9d0">
      <Description>And we can go totally bonkers with multiple example sections.</Description>
      <Execution id="f8f7a342-8f23-4dfd-814b-15300d884793" />
      <Properties>
        <Property>
          <Key>FeatureTitle</Key>
          <Value>Scenario Outlines</Value>
        </Property>
        <Property>
          <Key>VariantName</Key>
          <Value>fail_2</Value>
        </Property>
        <Property>
          <Key>Parameter:result</Key>
          <Value>fail_2</Value>
        </Property>
      </Properties>
      <TestMethod codeBase="D:/Work/pickles-testresults/TestHarness/mstest/bin/Debug/MsTestHarness.DLL" adapterTypeName="Microsoft.VisualStudio.TestTools.TestTypes.Unit.UnitTestAdapter, Microsoft.VisualStudio.QualityTools.Tips.UnitTest.Adapter, Version=12.0.0.0, Culture=neutral, PublicKeyToken=b03f5f7f11d50a3a" className="Pickles.TestHarness.MsTest.ScenarioOutlinesFeature, MsTestHarness, Version=1.0.0.0, Culture=neutral, PublicKeyToken=null" name="AndWeCanGoTotallyBonkersWithMultipleExampleSections__ExampleSet2_Fail_2" />
    </UnitTest>
    <UnitTest name="NotAutomatedScenario3" storage="d:\work\pickles-testresults\\testharness\mstest\bin\debug\mstestharness.dll" id="64813bea-d79b-d74b-adb5-1302eaf5641f">
      <Description>Not automated scenario 3</Description>
      <Execution id="cace2bb5-3da1-4e76-8c4f-dd65fc4c7ef7" />
      <Properties>
        <Property>
          <Key>FeatureTitle</Key>
          <Value>Not Automated At All</Value>
        </Property>
      </Properties>
      <TestMethod codeBase="D:/Work/pickles-testresults/TestHarness/mstest/bin/Debug/MsTestHarness.DLL" adapterTypeName="Microsoft.VisualStudio.TestTools.TestTypes.Unit.UnitTestAdapter, Microsoft.VisualStudio.QualityTools.Tips.UnitTest.Adapter, Version=12.0.0.0, Culture=neutral, PublicKeyToken=b03f5f7f11d50a3a" className="Pickles.TestHarness.MsTest.NotAutomatedAtAllFeature, MsTestHarness, Version=1.0.0.0, Culture=neutral, PublicKeyToken=null" name="NotAutomatedScenario3" />
    </UnitTest>
    <UnitTest name="ThisScenarioContainsExamplesWithRegex_SpecialCharacters_Variant2" storage="d:\work\pickles-testresults\\testharness\mstest\bin\debug\mstestharness.dll" id="a3bd6f67-daac-1ebc-5894-1d73dbe8d707">
      <Description>This scenario contains examples with Regex-special characters</Description>
      <Execution id="6ea74b74-7cd7-4d01-9d31-1ee154b48f1f" />
      <Properties>
        <Property>
          <Key>FeatureTitle</Key>
          <Value>Scenarios With Special Characters</Value>
        </Property>
        <Property>
          <Key>VariantName</Key>
          <Value>Variant 2</Value>
        </Property>
        <Property>
          <Key>Parameter:regex</Key>
          <Value>.*</Value>
        </Property>
      </Properties>
      <TestMethod codeBase="D:/Work/pickles-testresults/TestHarness/mstest/bin/Debug/MsTestHarness.DLL" adapterTypeName="Microsoft.VisualStudio.TestTools.TestTypes.Unit.UnitTestAdapter, Microsoft.VisualStudio.QualityTools.Tips.UnitTest.Adapter, Version=12.0.0.0, Culture=neutral, PublicKeyToken=b03f5f7f11d50a3a" className="Pickles.TestHarness.MsTest.ScenariosWithSpecialCharactersFeature, MsTestHarness, Version=1.0.0.0, Culture=neutral, PublicKeyToken=null" name="ThisScenarioContainsExamplesWithRegex_SpecialCharacters_Variant2" />
    </UnitTest>
    <UnitTest name="ThisIsAScenarioWithParenthesesHyphenAndComma10_2030_40" storage="d:\work\pickles-testresults\\testharness\mstest\bin\debug\mstestharness.dll" id="3fe8806f-fabb-1deb-7e27-c59578f16da3">
      <Description>This is a scenario with parentheses, hyphen and comma (10-20, 30-40)</Description>
      <Execution id="fbd7f555-82e7-44f2-83e9-6d0802a772f9" />
      <Properties>
        <Property>
          <Key>FeatureTitle</Key>
          <Value>Scenarios With Special Characters</Value>
        </Property>
      </Properties>
      <TestMethod codeBase="D:/Work/pickles-testresults/TestHarness/mstest/bin/Debug/MsTestHarness.DLL" adapterTypeName="Microsoft.VisualStudio.TestTools.TestTypes.Unit.UnitTestAdapter, Microsoft.VisualStudio.QualityTools.Tips.UnitTest.Adapter, Version=12.0.0.0, Culture=neutral, PublicKeyToken=b03f5f7f11d50a3a" className="Pickles.TestHarness.MsTest.ScenariosWithSpecialCharactersFeature, MsTestHarness, Version=1.0.0.0, Culture=neutral, PublicKeyToken=null" name="ThisIsAScenarioWithParenthesesHyphenAndComma10_2030_40" />
    </UnitTest>
    <UnitTest name="ThisScenarioContainsExamplesWithRegex_SpecialCharacters_Variant1" storage="d:\work\pickles-testresults\\testharness\mstest\bin\debug\mstestharness.dll" id="fb3ec8b2-a410-ecc8-265b-29bfd3772553">
      <Description>This scenario contains examples with Regex-special characters</Description>
      <Execution id="82e59a6b-60f3-481c-be50-a13f91734087" />
      <Properties>
        <Property>
          <Key>FeatureTitle</Key>
          <Value>Scenarios With Special Characters</Value>
        </Property>
        <Property>
          <Key>VariantName</Key>
          <Value>Variant 1</Value>
        </Property>
        <Property>
          <Key>Parameter:regex</Key>
          <Value>++</Value>
        </Property>
      </Properties>
      <TestMethod codeBase="D:/Work/pickles-testresults/TestHarness/mstest/bin/Debug/MsTestHarness.DLL" adapterTypeName="Microsoft.VisualStudio.TestTools.TestTypes.Unit.UnitTestAdapter, Microsoft.VisualStudio.QualityTools.Tips.UnitTest.Adapter, Version=12.0.0.0, Culture=neutral, PublicKeyToken=b03f5f7f11d50a3a" className="Pickles.TestHarness.MsTest.ScenariosWithSpecialCharactersFeature, MsTestHarness, Version=1.0.0.0, Culture=neutral, PublicKeyToken=null" name="ThisScenarioContainsExamplesWithRegex_SpecialCharacters_Variant1" />
    </UnitTest>
    <UnitTest name="AddTwoNumbers" storage="d:\work\pickles-testresults\\testharness\mstest\bin\debug\mstestharness.dll" id="ca63316a-39e5-9545-3bca-f1839c7b4664">
      <Description>Add two numbers</Description>
      <Execution id="aeb11782-0f12-423a-8224-b8b8683824a7" />
      <Properties>
        <Property>
          <Key>FeatureTitle</Key>
          <Value>Failing Background</Value>
        </Property>
      </Properties>
      <TestMethod codeBase="D:/Work/pickles-testresults/TestHarness/mstest/bin/Debug/MsTestHarness.DLL" adapterTypeName="Microsoft.VisualStudio.TestTools.TestTypes.Unit.UnitTestAdapter, Microsoft.VisualStudio.QualityTools.Tips.UnitTest.Adapter, Version=12.0.0.0, Culture=neutral, PublicKeyToken=b03f5f7f11d50a3a" className="Pickles.TestHarness.MsTest.FailingBackgroundFeature, MsTestHarness, Version=1.0.0.0, Culture=neutral, PublicKeyToken=null" name="AddTwoNumbers" />
    </UnitTest>
    <UnitTest name="FailingFeatureInconclusiveScenario" storage="d:\work\pickles-testresults\\testharness\mstest\bin\debug\mstestharness.dll" id="7e6c75c9-5365-7582-f701-20d37d3ff511">
      <Description>Failing Feature Inconclusive Scenario</Description>
      <Execution id="ca3fa116-0b3f-42cb-8c21-c9c88da60cc0" />
      <Properties>
        <Property>
          <Key>FeatureTitle</Key>
          <Value>Failing</Value>
        </Property>
      </Properties>
      <TestMethod codeBase="D:/Work/pickles-testresults/TestHarness/mstest/bin/Debug/MsTestHarness.DLL" adapterTypeName="Microsoft.VisualStudio.TestTools.TestTypes.Unit.UnitTestAdapter, Microsoft.VisualStudio.QualityTools.Tips.UnitTest.Adapter, Version=12.0.0.0, Culture=neutral, PublicKeyToken=b03f5f7f11d50a3a" className="Pickles.TestHarness.MsTest.MinimalFeatures.FailingFeature, MsTestHarness, Version=1.0.0.0, Culture=neutral, PublicKeyToken=null" name="FailingFeatureInconclusiveScenario" />
    </UnitTest>
    <UnitTest name="InconclusiveFeatureInconclusiveScenario" storage="d:\work\pickles-testresults\\testharness\mstest\bin\debug\mstestharness.dll" id="add44896-9236-510f-750d-eb49b89a7a65">
      <Description>Inconclusive Feature Inconclusive Scenario</Description>
      <Execution id="d7487283-65d8-436b-b33f-0f63f688c617" />
      <Properties>
        <Property>
          <Key>FeatureTitle</Key>
          <Value>Inconclusive</Value>
        </Property>
      </Properties>
      <TestMethod codeBase="D:/Work/pickles-testresults/TestHarness/mstest/bin/Debug/MsTestHarness.DLL" adapterTypeName="Microsoft.VisualStudio.TestTools.TestTypes.Unit.UnitTestAdapter, Microsoft.VisualStudio.QualityTools.Tips.UnitTest.Adapter, Version=12.0.0.0, Culture=neutral, PublicKeyToken=b03f5f7f11d50a3a" className="Pickles.TestHarness.MsTest.MinimalFeatures.InconclusiveFeature, MsTestHarness, Version=1.0.0.0, Culture=neutral, PublicKeyToken=null" name="InconclusiveFeatureInconclusiveScenario" />
    </UnitTest>
    <UnitTest name="FailingFeaturePassingScenario" storage="d:\work\pickles-testresults\\testharness\mstest\bin\debug\mstestharness.dll" id="fa1e54c9-cdb0-8bb1-6764-9179c3b61825">
      <Description>Failing Feature Passing Scenario</Description>
      <Execution id="81cab602-1e2b-429e-997b-f95a4cde235c" />
      <Properties>
        <Property>
          <Key>FeatureTitle</Key>
          <Value>Failing</Value>
        </Property>
      </Properties>
      <TestMethod codeBase="D:/Work/pickles-testresults/TestHarness/mstest/bin/Debug/MsTestHarness.DLL" adapterTypeName="Microsoft.VisualStudio.TestTools.TestTypes.Unit.UnitTestAdapter, Microsoft.VisualStudio.QualityTools.Tips.UnitTest.Adapter, Version=12.0.0.0, Culture=neutral, PublicKeyToken=b03f5f7f11d50a3a" className="Pickles.TestHarness.MsTest.MinimalFeatures.FailingFeature, MsTestHarness, Version=1.0.0.0, Culture=neutral, PublicKeyToken=null" name="FailingFeaturePassingScenario" />
    </UnitTest>
    <UnitTest name="DealCorrectlyWithBackslashesInTheExamples_CTemp" storage="d:\work\pickles-testresults\\testharness\mstest\bin\debug\mstestharness.dll" id="72d470fa-c19a-1302-1fcf-eb104ea36048">
      <Description>Deal correctly with backslashes in the examples</Description>
      <Execution id="7b75ea0a-7597-4a4a-9764-ee0ce84f9850" />
      <Properties>
        <Property>
          <Key>FeatureTitle</Key>
          <Value>Scenario Outlines</Value>
        </Property>
        <Property>
          <Key>VariantName</Key>
          <Value>c:\Temp\</Value>
        </Property>
        <Property>
          <Key>Parameter:file path</Key>
          <Value>c:\Temp\</Value>
        </Property>
      </Properties>
      <TestMethod codeBase="D:/Work/pickles-testresults/TestHarness/mstest/bin/Debug/MsTestHarness.DLL" adapterTypeName="Microsoft.VisualStudio.TestTools.TestTypes.Unit.UnitTestAdapter, Microsoft.VisualStudio.QualityTools.Tips.UnitTest.Adapter, Version=12.0.0.0, Culture=neutral, PublicKeyToken=b03f5f7f11d50a3a" className="Pickles.TestHarness.MsTest.ScenarioOutlinesFeature, MsTestHarness, Version=1.0.0.0, Culture=neutral, PublicKeyToken=null" name="DealCorrectlyWithBackslashesInTheExamples_CTemp" />
    </UnitTest>
    <UnitTest name="ThisIsAScenarioOutlineWhereOneScenarioFails_Pass_2" storage="d:\work\pickles-testresults\\testharness\mstest\bin\debug\mstestharness.dll" id="b04f3200-80ca-d47f-0c01-8a37e5c952e6">
      <Description>This is a scenario outline where one scenario fails</Description>
      <Execution id="0062e771-ad58-46d4-8706-0f246edbf3ee" />
      <Properties>
        <Property>
          <Key>FeatureTitle</Key>
          <Value>Scenario Outlines</Value>
        </Property>
        <Property>
          <Key>VariantName</Key>
          <Value>pass_2</Value>
        </Property>
        <Property>
          <Key>Parameter:result</Key>
          <Value>pass_2</Value>
        </Property>
      </Properties>
      <TestMethod codeBase="D:/Work/pickles-testresults/TestHarness/mstest/bin/Debug/MsTestHarness.DLL" adapterTypeName="Microsoft.VisualStudio.TestTools.TestTypes.Unit.UnitTestAdapter, Microsoft.VisualStudio.QualityTools.Tips.UnitTest.Adapter, Version=12.0.0.0, Culture=neutral, PublicKeyToken=b03f5f7f11d50a3a" className="Pickles.TestHarness.MsTest.ScenarioOutlinesFeature, MsTestHarness, Version=1.0.0.0, Culture=neutral, PublicKeyToken=null" name="ThisIsAScenarioOutlineWhereOneScenarioFails_Pass_2" />
    </UnitTest>
    <UnitTest name="AndWeCanGoTotallyBonkersWithMultipleExampleSections__ExampleSet2_Fail_1" storage="d:\work\pickles-testresults\\testharness\mstest\bin\debug\mstestharness.dll" id="78a6b3a3-679e-ee71-7ff5-c9338e3be6c2">
      <Description>And we can go totally bonkers with multiple example sections.</Description>
      <Execution id="ec95b294-2453-478e-bef6-98fdb4917977" />
      <Properties>
        <Property>
          <Key>FeatureTitle</Key>
          <Value>Scenario Outlines</Value>
        </Property>
        <Property>
          <Key>VariantName</Key>
          <Value>fail_1</Value>
        </Property>
        <Property>
          <Key>Parameter:result</Key>
          <Value>fail_1</Value>
        </Property>
      </Properties>
      <TestMethod codeBase="D:/Work/pickles-testresults/TestHarness/mstest/bin/Debug/MsTestHarness.DLL" adapterTypeName="Microsoft.VisualStudio.TestTools.TestTypes.Unit.UnitTestAdapter, Microsoft.VisualStudio.QualityTools.Tips.UnitTest.Adapter, Version=12.0.0.0, Culture=neutral, PublicKeyToken=b03f5f7f11d50a3a" className="Pickles.TestHarness.MsTest.ScenarioOutlinesFeature, MsTestHarness, Version=1.0.0.0, Culture=neutral, PublicKeyToken=null" name="AndWeCanGoTotallyBonkersWithMultipleExampleSections__ExampleSet2_Fail_1" />
    </UnitTest>
    <UnitTest name="ThisScenarioContainsExamplesWithRegex_SpecialCharacters_Variant6" storage="d:\work\pickles-testresults\\testharness\mstest\bin\debug\mstestharness.dll" id="22ccdb90-02c8-97c1-e2a1-6bec4f044d99">
      <Description>This scenario contains examples with Regex-special characters</Description>
      <Execution id="321ffa64-ada4-4015-9ea7-9a789d71c46e" />
      <Properties>
        <Property>
          <Key>FeatureTitle</Key>
          <Value>Scenarios With Special Characters</Value>
        </Property>
        <Property>
          <Key>VariantName</Key>
          <Value>Variant 6</Value>
        </Property>
        <Property>
          <Key>Parameter:regex</Key>
          <Value>^.*(?&lt;foo&gt;BAR)\s[^0-9]{3,4}A+$</Value>
        </Property>
      </Properties>
      <TestMethod codeBase="D:/Work/pickles-testresults/TestHarness/mstest/bin/Debug/MsTestHarness.DLL" adapterTypeName="Microsoft.VisualStudio.TestTools.TestTypes.Unit.UnitTestAdapter, Microsoft.VisualStudio.QualityTools.Tips.UnitTest.Adapter, Version=12.0.0.0, Culture=neutral, PublicKeyToken=b03f5f7f11d50a3a" className="Pickles.TestHarness.MsTest.ScenariosWithSpecialCharactersFeature, MsTestHarness, Version=1.0.0.0, Culture=neutral, PublicKeyToken=null" name="ThisScenarioContainsExamplesWithRegex_SpecialCharacters_Variant6" />
    </UnitTest>
    <UnitTest name="ThisScenarioContainsExamplesWithRegex_SpecialCharacters_Variant5" storage="d:\work\pickles-testresults\\testharness\mstest\bin\debug\mstestharness.dll" id="cca2404a-911a-a50e-9898-327264f0ea76">
      <Description>This scenario contains examples with Regex-special characters</Description>
      <Execution id="5d31952f-56f9-4ff3-98af-e5e774bf726d" />
      <Properties>
        <Property>
          <Key>FeatureTitle</Key>
          <Value>Scenarios With Special Characters</Value>
        </Property>
        <Property>
          <Key>VariantName</Key>
          <Value>Variant 5</Value>
        </Property>
        <Property>
          <Key>Parameter:regex</Key>
          <Value>()</Value>
        </Property>
      </Properties>
      <TestMethod codeBase="D:/Work/pickles-testresults/TestHarness/mstest/bin/Debug/MsTestHarness.DLL" adapterTypeName="Microsoft.VisualStudio.TestTools.TestTypes.Unit.UnitTestAdapter, Microsoft.VisualStudio.QualityTools.Tips.UnitTest.Adapter, Version=12.0.0.0, Culture=neutral, PublicKeyToken=b03f5f7f11d50a3a" className="Pickles.TestHarness.MsTest.ScenariosWithSpecialCharactersFeature, MsTestHarness, Version=1.0.0.0, Culture=neutral, PublicKeyToken=null" name="ThisScenarioContainsExamplesWithRegex_SpecialCharacters_Variant5" />
    </UnitTest>
    <UnitTest name="AddingSeveralNumbers_60" storage="d:\work\pickles-testresults\\testharness\mstest\bin\debug\mstestharness.dll" id="f4b45c2f-fc98-d23c-6179-62d5b5a59825">
      <Description>Adding several numbers</Description>
      <TestCategory>
        <TestCategoryItem TestCategory="tag2" />
      </TestCategory>
      <Execution id="fb3fd64a-970e-4b19-98f2-954021ed2177" />
      <Properties>
        <Property>
          <Key>Parameter:first number</Key>
          <Value>60</Value>
        </Property>
        <Property>
          <Key>VariantName</Key>
          <Value>60</Value>
        </Property>
        <Property>
          <Key>Parameter:third number</Key>
          <Value>130</Value>
        </Property>
        <Property>
          <Key>Parameter:second number</Key>
          <Value>70</Value>
        </Property>
        <Property>
          <Key>FeatureTitle</Key>
          <Value>Addition</Value>
        </Property>
        <Property>
          <Key>Parameter:result</Key>
          <Value>260</Value>
        </Property>
      </Properties>
      <TestMethod codeBase="D:/Work/pickles-testresults/TestHarness/mstest/bin/Debug/MsTestHarness.DLL" adapterTypeName="Microsoft.VisualStudio.TestTools.TestTypes.Unit.UnitTestAdapter, Microsoft.VisualStudio.QualityTools.Tips.UnitTest.Adapter, Version=12.0.0.0, Culture=neutral, PublicKeyToken=b03f5f7f11d50a3a" className="Pickles.TestHarness.MsTest.AdditionFeature, MsTestHarness, Version=1.0.0.0, Culture=neutral, PublicKeyToken=null" name="AddingSeveralNumbers_60" />
    </UnitTest>
    <UnitTest name="AndWeCanGoTotallyBonkersWithMultipleExampleSections__ExampleSet0_Pass_2" storage="d:\work\pickles-testresults\\testharness\mstest\bin\debug\mstestharness.dll" id="ee74d71f-f824-19d9-866e-a408a95ffa99">
      <Description>And we can go totally bonkers with multiple example sections.</Description>
      <Execution id="86c8e7d4-3059-4b91-8f9d-0ef1955aaa94" />
      <Properties>
        <Property>
          <Key>FeatureTitle</Key>
          <Value>Scenario Outlines</Value>
        </Property>
        <Property>
          <Key>VariantName</Key>
          <Value>pass_2</Value>
        </Property>
        <Property>
          <Key>Parameter:result</Key>
          <Value>pass_2</Value>
        </Property>
      </Properties>
      <TestMethod codeBase="D:/Work/pickles-testresults/TestHarness/mstest/bin/Debug/MsTestHarness.DLL" adapterTypeName="Microsoft.VisualStudio.TestTools.TestTypes.Unit.UnitTestAdapter, Microsoft.VisualStudio.QualityTools.Tips.UnitTest.Adapter, Version=12.0.0.0, Culture=neutral, PublicKeyToken=b03f5f7f11d50a3a" className="Pickles.TestHarness.MsTest.ScenarioOutlinesFeature, MsTestHarness, Version=1.0.0.0, Culture=neutral, PublicKeyToken=null" name="AndWeCanGoTotallyBonkersWithMultipleExampleSections__ExampleSet0_Pass_2" />
    </UnitTest>
    <UnitTest name="FailingFeatureFailingScenario" storage="d:\work\pickles-testresults\\testharness\mstest\bin\debug\mstestharness.dll" id="18582dd5-09c7-ce67-9cb7-8e15a9cdffd0">
      <Description>Failing Feature Failing Scenario</Description>
      <Execution id="04510e5c-8606-48a0-961e-0a8f353fad87" />
      <Properties>
        <Property>
          <Key>FeatureTitle</Key>
          <Value>Failing</Value>
        </Property>
      </Properties>
      <TestMethod codeBase="D:/Work/pickles-testresults/TestHarness/mstest/bin/Debug/MsTestHarness.DLL" adapterTypeName="Microsoft.VisualStudio.TestTools.TestTypes.Unit.UnitTestAdapter, Microsoft.VisualStudio.QualityTools.Tips.UnitTest.Adapter, Version=12.0.0.0, Culture=neutral, PublicKeyToken=b03f5f7f11d50a3a" className="Pickles.TestHarness.MsTest.MinimalFeatures.FailingFeature, MsTestHarness, Version=1.0.0.0, Culture=neutral, PublicKeyToken=null" name="FailingFeatureFailingScenario" />
    </UnitTest>
    <UnitTest name="DealCorrectlyWithParenthesisInTheExamples_ThisIsADescriptionAndMore" storage="d:\work\pickles-testresults\\testharness\mstest\bin\debug\mstestharness.dll" id="d09c033d-0065-cbeb-bd7c-ee8b6460688f">
      <Description>Deal correctly with parenthesis in the examples</Description>
      <Execution id="a39a3a5e-2b19-4962-996b-7c81ce2f83a7" />
      <Properties>
        <Property>
          <Key>FeatureTitle</Key>
          <Value>Scenario Outlines</Value>
        </Property>
        <Property>
          <Key>Parameter:overly descriptive field</Key>
          <Value>This is a description (and more)</Value>
        </Property>
        <Property>
          <Key>VariantName</Key>
          <Value>This is a description (and more)</Value>
        </Property>
      </Properties>
      <TestMethod codeBase="D:/Work/pickles-testresults/TestHarness/mstest/bin/Debug/MsTestHarness.DLL" adapterTypeName="Microsoft.VisualStudio.TestTools.TestTypes.Unit.UnitTestAdapter, Microsoft.VisualStudio.QualityTools.Tips.UnitTest.Adapter, Version=12.0.0.0, Culture=neutral, PublicKeyToken=b03f5f7f11d50a3a" className="Pickles.TestHarness.MsTest.ScenarioOutlinesFeature, MsTestHarness, Version=1.0.0.0, Culture=neutral, PublicKeyToken=null" name="DealCorrectlyWithParenthesisInTheExamples_ThisIsADescriptionAndMore" />
    </UnitTest>
    <UnitTest name="ThisIsAScenarioOutlineWhereOneScenarioIsInconclusive_Pass_1" storage="d:\work\pickles-testresults\\testharness\mstest\bin\debug\mstestharness.dll" id="6e54c207-a3b1-f181-06be-066795ac26e1">
      <Description>This is a scenario outline where one scenario is inconclusive</Description>
      <Execution id="27257813-5a08-49d8-a270-7b293b09b998" />
      <Properties>
        <Property>
          <Key>FeatureTitle</Key>
          <Value>Scenario Outlines</Value>
        </Property>
        <Property>
          <Key>VariantName</Key>
          <Value>pass_1</Value>
        </Property>
        <Property>
          <Key>Parameter:result</Key>
          <Value>pass_1</Value>
        </Property>
      </Properties>
      <TestMethod codeBase="D:/Work/pickles-testresults/TestHarness/mstest/bin/Debug/MsTestHarness.DLL" adapterTypeName="Microsoft.VisualStudio.TestTools.TestTypes.Unit.UnitTestAdapter, Microsoft.VisualStudio.QualityTools.Tips.UnitTest.Adapter, Version=12.0.0.0, Culture=neutral, PublicKeyToken=b03f5f7f11d50a3a" className="Pickles.TestHarness.MsTest.ScenarioOutlinesFeature, MsTestHarness, Version=1.0.0.0, Culture=neutral, PublicKeyToken=null" name="ThisIsAScenarioOutlineWhereOneScenarioIsInconclusive_Pass_1" />
    </UnitTest>
    <UnitTest name="ThisIsAScenarioOutlineWhereAllScenariosPass_Pass_2" storage="d:\work\pickles-testresults\\testharness\mstest\bin\debug\mstestharness.dll" id="9efc5df4-5f77-a670-8622-976418721b8f">
      <Description>This is a scenario outline where all scenarios pass</Description>
      <Execution id="e529efaf-ca10-49b3-8f03-94688aa15cf8" />
      <Properties>
        <Property>
          <Key>FeatureTitle</Key>
          <Value>Scenario Outlines</Value>
        </Property>
        <Property>
          <Key>VariantName</Key>
          <Value>pass_2</Value>
        </Property>
        <Property>
          <Key>Parameter:result</Key>
          <Value>pass_2</Value>
        </Property>
      </Properties>
      <TestMethod codeBase="D:/Work/pickles-testresults/TestHarness/mstest/bin/Debug/MsTestHarness.DLL" adapterTypeName="Microsoft.VisualStudio.TestTools.TestTypes.Unit.UnitTestAdapter, Microsoft.VisualStudio.QualityTools.Tips.UnitTest.Adapter, Version=12.0.0.0, Culture=neutral, PublicKeyToken=b03f5f7f11d50a3a" className="Pickles.TestHarness.MsTest.ScenarioOutlinesFeature, MsTestHarness, Version=1.0.0.0, Culture=neutral, PublicKeyToken=null" name="ThisIsAScenarioOutlineWhereAllScenariosPass_Pass_2" />
    </UnitTest>
    <UnitTest name="InconclusiveFeaturePassingScenario" storage="d:\work\pickles-testresults\\testharness\mstest\bin\debug\mstestharness.dll" id="41cb0c4f-1c07-4937-29e8-dcc987caf94e">
      <Description>Inconclusive Feature Passing Scenario</Description>
      <Execution id="895be362-aee6-4ee9-8c0d-023dfe2c48db" />
      <Properties>
        <Property>
          <Key>FeatureTitle</Key>
          <Value>Inconclusive</Value>
        </Property>
      </Properties>
      <TestMethod codeBase="D:/Work/pickles-testresults/TestHarness/mstest/bin/Debug/MsTestHarness.DLL" adapterTypeName="Microsoft.VisualStudio.TestTools.TestTypes.Unit.UnitTestAdapter, Microsoft.VisualStudio.QualityTools.Tips.UnitTest.Adapter, Version=12.0.0.0, Culture=neutral, PublicKeyToken=b03f5f7f11d50a3a" className="Pickles.TestHarness.MsTest.MinimalFeatures.InconclusiveFeature, MsTestHarness, Version=1.0.0.0, Culture=neutral, PublicKeyToken=null" name="InconclusiveFeaturePassingScenario" />
    </UnitTest>
    <UnitTest name="ThisIsAScenarioOutlineWhereOneScenarioIsInconclusive_Inconclusive_1" storage="d:\work\pickles-testresults\\testharness\mstest\bin\debug\mstestharness.dll" id="8c97c958-0c5d-1594-2cc5-02c96df8fc9b">
      <Description>This is a scenario outline where one scenario is inconclusive</Description>
      <Execution id="3837b802-effd-4d16-9d3c-d5cfa8fdd545" />
      <Properties>
        <Property>
          <Key>FeatureTitle</Key>
          <Value>Scenario Outlines</Value>
        </Property>
        <Property>
          <Key>VariantName</Key>
          <Value>inconclusive_1</Value>
        </Property>
        <Property>
          <Key>Parameter:result</Key>
          <Value>inconclusive_1</Value>
        </Property>
      </Properties>
      <TestMethod codeBase="D:/Work/pickles-testresults/TestHarness/mstest/bin/Debug/MsTestHarness.DLL" adapterTypeName="Microsoft.VisualStudio.TestTools.TestTypes.Unit.UnitTestAdapter, Microsoft.VisualStudio.QualityTools.Tips.UnitTest.Adapter, Version=12.0.0.0, Culture=neutral, PublicKeyToken=b03f5f7f11d50a3a" className="Pickles.TestHarness.MsTest.ScenarioOutlinesFeature, MsTestHarness, Version=1.0.0.0, Culture=neutral, PublicKeyToken=null" name="ThisIsAScenarioOutlineWhereOneScenarioIsInconclusive_Inconclusive_1" />
    </UnitTest>
    <UnitTest name="TestMethod" storage="d:\work\pickles-testresults\\testharness\mstest\bin\debug\mstestharness.dll" id="aa71fe8a-e5aa-f23d-c632-cfb3c587ca21">
      <Execution id="3422b337-879f-4f78-b534-630edff953d2" />
      <Properties>
        <Property>
          <Key>FeatureTitle</Key>
          <Value>Addition</Value>
        </Property>
      </Properties>
      <TestMethod codeBase="D:/Work/pickles-testresults/TestHarness/mstest/bin/Debug/MsTestHarness.DLL" adapterTypeName="Microsoft.VisualStudio.TestTools.TestTypes.Unit.UnitTestAdapter, Microsoft.VisualStudio.QualityTools.Tips.UnitTest.Adapter, Version=12.0.0.0, Culture=neutral, PublicKeyToken=b03f5f7f11d50a3a" className="Pickles.TestHarness.MsTest.OrdinaryUnitTest, MsTestHarness, Version=1.0.0.0, Culture=neutral, PublicKeyToken=null" name="TestMethod" />
    </UnitTest>
    <UnitTest name="ThisIsAScenarioOutlineWithParenthesesHyphenAndComma10_2030_40_Pass_1" storage="d:\work\pickles-testresults\\testharness\mstest\bin\debug\mstestharness.dll" id="f8369e2e-c5ec-dade-ad85-e2c56909c853">
      <Description>This is a scenario outline with parentheses, hyphen and comma (10-20, 30-40)</Description>
      <Execution id="4a0646c4-2be2-4934-ba22-c6a06f6df3c0" />
      <Properties>
        <Property>
          <Key>FeatureTitle</Key>
          <Value>Scenarios With Special Characters</Value>
        </Property>
        <Property>
          <Key>VariantName</Key>
          <Value>pass_1</Value>
        </Property>
        <Property>
          <Key>Parameter:result</Key>
          <Value>pass_1</Value>
        </Property>
      </Properties>
      <TestMethod codeBase="D:/Work/pickles-testresults/TestHarness/mstest/bin/Debug/MsTestHarness.DLL" adapterTypeName="Microsoft.VisualStudio.TestTools.TestTypes.Unit.UnitTestAdapter, Microsoft.VisualStudio.QualityTools.Tips.UnitTest.Adapter, Version=12.0.0.0, Culture=neutral, PublicKeyToken=b03f5f7f11d50a3a" className="Pickles.TestHarness.MsTest.ScenariosWithSpecialCharactersFeature, MsTestHarness, Version=1.0.0.0, Culture=neutral, PublicKeyToken=null" name="ThisIsAScenarioOutlineWithParenthesesHyphenAndComma10_2030_40_Pass_1" />
    </UnitTest>
    <UnitTest name="AddTwoNumbers" storage="d:\work\pickles-testresults\\testharness\mstest\bin\debug\mstestharness.dll" id="6b8581c3-611e-6116-4232-a31382677735">
      <Description>Add two numbers</Description>
      <TestCategory>
        <TestCategoryItem TestCategory="tag1" />
      </TestCategory>
      <Execution id="76f31fbe-7341-45d1-a349-b9c5abfd5f46" />
      <Properties>
        <Property>
          <Key>FeatureTitle</Key>
          <Value>Addition</Value>
        </Property>
      </Properties>
      <TestMethod codeBase="D:/Work/pickles-testresults/TestHarness/mstest/bin/Debug/MsTestHarness.DLL" adapterTypeName="Microsoft.VisualStudio.TestTools.TestTypes.Unit.UnitTestAdapter, Microsoft.VisualStudio.QualityTools.Tips.UnitTest.Adapter, Version=12.0.0.0, Culture=neutral, PublicKeyToken=b03f5f7f11d50a3a" className="Pickles.TestHarness.MsTest.AdditionFeature, MsTestHarness, Version=1.0.0.0, Culture=neutral, PublicKeyToken=null" name="AddTwoNumbers" />
    </UnitTest>
    <UnitTest name="ThisIsAScenarioOutlineWhereOneScenarioIsInconclusive_Pass_2" storage="d:\work\pickles-testresults\\testharness\mstest\bin\debug\mstestharness.dll" id="8f2bb160-fa82-a566-570e-51eeb5237e95">
      <Description>This is a scenario outline where one scenario is inconclusive</Description>
      <Execution id="1cec49d4-c102-4872-b062-a604902f7d2e" />
      <Properties>
        <Property>
          <Key>FeatureTitle</Key>
          <Value>Scenario Outlines</Value>
        </Property>
        <Property>
          <Key>VariantName</Key>
          <Value>pass_2</Value>
        </Property>
        <Property>
          <Key>Parameter:result</Key>
          <Value>pass_2</Value>
        </Property>
      </Properties>
      <TestMethod codeBase="D:/Work/pickles-testresults/TestHarness/mstest/bin/Debug/MsTestHarness.DLL" adapterTypeName="Microsoft.VisualStudio.TestTools.TestTypes.Unit.UnitTestAdapter, Microsoft.VisualStudio.QualityTools.Tips.UnitTest.Adapter, Version=12.0.0.0, Culture=neutral, PublicKeyToken=b03f5f7f11d50a3a" className="Pickles.TestHarness.MsTest.ScenarioOutlinesFeature, MsTestHarness, Version=1.0.0.0, Culture=neutral, PublicKeyToken=null" name="ThisIsAScenarioOutlineWhereOneScenarioIsInconclusive_Pass_2" />
    </UnitTest>
    <UnitTest name="ThisIsAScenarioOutlineWhereOneScenarioFails_Fail_1" storage="d:\work\pickles-testresults\\testharness\mstest\bin\debug\mstestharness.dll" id="05c22c90-eaaa-d3c2-bd2d-36c2df85528e">
      <Description>This is a scenario outline where one scenario fails</Description>
      <Execution id="d6d810ed-b95a-4dbb-99c8-1d1f60d2b8af" />
      <Properties>
        <Property>
          <Key>FeatureTitle</Key>
          <Value>Scenario Outlines</Value>
        </Property>
        <Property>
          <Key>VariantName</Key>
          <Value>fail_1</Value>
        </Property>
        <Property>
          <Key>Parameter:result</Key>
          <Value>fail_1</Value>
        </Property>
      </Properties>
      <TestMethod codeBase="D:/Work/pickles-testresults/TestHarness/mstest/bin/Debug/MsTestHarness.DLL" adapterTypeName="Microsoft.VisualStudio.TestTools.TestTypes.Unit.UnitTestAdapter, Microsoft.VisualStudio.QualityTools.Tips.UnitTest.Adapter, Version=12.0.0.0, Culture=neutral, PublicKeyToken=b03f5f7f11d50a3a" className="Pickles.TestHarness.MsTest.ScenarioOutlinesFeature, MsTestHarness, Version=1.0.0.0, Culture=neutral, PublicKeyToken=null" name="ThisIsAScenarioOutlineWhereOneScenarioFails_Fail_1" />
    </UnitTest>
    <UnitTest name="AndWeCanGoTotallyBonkersWithMultipleExampleSections__ExampleSet1_Inconclusive_2" storage="d:\work\pickles-testresults\\testharness\mstest\bin\debug\mstestharness.dll" id="4d5f7893-139c-db00-8823-de561780758d">
      <Description>And we can go totally bonkers with multiple example sections.</Description>
      <Execution id="701f653c-8e94-4baf-8110-d20b0cecc6c3" />
      <Properties>
        <Property>
          <Key>FeatureTitle</Key>
          <Value>Scenario Outlines</Value>
        </Property>
        <Property>
          <Key>VariantName</Key>
          <Value>inconclusive_2</Value>
        </Property>
        <Property>
          <Key>Parameter:result</Key>
          <Value>inconclusive_2</Value>
        </Property>
      </Properties>
      <TestMethod codeBase="D:/Work/pickles-testresults/TestHarness/mstest/bin/Debug/MsTestHarness.DLL" adapterTypeName="Microsoft.VisualStudio.TestTools.TestTypes.Unit.UnitTestAdapter, Microsoft.VisualStudio.QualityTools.Tips.UnitTest.Adapter, Version=12.0.0.0, Culture=neutral, PublicKeyToken=b03f5f7f11d50a3a" className="Pickles.TestHarness.MsTest.ScenarioOutlinesFeature, MsTestHarness, Version=1.0.0.0, Culture=neutral, PublicKeyToken=null" name="AndWeCanGoTotallyBonkersWithMultipleExampleSections__ExampleSet1_Inconclusive_2" />
    </UnitTest>
    <UnitTest name="AddingSeveralNumbers_60" storage="d:\work\pickles-testresults\\testharness\mstest\bin\debug\mstestharness.dll" id="17bb28b8-a770-72be-af08-5a4b0847e4ea">
      <Description>Adding several numbers</Description>
      <Execution id="0f56d0f5-5e81-4c4b-bdff-24697e6e90a3" />
      <Properties>
        <Property>
          <Key>Parameter:first number</Key>
          <Value>60</Value>
        </Property>
        <Property>
          <Key>VariantName</Key>
          <Value>60</Value>
        </Property>
        <Property>
          <Key>Parameter:third number</Key>
          <Value>130</Value>
        </Property>
        <Property>
          <Key>Parameter:second number</Key>
          <Value>70</Value>
        </Property>
        <Property>
          <Key>FeatureTitle</Key>
          <Value>Failing Background</Value>
        </Property>
        <Property>
          <Key>Parameter:result</Key>
          <Value>260</Value>
        </Property>
      </Properties>
      <TestMethod codeBase="D:/Work/pickles-testresults/TestHarness/mstest/bin/Debug/MsTestHarness.DLL" adapterTypeName="Microsoft.VisualStudio.TestTools.TestTypes.Unit.UnitTestAdapter, Microsoft.VisualStudio.QualityTools.Tips.UnitTest.Adapter, Version=12.0.0.0, Culture=neutral, PublicKeyToken=b03f5f7f11d50a3a" className="Pickles.TestHarness.MsTest.FailingBackgroundFeature, MsTestHarness, Version=1.0.0.0, Culture=neutral, PublicKeyToken=null" name="AddingSeveralNumbers_60" />
    </UnitTest>
    <UnitTest name="NotAutomatedScenario2" storage="d:\work\pickles-testresults\\testharness\mstest\bin\debug\mstestharness.dll" id="067e1c92-2860-531b-28dc-c2863e91b7f5">
      <Description>Not automated scenario 2</Description>
      <Execution id="e075fe79-3ecd-4891-852b-32fcf872a6a8" />
      <Properties>
        <Property>
          <Key>FeatureTitle</Key>
          <Value>Not Automated At All</Value>
        </Property>
      </Properties>
      <TestMethod codeBase="D:/Work/pickles-testresults/TestHarness/mstest/bin/Debug/MsTestHarness.DLL" adapterTypeName="Microsoft.VisualStudio.TestTools.TestTypes.Unit.UnitTestAdapter, Microsoft.VisualStudio.QualityTools.Tips.UnitTest.Adapter, Version=12.0.0.0, Culture=neutral, PublicKeyToken=b03f5f7f11d50a3a" className="Pickles.TestHarness.MsTest.NotAutomatedAtAllFeature, MsTestHarness, Version=1.0.0.0, Culture=neutral, PublicKeyToken=null" name="NotAutomatedScenario2" />
    </UnitTest>
    <UnitTest name="ThisIsAScenarioOutlineWhereAllScenariosPass_Pass_1" storage="d:\work\pickles-testresults\\testharness\mstest\bin\debug\mstestharness.dll" id="2c8f1abb-446c-6683-6327-8ec4ccd46e1a">
      <Description>This is a scenario outline where all scenarios pass</Description>
      <Execution id="7aba910c-89a5-4f5e-9952-629119b1ffb9" />
      <Properties>
        <Property>
          <Key>FeatureTitle</Key>
          <Value>Scenario Outlines</Value>
        </Property>
        <Property>
          <Key>VariantName</Key>
          <Value>pass_1</Value>
        </Property>
        <Property>
          <Key>Parameter:result</Key>
          <Value>pass_1</Value>
        </Property>
      </Properties>
      <TestMethod codeBase="D:/Work/pickles-testresults/TestHarness/mstest/bin/Debug/MsTestHarness.DLL" adapterTypeName="Microsoft.VisualStudio.TestTools.TestTypes.Unit.UnitTestAdapter, Microsoft.VisualStudio.QualityTools.Tips.UnitTest.Adapter, Version=12.0.0.0, Culture=neutral, PublicKeyToken=b03f5f7f11d50a3a" className="Pickles.TestHarness.MsTest.ScenarioOutlinesFeature, MsTestHarness, Version=1.0.0.0, Culture=neutral, PublicKeyToken=null" name="ThisIsAScenarioOutlineWhereAllScenariosPass_Pass_1" />
    </UnitTest>
    <UnitTest name="DealCorrectlyWithOverlongExampleValues_PleaseEnterAValidTwoLetterCountryCodeE_G_DE" storage="d:\work\pickles-testresults\\testharness\mstest\bin\debug\mstestharness.dll" id="ce4a9bf6-5fc5-0a40-2cbe-242a59cb1296">
      <Description>Deal correctly with overlong example values</Description>
      <Execution id="9eec856e-150a-4606-8939-7a65f05b7367" />
      <Properties>
        <Property>
          <Key>FeatureTitle</Key>
          <Value>Scenario Outlines</Value>
        </Property>
        <Property>
          <Key>VariantName</Key>
          <Value>Please enter a valid two letter country code (e.g. DE)!</Value>
        </Property>
        <Property>
          <Key>Parameter:value1</Key>
          <Value>Please enter a valid two letter country code (e.g. DE)!</Value>
        </Property>
        <Property>
          <Key>Parameter:value2</Key>
          <Value>This is just a very very very veery long error message!</Value>
        </Property>
      </Properties>
      <TestMethod codeBase="D:/Work/pickles-testresults/TestHarness/mstest/bin/Debug/MsTestHarness.DLL" adapterTypeName="Microsoft.VisualStudio.TestTools.TestTypes.Unit.UnitTestAdapter, Microsoft.VisualStudio.QualityTools.Tips.UnitTest.Adapter, Version=12.0.0.0, Culture=neutral, PublicKeyToken=b03f5f7f11d50a3a" className="Pickles.TestHarness.MsTest.ScenarioOutlinesFeature, MsTestHarness, Version=1.0.0.0, Culture=neutral, PublicKeyToken=null" name="DealCorrectlyWithOverlongExampleValues_PleaseEnterAValidTwoLetterCountryCodeE_G_DE" />
    </UnitTest>
    <UnitTest name="AndWeCanGoTotallyBonkersWithMultipleExampleSections__ExampleSet0_Pass_1" storage="d:\work\pickles-testresults\\testharness\mstest\bin\debug\mstestharness.dll" id="78aeddd0-4ae5-6103-b7dd-e62b71148721">
      <Description>And we can go totally bonkers with multiple example sections.</Description>
      <Execution id="3620c756-24f4-4a4d-9ffd-192d725658e5" />
      <Properties>
        <Property>
          <Key>FeatureTitle</Key>
          <Value>Scenario Outlines</Value>
        </Property>
        <Property>
          <Key>VariantName</Key>
          <Value>pass_1</Value>
        </Property>
        <Property>
          <Key>Parameter:result</Key>
          <Value>pass_1</Value>
        </Property>
      </Properties>
      <TestMethod codeBase="D:/Work/pickles-testresults/TestHarness/mstest/bin/Debug/MsTestHarness.DLL" adapterTypeName="Microsoft.VisualStudio.TestTools.TestTypes.Unit.UnitTestAdapter, Microsoft.VisualStudio.QualityTools.Tips.UnitTest.Adapter, Version=12.0.0.0, Culture=neutral, PublicKeyToken=b03f5f7f11d50a3a" className="Pickles.TestHarness.MsTest.ScenarioOutlinesFeature, MsTestHarness, Version=1.0.0.0, Culture=neutral, PublicKeyToken=null" name="AndWeCanGoTotallyBonkersWithMultipleExampleSections__ExampleSet0_Pass_1" />
    </UnitTest>
    <UnitTest name="PassingFeaturePassingScenario" storage="d:\work\pickles-testresults\\testharness\mstest\bin\debug\mstestharness.dll" id="3af599bd-a8de-95a2-1ecc-194c7f8aceeb">
      <Description>Passing Feature Passing Scenario</Description>
      <Execution id="fe442e48-4bec-4a86-8c30-fcf9053f1ce9" />
      <Properties>
        <Property>
          <Key>FeatureTitle</Key>
          <Value>Passing</Value>
        </Property>
      </Properties>
      <TestMethod codeBase="D:/Work/pickles-testresults/TestHarness/mstest/bin/Debug/MsTestHarness.DLL" adapterTypeName="Microsoft.VisualStudio.TestTools.TestTypes.Unit.UnitTestAdapter, Microsoft.VisualStudio.QualityTools.Tips.UnitTest.Adapter, Version=12.0.0.0, Culture=neutral, PublicKeyToken=b03f5f7f11d50a3a" className="Pickles.TestHarness.MsTest.MinimalFeatures.PassingFeature, MsTestHarness, Version=1.0.0.0, Culture=neutral, PublicKeyToken=null" name="PassingFeaturePassingScenario" />
    </UnitTest>
    <UnitTest name="ThisScenarioContainsExamplesWithRegex_SpecialCharacters_Variant0" storage="d:\work\pickles-testresults\\testharness\mstest\bin\debug\mstestharness.dll" id="b891bd24-e5b1-222b-8d70-96a2ba7b0807">
      <Description>This scenario contains examples with Regex-special characters</Description>
      <Execution id="aad5b5dd-fcbb-44e2-98d7-174c2b7e0d2b" />
      <Properties>
        <Property>
          <Key>FeatureTitle</Key>
          <Value>Scenarios With Special Characters</Value>
        </Property>
        <Property>
          <Key>VariantName</Key>
          <Value>Variant 0</Value>
        </Property>
        <Property>
          <Key>Parameter:regex</Key>
          <Value>**</Value>
        </Property>
      </Properties>
      <TestMethod codeBase="D:/Work/pickles-testresults/TestHarness/mstest/bin/Debug/MsTestHarness.DLL" adapterTypeName="Microsoft.VisualStudio.TestTools.TestTypes.Unit.UnitTestAdapter, Microsoft.VisualStudio.QualityTools.Tips.UnitTest.Adapter, Version=12.0.0.0, Culture=neutral, PublicKeyToken=b03f5f7f11d50a3a" className="Pickles.TestHarness.MsTest.ScenariosWithSpecialCharactersFeature, MsTestHarness, Version=1.0.0.0, Culture=neutral, PublicKeyToken=null" name="ThisScenarioContainsExamplesWithRegex_SpecialCharacters_Variant0" />
    </UnitTest>
    <UnitTest name="ThisIsAScenarioOutlineWhereAllScenariosPass_Pass_3" storage="d:\work\pickles-testresults\\testharness\mstest\bin\debug\mstestharness.dll" id="9bb2410c-d8c6-90b8-75cd-5c93dc903745">
      <Description>This is a scenario outline where all scenarios pass</Description>
      <Execution id="d85e269f-ccef-4170-b8e5-beec468ccbc4" />
      <Properties>
        <Property>
          <Key>FeatureTitle</Key>
          <Value>Scenario Outlines</Value>
        </Property>
        <Property>
          <Key>VariantName</Key>
          <Value>pass_3</Value>
        </Property>
        <Property>
          <Key>Parameter:result</Key>
          <Value>pass_3</Value>
        </Property>
      </Properties>
      <TestMethod codeBase="D:/Work/pickles-testresults/TestHarness/mstest/bin/Debug/MsTestHarness.DLL" adapterTypeName="Microsoft.VisualStudio.TestTools.TestTypes.Unit.UnitTestAdapter, Microsoft.VisualStudio.QualityTools.Tips.UnitTest.Adapter, Version=12.0.0.0, Culture=neutral, PublicKeyToken=b03f5f7f11d50a3a" className="Pickles.TestHarness.MsTest.ScenarioOutlinesFeature, MsTestHarness, Version=1.0.0.0, Culture=neutral, PublicKeyToken=null" name="ThisIsAScenarioOutlineWhereAllScenariosPass_Pass_3" />
    </UnitTest>
    <UnitTest name="ThisIsAScenarioOutlineWhereOneScenarioFails_Pass_1" storage="d:\work\pickles-testresults\\testharness\mstest\bin\debug\mstestharness.dll" id="e64af447-d4dc-7221-865a-703128db7b90">
      <Description>This is a scenario outline where one scenario fails</Description>
      <Execution id="a069f07f-8018-423b-972e-aa8e712561b8" />
      <Properties>
        <Property>
          <Key>FeatureTitle</Key>
          <Value>Scenario Outlines</Value>
        </Property>
        <Property>
          <Key>VariantName</Key>
          <Value>pass_1</Value>
        </Property>
        <Property>
          <Key>Parameter:result</Key>
          <Value>pass_1</Value>
        </Property>
      </Properties>
      <TestMethod codeBase="D:/Work/pickles-testresults/TestHarness/mstest/bin/Debug/MsTestHarness.DLL" adapterTypeName="Microsoft.VisualStudio.TestTools.TestTypes.Unit.UnitTestAdapter, Microsoft.VisualStudio.QualityTools.Tips.UnitTest.Adapter, Version=12.0.0.0, Culture=neutral, PublicKeyToken=b03f5f7f11d50a3a" className="Pickles.TestHarness.MsTest.ScenarioOutlinesFeature, MsTestHarness, Version=1.0.0.0, Culture=neutral, PublicKeyToken=null" name="ThisIsAScenarioOutlineWhereOneScenarioFails_Pass_1" />
    </UnitTest>
    <UnitTest name="ThisScenarioContainsExamplesWithRegex_SpecialCharacters_Variant4" storage="d:\work\pickles-testresults\\testharness\mstest\bin\debug\mstestharness.dll" id="d253522e-be41-9b3a-247a-ca440d4ac588">
      <Description>This scenario contains examples with Regex-special characters</Description>
      <Execution id="1022858e-246a-46c3-b668-dcf45e67a4af" />
      <Properties>
        <Property>
          <Key>FeatureTitle</Key>
          <Value>Scenarios With Special Characters</Value>
        </Property>
        <Property>
          <Key>VariantName</Key>
          <Value>Variant 4</Value>
        </Property>
        <Property>
          <Key>Parameter:regex</Key>
          <Value>{}</Value>
        </Property>
      </Properties>
      <TestMethod codeBase="D:/Work/pickles-testresults/TestHarness/mstest/bin/Debug/MsTestHarness.DLL" adapterTypeName="Microsoft.VisualStudio.TestTools.TestTypes.Unit.UnitTestAdapter, Microsoft.VisualStudio.QualityTools.Tips.UnitTest.Adapter, Version=12.0.0.0, Culture=neutral, PublicKeyToken=b03f5f7f11d50a3a" className="Pickles.TestHarness.MsTest.ScenariosWithSpecialCharactersFeature, MsTestHarness, Version=1.0.0.0, Culture=neutral, PublicKeyToken=null" name="ThisScenarioContainsExamplesWithRegex_SpecialCharacters_Variant4" />
    </UnitTest>
    <UnitTest name="AddingSeveralNumbers_40" storage="d:\work\pickles-testresults\\testharness\mstest\bin\debug\mstestharness.dll" id="b4815779-aba4-cf1b-8df3-4a745af70720">
      <Description>Adding several numbers</Description>
      <Execution id="50e92cb0-b5d6-489f-8065-00fa432650cf" />
      <Properties>
        <Property>
          <Key>Parameter:first number</Key>
          <Value>40</Value>
        </Property>
        <Property>
          <Key>VariantName</Key>
          <Value>40</Value>
        </Property>
        <Property>
          <Key>Parameter:third number</Key>
          <Value>90</Value>
        </Property>
        <Property>
          <Key>Parameter:second number</Key>
          <Value>50</Value>
        </Property>
        <Property>
          <Key>FeatureTitle</Key>
          <Value>Failing Background</Value>
        </Property>
        <Property>
          <Key>Parameter:result</Key>
          <Value>180</Value>
        </Property>
      </Properties>
      <TestMethod codeBase="D:/Work/pickles-testresults/TestHarness/mstest/bin/Debug/MsTestHarness.DLL" adapterTypeName="Microsoft.VisualStudio.TestTools.TestTypes.Unit.UnitTestAdapter, Microsoft.VisualStudio.QualityTools.Tips.UnitTest.Adapter, Version=12.0.0.0, Culture=neutral, PublicKeyToken=b03f5f7f11d50a3a" className="Pickles.TestHarness.MsTest.FailingBackgroundFeature, MsTestHarness, Version=1.0.0.0, Culture=neutral, PublicKeyToken=null" name="AddingSeveralNumbers_40" />
    </UnitTest>
    <UnitTest name="FailToAddTwoNumbers" storage="d:\work\pickles-testresults\\testharness\mstest\bin\debug\mstestharness.dll" id="b13a186e-33df-348e-f9e2-a18b445d0d6e">
      <Description>Fail to add two numbers</Description>
      <TestCategory>
        <TestCategoryItem TestCategory="tag1" />
      </TestCategory>
      <Execution id="b445356c-de5e-4e2d-aff7-b90b41d0569c" />
      <Properties>
        <Property>
          <Key>FeatureTitle</Key>
          <Value>Addition</Value>
        </Property>
      </Properties>
      <TestMethod codeBase="D:/Work/pickles-testresults/TestHarness/mstest/bin/Debug/MsTestHarness.DLL" adapterTypeName="Microsoft.VisualStudio.TestTools.TestTypes.Unit.UnitTestAdapter, Microsoft.VisualStudio.QualityTools.Tips.UnitTest.Adapter, Version=12.0.0.0, Culture=neutral, PublicKeyToken=b03f5f7f11d50a3a" className="Pickles.TestHarness.MsTest.AdditionFeature, MsTestHarness, Version=1.0.0.0, Culture=neutral, PublicKeyToken=null" name="FailToAddTwoNumbers" />
    </UnitTest>
    <UnitTest name="NotAutomatedAddingTwoNumbers" storage="d:\work\pickles-testresults\\testharness\mstest\bin\debug\mstestharness.dll" id="2124dd33-7aaa-d4fb-c72f-98ad434251c0">
      <Description>Not automated adding two numbers</Description>
      <Execution id="b83885b7-2827-4513-b7d6-af5647cd4967" />
      <Properties>
        <Property>
          <Key>FeatureTitle</Key>
          <Value>Addition</Value>
        </Property>
      </Properties>
      <TestMethod codeBase="D:/Work/pickles-testresults/TestHarness/mstest/bin/Debug/MsTestHarness.DLL" adapterTypeName="Microsoft.VisualStudio.TestTools.TestTypes.Unit.UnitTestAdapter, Microsoft.VisualStudio.QualityTools.Tips.UnitTest.Adapter, Version=12.0.0.0, Culture=neutral, PublicKeyToken=b03f5f7f11d50a3a" className="Pickles.TestHarness.MsTest.AdditionFeature, MsTestHarness, Version=1.0.0.0, Culture=neutral, PublicKeyToken=null" name="NotAutomatedAddingTwoNumbers" />
    </UnitTest>
    <UnitTest name="AndWeCanGoTotallyBonkersWithMultipleExampleSections__ExampleSet1_Inconclusive_1" storage="d:\work\pickles-testresults\\testharness\mstest\bin\debug\mstestharness.dll" id="e30ef794-1ea7-a76a-356b-1668bca94630">
      <Description>And we can go totally bonkers with multiple example sections.</Description>
      <Execution id="0758967e-400e-4d30-b05f-ef2f99f0254c" />
      <Properties>
        <Property>
          <Key>FeatureTitle</Key>
          <Value>Scenario Outlines</Value>
        </Property>
        <Property>
          <Key>VariantName</Key>
          <Value>inconclusive_1</Value>
        </Property>
        <Property>
          <Key>Parameter:result</Key>
          <Value>inconclusive_1</Value>
        </Property>
      </Properties>
      <TestMethod codeBase="D:/Work/pickles-testresults/TestHarness/mstest/bin/Debug/MsTestHarness.DLL" adapterTypeName="Microsoft.VisualStudio.TestTools.TestTypes.Unit.UnitTestAdapter, Microsoft.VisualStudio.QualityTools.Tips.UnitTest.Adapter, Version=12.0.0.0, Culture=neutral, PublicKeyToken=b03f5f7f11d50a3a" className="Pickles.TestHarness.MsTest.ScenarioOutlinesFeature, MsTestHarness, Version=1.0.0.0, Culture=neutral, PublicKeyToken=null" name="AndWeCanGoTotallyBonkersWithMultipleExampleSections__ExampleSet1_Inconclusive_1" />
    </UnitTest>
  </TestDefinitions>
  <TestLists>
    <TestList name="Results Not in a List" id="8c84fa94-04c1-424b-9868-57a2d4851a1d" />
    <TestList name="All Loaded Results" id="19431567-8539-422a-85d7-44ee4e166bda" />
  </TestLists>
  <TestEntries>
    <TestEntry testId="4d0f7327-ed22-9a43-969a-ac2ea8102d66" executionId="a403236f-3ba5-40de-8d7d-a11a0e1cb181" testListId="8c84fa94-04c1-424b-9868-57a2d4851a1d" />
    <TestEntry testId="f4b45c2f-fc98-d23c-6179-62d5b5a59825" executionId="fb3fd64a-970e-4b19-98f2-954021ed2177" testListId="8c84fa94-04c1-424b-9868-57a2d4851a1d" />
    <TestEntry testId="6b8581c3-611e-6116-4232-a31382677735" executionId="76f31fbe-7341-45d1-a349-b9c5abfd5f46" testListId="8c84fa94-04c1-424b-9868-57a2d4851a1d" />
    <TestEntry testId="b13a186e-33df-348e-f9e2-a18b445d0d6e" executionId="b445356c-de5e-4e2d-aff7-b90b41d0569c" testListId="8c84fa94-04c1-424b-9868-57a2d4851a1d" />
    <TestEntry testId="2124dd33-7aaa-d4fb-c72f-98ad434251c0" executionId="b83885b7-2827-4513-b7d6-af5647cd4967" testListId="8c84fa94-04c1-424b-9868-57a2d4851a1d" />
    <TestEntry testId="b4815779-aba4-cf1b-8df3-4a745af70720" executionId="50e92cb0-b5d6-489f-8065-00fa432650cf" testListId="8c84fa94-04c1-424b-9868-57a2d4851a1d" />
    <TestEntry testId="17bb28b8-a770-72be-af08-5a4b0847e4ea" executionId="0f56d0f5-5e81-4c4b-bdff-24697e6e90a3" testListId="8c84fa94-04c1-424b-9868-57a2d4851a1d" />
    <TestEntry testId="ca63316a-39e5-9545-3bca-f1839c7b4664" executionId="aeb11782-0f12-423a-8224-b8b8683824a7" testListId="8c84fa94-04c1-424b-9868-57a2d4851a1d" />
    <TestEntry testId="18582dd5-09c7-ce67-9cb7-8e15a9cdffd0" executionId="04510e5c-8606-48a0-961e-0a8f353fad87" testListId="8c84fa94-04c1-424b-9868-57a2d4851a1d" />
    <TestEntry testId="7e6c75c9-5365-7582-f701-20d37d3ff511" executionId="ca3fa116-0b3f-42cb-8c21-c9c88da60cc0" testListId="8c84fa94-04c1-424b-9868-57a2d4851a1d" />
    <TestEntry testId="fa1e54c9-cdb0-8bb1-6764-9179c3b61825" executionId="81cab602-1e2b-429e-997b-f95a4cde235c" testListId="8c84fa94-04c1-424b-9868-57a2d4851a1d" />
    <TestEntry testId="add44896-9236-510f-750d-eb49b89a7a65" executionId="d7487283-65d8-436b-b33f-0f63f688c617" testListId="8c84fa94-04c1-424b-9868-57a2d4851a1d" />
    <TestEntry testId="41cb0c4f-1c07-4937-29e8-dcc987caf94e" executionId="895be362-aee6-4ee9-8c0d-023dfe2c48db" testListId="8c84fa94-04c1-424b-9868-57a2d4851a1d" />
    <TestEntry testId="3af599bd-a8de-95a2-1ecc-194c7f8aceeb" executionId="fe442e48-4bec-4a86-8c30-fcf9053f1ce9" testListId="8c84fa94-04c1-424b-9868-57a2d4851a1d" />
    <TestEntry testId="0e090158-43a1-1be8-47c2-13e1b2c9f8c7" executionId="15d20ccd-2a55-4673-8abc-08b31b11960a" testListId="8c84fa94-04c1-424b-9868-57a2d4851a1d" />
    <TestEntry testId="067e1c92-2860-531b-28dc-c2863e91b7f5" executionId="e075fe79-3ecd-4891-852b-32fcf872a6a8" testListId="8c84fa94-04c1-424b-9868-57a2d4851a1d" />
    <TestEntry testId="64813bea-d79b-d74b-adb5-1302eaf5641f" executionId="cace2bb5-3da1-4e76-8c4f-dd65fc4c7ef7" testListId="8c84fa94-04c1-424b-9868-57a2d4851a1d" />
    <TestEntry testId="aa71fe8a-e5aa-f23d-c632-cfb3c587ca21" executionId="3422b337-879f-4f78-b534-630edff953d2" testListId="8c84fa94-04c1-424b-9868-57a2d4851a1d" />
    <TestEntry testId="78aeddd0-4ae5-6103-b7dd-e62b71148721" executionId="3620c756-24f4-4a4d-9ffd-192d725658e5" testListId="8c84fa94-04c1-424b-9868-57a2d4851a1d" />
    <TestEntry testId="ee74d71f-f824-19d9-866e-a408a95ffa99" executionId="86c8e7d4-3059-4b91-8f9d-0ef1955aaa94" testListId="8c84fa94-04c1-424b-9868-57a2d4851a1d" />
    <TestEntry testId="e30ef794-1ea7-a76a-356b-1668bca94630" executionId="0758967e-400e-4d30-b05f-ef2f99f0254c" testListId="8c84fa94-04c1-424b-9868-57a2d4851a1d" />
    <TestEntry testId="4d5f7893-139c-db00-8823-de561780758d" executionId="701f653c-8e94-4baf-8110-d20b0cecc6c3" testListId="8c84fa94-04c1-424b-9868-57a2d4851a1d" />
    <TestEntry testId="78a6b3a3-679e-ee71-7ff5-c9338e3be6c2" executionId="ec95b294-2453-478e-bef6-98fdb4917977" testListId="8c84fa94-04c1-424b-9868-57a2d4851a1d" />
    <TestEntry testId="40304968-0dee-8e41-4f42-20809899a9d0" executionId="f8f7a342-8f23-4dfd-814b-15300d884793" testListId="8c84fa94-04c1-424b-9868-57a2d4851a1d" />
    <TestEntry testId="72d470fa-c19a-1302-1fcf-eb104ea36048" executionId="7b75ea0a-7597-4a4a-9764-ee0ce84f9850" testListId="8c84fa94-04c1-424b-9868-57a2d4851a1d" />
    <TestEntry testId="ce4a9bf6-5fc5-0a40-2cbe-242a59cb1296" executionId="9eec856e-150a-4606-8939-7a65f05b7367" testListId="8c84fa94-04c1-424b-9868-57a2d4851a1d" />
    <TestEntry testId="d09c033d-0065-cbeb-bd7c-ee8b6460688f" executionId="a39a3a5e-2b19-4962-996b-7c81ce2f83a7" testListId="8c84fa94-04c1-424b-9868-57a2d4851a1d" />
    <TestEntry testId="2c8f1abb-446c-6683-6327-8ec4ccd46e1a" executionId="7aba910c-89a5-4f5e-9952-629119b1ffb9" testListId="8c84fa94-04c1-424b-9868-57a2d4851a1d" />
    <TestEntry testId="9efc5df4-5f77-a670-8622-976418721b8f" executionId="e529efaf-ca10-49b3-8f03-94688aa15cf8" testListId="8c84fa94-04c1-424b-9868-57a2d4851a1d" />
    <TestEntry testId="9bb2410c-d8c6-90b8-75cd-5c93dc903745" executionId="d85e269f-ccef-4170-b8e5-beec468ccbc4" testListId="8c84fa94-04c1-424b-9868-57a2d4851a1d" />
    <TestEntry testId="05c22c90-eaaa-d3c2-bd2d-36c2df85528e" executionId="d6d810ed-b95a-4dbb-99c8-1d1f60d2b8af" testListId="8c84fa94-04c1-424b-9868-57a2d4851a1d" />
    <TestEntry testId="e64af447-d4dc-7221-865a-703128db7b90" executionId="a069f07f-8018-423b-972e-aa8e712561b8" testListId="8c84fa94-04c1-424b-9868-57a2d4851a1d" />
    <TestEntry testId="b04f3200-80ca-d47f-0c01-8a37e5c952e6" executionId="0062e771-ad58-46d4-8706-0f246edbf3ee" testListId="8c84fa94-04c1-424b-9868-57a2d4851a1d" />
    <TestEntry testId="8c97c958-0c5d-1594-2cc5-02c96df8fc9b" executionId="3837b802-effd-4d16-9d3c-d5cfa8fdd545" testListId="8c84fa94-04c1-424b-9868-57a2d4851a1d" />
    <TestEntry testId="6e54c207-a3b1-f181-06be-066795ac26e1" executionId="27257813-5a08-49d8-a270-7b293b09b998" testListId="8c84fa94-04c1-424b-9868-57a2d4851a1d" />
    <TestEntry testId="8f2bb160-fa82-a566-570e-51eeb5237e95" executionId="1cec49d4-c102-4872-b062-a604902f7d2e" testListId="8c84fa94-04c1-424b-9868-57a2d4851a1d" />
    <TestEntry testId="f8369e2e-c5ec-dade-ad85-e2c56909c853" executionId="4a0646c4-2be2-4934-ba22-c6a06f6df3c0" testListId="8c84fa94-04c1-424b-9868-57a2d4851a1d" />
    <TestEntry testId="3fe8806f-fabb-1deb-7e27-c59578f16da3" executionId="fbd7f555-82e7-44f2-83e9-6d0802a772f9" testListId="8c84fa94-04c1-424b-9868-57a2d4851a1d" />
    <TestEntry testId="b891bd24-e5b1-222b-8d70-96a2ba7b0807" executionId="aad5b5dd-fcbb-44e2-98d7-174c2b7e0d2b" testListId="8c84fa94-04c1-424b-9868-57a2d4851a1d" />
    <TestEntry testId="fb3ec8b2-a410-ecc8-265b-29bfd3772553" executionId="82e59a6b-60f3-481c-be50-a13f91734087" testListId="8c84fa94-04c1-424b-9868-57a2d4851a1d" />
    <TestEntry testId="a3bd6f67-daac-1ebc-5894-1d73dbe8d707" executionId="6ea74b74-7cd7-4d01-9d31-1ee154b48f1f" testListId="8c84fa94-04c1-424b-9868-57a2d4851a1d" />
    <TestEntry testId="7699da71-b819-eb00-3894-2f0be7eec39c" executionId="d1b89589-9b94-4b9b-a9fe-08bfeada5caa" testListId="8c84fa94-04c1-424b-9868-57a2d4851a1d" />
    <TestEntry testId="d253522e-be41-9b3a-247a-ca440d4ac588" executionId="1022858e-246a-46c3-b668-dcf45e67a4af" testListId="8c84fa94-04c1-424b-9868-57a2d4851a1d" />
    <TestEntry testId="cca2404a-911a-a50e-9898-327264f0ea76" executionId="5d31952f-56f9-4ff3-98af-e5e774bf726d" testListId="8c84fa94-04c1-424b-9868-57a2d4851a1d" />
    <TestEntry testId="22ccdb90-02c8-97c1-e2a1-6bec4f044d99" executionId="321ffa64-ada4-4015-9ea7-9a789d71c46e" testListId="8c84fa94-04c1-424b-9868-57a2d4851a1d" />
  </TestEntries>
  <Results>
    <UnitTestResult executionId="a403236f-3ba5-40de-8d7d-a11a0e1cb181" testId="4d0f7327-ed22-9a43-969a-ac2ea8102d66" testName="AddingSeveralNumbers_40" computerName="DANIEL-NOTEBOOK" duration="00:00:00.0421970" startTime="2016-05-11T16:37:53.7504351+02:00" endTime="2016-05-11T16:37:53.9964597+02:00" testType="13cdc9d9-ddb5-4fa4-a97d-d965ccfc6d4b" outcome="Passed" testListId="8c84fa94-04c1-424b-9868-57a2d4851a1d" relativeResultsDirectory="a403236f-3ba5-40de-8d7d-a11a0e1cb181">
      <Output>
        <StdOut>Given the calculator has clean memory
-&gt; done: AdditionSteps.GivenTheCalculatorHasCleanMemory() (0,0s)
Given I have entered 40 into the calculator
-&gt; done: AdditionSteps.GivenIHaveEnteredIntoTheCalculator(40) (0,0s)
And I have entered 50 into the calculator
-&gt; done: AdditionSteps.GivenIHaveEnteredIntoTheCalculator(50) (0,0s)
And I have entered 90 into the calculator
-&gt; done: AdditionSteps.GivenIHaveEnteredIntoTheCalculator(90) (0,0s)
When I press add
-&gt; done: AdditionSteps.WhenIPressAdd() (0,0s)
Then the result should be 180 on the screen
-&gt; done: AdditionSteps.ThenTheResultShouldBeOnTheScreen(180) (0,0s)</StdOut>
      </Output>
    </UnitTestResult>
    <UnitTestResult executionId="fb3fd64a-970e-4b19-98f2-954021ed2177" testId="f4b45c2f-fc98-d23c-6179-62d5b5a59825" testName="AddingSeveralNumbers_60" computerName="DANIEL-NOTEBOOK" duration="00:00:00.0002639" startTime="2016-05-11T16:37:53.9974598+02:00" endTime="2016-05-11T16:37:53.9994600+02:00" testType="13cdc9d9-ddb5-4fa4-a97d-d965ccfc6d4b" outcome="Passed" testListId="8c84fa94-04c1-424b-9868-57a2d4851a1d" relativeResultsDirectory="fb3fd64a-970e-4b19-98f2-954021ed2177">
      <Output>
        <StdOut>Given the calculator has clean memory
-&gt; done: AdditionSteps.GivenTheCalculatorHasCleanMemory() (0,0s)
Given I have entered 60 into the calculator
-&gt; done: AdditionSteps.GivenIHaveEnteredIntoTheCalculator(60) (0,0s)
And I have entered 70 into the calculator
-&gt; done: AdditionSteps.GivenIHaveEnteredIntoTheCalculator(70) (0,0s)
And I have entered 130 into the calculator
-&gt; done: AdditionSteps.GivenIHaveEnteredIntoTheCalculator(130) (0,0s)
When I press add
-&gt; done: AdditionSteps.WhenIPressAdd() (0,0s)
Then the result should be 260 on the screen
-&gt; done: AdditionSteps.ThenTheResultShouldBeOnTheScreen(260) (0,0s)</StdOut>
      </Output>
    </UnitTestResult>
    <UnitTestResult executionId="76f31fbe-7341-45d1-a349-b9c5abfd5f46" testId="6b8581c3-611e-6116-4232-a31382677735" testName="AddTwoNumbers" computerName="DANIEL-NOTEBOOK" duration="00:00:00.0002485" startTime="2016-05-11T16:37:54.0004601+02:00" endTime="2016-05-11T16:37:54.0014602+02:00" testType="13cdc9d9-ddb5-4fa4-a97d-d965ccfc6d4b" outcome="Passed" testListId="8c84fa94-04c1-424b-9868-57a2d4851a1d" relativeResultsDirectory="76f31fbe-7341-45d1-a349-b9c5abfd5f46">
      <Output>
        <StdOut>Given the calculator has clean memory
-&gt; done: AdditionSteps.GivenTheCalculatorHasCleanMemory() (0,0s)
Given I have entered 1 into the calculator
-&gt; done: AdditionSteps.GivenIHaveEnteredIntoTheCalculator(1) (0,0s)
And I have entered 2 into the calculator
-&gt; done: AdditionSteps.GivenIHaveEnteredIntoTheCalculator(2) (0,0s)
When I press add
-&gt; done: AdditionSteps.WhenIPressAdd() (0,0s)
Then the result should be 3 on the screen
-&gt; done: AdditionSteps.ThenTheResultShouldBeOnTheScreen(3) (0,0s)</StdOut>
      </Output>
    </UnitTestResult>
    <UnitTestResult executionId="b445356c-de5e-4e2d-aff7-b90b41d0569c" testId="b13a186e-33df-348e-f9e2-a18b445d0d6e" testName="FailToAddTwoNumbers" computerName="DANIEL-NOTEBOOK" duration="00:00:00.0235545" startTime="2016-05-11T16:37:54.0024603+02:00" endTime="2016-05-11T16:37:54.0284629+02:00" testType="13cdc9d9-ddb5-4fa4-a97d-d965ccfc6d4b" outcome="Failed" testListId="8c84fa94-04c1-424b-9868-57a2d4851a1d" relativeResultsDirectory="b445356c-de5e-4e2d-aff7-b90b41d0569c">
      <Output>
        <StdOut>Given the calculator has clean memory
-&gt; done: AdditionSteps.GivenTheCalculatorHasCleanMemory() (0,0s)
Given I have entered 1 into the calculator
-&gt; done: AdditionSteps.GivenIHaveEnteredIntoTheCalculator(1) (0,0s)
And I have entered 2.2 into the calculator
-&gt; done: AdditionSteps.GivenIHaveEnteredIntoTheCalculator(2,2) (0,0s)
When I press add
-&gt; done: AdditionSteps.WhenIPressAdd() (0,0s)
Then the result should be 3.2 on the screen
-&gt; error: Die Eingabezeichenfolge hat das falsche Format.</StdOut>
        <ErrorInfo>
          <Message>Test method Pickles.TestHarness.MsTest.AdditionFeature.FailToAddTwoNumbers threw exception: 
System.FormatException: Die Eingabezeichenfolge hat das falsche Format.</Message>
          <StackTrace>    bei System.Number.StringToNumber(String str, NumberStyles options, NumberBuffer&amp; number, NumberFormatInfo info, Boolean parseDecimal)
   bei System.Number.ParseInt32(String s, NumberStyles style, NumberFormatInfo info)
   bei System.String.System.IConvertible.ToInt32(IFormatProvider provider)
   bei System.Convert.ChangeType(Object value, Type conversionType, IFormatProvider provider)
   bei TechTalk.SpecFlow.Bindings.StepArgumentTypeConverter.ConvertSimple(Type typeToConvertTo, Object value, CultureInfo cultureInfo)
   bei TechTalk.SpecFlow.Bindings.StepArgumentTypeConverter.ConvertSimple(IBindingType typeToConvertTo, Object value, CultureInfo cultureInfo)
   bei TechTalk.SpecFlow.Bindings.StepArgumentTypeConverter.Convert(Object value, IBindingType typeToConvertTo, CultureInfo cultureInfo)
   bei TechTalk.SpecFlow.Infrastructure.TestExecutionEngine.ConvertArg(Object value, IBindingType typeToConvertTo)
   bei TechTalk.SpecFlow.Infrastructure.TestExecutionEngine.&lt;&gt;c__DisplayClass5.&lt;GetExecuteArguments&gt;b__4(Object arg, Int32 argIndex)
   bei System.Linq.Enumerable.&lt;SelectIterator&gt;d__5`2.MoveNext()
   bei System.Linq.Buffer`1..ctor(IEnumerable`1 source)
   bei System.Linq.Enumerable.ToArray[TSource](IEnumerable`1 source)
   bei TechTalk.SpecFlow.Infrastructure.TestExecutionEngine.GetExecuteArguments(BindingMatch match)
   bei TechTalk.SpecFlow.Infrastructure.TestExecutionEngine.ExecuteStep(StepInstance stepInstance)
   bei TechTalk.SpecFlow.Infrastructure.TestExecutionEngine.OnAfterLastStep()
   bei TechTalk.SpecFlow.TestRunner.CollectScenarioErrors()
   bei Pickles.TestHarness.MsTest.AdditionFeature.ScenarioCleanup() in c:\Development\pickles-testresults\TestHarness\MsTest\Addition.feature.cs:Zeile 0.
   bei Pickles.TestHarness.MsTest.AdditionFeature.FailToAddTwoNumbers() in c:\Development\pickles-testresults\TestHarness\MsTest\Addition.feature:Zeile 34.
</StackTrace>
        </ErrorInfo>
      </Output>
    </UnitTestResult>
    <UnitTestResult executionId="b83885b7-2827-4513-b7d6-af5647cd4967" testId="2124dd33-7aaa-d4fb-c72f-98ad434251c0" testName="NotAutomatedAddingTwoNumbers" computerName="DANIEL-NOTEBOOK" duration="00:00:00.0251593" startTime="2016-05-11T16:37:54.0294630+02:00" endTime="2016-05-11T16:37:54.0564657+02:00" testType="13cdc9d9-ddb5-4fa4-a97d-d965ccfc6d4b" outcome="Inconclusive" testListId="8c84fa94-04c1-424b-9868-57a2d4851a1d" relativeResultsDirectory="b83885b7-2827-4513-b7d6-af5647cd4967">
      <Output>
        <StdOut>Given the calculator has clean memory
-&gt; done: AdditionSteps.GivenTheCalculatorHasCleanMemory() (0,0s)
Given unimplemented step
-&gt; No matching step definition found for the step. Use the following code to create one:
        [Given(@"unimplemented step")]
        public void GivenUnimplementedStep()
        {
            ScenarioContext.Current.Pending();
        }

When unimplemented step
-&gt; No matching step definition found for the step. Use the following code to create one:
        [When(@"unimplemented step")]
        public void WhenUnimplementedStep()
        {
            ScenarioContext.Current.Pending();
        }

Then unimplemented step
-&gt; No matching step definition found for the step. Use the following code to create one:
        [Then(@"unimplemented step")]
        public void ThenUnimplementedStep()
        {
            ScenarioContext.Current.Pending();
        }</StdOut>
        <ErrorInfo>
          <Message>Assert.Inconclusive failed. No matching step definition found for one or more steps.
using System;
using TechTalk.SpecFlow;

namespace MyNamespace
{
    [Binding]
    public class StepDefinitions
    {
        [Given(@"unimplemented step")]
        public void GivenUnimplementedStep()
        {
            ScenarioContext.Current.Pending();
        }
        
        [When(@"unimplemented step")]
        public void WhenUnimplementedStep()
        {
            ScenarioContext.Current.Pending();
        }
        
        [Then(@"unimplemented step")]
        public void ThenUnimplementedStep()
        {
            ScenarioContext.Current.Pending();
        }
    }
}
</Message>
          <StackTrace>   bei lambda_method(Closure , String , Object[] )
   bei TechTalk.SpecFlow.UnitTestProvider.MsTestRuntimeProvider.TestInconclusive(String message)
   bei TechTalk.SpecFlow.UnitTestProvider.MsTestRuntimeProvider.TestPending(String message)
   bei TechTalk.SpecFlow.ErrorHandling.ErrorProvider.ThrowPendingError(TestStatus testStatus, String message)
   bei TechTalk.SpecFlow.Infrastructure.TestExecutionEngine.OnAfterLastStep()
   bei TechTalk.SpecFlow.TestRunner.CollectScenarioErrors()
   bei Pickles.TestHarness.MsTest.AdditionFeature.ScenarioCleanup() in c:\Development\pickles-testresults\TestHarness\MsTest\Addition.feature.cs:Zeile 0.
   bei Pickles.TestHarness.MsTest.AdditionFeature.NotAutomatedAddingTwoNumbers() in c:\Development\pickles-testresults\TestHarness\MsTest\Addition.feature:Zeile 46.
</StackTrace>
        </ErrorInfo>
      </Output>
    </UnitTestResult>
    <UnitTestResult executionId="50e92cb0-b5d6-489f-8065-00fa432650cf" testId="b4815779-aba4-cf1b-8df3-4a745af70720" testName="AddingSeveralNumbers_40" computerName="DANIEL-NOTEBOOK" duration="00:00:00.0091373" startTime="2016-05-11T16:37:54.0574658+02:00" endTime="2016-05-11T16:37:54.0704671+02:00" testType="13cdc9d9-ddb5-4fa4-a97d-d965ccfc6d4b" outcome="Failed" testListId="8c84fa94-04c1-424b-9868-57a2d4851a1d" relativeResultsDirectory="50e92cb0-b5d6-489f-8065-00fa432650cf">
      <Output>
        <StdOut>Given the background step fails
-&gt; error: 
    1
        should be
    2
        but was
    1
And the calculator has clean memory
-&gt; skipped because of previous errors
Given I have entered 40 into the calculator
-&gt; skipped because of previous errors
And I have entered 50 into the calculator
-&gt; skipped because of previous errors
And I have entered 90 into the calculator
-&gt; skipped because of previous errors
When I press add
-&gt; skipped because of previous errors
Then the result should be 180 on the screen
-&gt; skipped because of previous errors</StdOut>
        <ErrorInfo>
          <Message>Test method Pickles.TestHarness.MsTest.FailingBackgroundFeature.AddingSeveralNumbers_40 threw exception: 
Shouldly.ChuckedAWobbly: 
    1
        should be
    2
        but was
    1</Message>
          <StackTrace>    bei Shouldly.ShouldlyCoreExtensions.AssertAwesomely[T](T actual, Func`2 specifiedConstraint, Object originalActual, Object originalExpected) in c:\TeamCity\buildAgent\work\10efaabfa8adbd4e\src\Shouldly\ShouldlyCoreExtensions.cs:Zeile 18.
   bei Shouldly.ShouldBeTestExtensions.ShouldBe[T](T actual, T expected) in c:\TeamCity\buildAgent\work\10efaabfa8adbd4e\src\Shouldly\ShouldBeTestExtensions.cs:Zeile 17.
   bei AutomationLayer.AdditionSteps.GivenTheBackgroundStepFails() in c:\Development\pickles-testresults\TestHarness\AutomationLayer\AdditionSteps.cs:Zeile 25.
   bei lambda_method(Closure , IContextManager )
   bei TechTalk.SpecFlow.Bindings.BindingInvoker.InvokeBinding(IBinding binding, IContextManager contextManager, Object[] arguments, ITestTracer testTracer, TimeSpan&amp; duration)
   bei TechTalk.SpecFlow.Infrastructure.TestExecutionEngine.ExecuteStepMatch(BindingMatch match, Object[] arguments)
   bei TechTalk.SpecFlow.Infrastructure.TestExecutionEngine.ExecuteStep(StepInstance stepInstance)
   bei TechTalk.SpecFlow.Infrastructure.TestExecutionEngine.OnAfterLastStep()
   bei TechTalk.SpecFlow.TestRunner.CollectScenarioErrors()
   bei Pickles.TestHarness.MsTest.FailingBackgroundFeature.ScenarioCleanup() in c:\Development\pickles-testresults\TestHarness\MsTest\FailingBackground.feature.cs:Zeile 0.
   bei Pickles.TestHarness.MsTest.FailingBackgroundFeature.AddingSeveralNumbers(String firstNumber, String secondNumber, String thirdNumber, String result, String[] exampleTags) in c:\Development\pickles-testresults\TestHarness\MsTest\FailingBackground.feature:Zeile 19.
   bei Pickles.TestHarness.MsTest.FailingBackgroundFeature.AddingSeveralNumbers_40() in c:\Development\pickles-testresults\TestHarness\MsTest\FailingBackground.feature.cs:Zeile 0.
</StackTrace>
        </ErrorInfo>
      </Output>
    </UnitTestResult>
    <UnitTestResult executionId="0f56d0f5-5e81-4c4b-bdff-24697e6e90a3" testId="17bb28b8-a770-72be-af08-5a4b0847e4ea" testName="AddingSeveralNumbers_60" computerName="DANIEL-NOTEBOOK" duration="00:00:00.0019383" startTime="2016-05-11T16:37:54.0714672+02:00" endTime="2016-05-11T16:37:54.0744675+02:00" testType="13cdc9d9-ddb5-4fa4-a97d-d965ccfc6d4b" outcome="Failed" testListId="8c84fa94-04c1-424b-9868-57a2d4851a1d" relativeResultsDirectory="0f56d0f5-5e81-4c4b-bdff-24697e6e90a3">
      <Output>
        <StdOut>Given the background step fails
-&gt; error: 
    1
        should be
    2
        but was
    1
And the calculator has clean memory
-&gt; skipped because of previous errors
Given I have entered 60 into the calculator
-&gt; skipped because of previous errors
And I have entered 70 into the calculator
-&gt; skipped because of previous errors
And I have entered 130 into the calculator
-&gt; skipped because of previous errors
When I press add
-&gt; skipped because of previous errors
Then the result should be 260 on the screen
-&gt; skipped because of previous errors</StdOut>
        <ErrorInfo>
          <Message>Test method Pickles.TestHarness.MsTest.FailingBackgroundFeature.AddingSeveralNumbers_60 threw exception: 
Shouldly.ChuckedAWobbly: 
    1
        should be
    2
        but was
    1</Message>
          <StackTrace>    bei Shouldly.ShouldlyCoreExtensions.AssertAwesomely[T](T actual, Func`2 specifiedConstraint, Object originalActual, Object originalExpected) in c:\TeamCity\buildAgent\work\10efaabfa8adbd4e\src\Shouldly\ShouldlyCoreExtensions.cs:Zeile 18.
   bei Shouldly.ShouldBeTestExtensions.ShouldBe[T](T actual, T expected) in c:\TeamCity\buildAgent\work\10efaabfa8adbd4e\src\Shouldly\ShouldBeTestExtensions.cs:Zeile 17.
   bei AutomationLayer.AdditionSteps.GivenTheBackgroundStepFails() in c:\Development\pickles-testresults\TestHarness\AutomationLayer\AdditionSteps.cs:Zeile 25.
   bei lambda_method(Closure , IContextManager )
   bei TechTalk.SpecFlow.Bindings.BindingInvoker.InvokeBinding(IBinding binding, IContextManager contextManager, Object[] arguments, ITestTracer testTracer, TimeSpan&amp; duration)
   bei TechTalk.SpecFlow.Infrastructure.TestExecutionEngine.ExecuteStepMatch(BindingMatch match, Object[] arguments)
   bei TechTalk.SpecFlow.Infrastructure.TestExecutionEngine.ExecuteStep(StepInstance stepInstance)
   bei TechTalk.SpecFlow.Infrastructure.TestExecutionEngine.OnAfterLastStep()
   bei TechTalk.SpecFlow.TestRunner.CollectScenarioErrors()
   bei Pickles.TestHarness.MsTest.FailingBackgroundFeature.ScenarioCleanup() in c:\Development\pickles-testresults\TestHarness\MsTest\FailingBackground.feature.cs:Zeile 0.
   bei Pickles.TestHarness.MsTest.FailingBackgroundFeature.AddingSeveralNumbers(String firstNumber, String secondNumber, String thirdNumber, String result, String[] exampleTags) in c:\Development\pickles-testresults\TestHarness\MsTest\FailingBackground.feature:Zeile 19.
   bei Pickles.TestHarness.MsTest.FailingBackgroundFeature.AddingSeveralNumbers_60() in c:\Development\pickles-testresults\TestHarness\MsTest\FailingBackground.feature.cs:Zeile 0.
</StackTrace>
        </ErrorInfo>
      </Output>
    </UnitTestResult>
    <UnitTestResult executionId="aeb11782-0f12-423a-8224-b8b8683824a7" testId="ca63316a-39e5-9545-3bca-f1839c7b4664" testName="AddTwoNumbers" computerName="DANIEL-NOTEBOOK" duration="00:00:00.0020229" startTime="2016-05-11T16:37:54.0764677+02:00" endTime="2016-05-11T16:37:54.0794680+02:00" testType="13cdc9d9-ddb5-4fa4-a97d-d965ccfc6d4b" outcome="Failed" testListId="8c84fa94-04c1-424b-9868-57a2d4851a1d" relativeResultsDirectory="aeb11782-0f12-423a-8224-b8b8683824a7">
      <Output>
        <StdOut>Given the background step fails
-&gt; error: 
    1
        should be
    2
        but was
    1
And the calculator has clean memory
[...]
        <StdOut>When I have a field with value 'Please enter a valid two letter country code (e.g. DE)!'
-&gt; done: ScenarioOutlineSteps.WhenIHaveAFieldWithValue("Please enter a va...") (0,0s)
And I have a field with value 'This is just a very very very veery long error message!'
-&gt; done: ScenarioOutlineSteps.WhenIHaveAFieldWithValue("This is just a ve...") (0,0s)
Then the scenario will 'pass_1'
-&gt; done: ScenarioOutlineSteps.ThenTheScenarioWill("pass_1") (0,0s)</StdOut>
      </Output>
    </UnitTestResult>
    <UnitTestResult executionId="a39a3a5e-2b19-4962-996b-7c81ce2f83a7" testId="d09c033d-0065-cbeb-bd7c-ee8b6460688f" testName="DealCorrectlyWithParenthesisInTheExamples_ThisIsADescriptionAndMore" computerName="DANIEL-NOTEBOOK" duration="00:00:00.0007178" startTime="2016-05-11T16:37:54.1644765+02:00" endTime="2016-05-11T16:37:54.1674768+02:00" testType="13cdc9d9-ddb5-4fa4-a97d-d965ccfc6d4b" outcome="Passed" testListId="8c84fa94-04c1-424b-9868-57a2d4851a1d" relativeResultsDirectory="a39a3a5e-2b19-4962-996b-7c81ce2f83a7">
      <Output>
        <StdOut>When I have parenthesis in the value, for example an 'This is a description (and more)'
-&gt; done: ScenarioOutlineSteps.WhenIHaveParenthesisInTheValueForExampleAnOverlyDescriptiveField("This is a descrip...") (0,0s)</StdOut>
      </Output>
    </UnitTestResult>
    <UnitTestResult executionId="7aba910c-89a5-4f5e-9952-629119b1ffb9" testId="2c8f1abb-446c-6683-6327-8ec4ccd46e1a" testName="ThisIsAScenarioOutlineWhereAllScenariosPass_Pass_1" computerName="DANIEL-NOTEBOOK" duration="00:00:00.0004065" startTime="2016-05-11T16:37:54.1704771+02:00" endTime="2016-05-11T16:37:54.1734774+02:00" testType="13cdc9d9-ddb5-4fa4-a97d-d965ccfc6d4b" outcome="Passed" testListId="8c84fa94-04c1-424b-9868-57a2d4851a1d" relativeResultsDirectory="7aba910c-89a5-4f5e-9952-629119b1ffb9">
      <Output>
        <StdOut>Then the scenario will 'pass_1'
-&gt; done: ScenarioOutlineSteps.ThenTheScenarioWill("pass_1") (0,0s)</StdOut>
      </Output>
    </UnitTestResult>
    <UnitTestResult executionId="e529efaf-ca10-49b3-8f03-94688aa15cf8" testId="9efc5df4-5f77-a670-8622-976418721b8f" testName="ThisIsAScenarioOutlineWhereAllScenariosPass_Pass_2" computerName="DANIEL-NOTEBOOK" duration="00:00:00.0002993" startTime="2016-05-11T16:37:54.1754776+02:00" endTime="2016-05-11T16:37:54.1784779+02:00" testType="13cdc9d9-ddb5-4fa4-a97d-d965ccfc6d4b" outcome="Passed" testListId="8c84fa94-04c1-424b-9868-57a2d4851a1d" relativeResultsDirectory="e529efaf-ca10-49b3-8f03-94688aa15cf8">
      <Output>
        <StdOut>Then the scenario will 'pass_2'
-&gt; done: ScenarioOutlineSteps.ThenTheScenarioWill("pass_2") (0,0s)</StdOut>
      </Output>
    </UnitTestResult>
    <UnitTestResult executionId="d85e269f-ccef-4170-b8e5-beec468ccbc4" testId="9bb2410c-d8c6-90b8-75cd-5c93dc903745" testName="ThisIsAScenarioOutlineWhereAllScenariosPass_Pass_3" computerName="DANIEL-NOTEBOOK" duration="00:00:00.0002480" startTime="2016-05-11T16:37:54.1794780+02:00" endTime="2016-05-11T16:37:54.1814782+02:00" testType="13cdc9d9-ddb5-4fa4-a97d-d965ccfc6d4b" outcome="Passed" testListId="8c84fa94-04c1-424b-9868-57a2d4851a1d" relativeResultsDirectory="d85e269f-ccef-4170-b8e5-beec468ccbc4">
      <Output>
        <StdOut>Then the scenario will 'pass_3'
-&gt; done: ScenarioOutlineSteps.ThenTheScenarioWill("pass_3") (0,0s)</StdOut>
      </Output>
    </UnitTestResult>
    <UnitTestResult executionId="d6d810ed-b95a-4dbb-99c8-1d1f60d2b8af" testId="05c22c90-eaaa-d3c2-bd2d-36c2df85528e" testName="ThisIsAScenarioOutlineWhereOneScenarioFails_Fail_1" computerName="DANIEL-NOTEBOOK" duration="00:00:00.0031482" startTime="2016-05-11T16:37:54.1824783+02:00" endTime="2016-05-11T16:37:54.1884789+02:00" testType="13cdc9d9-ddb5-4fa4-a97d-d965ccfc6d4b" outcome="Failed" testListId="8c84fa94-04c1-424b-9868-57a2d4851a1d" relativeResultsDirectory="d6d810ed-b95a-4dbb-99c8-1d1f60d2b8af">
      <Output>
        <StdOut>Then the scenario will 'fail_1'
-&gt; error: 
    true
        should be
    False
        but was
    True</StdOut>
        <ErrorInfo>
          <Message>Test method Pickles.TestHarness.MsTest.ScenarioOutlinesFeature.ThisIsAScenarioOutlineWhereOneScenarioFails_Fail_1 threw exception: 
Shouldly.ChuckedAWobbly: 
    true
        should be
    False
        but was
    True</Message>
          <StackTrace>    bei Shouldly.ShouldlyCoreExtensions.AssertAwesomely[T](T actual, Func`2 specifiedConstraint, Object originalActual, Object originalExpected) in c:\TeamCity\buildAgent\work\10efaabfa8adbd4e\src\Shouldly\ShouldlyCoreExtensions.cs:Zeile 18.
   bei Shouldly.ShouldBeTestExtensions.ShouldBe[T](T actual, T expected) in c:\TeamCity\buildAgent\work\10efaabfa8adbd4e\src\Shouldly\ShouldBeTestExtensions.cs:Zeile 17.
   bei AutomationLayer.ScenarioOutlineSteps.ThenTheScenarioWill(String result) in c:\Development\pickles-testresults\TestHarness\AutomationLayer\ScenarioOutlineSteps.cs:Zeile 21.
   bei lambda_method(Closure , IContextManager , String )
   bei TechTalk.SpecFlow.Bindings.BindingInvoker.InvokeBinding(IBinding binding, IContextManager contextManager, Object[] arguments, ITestTracer testTracer, TimeSpan&amp; duration)
   bei TechTalk.SpecFlow.Infrastructure.TestExecutionEngine.ExecuteStepMatch(BindingMatch match, Object[] arguments)
   bei TechTalk.SpecFlow.Infrastructure.TestExecutionEngine.ExecuteStep(StepInstance stepInstance)
   bei TechTalk.SpecFlow.Infrastructure.TestExecutionEngine.OnAfterLastStep()
   bei TechTalk.SpecFlow.TestRunner.CollectScenarioErrors()
   bei Pickles.TestHarness.MsTest.ScenarioOutlinesFeature.ScenarioCleanup() in c:\Development\pickles-testresults\TestHarness\MsTest\ScenarioOutlines.feature.cs:Zeile 0.
   bei Pickles.TestHarness.MsTest.ScenarioOutlinesFeature.ThisIsAScenarioOutlineWhereOneScenarioFails(String result, String[] exampleTags) in c:\Development\pickles-testresults\TestHarness\MsTest\ScenarioOutlines.feature:Zeile 34.
   bei Pickles.TestHarness.MsTest.ScenarioOutlinesFeature.ThisIsAScenarioOutlineWhereOneScenarioFails_Fail_1() in c:\Development\pickles-testresults\TestHarness\MsTest\ScenarioOutlines.feature.cs:Zeile 0.
</StackTrace>
        </ErrorInfo>
      </Output>
    </UnitTestResult>
    <UnitTestResult executionId="a069f07f-8018-423b-972e-aa8e712561b8" testId="e64af447-d4dc-7221-865a-703128db7b90" testName="ThisIsAScenarioOutlineWhereOneScenarioFails_Pass_1" computerName="DANIEL-NOTEBOOK" duration="00:00:00.0002300" startTime="2016-05-11T16:37:54.1894790+02:00" endTime="2016-05-11T16:37:54.1914792+02:00" testType="13cdc9d9-ddb5-4fa4-a97d-d965ccfc6d4b" outcome="Passed" testListId="8c84fa94-04c1-424b-9868-57a2d4851a1d" relativeResultsDirectory="a069f07f-8018-423b-972e-aa8e712561b8">
      <Output>
        <StdOut>Then the scenario will 'pass_1'
-&gt; done: ScenarioOutlineSteps.ThenTheScenarioWill("pass_1") (0,0s)</StdOut>
      </Output>
    </UnitTestResult>
    <UnitTestResult executionId="0062e771-ad58-46d4-8706-0f246edbf3ee" testId="b04f3200-80ca-d47f-0c01-8a37e5c952e6" testName="ThisIsAScenarioOutlineWhereOneScenarioFails_Pass_2" computerName="DANIEL-NOTEBOOK" duration="00:00:00.0001764" startTime="2016-05-11T16:37:54.1924793+02:00" endTime="2016-05-11T16:37:54.1944795+02:00" testType="13cdc9d9-ddb5-4fa4-a97d-d965ccfc6d4b" outcome="Passed" testListId="8c84fa94-04c1-424b-9868-57a2d4851a1d" relativeResultsDirectory="0062e771-ad58-46d4-8706-0f246edbf3ee">
      <Output>
        <StdOut>Then the scenario will 'pass_2'
-&gt; done: ScenarioOutlineSteps.ThenTheScenarioWill("pass_2") (0,0s)</StdOut>
      </Output>
    </UnitTestResult>
    <UnitTestResult executionId="3837b802-effd-4d16-9d3c-d5cfa8fdd545" testId="8c97c958-0c5d-1594-2cc5-02c96df8fc9b" testName="ThisIsAScenarioOutlineWhereOneScenarioIsInconclusive_Inconclusive_1" computerName="DANIEL-NOTEBOOK" duration="00:00:00.0014374" startTime="2016-05-11T16:37:54.1964797+02:00" endTime="2016-05-11T16:37:54.1994800+02:00" testType="13cdc9d9-ddb5-4fa4-a97d-d965ccfc6d4b" outcome="Inconclusive" testListId="8c84fa94-04c1-424b-9868-57a2d4851a1d" relativeResultsDirectory="3837b802-effd-4d16-9d3c-d5cfa8fdd545">
      <Output>
        <StdOut>Then the scenario will 'inconclusive_1'
-&gt; pending: ScenarioOutlineSteps.ThenTheScenarioWill("inconclusive_1")</StdOut>
        <ErrorInfo>
          <Message>Assert.Inconclusive failed. One or more step definitions are not implemented yet.
  ScenarioOutlineSteps.ThenTheScenarioWill("inconclusive_1")</Message>
          <StackTrace>   bei lambda_method(Closure , String , Object[] )
   bei TechTalk.SpecFlow.UnitTestProvider.MsTestRuntimeProvider.TestInconclusive(String message)
   bei TechTalk.SpecFlow.UnitTestProvider.MsTestRuntimeProvider.TestPending(String message)
   bei TechTalk.SpecFlow.ErrorHandling.ErrorProvider.ThrowPendingError(TestStatus testStatus, String message)
   bei TechTalk.SpecFlow.Infrastructure.TestExecutionEngine.OnAfterLastStep()
   bei TechTalk.SpecFlow.TestRunner.CollectScenarioErrors()
   bei Pickles.TestHarness.MsTest.ScenarioOutlinesFeature.ScenarioCleanup() in c:\Development\pickles-testresults\TestHarness\MsTest\ScenarioOutlines.feature.cs:Zeile 0.
   bei Pickles.TestHarness.MsTest.ScenarioOutlinesFeature.ThisIsAScenarioOutlineWhereOneScenarioIsInconclusive(String result, String[] exampleTags) in c:\Development\pickles-testresults\TestHarness\MsTest\ScenarioOutlines.feature:Zeile 21.
   bei Pickles.TestHarness.MsTest.ScenarioOutlinesFeature.ThisIsAScenarioOutlineWhereOneScenarioIsInconclusive_Inconclusive_1() in c:\Development\pickles-testresults\TestHarness\MsTest\ScenarioOutlines.feature.cs:Zeile 0.
</StackTrace>
        </ErrorInfo>
      </Output>
    </UnitTestResult>
    <UnitTestResult executionId="27257813-5a08-49d8-a270-7b293b09b998" testId="6e54c207-a3b1-f181-06be-066795ac26e1" testName="ThisIsAScenarioOutlineWhereOneScenarioIsInconclusive_Pass_1" computerName="DANIEL-NOTEBOOK" duration="00:00:00.0001716" startTime="2016-05-11T16:37:54.2004801+02:00" endTime="2016-05-11T16:37:54.2024803+02:00" testType="13cdc9d9-ddb5-4fa4-a97d-d965ccfc6d4b" outcome="Passed" testListId="8c84fa94-04c1-424b-9868-57a2d4851a1d" relativeResultsDirectory="27257813-5a08-49d8-a270-7b293b09b998">
      <Output>
        <StdOut>Then the scenario will 'pass_1'
-&gt; done: ScenarioOutlineSteps.ThenTheScenarioWill("pass_1") (0,0s)</StdOut>
      </Output>
    </UnitTestResult>
    <UnitTestResult executionId="1cec49d4-c102-4872-b062-a604902f7d2e" testId="8f2bb160-fa82-a566-570e-51eeb5237e95" testName="ThisIsAScenarioOutlineWhereOneScenarioIsInconclusive_Pass_2" computerName="DANIEL-NOTEBOOK" duration="00:00:00.0001357" startTime="2016-05-11T16:37:54.2034804+02:00" endTime="2016-05-11T16:37:54.2044805+02:00" testType="13cdc9d9-ddb5-4fa4-a97d-d965ccfc6d4b" outcome="Passed" testListId="8c84fa94-04c1-424b-9868-57a2d4851a1d" relativeResultsDirectory="1cec49d4-c102-4872-b062-a604902f7d2e">
      <Output>
        <StdOut>Then the scenario will 'pass_2'
-&gt; done: ScenarioOutlineSteps.ThenTheScenarioWill("pass_2") (0,0s)</StdOut>
      </Output>
    </UnitTestResult>
    <UnitTestResult executionId="4a0646c4-2be2-4934-ba22-c6a06f6df3c0" testId="f8369e2e-c5ec-dade-ad85-e2c56909c853" testName="ThisIsAScenarioOutlineWithParenthesesHyphenAndComma10_2030_40_Pass_1" computerName="DANIEL-NOTEBOOK" duration="00:00:00.0007118" startTime="2016-05-11T16:37:54.2054806+02:00" endTime="2016-05-11T16:37:54.2094810+02:00" testType="13cdc9d9-ddb5-4fa4-a97d-d965ccfc6d4b" outcome="Passed" testListId="8c84fa94-04c1-424b-9868-57a2d4851a1d" relativeResultsDirectory="4a0646c4-2be2-4934-ba22-c6a06f6df3c0">
      <Output>
        <StdOut>Given the calculator has clean memory
-&gt; done: AdditionSteps.GivenTheCalculatorHasCleanMemory() (0,0s)
Then the scenario will 'pass_1'
-&gt; done: ScenarioOutlineSteps.ThenTheScenarioWill("pass_1") (0,0s)</StdOut>
      </Output>
    </UnitTestResult>
    <UnitTestResult executionId="fbd7f555-82e7-44f2-83e9-6d0802a772f9" testId="3fe8806f-fabb-1deb-7e27-c59578f16da3" testName="ThisIsAScenarioWithParenthesesHyphenAndComma10_2030_40" computerName="DANIEL-NOTEBOOK" duration="00:00:00.0003321" startTime="2016-05-11T16:37:54.2114812+02:00" endTime="2016-05-11T16:37:54.2134814+02:00" testType="13cdc9d9-ddb5-4fa4-a97d-d965ccfc6d4b" outcome="Passed" testListId="8c84fa94-04c1-424b-9868-57a2d4851a1d" relativeResultsDirectory="fbd7f555-82e7-44f2-83e9-6d0802a772f9">
      <Output>
        <StdOut>Given the calculator has clean memory
-&gt; done: AdditionSteps.GivenTheCalculatorHasCleanMemory() (0,0s)
Given I have entered 50 into the calculator
-&gt; done: AdditionSteps.GivenIHaveEnteredIntoTheCalculator(50) (0,0s)
And I have entered 70 into the calculator
-&gt; done: AdditionSteps.GivenIHaveEnteredIntoTheCalculator(70) (0,0s)
When I press add
-&gt; done: AdditionSteps.WhenIPressAdd() (0,0s)
Then the result should be 120 on the screen
-&gt; done: AdditionSteps.ThenTheResultShouldBeOnTheScreen(120) (0,0s)</StdOut>
      </Output>
    </UnitTestResult>
    <UnitTestResult executionId="aad5b5dd-fcbb-44e2-98d7-174c2b7e0d2b" testId="b891bd24-e5b1-222b-8d70-96a2ba7b0807" testName="ThisScenarioContainsExamplesWithRegex_SpecialCharacters_Variant0" computerName="DANIEL-NOTEBOOK" duration="00:00:00.0006194" startTime="2016-05-11T16:37:54.2134814+02:00" endTime="2016-05-11T16:37:54.2154816+02:00" testType="13cdc9d9-ddb5-4fa4-a97d-d965ccfc6d4b" outcome="Passed" testListId="8c84fa94-04c1-424b-9868-57a2d4851a1d" relativeResultsDirectory="aad5b5dd-fcbb-44e2-98d7-174c2b7e0d2b">
      <Output>
        <StdOut>Given the calculator has clean memory
-&gt; done: AdditionSteps.GivenTheCalculatorHasCleanMemory() (0,0s)
When I have special characters for regexes in the value, for example a '**'
-&gt; done: ScenarioOutlineSteps.WhenIHaveSpecialCharactersForRegexesInTheValueForExampleARegex("**") (0,0s)
Then the scenario will 'PASS'
-&gt; done: ScenarioOutlineSteps.ThenTheScenarioWill("PASS") (0,0s)</StdOut>
      </Output>
    </UnitTestResult>
    <UnitTestResult executionId="82e59a6b-60f3-481c-be50-a13f91734087" testId="fb3ec8b2-a410-ecc8-265b-29bfd3772553" testName="ThisScenarioContainsExamplesWithRegex_SpecialCharacters_Variant1" computerName="DANIEL-NOTEBOOK" duration="00:00:00.0003540" startTime="2016-05-11T16:37:54.2164817+02:00" endTime="2016-05-11T16:37:54.2194820+02:00" testType="13cdc9d9-ddb5-4fa4-a97d-d965ccfc6d4b" outcome="Passed" testListId="8c84fa94-04c1-424b-9868-57a2d4851a1d" relativeResultsDirectory="82e59a6b-60f3-481c-be50-a13f91734087">
      <Output>
        <StdOut>Given the calculator has clean memory
-&gt; done: AdditionSteps.GivenTheCalculatorHasCleanMemory() (0,0s)
When I have special characters for regexes in the value, for example a '++'
-&gt; done: ScenarioOutlineSteps.WhenIHaveSpecialCharactersForRegexesInTheValueForExampleARegex("++") (0,0s)
Then the scenario will 'PASS'
-&gt; done: ScenarioOutlineSteps.ThenTheScenarioWill("PASS") (0,0s)</StdOut>
      </Output>
    </UnitTestResult>
    <UnitTestResult executionId="6ea74b74-7cd7-4d01-9d31-1ee154b48f1f" testId="a3bd6f67-daac-1ebc-5894-1d73dbe8d707" testName="ThisScenarioContainsExamplesWithRegex_SpecialCharacters_Variant2" computerName="DANIEL-NOTEBOOK" duration="00:00:00.0002303" startTime="2016-05-11T16:37:54.2214822+02:00" endTime="2016-05-11T16:37:54.2234824+02:00" testType="13cdc9d9-ddb5-4fa4-a97d-d965ccfc6d4b" outcome="Passed" testListId="8c84fa94-04c1-424b-9868-57a2d4851a1d" relativeResultsDirectory="6ea74b74-7cd7-4d01-9d31-1ee154b48f1f">
      <Output>
        <StdOut>Given the calculator has clean memory
-&gt; done: AdditionSteps.GivenTheCalculatorHasCleanMemory() (0,0s)
When I have special characters for regexes in the value, for example a '.*'
-&gt; done: ScenarioOutlineSteps.WhenIHaveSpecialCharactersForRegexesInTheValueForExampleARegex(".*") (0,0s)
Then the scenario will 'PASS'
-&gt; done: ScenarioOutlineSteps.ThenTheScenarioWill("PASS") (0,0s)</StdOut>
      </Output>
    </UnitTestResult>
    <UnitTestResult executionId="d1b89589-9b94-4b9b-a9fe-08bfeada5caa" testId="7699da71-b819-eb00-3894-2f0be7eec39c" testName="ThisScenarioContainsExamplesWithRegex_SpecialCharacters_Variant3" computerName="DANIEL-NOTEBOOK" duration="00:00:00.0002736" startTime="2016-05-11T16:37:54.2244825+02:00" endTime="2016-05-11T16:37:54.2264827+02:00" testType="13cdc9d9-ddb5-4fa4-a97d-d965ccfc6d4b" outcome="Passed" testListId="8c84fa94-04c1-424b-9868-57a2d4851a1d" relativeResultsDirectory="d1b89589-9b94-4b9b-a9fe-08bfeada5caa">
      <Output>
        <StdOut>Given the calculator has clean memory
-&gt; done: AdditionSteps.GivenTheCalculatorHasCleanMemory() (0,0s)
When I have special characters for regexes in the value, for example a '[]'
-&gt; done: ScenarioOutlineSteps.WhenIHaveSpecialCharactersForRegexesInTheValueForExampleARegex("[]") (0,0s)
Then the scenario will 'PASS'
-&gt; done: ScenarioOutlineSteps.ThenTheScenarioWill("PASS") (0,0s)</StdOut>
      </Output>
    </UnitTestResult>
    <UnitTestResult executionId="1022858e-246a-46c3-b668-dcf45e67a4af" testId="d253522e-be41-9b3a-247a-ca440d4ac588" testName="ThisScenarioContainsExamplesWithRegex_SpecialCharacters_Variant4" computerName="DANIEL-NOTEBOOK" duration="00:00:00.0003033" startTime="2016-05-11T16:37:54.2284829+02:00" endTime="2016-05-11T16:37:54.2304831+02:00" testType="13cdc9d9-ddb5-4fa4-a97d-d965ccfc6d4b" outcome="Passed" testListId="8c84fa94-04c1-424b-9868-57a2d4851a1d" relativeResultsDirectory="1022858e-246a-46c3-b668-dcf45e67a4af">
      <Output>
        <StdOut>Given the calculator has clean memory
-&gt; done: AdditionSteps.GivenTheCalculatorHasCleanMemory() (0,0s)
When I have special characters for regexes in the value, for example a '{}'
-&gt; done: ScenarioOutlineSteps.WhenIHaveSpecialCharactersForRegexesInTheValueForExampleARegex("{}") (0,0s)
Then the scenario will 'PASS'
-&gt; done: ScenarioOutlineSteps.ThenTheScenarioWill("PASS") (0,0s)</StdOut>
      </Output>
    </UnitTestResult>
    <UnitTestResult executionId="5d31952f-56f9-4ff3-98af-e5e774bf726d" testId="cca2404a-911a-a50e-9898-327264f0ea76" testName="ThisScenarioContainsExamplesWithRegex_SpecialCharacters_Variant5" computerName="DANIEL-NOTEBOOK" duration="00:00:00.0002101" startTime="2016-05-11T16:37:54.2314832+02:00" endTime="2016-05-11T16:37:54.2324833+02:00" testType="13cdc9d9-ddb5-4fa4-a97d-d965ccfc6d4b" outcome="Passed" testListId="8c84fa94-04c1-424b-9868-57a2d4851a1d" relativeResultsDirectory="5d31952f-56f9-4ff3-98af-e5e774bf726d">
      <Output>
        <StdOut>Given the calculator has clean memory
-&gt; done: AdditionSteps.GivenTheCalculatorHasCleanMemory() (0,0s)
When I have special characters for regexes in the value, for example a '()'
-&gt; done: ScenarioOutlineSteps.WhenIHaveSpecialCharactersForRegexesInTheValueForExampleARegex("()") (0,0s)
Then the scenario will 'PASS'
-&gt; done: ScenarioOutlineSteps.ThenTheScenarioWill("PASS") (0,0s)</StdOut>
      </Output>
    </UnitTestResult>
    <UnitTestResult executionId="321ffa64-ada4-4015-9ea7-9a789d71c46e" testId="22ccdb90-02c8-97c1-e2a1-6bec4f044d99" testName="ThisScenarioContainsExamplesWithRegex_SpecialCharacters_Variant6" computerName="DANIEL-NOTEBOOK" duration="00:00:00.0001716" startTime="2016-05-11T16:37:54.2334834+02:00" endTime="2016-05-11T16:37:54.2354836+02:00" testType="13cdc9d9-ddb5-4fa4-a97d-d965ccfc6d4b" outcome="Passed" testListId="8c84fa94-04c1-424b-9868-57a2d4851a1d" relativeResultsDirectory="321ffa64-ada4-4015-9ea7-9a789d71c46e">
      <Output>
        <StdOut>Given the calculator has clean memory
-&gt; done: AdditionSteps.GivenTheCalculatorHasCleanMemory() (0,0s)
When I have special characters for regexes in the value, for example a '^.*(?&lt;foo&gt;BAR)\s[^0-9]{3,4}A+$'
-&gt; done: ScenarioOutlineSteps.WhenIHaveSpecialCharactersForRegexesInTheValueForExampleARegex("^.*(?&lt;foo&gt;BAR)\s[...") (0,0s)
Then the scenario will 'PASS'
-&gt; done: ScenarioOutlineSteps.ThenTheScenarioWill("PASS") (0,0s)</StdOut>
      </Output>
    </UnitTestResult>
  </Results>
</TestRun>