<?xml version="1.0" encoding="UTF-8"?>
<TestRun id="9c057346-79a7-40ab-a2c0-ef4445738933" name="Daniel@DANIEL-NOTEBOOK 2016-04-26 00:40:59" runUser="DANIEL-NOTEBOOK\Daniel" xmlns="http://microsoft.com/schemas/VisualStudio/TeamTest/2010">
  <TestSettings name="TestSettings" id="3d90c4f8-ccdc-4663-bad3-9f4c55f42318">
    <Description>These are default test settings for a local test run.</Description>
    <Deployment userDeploymentRoot="D:\Work\pickles-testresults" useDefaultDeploymentRoot="false" enabled="false" runDeploymentRoot="Daniel_DANIEL-NOTEBOOK 2016-04-26 00_40_59" />
    <Execution>
      <TestTypeSpecific />
      <AgentRule name="Execution Agents">
      </AgentRule>
    </Execution>
    <Properties />
  </TestSettings>
  <Times creation="2016-04-26T00:40:59.5246005+02:00" queuing="2016-04-26T00:41:00.5570129+02:00" start="2016-04-26T00:41:00.7418201+02:00" finish="2016-04-26T00:41:02.6558392+02:00" />
  <ResultSummary outcome="Failed">
    <Counters total="37" executed="37" passed="20" error="0" failed="8" timeout="0" aborted="0" inconclusive="9" passedButRunAborted="0" notRunnable="0" notExecuted="0" disconnected="0" warning="0" completed="0" inProgress="0" pending="0" />
  </ResultSummary>
  <TestDefinitions>
    <UnitTest name="NotAutomatedScenario1" storage="d:\work\pickles-testresults\\testharness\mstest\bin\debug\mstestharness.dll" id="0e090158-43a1-1be8-47c2-13e1b2c9f8c7">
      <Description>Not automated scenario 1</Description>
      <Execution id="19af94e1-f3c1-4656-94bf-380ab3734812" />
      <Properties>
        <Property>
          <Key>FeatureTitle</Key>
          <Value>Not Automated At All</Value>
        </Property>
      </Properties>
      <TestMethod codeBase="D:/Work/pickles-testresults/TestHarness/mstest/bin/Debug/MsTestHarness.DLL" adapterTypeName="Microsoft.VisualStudio.TestTools.TestTypes.Unit.UnitTestAdapter, Microsoft.VisualStudio.QualityTools.Tips.UnitTest.Adapter, Version=14.0.0.0, Culture=neutral, PublicKeyToken=b03f5f7f11d50a3a" className="Pickles.TestHarness.MsTest.NotAutomatedAtAllFeature, MsTestHarness, Version=1.0.0.0, Culture=neutral, PublicKeyToken=null" name="NotAutomatedScenario1" />
    </UnitTest>
    <UnitTest name="AddingSeveralNumbers_40" storage="d:\work\pickles-testresults\\testharness\mstest\bin\debug\mstestharness.dll" id="4d0f7327-ed22-9a43-969a-ac2ea8102d66">
      <Description>Adding several numbers</Description>
      <TestCategory>
        <TestCategoryItem TestCategory="tag2" />
      </TestCategory>
      <Execution id="a8f782e1-8c94-480c-b3f3-4f5d94d60b0d" />
      <Properties>
        <Property>
          <Key>Parameter:first number</Key>
          <Value>40</Value>
        </Property>
        <Property>
          <Key>VariantName</Key>
          <Value>40</Value>
        </Property>
        <Property>
          <Key>Parameter:result</Key>
          <Value>180</Value>
        </Property>
        <Property>
          <Key>Parameter:third number</Key>
          <Value>90</Value>
        </Property>
        <Property>
          <Key>Parameter:second number</Key>
          <Value>50</Value>
        </Property>
        <Property>
          <Key>FeatureTitle</Key>
          <Value>Addition</Value>
        </Property>
      </Properties>
      <TestMethod codeBase="D:/Work/pickles-testresults/TestHarness/mstest/bin/Debug/MsTestHarness.DLL" adapterTypeName="Microsoft.VisualStudio.TestTools.TestTypes.Unit.UnitTestAdapter, Microsoft.VisualStudio.QualityTools.Tips.UnitTest.Adapter, Version=14.0.0.0, Culture=neutral, PublicKeyToken=b03f5f7f11d50a3a" className="Pickles.TestHarness.MsTest.AdditionFeature, MsTestHarness, Version=1.0.0.0, Culture=neutral, PublicKeyToken=null" name="AddingSeveralNumbers_40" />
    </UnitTest>
    <UnitTest name="AndWeCanGoTotallyBonkersWithMultipleExampleSections__ExampleSet2_Fail_2" storage="d:\work\pickles-testresults\\testharness\mstest\bin\debug\mstestharness.dll" id="40304968-0dee-8e41-4f42-20809899a9d0">
      <Description>And we can go totally bonkers with multiple example sections.</Description>
      <Execution id="fd037e82-ee37-4076-8cda-d95ba7da728e" />
      <Properties>
        <Property>
          <Key>FeatureTitle</Key>
          <Value>Scenario Outlines</Value>
        </Property>
        <Property>
          <Key>VariantName</Key>
          <Value>fail_2</Value>
        </Property>
        <Property>
          <Key>Parameter:result</Key>
          <Value>fail_2</Value>
        </Property>
      </Properties>
      <TestMethod codeBase="D:/Work/pickles-testresults/TestHarness/mstest/bin/Debug/MsTestHarness.DLL" adapterTypeName="Microsoft.VisualStudio.TestTools.TestTypes.Unit.UnitTestAdapter, Microsoft.VisualStudio.QualityTools.Tips.UnitTest.Adapter, Version=14.0.0.0, Culture=neutral, PublicKeyToken=b03f5f7f11d50a3a" className="Pickles.TestHarness.MsTest.ScenarioOutlinesFeature, MsTestHarness, Version=1.0.0.0, Culture=neutral, PublicKeyToken=null" name="AndWeCanGoTotallyBonkersWithMultipleExampleSections__ExampleSet2_Fail_2" />
    </UnitTest>
    <UnitTest name="NotAutomatedScenario3" storage="d:\work\pickles-testresults\\testharness\mstest\bin\debug\mstestharness.dll" id="64813bea-d79b-d74b-adb5-1302eaf5641f">
      <Description>Not automated scenario 3</Description>
      <Execution id="6dcc8ea9-839b-4536-b416-88d31f85209a" />
      <Properties>
        <Property>
          <Key>FeatureTitle</Key>
          <Value>Not Automated At All</Value>
        </Property>
      </Properties>
      <TestMethod codeBase="D:/Work/pickles-testresults/TestHarness/mstest/bin/Debug/MsTestHarness.DLL" adapterTypeName="Microsoft.VisualStudio.TestTools.TestTypes.Unit.UnitTestAdapter, Microsoft.VisualStudio.QualityTools.Tips.UnitTest.Adapter, Version=14.0.0.0, Culture=neutral, PublicKeyToken=b03f5f7f11d50a3a" className="Pickles.TestHarness.MsTest.NotAutomatedAtAllFeature, MsTestHarness, Version=1.0.0.0, Culture=neutral, PublicKeyToken=null" name="NotAutomatedScenario3" />
    </UnitTest>
    <UnitTest name="ThisIsAScenarioWithParenthesesHyphenAndComma10_2030_40" storage="d:\work\pickles-testresults\\testharness\mstest\bin\debug\mstestharness.dll" id="3fe8806f-fabb-1deb-7e27-c59578f16da3">
      <Description>This is a scenario with parentheses, hyphen and comma (10-20, 30-40)</Description>
      <Execution id="23cc5923-00a0-42b4-8560-4cc48e52dbd7" />
      <Properties>
        <Property>
          <Key>FeatureTitle</Key>
          <Value>Scenarios With Special Characters</Value>
        </Property>
      </Properties>
      <TestMethod codeBase="D:/Work/pickles-testresults/TestHarness/mstest/bin/Debug/MsTestHarness.DLL" adapterTypeName="Microsoft.VisualStudio.TestTools.TestTypes.Unit.UnitTestAdapter, Microsoft.VisualStudio.QualityTools.Tips.UnitTest.Adapter, Version=14.0.0.0, Culture=neutral, PublicKeyToken=b03f5f7f11d50a3a" className="Pickles.TestHarness.MsTest.ScenariosWithSpecialCharactersFeature, MsTestHarness, Version=1.0.0.0, Culture=neutral, PublicKeyToken=null" name="ThisIsAScenarioWithParenthesesHyphenAndComma10_2030_40" />
    </UnitTest>
    <UnitTest name="AddTwoNumbers" storage="d:\work\pickles-testresults\\testharness\mstest\bin\debug\mstestharness.dll" id="ca63316a-39e5-9545-3bca-f1839c7b4664">
      <Description>Add two numbers</Description>
      <Execution id="9e109765-6ba8-4671-bbb0-61b7fd8370f6" />
      <Properties>
        <Property>
          <Key>FeatureTitle</Key>
          <Value>Failing Background</Value>
        </Property>
      </Properties>
      <TestMethod codeBase="D:/Work/pickles-testresults/TestHarness/mstest/bin/Debug/MsTestHarness.DLL" adapterTypeName="Microsoft.VisualStudio.TestTools.TestTypes.Unit.UnitTestAdapter, Microsoft.VisualStudio.QualityTools.Tips.UnitTest.Adapter, Version=14.0.0.0, Culture=neutral, PublicKeyToken=b03f5f7f11d50a3a" className="Pickles.TestHarness.MsTest.FailingBackgroundFeature, MsTestHarness, Version=1.0.0.0, Culture=neutral, PublicKeyToken=null" name="AddTwoNumbers" />
    </UnitTest>
    <UnitTest name="FailingFeatureInconclusiveScenario" storage="d:\work\pickles-testresults\\testharness\mstest\bin\debug\mstestharness.dll" id="7e6c75c9-5365-7582-f701-20d37d3ff511">
      <Description>Failing Feature Inconclusive Scenario</Description>
      <Execution id="b71d3e94-6baf-4b45-8e37-8682eb5708a9" />
      <Properties>
        <Property>
          <Key>FeatureTitle</Key>
          <Value>Failing</Value>
        </Property>
      </Properties>
      <TestMethod codeBase="D:/Work/pickles-testresults/TestHarness/mstest/bin/Debug/MsTestHarness.DLL" adapterTypeName="Microsoft.VisualStudio.TestTools.TestTypes.Unit.UnitTestAdapter, Microsoft.VisualStudio.QualityTools.Tips.UnitTest.Adapter, Version=14.0.0.0, Culture=neutral, PublicKeyToken=b03f5f7f11d50a3a" className="Pickles.TestHarness.MsTest.MinimalFeatures.FailingFeature, MsTestHarness, Version=1.0.0.0, Culture=neutral, PublicKeyToken=null" name="FailingFeatureInconclusiveScenario" />
    </UnitTest>
    <UnitTest name="InconclusiveFeatureInconclusiveScenario" storage="d:\work\pickles-testresults\\testharness\mstest\bin\debug\mstestharness.dll" id="add44896-9236-510f-750d-eb49b89a7a65">
      <Description>Inconclusive Feature Inconclusive Scenario</Description>
      <Execution id="fdd77e81-b70d-43ac-85ca-a1a99b931b7d" />
      <Properties>
        <Property>
          <Key>FeatureTitle</Key>
          <Value>Inconclusive</Value>
        </Property>
      </Properties>
      <TestMethod codeBase="D:/Work/pickles-testresults/TestHarness/mstest/bin/Debug/MsTestHarness.DLL" adapterTypeName="Microsoft.VisualStudio.TestTools.TestTypes.Unit.UnitTestAdapter, Microsoft.VisualStudio.QualityTools.Tips.UnitTest.Adapter, Version=14.0.0.0, Culture=neutral, PublicKeyToken=b03f5f7f11d50a3a" className="Pickles.TestHarness.MsTest.MinimalFeatures.InconclusiveFeature, MsTestHarness, Version=1.0.0.0, Culture=neutral, PublicKeyToken=null" name="InconclusiveFeatureInconclusiveScenario" />
    </UnitTest>
    <UnitTest name="FailingFeaturePassingScenario" storage="d:\work\pickles-testresults\\testharness\mstest\bin\debug\mstestharness.dll" id="fa1e54c9-cdb0-8bb1-6764-9179c3b61825">
      <Description>Failing Feature Passing Scenario</Description>
      <Execution id="36830909-a83d-4aef-b65a-d6be05b5d26e" />
      <Properties>
        <Property>
          <Key>FeatureTitle</Key>
          <Value>Failing</Value>
        </Property>
      </Properties>
      <TestMethod codeBase="D:/Work/pickles-testresults/TestHarness/mstest/bin/Debug/MsTestHarness.DLL" adapterTypeName="Microsoft.VisualStudio.TestTools.TestTypes.Unit.UnitTestAdapter, Microsoft.VisualStudio.QualityTools.Tips.UnitTest.Adapter, Version=14.0.0.0, Culture=neutral, PublicKeyToken=b03f5f7f11d50a3a" className="Pickles.TestHarness.MsTest.MinimalFeatures.FailingFeature, MsTestHarness, Version=1.0.0.0, Culture=neutral, PublicKeyToken=null" name="FailingFeaturePassingScenario" />
    </UnitTest>
    <UnitTest name="DealCorrectlyWithBackslashesInTheExamples_CTemp" storage="d:\work\pickles-testresults\\testharness\mstest\bin\debug\mstestharness.dll" id="72d470fa-c19a-1302-1fcf-eb104ea36048">
      <Description>Deal correctly with backslashes in the examples</Description>
      <Execution id="e1d2ea77-0fa2-4e58-97e4-829779e1c3ee" />
      <Properties>
        <Property>
          <Key>FeatureTitle</Key>
          <Value>Scenario Outlines</Value>
        </Property>
        <Property>
          <Key>VariantName</Key>
          <Value>c:\Temp\</Value>
        </Property>
        <Property>
          <Key>Parameter:file path</Key>
          <Value>c:\Temp\</Value>
        </Property>
      </Properties>
      <TestMethod codeBase="D:/Work/pickles-testresults/TestHarness/mstest/bin/Debug/MsTestHarness.DLL" adapterTypeName="Microsoft.VisualStudio.TestTools.TestTypes.Unit.UnitTestAdapter, Microsoft.VisualStudio.QualityTools.Tips.UnitTest.Adapter, Version=14.0.0.0, Culture=neutral, PublicKeyToken=b03f5f7f11d50a3a" className="Pickles.TestHarness.MsTest.ScenarioOutlinesFeature, MsTestHarness, Version=1.0.0.0, Culture=neutral, PublicKeyToken=null" name="DealCorrectlyWithBackslashesInTheExamples_CTemp" />
    </UnitTest>
    <UnitTest name="ThisIsAScenarioOutlineWhereOneScenarioFails_Pass_2" storage="d:\work\pickles-testresults\\testharness\mstest\bin\debug\mstestharness.dll" id="b04f3200-80ca-d47f-0c01-8a37e5c952e6">
      <Description>This is a scenario outline where one scenario fails</Description>
      <Execution id="6947c394-549d-46f1-85f2-3722e00fc1d1" />
      <Properties>
        <Property>
          <Key>FeatureTitle</Key>
          <Value>Scenario Outlines</Value>
        </Property>
        <Property>
          <Key>VariantName</Key>
          <Value>pass_2</Value>
        </Property>
        <Property>
          <Key>Parameter:result</Key>
          <Value>pass_2</Value>
        </Property>
      </Properties>
      <TestMethod codeBase="D:/Work/pickles-testresults/TestHarness/mstest/bin/Debug/MsTestHarness.DLL" adapterTypeName="Microsoft.VisualStudio.TestTools.TestTypes.Unit.UnitTestAdapter, Microsoft.VisualStudio.QualityTools.Tips.UnitTest.Adapter, Version=14.0.0.0, Culture=neutral, PublicKeyToken=b03f5f7f11d50a3a" className="Pickles.TestHarness.MsTest.ScenarioOutlinesFeature, MsTestHarness, Version=1.0.0.0, Culture=neutral, PublicKeyToken=null" name="ThisIsAScenarioOutlineWhereOneScenarioFails_Pass_2" />
    </UnitTest>
    <UnitTest name="AndWeCanGoTotallyBonkersWithMultipleExampleSections__ExampleSet2_Fail_1" storage="d:\work\pickles-testresults\\testharness\mstest\bin\debug\mstestharness.dll" id="78a6b3a3-679e-ee71-7ff5-c9338e3be6c2">
      <Description>And we can go totally bonkers with multiple example sections.</Description>
      <Execution id="3fa9463f-93ff-4a58-b604-a33b510dd230" />
      <Properties>
        <Property>
          <Key>FeatureTitle</Key>
          <Value>Scenario Outlines</Value>
        </Property>
        <Property>
          <Key>VariantName</Key>
          <Value>fail_1</Value>
        </Property>
        <Property>
          <Key>Parameter:result</Key>
          <Value>fail_1</Value>
        </Property>
      </Properties>
      <TestMethod codeBase="D:/Work/pickles-testresults/TestHarness/mstest/bin/Debug/MsTestHarness.DLL" adapterTypeName="Microsoft.VisualStudio.TestTools.TestTypes.Unit.UnitTestAdapter, Microsoft.VisualStudio.QualityTools.Tips.UnitTest.Adapter, Version=14.0.0.0, Culture=neutral, PublicKeyToken=b03f5f7f11d50a3a" className="Pickles.TestHarness.MsTest.ScenarioOutlinesFeature, MsTestHarness, Version=1.0.0.0, Culture=neutral, PublicKeyToken=null" name="AndWeCanGoTotallyBonkersWithMultipleExampleSections__ExampleSet2_Fail_1" />
    </UnitTest>
    <UnitTest name="AddingSeveralNumbers_60" storage="d:\work\pickles-testresults\\testharness\mstest\bin\debug\mstestharness.dll" id="f4b45c2f-fc98-d23c-6179-62d5b5a59825">
      <Description>Adding several numbers</Description>
      <TestCategory>
        <TestCategoryItem TestCategory="tag2" />
      </TestCategory>
      <Execution id="1c120f35-76c8-43dd-9f5b-b5fe273a40e7" />
      <Properties>
        <Property>
          <Key>Parameter:first number</Key>
          <Value>60</Value>
        </Property>
        <Property>
          <Key>VariantName</Key>
          <Value>60</Value>
        </Property>
        <Property>
          <Key>Parameter:result</Key>
          <Value>260</Value>
        </Property>
        <Property>
          <Key>Parameter:third number</Key>
          <Value>130</Value>
        </Property>
        <Property>
          <Key>Parameter:second number</Key>
          <Value>70</Value>
        </Property>
        <Property>
          <Key>FeatureTitle</Key>
          <Value>Addition</Value>
        </Property>
      </Properties>
      <TestMethod codeBase="D:/Work/pickles-testresults/TestHarness/mstest/bin/Debug/MsTestHarness.DLL" adapterTypeName="Microsoft.VisualStudio.TestTools.TestTypes.Unit.UnitTestAdapter, Microsoft.VisualStudio.QualityTools.Tips.UnitTest.Adapter, Version=14.0.0.0, Culture=neutral, PublicKeyToken=b03f5f7f11d50a3a" className="Pickles.TestHarness.MsTest.AdditionFeature, MsTestHarness, Version=1.0.0.0, Culture=neutral, PublicKeyToken=null" name="AddingSeveralNumbers_60" />
    </UnitTest>
    <UnitTest name="AndWeCanGoTotallyBonkersWithMultipleExampleSections__ExampleSet0_Pass_2" storage="d:\work\pickles-testresults\\testharness\mstest\bin\debug\mstestharness.dll" id="ee74d71f-f824-19d9-866e-a408a95ffa99">
      <Description>And we can go totally bonkers with multiple example sections.</Description>
      <Execution id="473115a5-57b8-4543-ac20-5f0ae9d192ba" />
      <Properties>
        <Property>
          <Key>FeatureTitle</Key>
          <Value>Scenario Outlines</Value>
        </Property>
        <Property>
          <Key>VariantName</Key>
          <Value>pass_2</Value>
        </Property>
        <Property>
          <Key>Parameter:result</Key>
          <Value>pass_2</Value>
        </Property>
      </Properties>
      <TestMethod codeBase="D:/Work/pickles-testresults/TestHarness/mstest/bin/Debug/MsTestHarness.DLL" adapterTypeName="Microsoft.VisualStudio.TestTools.TestTypes.Unit.UnitTestAdapter, Microsoft.VisualStudio.QualityTools.Tips.UnitTest.Adapter, Version=14.0.0.0, Culture=neutral, PublicKeyToken=b03f5f7f11d50a3a" className="Pickles.TestHarness.MsTest.ScenarioOutlinesFeature, MsTestHarness, Version=1.0.0.0, Culture=neutral, PublicKeyToken=null" name="AndWeCanGoTotallyBonkersWithMultipleExampleSections__ExampleSet0_Pass_2" />
    </UnitTest>
    <UnitTest name="FailingFeatureFailingScenario" storage="d:\work\pickles-testresults\\testharness\mstest\bin\debug\mstestharness.dll" id="18582dd5-09c7-ce67-9cb7-8e15a9cdffd0">
      <Description>Failing Feature Failing Scenario</Description>
      <Execution id="fed7bce5-8a69-4bd7-81ce-95f46d34c0b5" />
      <Properties>
        <Property>
          <Key>FeatureTitle</Key>
          <Value>Failing</Value>
        </Property>
      </Properties>
      <TestMethod codeBase="D:/Work/pickles-testresults/TestHarness/mstest/bin/Debug/MsTestHarness.DLL" adapterTypeName="Microsoft.VisualStudio.TestTools.TestTypes.Unit.UnitTestAdapter, Microsoft.VisualStudio.QualityTools.Tips.UnitTest.Adapter, Version=14.0.0.0, Culture=neutral, PublicKeyToken=b03f5f7f11d50a3a" className="Pickles.TestHarness.MsTest.MinimalFeatures.FailingFeature, MsTestHarness, Version=1.0.0.0, Culture=neutral, PublicKeyToken=null" name="FailingFeatureFailingScenario" />
    </UnitTest>
    <UnitTest name="DealCorrectlyWithParenthesisInTheExamples_ThisIsADescriptionAndMore" storage="d:\work\pickles-testresults\\testharness\mstest\bin\debug\mstestharness.dll" id="d09c033d-0065-cbeb-bd7c-ee8b6460688f">
      <Description>Deal correctly with parenthesis in the examples</Description>
      <Execution id="aa54b9bc-f5b3-415a-892d-7172aaf1ff84" />
      <Properties>
        <Property>
          <Key>FeatureTitle</Key>
          <Value>Scenario Outlines</Value>
        </Property>
        <Property>
          <Key>VariantName</Key>
          <Value>This is a description (and more)</Value>
        </Property>
        <Property>
          <Key>Parameter:overly descriptive field</Key>
          <Value>This is a description (and more)</Value>
        </Property>
      </Properties>
      <TestMethod codeBase="D:/Work/pickles-testresults/TestHarness/mstest/bin/Debug/MsTestHarness.DLL" adapterTypeName="Microsoft.VisualStudio.TestTools.TestTypes.Unit.UnitTestAdapter, Microsoft.VisualStudio.QualityTools.Tips.UnitTest.Adapter, Version=14.0.0.0, Culture=neutral, PublicKeyToken=b03f5f7f11d50a3a" className="Pickles.TestHarness.MsTest.ScenarioOutlinesFeature, MsTestHarness, Version=1.0.0.0, Culture=neutral, PublicKeyToken=null" name="DealCorrectlyWithParenthesisInTheExamples_ThisIsADescriptionAndMore" />
    </UnitTest>
    <UnitTest name="ThisIsAScenarioOutlineWhereOneScenarioIsInconclusive_Pass_1" storage="d:\work\pickles-testresults\\testharness\mstest\bin\debug\mstestharness.dll" id="6e54c207-a3b1-f181-06be-066795ac26e1">
      <Description>This is a scenario outline where one scenario is inconclusive</Description>
      <Execution id="fbe09fe8-e01e-4751-8022-e9887c6ce29e" />
      <Properties>
        <Property>
          <Key>FeatureTitle</Key>
          <Value>Scenario Outlines</Value>
        </Property>
        <Property>
          <Key>VariantName</Key>
          <Value>pass_1</Value>
        </Property>
        <Property>
          <Key>Parameter:result</Key>
          <Value>pass_1</Value>
        </Property>
      </Properties>
      <TestMethod codeBase="D:/Work/pickles-testresults/TestHarness/mstest/bin/Debug/MsTestHarness.DLL" adapterTypeName="Microsoft.VisualStudio.TestTools.TestTypes.Unit.UnitTestAdapter, Microsoft.VisualStudio.QualityTools.Tips.UnitTest.Adapter, Version=14.0.0.0, Culture=neutral, PublicKeyToken=b03f5f7f11d50a3a" className="Pickles.TestHarness.MsTest.ScenarioOutlinesFeature, MsTestHarness, Version=1.0.0.0, Culture=neutral, PublicKeyToken=null" name="ThisIsAScenarioOutlineWhereOneScenarioIsInconclusive_Pass_1" />
    </UnitTest>
    <UnitTest name="ThisIsAScenarioOutlineWhereAllScenariosPass_Pass_2" storage="d:\work\pickles-testresults\\testharness\mstest\bin\debug\mstestharness.dll" id="9efc5df4-5f77-a670-8622-976418721b8f">
      <Description>This is a scenario outline where all scenarios pass</Description>
      <Execution id="cbfb8fb4-fc6d-48d2-be94-4d5226c45b66" />
      <Properties>
        <Property>
          <Key>FeatureTitle</Key>
          <Value>Scenario Outlines</Value>
        </Property>
        <Property>
          <Key>VariantName</Key>
          <Value>pass_2</Value>
        </Property>
        <Property>
          <Key>Parameter:result</Key>
          <Value>pass_2</Value>
        </Property>
      </Properties>
      <TestMethod codeBase="D:/Work/pickles-testresults/TestHarness/mstest/bin/Debug/MsTestHarness.DLL" adapterTypeName="Microsoft.VisualStudio.TestTools.TestTypes.Unit.UnitTestAdapter, Microsoft.VisualStudio.QualityTools.Tips.UnitTest.Adapter, Version=14.0.0.0, Culture=neutral, PublicKeyToken=b03f5f7f11d50a3a" className="Pickles.TestHarness.MsTest.ScenarioOutlinesFeature, MsTestHarness, Version=1.0.0.0, Culture=neutral, PublicKeyToken=null" name="ThisIsAScenarioOutlineWhereAllScenariosPass_Pass_2" />
    </UnitTest>
    <UnitTest name="InconclusiveFeaturePassingScenario" storage="d:\work\pickles-testresults\\testharness\mstest\bin\debug\mstestharness.dll" id="41cb0c4f-1c07-4937-29e8-dcc987caf94e">
      <Description>Inconclusive Feature Passing Scenario</Description>
      <Execution id="881a36b3-69db-4fea-92d0-599325f0ab4e" />
      <Properties>
        <Property>
          <Key>FeatureTitle</Key>
          <Value>Inconclusive</Value>
        </Property>
      </Properties>
      <TestMethod codeBase="D:/Work/pickles-testresults/TestHarness/mstest/bin/Debug/MsTestHarness.DLL" adapterTypeName="Microsoft.VisualStudio.TestTools.TestTypes.Unit.UnitTestAdapter, Microsoft.VisualStudio.QualityTools.Tips.UnitTest.Adapter, Version=14.0.0.0, Culture=neutral, PublicKeyToken=b03f5f7f11d50a3a" className="Pickles.TestHarness.MsTest.MinimalFeatures.InconclusiveFeature, MsTestHarness, Version=1.0.0.0, Culture=neutral, PublicKeyToken=null" name="InconclusiveFeaturePassingScenario" />
    </UnitTest>
    <UnitTest name="ThisIsAScenarioOutlineWhereOneScenarioIsInconclusive_Inconclusive_1" storage="d:\work\pickles-testresults\\testharness\mstest\bin\debug\mstestharness.dll" id="8c97c958-0c5d-1594-2cc5-02c96df8fc9b">
      <Description>This is a scenario outline where one scenario is inconclusive</Description>
      <Execution id="c16dd9f0-0fe2-4086-ab15-6f2738986c5c" />
      <Properties>
        <Property>
          <Key>FeatureTitle</Key>
          <Value>Scenario Outlines</Value>
        </Property>
        <Property>
          <Key>VariantName</Key>
          <Value>inconclusive_1</Value>
        </Property>
        <Property>
          <Key>Parameter:result</Key>
          <Value>inconclusive_1</Value>
        </Property>
      </Properties>
      <TestMethod codeBase="D:/Work/pickles-testresults/TestHarness/mstest/bin/Debug/MsTestHarness.DLL" adapterTypeName="Microsoft.VisualStudio.TestTools.TestTypes.Unit.UnitTestAdapter, Microsoft.VisualStudio.QualityTools.Tips.UnitTest.Adapter, Version=14.0.0.0, Culture=neutral, PublicKeyToken=b03f5f7f11d50a3a" className="Pickles.TestHarness.MsTest.ScenarioOutlinesFeature, MsTestHarness, Version=1.0.0.0, Culture=neutral, PublicKeyToken=null" name="ThisIsAScenarioOutlineWhereOneScenarioIsInconclusive_Inconclusive_1" />
    </UnitTest>
    <UnitTest name="TestMethod" storage="d:\work\pickles-testresults\\testharness\mstest\bin\debug\mstestharness.dll" id="aa71fe8a-e5aa-f23d-c632-cfb3c587ca21">
      <Execution id="d5806c6f-7d40-4973-8674-d8a08b34c8fd" />
      <Properties>
        <Property>
          <Key>FeatureTitle</Key>
          <Value>Addition</Value>
        </Property>
      </Properties>
      <TestMethod codeBase="D:/Work/pickles-testresults/TestHarness/mstest/bin/Debug/MsTestHarness.DLL" adapterTypeName="Microsoft.VisualStudio.TestTools.TestTypes.Unit.UnitTestAdapter, Microsoft.VisualStudio.QualityTools.Tips.UnitTest.Adapter, Version=14.0.0.0, Culture=neutral, PublicKeyToken=b03f5f7f11d50a3a" className="Pickles.TestHarness.MsTest.OrdinaryUnitTest, MsTestHarness, Version=1.0.0.0, Culture=neutral, PublicKeyToken=null" name="TestMethod" />
    </UnitTest>
    <UnitTest name="ThisIsAScenarioOutlineWithParenthesesHyphenAndComma10_2030_40_Pass_1" storage="d:\work\pickles-testresults\\testharness\mstest\bin\debug\mstestharness.dll" id="f8369e2e-c5ec-dade-ad85-e2c56909c853">
      <Description>This is a scenario outline with parentheses, hyphen and comma (10-20, 30-40)</Description>
      <Execution id="214e99b7-3777-4a80-8276-fe2fcee2c389" />
      <Properties>
        <Property>
          <Key>FeatureTitle</Key>
          <Value>Scenarios With Special Characters</Value>
        </Property>
        <Property>
          <Key>VariantName</Key>
          <Value>pass_1</Value>
        </Property>
        <Property>
          <Key>Parameter:result</Key>
          <Value>pass_1</Value>
        </Property>
      </Properties>
      <TestMethod codeBase="D:/Work/pickles-testresults/TestHarness/mstest/bin/Debug/MsTestHarness.DLL" adapterTypeName="Microsoft.VisualStudio.TestTools.TestTypes.Unit.UnitTestAdapter, Microsoft.VisualStudio.QualityTools.Tips.UnitTest.Adapter, Version=14.0.0.0, Culture=neutral, PublicKeyToken=b03f5f7f11d50a3a" className="Pickles.TestHarness.MsTest.ScenariosWithSpecialCharactersFeature, MsTestHarness, Version=1.0.0.0, Culture=neutral, PublicKeyToken=null" name="ThisIsAScenarioOutlineWithParenthesesHyphenAndComma10_2030_40_Pass_1" />
    </UnitTest>
    <UnitTest name="AddTwoNumbers" storage="d:\work\pickles-testresults\\testharness\mstest\bin\debug\mstestharness.dll" id="6b8581c3-611e-6116-4232-a31382677735">
      <Description>Add two numbers</Description>
      <TestCategory>
        <TestCategoryItem TestCategory="tag1" />
      </TestCategory>
      <Execution id="559d2f7f-a14f-4bdd-a217-3cc4d5d55477" />
      <Properties>
        <Property>
          <Key>FeatureTitle</Key>
          <Value>Addition</Value>
        </Property>
      </Properties>
      <TestMethod codeBase="D:/Work/pickles-testresults/TestHarness/mstest/bin/Debug/MsTestHarness.DLL" adapterTypeName="Microsoft.VisualStudio.TestTools.TestTypes.Unit.UnitTestAdapter, Microsoft.VisualStudio.QualityTools.Tips.UnitTest.Adapter, Version=14.0.0.0, Culture=neutral, PublicKeyToken=b03f5f7f11d50a3a" className="Pickles.TestHarness.MsTest.AdditionFeature, MsTestHarness, Version=1.0.0.0, Culture=neutral, PublicKeyToken=null" name="AddTwoNumbers" />
    </UnitTest>
    <UnitTest name="ThisIsAScenarioOutlineWhereOneScenarioIsInconclusive_Pass_2" storage="d:\work\pickles-testresults\\testharness\mstest\bin\debug\mstestharness.dll" id="8f2bb160-fa82-a566-570e-51eeb5237e95">
      <Description>This is a scenario outline where one scenario is inconclusive</Description>
      <Execution id="fbd43871-8867-4393-98ff-267b9055c690" />
      <Properties>
        <Property>
          <Key>FeatureTitle</Key>
          <Value>Scenario Outlines</Value>
        </Property>
        <Property>
          <Key>VariantName</Key>
          <Value>pass_2</Value>
        </Property>
        <Property>
          <Key>Parameter:result</Key>
          <Value>pass_2</Value>
        </Property>
      </Properties>
      <TestMethod codeBase="D:/Work/pickles-testresults/TestHarness/mstest/bin/Debug/MsTestHarness.DLL" adapterTypeName="Microsoft.VisualStudio.TestTools.TestTypes.Unit.UnitTestAdapter, Microsoft.VisualStudio.QualityTools.Tips.UnitTest.Adapter, Version=14.0.0.0, Culture=neutral, PublicKeyToken=b03f5f7f11d50a3a" className="Pickles.TestHarness.MsTest.ScenarioOutlinesFeature, MsTestHarness, Version=1.0.0.0, Culture=neutral, PublicKeyToken=null" name="ThisIsAScenarioOutlineWhereOneScenarioIsInconclusive_Pass_2" />
    </UnitTest>
    <UnitTest name="ThisIsAScenarioOutlineWhereOneScenarioFails_Fail_1" storage="d:\work\pickles-testresults\\testharness\mstest\bin\debug\mstestharness.dll" id="05c22c90-eaaa-d3c2-bd2d-36c2df85528e">
      <Description>This is a scenario outline where one scenario fails</Description>
      <Execution id="f4b3d175-6e04-45e5-b691-52df64db8ed2" />
      <Properties>
        <Property>
          <Key>FeatureTitle</Key>
          <Value>Scenario Outlines</Value>
        </Property>
        <Property>
          <Key>VariantName</Key>
          <Value>fail_1</Value>
        </Property>
        <Property>
          <Key>Parameter:result</Key>
          <Value>fail_1</Value>
        </Property>
      </Properties>
      <TestMethod codeBase="D:/Work/pickles-testresults/TestHarness/mstest/bin/Debug/MsTestHarness.DLL" adapterTypeName="Microsoft.VisualStudio.TestTools.TestTypes.Unit.UnitTestAdapter, Microsoft.VisualStudio.QualityTools.Tips.UnitTest.Adapter, Version=14.0.0.0, Culture=neutral, PublicKeyToken=b03f5f7f11d50a3a" className="Pickles.TestHarness.MsTest.ScenarioOutlinesFeature, MsTestHarness, Version=1.0.0.0, Culture=neutral, PublicKeyToken=null" name="ThisIsAScenarioOutlineWhereOneScenarioFails_Fail_1" />
    </UnitTest>
    <UnitTest name="AndWeCanGoTotallyBonkersWithMultipleExampleSections__ExampleSet1_Inconclusive_2" storage="d:\work\pickles-testresults\\testharness\mstest\bin\debug\mstestharness.dll" id="4d5f7893-139c-db00-8823-de561780758d">
      <Description>And we can go totally bonkers with multiple example sections.</Description>
      <Execution id="1e6627d0-d9f2-4773-9682-0d64dc7ef54b" />
      <Properties>
        <Property>
          <Key>FeatureTitle</Key>
          <Value>Scenario Outlines</Value>
        </Property>
        <Property>
          <Key>VariantName</Key>
          <Value>inconclusive_2</Value>
        </Property>
        <Property>
          <Key>Parameter:result</Key>
          <Value>inconclusive_2</Value>
        </Property>
      </Properties>
      <TestMethod codeBase="D:/Work/pickles-testresults/TestHarness/mstest/bin/Debug/MsTestHarness.DLL" adapterTypeName="Microsoft.VisualStudio.TestTools.TestTypes.Unit.UnitTestAdapter, Microsoft.VisualStudio.QualityTools.Tips.UnitTest.Adapter, Version=14.0.0.0, Culture=neutral, PublicKeyToken=b03f5f7f11d50a3a" className="Pickles.TestHarness.MsTest.ScenarioOutlinesFeature, MsTestHarness, Version=1.0.0.0, Culture=neutral, PublicKeyToken=null" name="AndWeCanGoTotallyBonkersWithMultipleExampleSections__ExampleSet1_Inconclusive_2" />
    </UnitTest>
    <UnitTest name="AddingSeveralNumbers_60" storage="d:\work\pickles-testresults\\testharness\mstest\bin\debug\mstestharness.dll" id="17bb28b8-a770-72be-af08-5a4b0847e4ea">
      <Description>Adding several numbers</Description>
      <Execution id="2b6fefd5-1336-4aab-b5a3-6f1e21e42889" />
      <Properties>
        <Property>
          <Key>Parameter:first number</Key>
          <Value>60</Value>
        </Property>
        <Property>
          <Key>VariantName</Key>
          <Value>60</Value>
        </Property>
        <Property>
          <Key>Parameter:result</Key>
          <Value>260</Value>
        </Property>
        <Property>
          <Key>Parameter:third number</Key>
          <Value>130</Value>
        </Property>
        <Property>
          <Key>Parameter:second number</Key>
          <Value>70</Value>
        </Property>
        <Property>
          <Key>FeatureTitle</Key>
          <Value>Failing Background</Value>
        </Property>
      </Properties>
      <TestMethod codeBase="D:/Work/pickles-testresults/TestHarness/mstest/bin/Debug/MsTestHarness.DLL" adapterTypeName="Microsoft.VisualStudio.TestTools.TestTypes.Unit.UnitTestAdapter, Microsoft.VisualStudio.QualityTools.Tips.UnitTest.Adapter, Version=14.0.0.0, Culture=neutral, PublicKeyToken=b03f5f7f11d50a3a" className="Pickles.TestHarness.MsTest.FailingBackgroundFeature, MsTestHarness, Version=1.0.0.0, Culture=neutral, PublicKeyToken=null" name="AddingSeveralNumbers_60" />
    </UnitTest>
    <UnitTest name="NotAutomatedScenario2" storage="d:\work\pickles-testresults\\testharness\mstest\bin\debug\mstestharness.dll" id="067e1c92-2860-531b-28dc-c2863e91b7f5">
      <Description>Not automated scenario 2</Description>
      <Execution id="9a4a9b78-26eb-481c-8eed-89b7437afe25" />
      <Properties>
        <Property>
          <Key>FeatureTitle</Key>
          <Value>Not Automated At All</Value>
        </Property>
      </Properties>
      <TestMethod codeBase="D:/Work/pickles-testresults/TestHarness/mstest/bin/Debug/MsTestHarness.DLL" adapterTypeName="Microsoft.VisualStudio.TestTools.TestTypes.Unit.UnitTestAdapter, Microsoft.VisualStudio.QualityTools.Tips.UnitTest.Adapter, Version=14.0.0.0, Culture=neutral, PublicKeyToken=b03f5f7f11d50a3a" className="Pickles.TestHarness.MsTest.NotAutomatedAtAllFeature, MsTestHarness, Version=1.0.0.0, Culture=neutral, PublicKeyToken=null" name="NotAutomatedScenario2" />
    </UnitTest>
    <UnitTest name="ThisIsAScenarioOutlineWhereAllScenariosPass_Pass_1" storage="d:\work\pickles-testresults\\testharness\mstest\bin\debug\mstestharness.dll" id="2c8f1abb-446c-6683-6327-8ec4ccd46e1a">
      <Description>This is a scenario outline where all scenarios pass</Description>
      <Execution id="9c13b464-1e41-4429-8312-afe32624883b" />
      <Properties>
        <Property>
          <Key>FeatureTitle</Key>
          <Value>Scenario Outlines</Value>
        </Property>
        <Property>
          <Key>VariantName</Key>
          <Value>pass_1</Value>
        </Property>
        <Property>
          <Key>Parameter:result</Key>
          <Value>pass_1</Value>
        </Property>
      </Properties>
      <TestMethod codeBase="D:/Work/pickles-testresults/TestHarness/mstest/bin/Debug/MsTestHarness.DLL" adapterTypeName="Microsoft.VisualStudio.TestTools.TestTypes.Unit.UnitTestAdapter, Microsoft.VisualStudio.QualityTools.Tips.UnitTest.Adapter, Version=14.0.0.0, Culture=neutral, PublicKeyToken=b03f5f7f11d50a3a" className="Pickles.TestHarness.MsTest.ScenarioOutlinesFeature, MsTestHarness, Version=1.0.0.0, Culture=neutral, PublicKeyToken=null" name="ThisIsAScenarioOutlineWhereAllScenariosPass_Pass_1" />
    </UnitTest>
    <UnitTest name="AndWeCanGoTotallyBonkersWithMultipleExampleSections__ExampleSet0_Pass_1" storage="d:\work\pickles-testresults\\testharness\mstest\bin\debug\mstestharness.dll" id="78aeddd0-4ae5-6103-b7dd-e62b71148721">
      <Description>And we can go totally bonkers with multiple example sections.</Description>
      <Execution id="dd41ac17-4ff2-40a8-bb65-4477c0e0e90a" />
      <Properties>
        <Property>
          <Key>FeatureTitle</Key>
          <Value>Scenario Outlines</Value>
        </Property>
        <Property>
          <Key>VariantName</Key>
          <Value>pass_1</Value>
        </Property>
        <Property>
          <Key>Parameter:result</Key>
          <Value>pass_1</Value>
        </Property>
      </Properties>
      <TestMethod codeBase="D:/Work/pickles-testresults/TestHarness/mstest/bin/Debug/MsTestHarness.DLL" adapterTypeName="Microsoft.VisualStudio.TestTools.TestTypes.Unit.UnitTestAdapter, Microsoft.VisualStudio.QualityTools.Tips.UnitTest.Adapter, Version=14.0.0.0, Culture=neutral, PublicKeyToken=b03f5f7f11d50a3a" className="Pickles.TestHarness.MsTest.ScenarioOutlinesFeature, MsTestHarness, Version=1.0.0.0, Culture=neutral, PublicKeyToken=null" name="AndWeCanGoTotallyBonkersWithMultipleExampleSections__ExampleSet0_Pass_1" />
    </UnitTest>
    <UnitTest name="PassingFeaturePassingScenario" storage="d:\work\pickles-testresults\\testharness\mstest\bin\debug\mstestharness.dll" id="3af599bd-a8de-95a2-1ecc-194c7f8aceeb">
      <Description>Passing Feature Passing Scenario</Description>
      <Execution id="a5b9c747-c35c-460f-ae5a-7982e23159b7" />
      <Properties>
        <Property>
          <Key>FeatureTitle</Key>
          <Value>Passing</Value>
        </Property>
      </Properties>
      <TestMethod codeBase="D:/Work/pickles-testresults/TestHarness/mstest/bin/Debug/MsTestHarness.DLL" adapterTypeName="Microsoft.VisualStudio.TestTools.TestTypes.Unit.UnitTestAdapter, Microsoft.VisualStudio.QualityTools.Tips.UnitTest.Adapter, Version=14.0.0.0, Culture=neutral, PublicKeyToken=b03f5f7f11d50a3a" className="Pickles.TestHarness.MsTest.MinimalFeatures.PassingFeature, MsTestHarness, Version=1.0.0.0, Culture=neutral, PublicKeyToken=null" name="PassingFeaturePassingScenario" />
    </UnitTest>
    <UnitTest name="ThisIsAScenarioOutlineWhereAllScenariosPass_Pass_3" storage="d:\work\pickles-testresults\\testharness\mstest\bin\debug\mstestharness.dll" id="9bb2410c-d8c6-90b8-75cd-5c93dc903745">
      <Description>This is a scenario outline where all scenarios pass</Description>
      <Execution id="abe19b91-d119-4034-8975-50ec9f56ccbb" />
      <Properties>
        <Property>
          <Key>FeatureTitle</Key>
          <Value>Scenario Outlines</Value>
        </Property>
        <Property>
          <Key>VariantName</Key>
          <Value>pass_3</Value>
        </Property>
        <Property>
          <Key>Parameter:result</Key>
          <Value>pass_3</Value>
        </Property>
      </Properties>
      <TestMethod codeBase="D:/Work/pickles-testresults/TestHarness/mstest/bin/Debug/MsTestHarness.DLL" adapterTypeName="Microsoft.VisualStudio.TestTools.TestTypes.Unit.UnitTestAdapter, Microsoft.VisualStudio.QualityTools.Tips.UnitTest.Adapter, Version=14.0.0.0, Culture=neutral, PublicKeyToken=b03f5f7f11d50a3a" className="Pickles.TestHarness.MsTest.ScenarioOutlinesFeature, MsTestHarness, Version=1.0.0.0, Culture=neutral, PublicKeyToken=null" name="ThisIsAScenarioOutlineWhereAllScenariosPass_Pass_3" />
    </UnitTest>
    <UnitTest name="ThisIsAScenarioOutlineWhereOneScenarioFails_Pass_1" storage="d:\work\pickles-testresults\\testharness\mstest\bin\debug\mstestharness.dll" id="e64af447-d4dc-7221-865a-703128db7b90">
      <Description>This is a scenario outline where one scenario fails</Description>
      <Execution id="e38ccc75-3056-4bc8-adb2-68400939dea4" />
      <Properties>
        <Property>
          <Key>FeatureTitle</Key>
          <Value>Scenario Outlines</Value>
        </Property>
        <Property>
          <Key>VariantName</Key>
          <Value>pass_1</Value>
        </Property>
        <Property>
          <Key>Parameter:result</Key>
          <Value>pass_1</Value>
        </Property>
      </Properties>
      <TestMethod codeBase="D:/Work/pickles-testresults/TestHarness/mstest/bin/Debug/MsTestHarness.DLL" adapterTypeName="Microsoft.VisualStudio.TestTools.TestTypes.Unit.UnitTestAdapter, Microsoft.VisualStudio.QualityTools.Tips.UnitTest.Adapter, Version=14.0.0.0, Culture=neutral, PublicKeyToken=b03f5f7f11d50a3a" className="Pickles.TestHarness.MsTest.ScenarioOutlinesFeature, MsTestHarness, Version=1.0.0.0, Culture=neutral, PublicKeyToken=null" name="ThisIsAScenarioOutlineWhereOneScenarioFails_Pass_1" />
    </UnitTest>
    <UnitTest name="AddingSeveralNumbers_40" storage="d:\work\pickles-testresults\\testharness\mstest\bin\debug\mstestharness.dll" id="b4815779-aba4-cf1b-8df3-4a745af70720">
      <Description>Adding several numbers</Description>
      <Execution id="e6e2138e-44c3-432b-bd23-83a81d115686" />
      <Properties>
        <Property>
          <Key>Parameter:first number</Key>
          <Value>40</Value>
        </Property>
        <Property>
          <Key>VariantName</Key>
          <Value>40</Value>
        </Property>
        <Property>
          <Key>Parameter:result</Key>
          <Value>180</Value>
        </Property>
        <Property>
          <Key>Parameter:third number</Key>
          <Value>90</Value>
        </Property>
        <Property>
          <Key>Parameter:second number</Key>
          <Value>50</Value>
        </Property>
        <Property>
          <Key>FeatureTitle</Key>
          <Value>Failing Background</Value>
        </Property>
      </Properties>
      <TestMethod codeBase="D:/Work/pickles-testresults/TestHarness/mstest/bin/Debug/MsTestHarness.DLL" adapterTypeName="Microsoft.VisualStudio.TestTools.TestTypes.Unit.UnitTestAdapter, Microsoft.VisualStudio.QualityTools.Tips.UnitTest.Adapter, Version=14.0.0.0, Culture=neutral, PublicKeyToken=b03f5f7f11d50a3a" className="Pickles.TestHarness.MsTest.FailingBackgroundFeature, MsTestHarness, Version=1.0.0.0, Culture=neutral, PublicKeyToken=null" name="AddingSeveralNumbers_40" />
    </UnitTest>
    <UnitTest name="FailToAddTwoNumbers" storage="d:\work\pickles-testresults\\testharness\mstest\bin\debug\mstestharness.dll" id="b13a186e-33df-348e-f9e2-a18b445d0d6e">
      <Description>Fail to add two numbers</Description>
      <TestCategory>
        <TestCategoryItem TestCategory="tag1" />
      </TestCategory>
      <Execution id="ff7f9def-c426-4b37-8547-5b348030f0d2" />
      <Properties>
        <Property>
          <Key>FeatureTitle</Key>
          <Value>Addition</Value>
        </Property>
      </Properties>
      <TestMethod codeBase="D:/Work/pickles-testresults/TestHarness/mstest/bin/Debug/MsTestHarness.DLL" adapterTypeName="Microsoft.VisualStudio.TestTools.TestTypes.Unit.UnitTestAdapter, Microsoft.VisualStudio.QualityTools.Tips.UnitTest.Adapter, Version=14.0.0.0, Culture=neutral, PublicKeyToken=b03f5f7f11d50a3a" className="Pickles.TestHarness.MsTest.AdditionFeature, MsTestHarness, Version=1.0.0.0, Culture=neutral, PublicKeyToken=null" name="FailToAddTwoNumbers" />
    </UnitTest>
    <UnitTest name="NotAutomatedAddingTwoNumbers" storage="d:\work\pickles-testresults\\testharness\mstest\bin\debug\mstestharness.dll" id="2124dd33-7aaa-d4fb-c72f-98ad434251c0">
      <Description>Not automated adding two numbers</Description>
      <Execution id="d9bf19bd-8cfa-44e1-be14-e10707edf9d8" />
      <Properties>
        <Property>
          <Key>FeatureTitle</Key>
          <Value>Addition</Value>
        </Property>
      </Properties>
      <TestMethod codeBase="D:/Work/pickles-testresults/TestHarness/mstest/bin/Debug/MsTestHarness.DLL" adapterTypeName="Microsoft.VisualStudio.TestTools.TestTypes.Unit.UnitTestAdapter, Microsoft.VisualStudio.QualityTools.Tips.UnitTest.Adapter, Version=14.0.0.0, Culture=neutral, PublicKeyToken=b03f5f7f11d50a3a" className="Pickles.TestHarness.MsTest.AdditionFeature, MsTestHarness, Version=1.0.0.0, Culture=neutral, PublicKeyToken=null" name="NotAutomatedAddingTwoNumbers" />
    </UnitTest>
    <UnitTest name="AndWeCanGoTotallyBonkersWithMultipleExampleSections__ExampleSet1_Inconclusive_1" storage="d:\work\pickles-testresults\\testharness\mstest\bin\debug\mstestharness.dll" id="e30ef794-1ea7-a76a-356b-1668bca94630">
      <Description>And we can go totally bonkers with multiple example sections.</Description>
      <Execution id="d907562a-915a-4fa4-a8d1-9284d64c6a74" />
      <Properties>
        <Property>
          <Key>FeatureTitle</Key>
          <Value>Scenario Outlines</Value>
        </Property>
        <Property>
          <Key>VariantName</Key>
          <Value>inconclusive_1</Value>
        </Property>
        <Property>
          <Key>Parameter:result</Key>
          <Value>inconclusive_1</Value>
        </Property>
      </Properties>
      <TestMethod codeBase="D:/Work/pickles-testresults/TestHarness/mstest/bin/Debug/MsTestHarness.DLL" adapterTypeName="Microsoft.VisualStudio.TestTools.TestTypes.Unit.UnitTestAdapter, Microsoft.VisualStudio.QualityTools.Tips.UnitTest.Adapter, Version=14.0.0.0, Culture=neutral, PublicKeyToken=b03f5f7f11d50a3a" className="Pickles.TestHarness.MsTest.ScenarioOutlinesFeature, MsTestHarness, Version=1.0.0.0, Culture=neutral, PublicKeyToken=null" name="AndWeCanGoTotallyBonkersWithMultipleExampleSections__ExampleSet1_Inconclusive_1" />
    </UnitTest>
  </TestDefinitions>
  <TestLists>
    <TestList name="Results Not in a List" id="8c84fa94-04c1-424b-9868-57a2d4851a1d" />
    <TestList name="All Loaded Results" id="19431567-8539-422a-85d7-44ee4e166bda" />
  </TestLists>
  <TestEntries>
    <TestEntry testId="4d0f7327-ed22-9a43-969a-ac2ea8102d66" executionId="a8f782e1-8c94-480c-b3f3-4f5d94d60b0d" testListId="8c84fa94-04c1-424b-9868-57a2d4851a1d" />
    <TestEntry testId="f4b45c2f-fc98-d23c-6179-62d5b5a59825" executionId="1c120f35-76c8-43dd-9f5b-b5fe273a40e7" testListId="8c84fa94-04c1-424b-9868-57a2d4851a1d" />
    <TestEntry testId="6b8581c3-611e-6116-4232-a31382677735" executionId="559d2f7f-a14f-4bdd-a217-3cc4d5d55477" testListId="8c84fa94-04c1-424b-9868-57a2d4851a1d" />
    <TestEntry testId="b13a186e-33df-348e-f9e2-a18b445d0d6e" executionId="ff7f9def-c426-4b37-8547-5b348030f0d2" testListId="8c84fa94-04c1-424b-9868-57a2d4851a1d" />
    <TestEntry testId="2124dd33-7aaa-d4fb-c72f-98ad434251c0" executionId="d9bf19bd-8cfa-44e1-be14-e10707edf9d8" testListId="8c84fa94-04c1-424b-9868-57a2d4851a1d" />
    <TestEntry testId="b4815779-aba4-cf1b-8df3-4a745af70720" executionId="e6e2138e-44c3-432b-bd23-83a81d115686" testListId="8c84fa94-04c1-424b-9868-57a2d4851a1d" />
    <TestEntry testId="17bb28b8-a770-72be-af08-5a4b0847e4ea" executionId="2b6fefd5-1336-4aab-b5a3-6f1e21e42889" testListId="8c84fa94-04c1-424b-9868-57a2d4851a1d" />
    <TestEntry testId="ca63316a-39e5-9545-3bca-f1839c7b4664" executionId="9e109765-6ba8-4671-bbb0-61b7fd8370f6" testListId="8c84fa94-04c1-424b-9868-57a2d4851a1d" />
    <TestEntry testId="18582dd5-09c7-ce67-9cb7-8e15a9cdffd0" executionId="fed7bce5-8a69-4bd7-81ce-95f46d34c0b5" testListId="8c84fa94-04c1-424b-9868-57a2d4851a1d" />
    <TestEntry testId="7e6c75c9-5365-7582-f701-20d37d3ff511" executionId="b71d3e94-6baf-4b45-8e37-8682eb5708a9" testListId="8c84fa94-04c1-424b-9868-57a2d4851a1d" />
    <TestEntry testId="fa1e54c9-cdb0-8bb1-6764-9179c3b61825" executionId="36830909-a83d-4aef-b65a-d6be05b5d26e" testListId="8c84fa94-04c1-424b-9868-57a2d4851a1d" />
    <TestEntry testId="add44896-9236-510f-750d-eb49b89a7a65" executionId="fdd77e81-b70d-43ac-85ca-a1a99b931b7d" testListId="8c84fa94-04c1-424b-9868-57a2d4851a1d" />
    <TestEntry testId="41cb0c4f-1c07-4937-29e8-dcc987caf94e" executionId="881a36b3-69db-4fea-92d0-599325f0ab4e" testListId="8c84fa94-04c1-424b-9868-57a2d4851a1d" />
    <TestEntry testId="3af599bd-a8de-95a2-1ecc-194c7f8aceeb" executionId="a5b9c747-c35c-460f-ae5a-7982e23159b7" testListId="8c84fa94-04c1-424b-9868-57a2d4851a1d" />
    <TestEntry testId="0e090158-43a1-1be8-47c2-13e1b2c9f8c7" executionId="19af94e1-f3c1-4656-94bf-380ab3734812" testListId="8c84fa94-04c1-424b-9868-57a2d4851a1d" />
    <TestEntry testId="067e1c92-2860-531b-28dc-c2863e91b7f5" executionId="9a4a9b78-26eb-481c-8eed-89b7437afe25" testListId="8c84fa94-04c1-424b-9868-57a2d4851a1d" />
    <TestEntry testId="64813bea-d79b-d74b-adb5-1302eaf5641f" executionId="6dcc8ea9-839b-4536-b416-88d31f85209a" testListId="8c84fa94-04c1-424b-9868-57a2d4851a1d" />
    <TestEntry testId="aa71fe8a-e5aa-f23d-c632-cfb3c587ca21" executionId="d5806c6f-7d40-4973-8674-d8a08b34c8fd" testListId="8c84fa94-04c1-424b-9868-57a2d4851a1d" />
    <TestEntry testId="78aeddd0-4ae5-6103-b7dd-e62b71148721" executionId="dd41ac17-4ff2-40a8-bb65-4477c0e0e90a" testListId="8c84fa94-04c1-424b-9868-57a2d4851a1d" />
    <TestEntry testId="ee74d71f-f824-19d9-866e-a408a95ffa99" executionId="473115a5-57b8-4543-ac20-5f0ae9d192ba" testListId="8c84fa94-04c1-424b-9868-57a2d4851a1d" />
    <TestEntry testId="e30ef794-1ea7-a76a-356b-1668bca94630" executionId="d907562a-915a-4fa4-a8d1-9284d64c6a74" testListId="8c84fa94-04c1-424b-9868-57a2d4851a1d" />
    <TestEntry testId="4d5f7893-139c-db00-8823-de561780758d" executionId="1e6627d0-d9f2-4773-9682-0d64dc7ef54b" testListId="8c84fa94-04c1-424b-9868-57a2d4851a1d" />
    <TestEntry testId="78a6b3a3-679e-ee71-7ff5-c9338e3be6c2" executionId="3fa9463f-93ff-4a58-b604-a33b510dd230" testListId="8c84fa94-04c1-424b-9868-57a2d4851a1d" />
    <TestEntry testId="40304968-0dee-8e41-4f42-20809899a9d0" executionId="fd037e82-ee37-4076-8cda-d95ba7da728e" testListId="8c84fa94-04c1-424b-9868-57a2d4851a1d" />
    <TestEntry testId="72d470fa-c19a-1302-1fcf-eb104ea36048" executionId="e1d2ea77-0fa2-4e58-97e4-829779e1c3ee" testListId="8c84fa94-04c1-424b-9868-57a2d4851a1d" />
    <TestEntry testId="d09c033d-0065-cbeb-bd7c-ee8b6460688f" executionId="aa54b9bc-f5b3-415a-892d-7172aaf1ff84" testListId="8c84fa94-04c1-424b-9868-57a2d4851a1d" />
    <TestEntry testId="2c8f1abb-446c-6683-6327-8ec4ccd46e1a" executionId="9c13b464-1e41-4429-8312-afe32624883b" testListId="8c84fa94-04c1-424b-9868-57a2d4851a1d" />
    <TestEntry testId="9efc5df4-5f77-a670-8622-976418721b8f" executionId="cbfb8fb4-fc6d-48d2-be94-4d5226c45b66" testListId="8c84fa94-04c1-424b-9868-57a2d4851a1d" />
    <TestEntry testId="9bb2410c-d8c6-90b8-75cd-5c93dc903745" executionId="abe19b91-d119-4034-8975-50ec9f56ccbb" testListId="8c84fa94-04c1-424b-9868-57a2d4851a1d" />
    <TestEntry testId="05c22c90-eaaa-d3c2-bd2d-36c2df85528e" executionId="f4b3d175-6e04-45e5-b691-52df64db8ed2" testListId="8c84fa94-04c1-424b-9868-57a2d4851a1d" />
    <TestEntry testId="e64af447-d4dc-7221-865a-703128db7b90" executionId="e38ccc75-3056-4bc8-adb2-68400939dea4" testListId="8c84fa94-04c1-424b-9868-57a2d4851a1d" />
    <TestEntry testId="b04f3200-80ca-d47f-0c01-8a37e5c952e6" executionId="6947c394-549d-46f1-85f2-3722e00fc1d1" testListId="8c84fa94-04c1-424b-9868-57a2d4851a1d" />
    <TestEntry testId="8c97c958-0c5d-1594-2cc5-02c96df8fc9b" executionId="c16dd9f0-0fe2-4086-ab15-6f2738986c5c" testListId="8c84fa94-04c1-424b-9868-57a2d4851a1d" />
    <TestEntry testId="6e54c207-a3b1-f181-06be-066795ac26e1" executionId="fbe09fe8-e01e-4751-8022-e9887c6ce29e" testListId="8c84fa94-04c1-424b-9868-57a2d4851a1d" />
    <TestEntry testId="8f2bb160-fa82-a566-570e-51eeb5237e95" executionId="fbd43871-8867-4393-98ff-267b9055c690" testListId="8c84fa94-04c1-424b-9868-57a2d4851a1d" />
    <TestEntry testId="f8369e2e-c5ec-dade-ad85-e2c56909c853" executionId="214e99b7-3777-4a80-8276-fe2fcee2c389" testListId="8c84fa94-04c1-424b-9868-57a2d4851a1d" />
    <TestEntry testId="3fe8806f-fabb-1deb-7e27-c59578f16da3" executionId="23cc5923-00a0-42b4-8560-4cc48e52dbd7" testListId="8c84fa94-04c1-424b-9868-57a2d4851a1d" />
  </TestEntries>
  <Results>
    <UnitTestResult executionId="a8f782e1-8c94-480c-b3f3-4f5d94d60b0d" testId="4d0f7327-ed22-9a43-969a-ac2ea8102d66" testName="AddingSeveralNumbers_40" computerName="DANIEL-NOTEBOOK" duration="00:00:00.1720155" startTime="2016-04-26T00:41:00.9107702+02:00" endTime="2016-04-26T00:41:01.7886724+02:00" testType="13cdc9d9-ddb5-4fa4-a97d-d965ccfc6d4b" outcome="Passed" testListId="8c84fa94-04c1-424b-9868-57a2d4851a1d" relativeResultsDirectory="a8f782e1-8c94-480c-b3f3-4f5d94d60b0d">
      <Output>
        <StdOut>Given the calculator has clean memory
-&gt; done: AdditionSteps.GivenTheCalculatorHasCleanMemory() (0,0s)
Given I have entered 40 into the calculator
-&gt; done: AdditionSteps.GivenIHaveEnteredIntoTheCalculator(40) (0,0s)
And I have entered 50 into the calculator
-&gt; done: AdditionSteps.GivenIHaveEnteredIntoTheCalculator(50) (0,0s)
And I have entered 90 into the calculator
-&gt; done: AdditionSteps.GivenIHaveEnteredIntoTheCalculator(90) (0,0s)
When I press add
-&gt; done: AdditionSteps.WhenIPressAdd() (0,0s)
Then the result should be 180 on the screen
-&gt; done: AdditionSteps.ThenTheResultShouldBeOnTheScreen(180) (0,1s)</StdOut>
      </Output>
    </UnitTestResult>
    <UnitTestResult executionId="1c120f35-76c8-43dd-9f5b-b5fe273a40e7" testId="f4b45c2f-fc98-d23c-6179-62d5b5a59825" testName="AddingSeveralNumbers_60" computerName="DANIEL-NOTEBOOK" duration="00:00:00.0004847" startTime="2016-04-26T00:41:01.7926779+02:00" endTime="2016-04-26T00:41:01.7951835+02:00" testType="13cdc9d9-ddb5-4fa4-a97d-d965ccfc6d4b" outcome="Passed" testListId="8c84fa94-04c1-424b-9868-57a2d4851a1d" relativeResultsDirectory="1c120f35-76c8-43dd-9f5b-b5fe273a40e7">
      <Output>
        <StdOut>Given the calculator has clean memory
-&gt; done: AdditionSteps.GivenTheCalculatorHasCleanMemory() (0,0s)
Given I have entered 60 into the calculator
-&gt; done: AdditionSteps.GivenIHaveEnteredIntoTheCalculator(60) (0,0s)
And I have entered 70 into the calculator
-&gt; done: AdditionSteps.GivenIHaveEnteredIntoTheCalculator(70) (0,0s)
And I have entered 130 into the calculator
-&gt; done: AdditionSteps.GivenIHaveEnteredIntoTheCalculator(130) (0,0s)
When I press add
-&gt; done: AdditionSteps.WhenIPressAdd() (0,0s)
Then the result should be 260 on the screen
-&gt; done: AdditionSteps.ThenTheResultShouldBeOnTheScreen(260) (0,0s)</StdOut>
      </Output>
    </UnitTestResult>
    <UnitTestResult executionId="559d2f7f-a14f-4bdd-a217-3cc4d5d55477" testId="6b8581c3-611e-6116-4232-a31382677735" testName="AddTwoNumbers" computerName="DANIEL-NOTEBOOK" duration="00:00:00.0004954" startTime="2016-04-26T00:41:01.7986856+02:00" endTime="2016-04-26T00:41:01.8011871+02:00" testType="13cdc9d9-ddb5-4fa4-a97d-d965ccfc6d4b" outcome="Passed" testListId="8c84fa94-04c1-424b-9868-57a2d4851a1d" relativeResultsDirectory="559d2f7f-a14f-4bdd-a217-3cc4d5d55477">
      <Output>
        <StdOut>Given the calculator has clean memory
-&gt; done: AdditionSteps.GivenTheCalculatorHasCleanMemory() (0,0s)
Given I have entered 1 into the calculator
-&gt; done: AdditionSteps.GivenIHaveEnteredIntoTheCalculator(1) (0,0s)
And I have entered 2 into the calculator
-&gt; done: AdditionSteps.GivenIHaveEnteredIntoTheCalculator(2) (0,0s)
When I press add
-&gt; done: AdditionSteps.WhenIPressAdd() (0,0s)
Then the result should be 3 on the screen
-&gt; done: AdditionSteps.ThenTheResultShouldBeOnTheScreen(3) (0,0s)</StdOut>
      </Output>
    </UnitTestResult>
    <UnitTestResult executionId="ff7f9def-c426-4b37-8547-5b348030f0d2" testId="b13a186e-33df-348e-f9e2-a18b445d0d6e" testName="FailToAddTwoNumbers" computerName="DANIEL-NOTEBOOK" duration="00:00:00.1791354" startTime="2016-04-26T00:41:01.8046934+02:00" endTime="2016-04-26T00:41:01.9859412+02:00" testType="13cdc9d9-ddb5-4fa4-a97d-d965ccfc6d4b" outcome="Failed" testListId="8c84fa94-04c1-424b-9868-57a2d4851a1d" relativeResultsDirectory="ff7f9def-c426-4b37-8547-5b348030f0d2">
      <Output>
        <StdOut>Given the calculator has clean memory
-&gt; done: AdditionSteps.GivenTheCalculatorHasCleanMemory() (0,0s)
Given I have entered 1 into the calculator
-&gt; done: AdditionSteps.GivenIHaveEnteredIntoTheCalculator(1) (0,0s)
And I have entered 2.2 into the calculator
-&gt; done: AdditionSteps.GivenIHaveEnteredIntoTheCalculator(2,2) (0,0s)
When I press add
-&gt; done: AdditionSteps.WhenIPressAdd() (0,0s)
Then the result should be 3.2 on the screen
-&gt; error: Die Eingabezeichenfolge hat das falsche Format.</StdOut>
        <ErrorInfo>
          <Message>Test method Pickles.TestHarness.MsTest.AdditionFeature.FailToAddTwoNumbers threw exception: 
System.FormatException: Die Eingabezeichenfolge hat das falsche Format.</Message>
          <StackTrace>    bei System.Number.StringToNumber(String str, NumberStyles options, NumberBuffer&amp; number, NumberFormatInfo info, Boolean parseDecimal)
   bei System.Number.ParseInt32(String s, NumberStyles style, NumberFormatInfo info)
   bei System.String.System.IConvertible.ToInt32(IFormatProvider provider)
   bei System.Convert.ChangeType(Object value, Type conversionType, IFormatProvider provider)
   bei TechTalk.SpecFlow.Bindings.StepArgumentTypeConverter.ConvertSimple(Type typeToConvertTo, Object value, CultureInfo cultureInfo)
   bei TechTalk.SpecFlow.Bindings.StepArgumentTypeConverter.ConvertSimple(IBindingType typeToConvertTo, Object value, CultureInfo cultureInfo)
   bei TechTalk.SpecFlow.Bindings.StepArgumentTypeConverter.Convert(Object value, IBindingType typeToConvertTo, CultureInfo cultureInfo)
   bei TechTalk.SpecFlow.Infrastructure.TestExecutionEngine.ConvertArg(Object value, IBindingType typeToConvertTo)
   bei TechTalk.SpecFlow.Infrastructure.TestExecutionEngine.&lt;&gt;c__DisplayClass5.&lt;GetExecuteArguments&gt;b__4(Object arg, Int32 argIndex)
   bei System.Linq.Enumerable.&lt;SelectIterator&gt;d__5`2.MoveNext()
   bei System.Linq.Buffer`1..ctor(IEnumerable`1 source)
   bei System.Linq.Enumerable.ToArray[TSource](IEnumerable`1 source)
   bei TechTalk.SpecFlow.Infrastructure.TestExecutionEngine.GetExecuteArguments(BindingMatch match)
   bei TechTalk.SpecFlow.Infrastructure.TestExecutionEngine.ExecuteStep(StepInstance stepInstance)
   bei TechTalk.SpecFlow.Infrastructure.TestExecutionEngine.OnAfterLastStep()
   bei TechTalk.SpecFlow.TestRunner.CollectScenarioErrors()
   bei Pickles.TestHarness.MsTest.AdditionFeature.ScenarioCleanup() in D:\Work\pickles-testresults\TestHarness\MsTest\Addition.feature.cs:Zeile 0.
   bei Pickles.TestHarness.MsTest.AdditionFeature.FailToAddTwoNumbers() in D:\Work\pickles-testresults\TestHarness\MsTest\Addition.feature:Zeile 34.
</StackTrace>
        </ErrorInfo>
      </Output>
    </UnitTestResult>
    <UnitTestResult executionId="d9bf19bd-8cfa-44e1-be14-e10707edf9d8" testId="2124dd33-7aaa-d4fb-c72f-98ad434251c0" testName="NotAutomatedAddingTwoNumbers" computerName="DANIEL-NOTEBOOK" duration="00:00:00.2085406" startTime="2016-04-26T00:41:01.9899471+02:00" endTime="2016-04-26T00:41:02.2003113+02:00" testType="13cdc9d9-ddb5-4fa4-a97d-d965ccfc6d4b" outcome="Inconclusive" testListId="8c84fa94-04c1-424b-9868-57a2d4851a1d" relativeResultsDirectory="d9bf19bd-8cfa-44e1-be14-e10707edf9d8">
      <Output>
        <StdOut>Given the calculator has clean memory
-&gt; done: AdditionSteps.GivenTheCalculatorHasCleanMemory() (0,0s)
Given unimplemented step
-&gt; No matching step definition found for the step. Use the following code to create one:
        [Given(@"unimplemented step")]
        public void GivenUnimplementedStep()
        {
            ScenarioContext.Current.Pending();
        }

When unimplemented step
-&gt; No matching step definition found for the step. Use the following code to create one:
        [When(@"unimplemented step")]
        public void WhenUnimplementedStep()
        {
            ScenarioContext.Current.Pending();
        }

Then unimplemented step
-&gt; No matching step definition found for the step. Use the following code to create one:
        [Then(@"unimplemented step")]
        public void ThenUnimplementedStep()
        {
            ScenarioContext.Current.Pending();
        }</StdOut>
        <ErrorInfo>
          <Message>Assert.Inconclusive failed. No matching step definition found for one or more steps.
using System;
using TechTalk.SpecFlow;

namespace MyNamespace
{
    [Binding]
    public class StepDefinitions
    {
        [Given(@"unimplemented step")]
        public void GivenUnimplementedStep()
        {
            ScenarioContext.Current.Pending();
        }
        
        [When(@"unimplemented step")]
        public void WhenUnimplementedStep()
        {
            ScenarioContext.Current.Pending();
        }
        
        [Then(@"unimplemented step")]
        public void ThenUnimplementedStep()
        {
            ScenarioContext.Current.Pending();
        }
    }
}
</Message>
          <StackTrace>   bei lambda_method(Closure , String , Object[] )
   bei TechTalk.SpecFlow.UnitTestProvider.MsTestRuntimeProvider.TestInconclusive(String message)
   bei TechTalk.SpecFlow.UnitTestProvider.MsTestRuntimeProvider.TestPending(String message)
   bei TechTalk.SpecFlow.ErrorHandling.ErrorProvider.ThrowPendingError(TestStatus testStatus, String message)
   bei TechTalk.SpecFlow.Infrastructure.TestExecutionEngine.OnAfterLastStep()
   bei TechTalk.SpecFlow.TestRunner.CollectScenarioErrors()
   bei Pickles.TestHarness.MsTest.AdditionFeature.ScenarioCleanup() in D:\Work\pickles-testresults\TestHarness\MsTest\Addition.feature.cs:Zeile 0.
   bei Pickles.TestHarness.MsTest.AdditionFeature.NotAutomatedAddingTwoNumbers() in D:\Work\pickles-testresults\TestHarness\MsTest\Addition.feature:Zeile 46.
</StackTrace>
        </ErrorInfo>
      </Output>
    </UnitTestResult>
    <UnitTestResult executionId="e6e2138e-44c3-432b-bd23-83a81d115686" testId="b4815779-aba4-cf1b-8df3-4a745af70720" testName="AddingSeveralNumbers_40" computerName="DANIEL-NOTEBOOK" duration="00:00:00.0986378" startTime="2016-04-26T00:41:02.2318657+02:00" endTime="2016-04-26T00:41:02.3397998+02:00" testType="13cdc9d9-ddb5-4fa4-a97d-d965ccfc6d4b" outcome="Failed" testListId="8c84fa94-04c1-424b-9868-57a2d4851a1d" relativeResultsDirectory="e6e2138e-44c3-432b-bd23-83a81d115686">
      <Output>
        <StdOut>Given the background step fails
-&gt; error: 
    1
        should be
    2
        but was
    1
And the calculator has clean memory
-&gt; skipped because of previous errors
Given I have entered 40 into the calculator
-&gt; skipped because of previous errors
And I have entered 50 into the calculator
-&gt; skipped because of previous errors
And I have entered 90 into the calculator
-&gt; skipped because of previous errors
When I press add
-&gt; skipped because of previous errors
Then the result should be 180 on the screen
-&gt; skipped because of previous errors</StdOut>
        <ErrorInfo>
          <Message>Test method Pickles.TestHarness.MsTest.FailingBackgroundFeature.AddingSeveralNumbers_40 threw exception: 
Shouldly.ChuckedAWobbly: 
    1
        should be
    2
        but was
    1</Message>
          <StackTrace>    bei Shouldly.ShouldlyCoreExtensions.AssertAwesomely[T](T actual, Func`2 specifiedConstraint, Object originalActual, Object originalExpected) in c:\TeamCity\buildAgent\work\10efaabfa8adbd4e\src\Shouldly\ShouldlyCoreExtensions.cs:Zeile 18.
   bei Shouldly.ShouldBeTestExtensions.ShouldBe[T](T actual, T expected) in c:\TeamCity\buildAgent\work\10efaabfa8adbd4e\src\Shouldly\ShouldBeTestExtensions.cs:Zeile 17.
   bei AutomationLayer.AdditionSteps.GivenTheBackgroundStepFails() in D:\Work\pickles-testresults\TestHarness\AutomationLayer\AdditionSteps.cs:Zeile 25.
   bei lambda_method(Closure , IContextManager )
   bei TechTalk.SpecFlow.Bindings.BindingInvoker.InvokeBinding(IBinding binding, IContextManager contextManager, Object[] arguments, ITestTracer testTracer, TimeSpan&amp; duration)
   bei TechTalk.SpecFlow.Infrastructure.TestExecutionEngine.ExecuteStepMatch(BindingMatch match, Object[] arguments)
   bei TechTalk.SpecFlow.Infrastructure.TestExecutionEngine.ExecuteStep(StepInstance stepInstance)
   bei TechTalk.SpecFlow.Infrastructure.TestExecutionEngine.OnAfterLastStep()
   bei TechTalk.SpecFlow.TestRunner.CollectScenarioErrors()
   bei Pickles.TestHarness.MsTest.FailingBackgroundFeature.ScenarioCleanup() in D:\Work\pickles-testresults\TestHarness\MsTest\FailingBackground.feature.cs:Zeile 0.
   bei Pickles.TestHarness.MsTest.FailingBackgroundFeature.AddingSeveralNumbers(String firstNumber, String secondNumber, String thirdNumber, String result, String[] exampleTags) in D:\Work\pickles-testresults\TestHarness\MsTest\FailingBackground.feature:Zeile 19.
   bei Pickles.TestHarness.MsTest.FailingBackgroundFeature.AddingSeveralNumbers_40() in D:\Work\pickles-testresults\TestHarness\MsTest\FailingBackground.feature.cs:Zeile 0.
</StackTrace>
        </ErrorInfo>
      </Output>
    </UnitTestResult>
    <UnitTestResult executionId="2b6fefd5-1336-4aab-b5a3-6f1e21e42889" testId="17bb28b8-a770-72be-af08-5a4b0847e4ea" testName="AddingSeveralNumbers_60" computerName="DANIEL-NOTEBOOK" duration="00:00:00.0036611" startTime="2016-04-26T00:41:02.3453139+02:00" endTime="2016-04-26T00:41:02.3533235+02:00" testType="13cdc9d9-ddb5-4fa4-a97d-d965ccfc6d4b" outcome="Failed" testListId="8c84fa94-04c1-424b-9868-57a2d4851a1d" relativeResultsDirectory="2b6fefd5-1336-4aab-b5a3-6f1e21e42889">
      <Output>
        <StdOut>Given the background step fails
-&gt; error: 
    1
        should be
    2
        but was
    1
And the calculator has clean memory
-&gt; skipped because of previous errors
Given I have entered 60 into the calculator
-&gt; skipped because of previous errors
And I have entered 70 into the calculator
-&gt; skipped because of previous errors
And I have entered 130 into the calculator
-&gt; skipped because of previous errors
When I press add
-&gt; skipped because of previous errors
Then the result should be 260 on the screen
-&gt; skipped because of previous errors</StdOut>
        <ErrorInfo>
          <Message>Test method Pickles.TestHarness.MsTest.FailingBackgroundFeature.AddingSeveralNumbers_60 threw exception: 
Shouldly.ChuckedAWobbly: 
    1
        should be
    2
        but was
    1</Message>
          <StackTrace>    bei Shouldly.ShouldlyCoreExtensions.AssertAwesomely[T](T actual, Func`2 specifiedConstraint, Object originalActual, Object originalExpected) in c:\TeamCity\buildAgent\work\10efaabfa8adbd4e\src\Shouldly\ShouldlyCoreExtensions.cs:Zeile 18.
   bei Shouldly.ShouldBeTestExtensions.ShouldBe[T](T actual, T expected) in c:\TeamCity\buildAgent\work\10efaabfa8adbd4e\src\Shouldly\ShouldBeTestExtensions.cs:Zeile 17.
   bei AutomationLayer.AdditionSteps.GivenTheBackgroundStepFails() in D:\Work\pickles-testresults\TestHarness\AutomationLayer\AdditionSteps.cs:Zeile 25.
   bei lambda_method(Closure , IContextManager )
   bei TechTalk.SpecFlow.Bindings.BindingInvoker.InvokeBinding(IBinding binding, IContextManager contextManager, Object[] arguments, ITestTracer testTracer, TimeSpan&amp; duration)
   bei TechTalk.SpecFlow.Infrastructure.TestExecutionEngine.ExecuteStepMatch(BindingMatch match, Object[] arguments)
   bei TechTalk.SpecFlow.Infrastructure.TestExecutionEngine.ExecuteStep(StepInstance stepInstance)
   bei TechTalk.SpecFlow.Infrastructure.TestExecutionEngine.OnAfterLastStep()
   bei TechTalk.SpecFlow.TestRunner.CollectScenarioErrors()
   bei Pickles.TestHarness.MsTest.FailingBackgroundFeature.ScenarioCleanup() in D:\Work\pickles-testresults\TestHarness\MsTest\FailingBackground.feature.cs:Zeile 0.
   bei Pickles.TestHarness.MsTest.FailingBackgroundFeature.AddingSeveralNumbers(String firstNumber, String secondNumber, String thirdNumber, String result, String[] exampleTags) in D:\Work\pickles-testresults\TestHarness\MsTest\FailingBackground.feature:Zeile 19.
   bei Pickles.TestHarness.MsTest.FailingBackgroundFeature.AddingSeveralNumbers_60() in D:\Work\pickles-testresults\TestHarness\MsTest\FailingBackground.feature.cs:Zeile 0.
</StackTrace>
        </ErrorInfo>
      </Output>
    </UnitTestResult>
    <UnitTestResult executionId="9e109765-6ba8-4671-bbb0-61b7fd8370f6" testId="ca63316a-39e5-9545-3bca-f1839c7b4664" testName="AddTwoNumbers" computerName="DANIEL-NOTEBOOK" duration="00:00:00.0026563" startTime="2016-04-26T00:41:02.3568256+02:00" endTime="2016-04-26T00:41:02.3613265+02:00" testType="13cdc9d9-ddb5-4fa4-a97d-d965ccfc6d4b" outcome="Failed" testListId="8c84fa94-04c1-424b-9868-57a2d4851a1d" relativeResultsDirectory="9e109765-6ba8-4671-bbb0-61b7fd8370f6">
      <Output>
        <StdOut>Given the background step fails
-&gt; error: 
    1
        should be
    2
        but was
    1
And the calculator has clean memory
-&gt; skipped because of previous errors
Given I have entered 50 into the calculator
-&gt; skipped because of previous errors
And I have entered 70 into the calculator
-&gt; skipped because of previous errors
When I press add
-&gt; skipped because of previous errors
Then the result should be 120 on the screen
-&gt; skipped because of previous errors</StdOut>
        <ErrorInfo>
          <Message>Test method Pickles.TestHarness.MsTest.FailingBackgroundFeature.AddTwoNumbers threw exception: 
Shouldly.ChuckedAWobbly: 
    1
        should be
    2
        but was
    1</Message>
          <StackTrace>    bei Shouldly.ShouldlyCoreExtensions.AssertAwesomely[T](T actual, Func`2 specifiedConstraint, Object originalActual, Object originalExpected) in c:\TeamCity\buildAgent\work\10efaabfa8adbd4e\src\Shouldly\ShouldlyCoreExtensions.cs:Zeile 18.
   bei Shouldly.ShouldBeTestExtensions.ShouldBe[T](T actual, T expected) in c:\TeamCity\buildAgent\work\10efaabfa8adbd4e\src\Shouldly\ShouldBeTestExtensions.cs:Zeile 17.
   bei AutomationLayer.AdditionSteps.GivenTheBackgroundStepFails() in D:\Work\pickles-testresults\TestHarness\AutomationLayer\AdditionSteps.cs:Zeile 25.
   bei lambda_method(Closure , IContextManager )
   bei TechTalk.SpecFlow.Bindings.BindingInvoker.InvokeBinding(IBinding binding, IContextManager contextManager, Object[] arguments, ITestTracer testTracer, TimeSpan&amp; duration)
   bei TechTalk.SpecFlow.Infrastructure.TestExecutionEngine.ExecuteStepMatch(BindingMatch match, Object[] arguments)
   bei TechTalk.SpecFlow.Infrastructure.TestExecutionEngine.ExecuteStep(StepInstance stepInstance)
   bei TechTalk.SpecFlow.Infrastructure.TestExecutionEngine.OnAfterLastStep()
   bei TechTalk.SpecFlow.TestRunner.CollectScenarioErrors()
   bei Pickles.TestHarness.MsTest.FailingBackgroundFeature.ScenarioCleanup() in D:\Work\pickles-testresults\TestHarness\MsTest\FailingBackground.feature.cs:Zeile 0.
   bei Pickles.TestHarness.MsTest.FailingBackgroundFeature.AddTwoNumbers() in D:\Work\pickles-testresults\TestHarness\MsTest\FailingBackground.feature:Zeile 12.
</StackTrace>
        </ErrorInfo>
      </Output>
    </UnitTestResult>
    <UnitTestResult executionId="fed7bce5-8a69-4bd7-81ce-95f46d34c0b5" testId="18582dd5-09c7-ce67-9cb7-8e15a9cdffd0" testName="FailingFeatureFailingScenario" computerName="DANIEL-NOTEBOOK" duration="00:00:00.0057362" startTime="2016-04-26T00:41:02.3648286+02:00" endTime="2016-04-26T00:41:02.3732118+02:00" testType="13cdc9d9-ddb5-4fa4-a97d-d965ccfc6d4b" outcome="Failed" testListId="8c84fa94-04c1-424b-9868-57a2d4851a1d" relativeResultsDirectory="fed7bce5-8a69-4bd7-81ce-95f46d34c0b5">
      <Output>
        <StdOut>Then failing step
-&gt; error: 
    true
        should be
    False
        but was
    True</StdOut>
        <ErrorInfo>
          <Message>Test method Pickles.TestHarness.MsTest.MinimalFeatures.FailingFeature.FailingFeatureFailingScenario threw exception: 
Shouldly.ChuckedAWobbly: 
    true
        should be
    False
        but was
    True</Message>
          <StackTrace>    bei Shouldly.ShouldlyCoreExtensions.AssertAwesomely[T](T actual, Func`2 specifiedConstraint, Object originalActual, Object originalExpected) in c:\TeamCity\buildAgent\work\10efaabfa8adbd4e\src\Shouldly\ShouldlyCoreExtensions.cs:Zeile 18.
   bei Shouldly.ShouldBeTestExtensions.ShouldBe[T](T actual, T expected) in c:\TeamCity\buildAgent\work\10efaabfa8adbd4e\src\Shouldly\ShouldBeTestExtensions.cs:Zeile 17.
   bei AutomationLayer.MinimalFeatures.MinimalSteps.ThenFailingStep() in D:\Work\pickles-testresults\TestHarness\AutomationLayer\MinimalFeatures\MinimalSteps.cs:Zeile 24.
   bei lambda_method(Closure , IContextManager )
   bei TechTalk.SpecFlow.Bindings.BindingInvoker.InvokeBinding(IBinding binding, IContextManager contextManager, Object[] arguments, ITestTracer testTracer, TimeSpan&amp; duration)
   bei TechTalk.SpecFlow.Infrastructure.TestExecutionEngine.ExecuteStepMatch(BindingMatch match, Object[] arguments)
   bei TechTalk.SpecFlow.Infrastructure.TestExecutionEngine.ExecuteStep(StepInstance stepInstance)
   bei TechTalk.SpecFlow.Infrastructure.TestExecutionEngine.OnAfterLastStep()
   bei TechTalk.SpecFlow.TestRunner.CollectScenarioErrors()
   bei Pickles.TestHarness.MsTest.MinimalFeatures.FailingFeature.ScenarioCleanup() in D:\Work\pickles-testresults\TestHarness\MsTest\Minimal Features\Failing.feature.cs:Zeile 0.
   bei Pickles.TestHarness.MsTest.MinimalFeatures.FailingFeature.FailingFeatureFailingScenario() in D:\Work\pickles-testresults\TestHarness\MsTest\Minimal Features\Failing.feature:Zeile 10.
</StackTrace>
        </ErrorInfo>
      </Output>
    </UnitTestResult>
    <UnitTestResult executionId="b71d3e94-6baf-4b45-8e37-8682eb5708a9" testId="7e6c75c9-5365-7582-f701-20d37d3ff511" testName="FailingFeatureInconclusiveScenario" computerName="DANIEL-NOTEBOOK" duration="00:00:00.0022471" startTime="2016-04-26T00:41:02.3767139+02:00" endTime="2016-04-26T00:41:02.3812186+02:00" testType="13cdc9d9-ddb5-4fa4-a97d-d965ccfc6d4b" outcome="Inconclusive" testListId="8c84fa94-04c1-424b-9868-57a2d4851a1d" relativeResultsDirectory="b71d3e94-6baf-4b45-8e37-8682eb5708a9">
      <Output>
        <StdOut>Then inconclusive step
-&gt; pending: MinimalSteps.ThenInconclusiveStep()</StdOut>
        <ErrorInfo>
          <Message>Assert.Inconclusive failed. One or more step definitions are not implemented yet.
  MinimalSteps.ThenInconclusiveStep()</Message>
          <StackTrace>   bei lambda_method(Closure , String , Object[] )
   bei TechTalk.SpecFlow.UnitTestProvider.MsTestRuntimeProvider.TestInconclusive(String message)
   bei TechTalk.SpecFlow.UnitTestProvider.MsTestRuntimeProvider.TestPending(String message)
   bei TechTalk.SpecFlow.ErrorHandling.ErrorProvider.ThrowPendingError(TestStatus testStatus, String message)
   bei TechTalk.SpecFlow.Infrastructure.TestExecutionEngine.OnAfterLastStep()
   bei TechTalk.SpecFlow.TestRunner.CollectScenarioErrors()
   bei Pickles.TestHarness.MsTest.MinimalFeatures.FailingFeature.ScenarioCleanup() in D:\Work\pickles-testresults\TestHarness\MsTest\Minimal Features\Failing.feature.cs:Zeile 0.
   bei Pickles.TestHarness.MsTest.MinimalFeatures.FailingFeature.FailingFeatureInconclusiveScenario() in D:\Work\pickles-testresults\TestHarness\MsTest\Minimal Features\Failing.feature:Zeile 7.
</StackTrace>
        </ErrorInfo>
      </Output>
    </UnitTestResult>
    <UnitTestResult executionId="36830909-a83d-4aef-b65a-d6be05b5d26e" testId="fa1e54c9-cdb0-8bb1-6764-9179c3b61825" testName="FailingFeaturePassingScenario" computerName="DANIEL-NOTEBOOK" duration="00:00:00.0006251" startTime="2016-04-26T00:41:02.3847235+02:00" endTime="2016-04-26T00:41:02.3872258+02:00" testType="13cdc9d9-ddb5-4fa4-a97d-d965ccfc6d4b" outcome="Passed" testListId="8c84fa94-04c1-424b-9868-57a2d4851a1d" relativeResultsDirectory="36830909-a83d-4aef-b65a-d6be05b5d26e">
      <Output>
        <StdOut>Then passing step
-&gt; done: MinimalSteps.ThenPassingStep() (0,0s)</StdOut>
      </Output>
    </UnitTestResult>
    <UnitTestResult executionId="fdd77e81-b70d-43ac-85ca-a1a99b931b7d" testId="add44896-9236-510f-750d-eb49b89a7a65" testName="InconclusiveFeatureInconclusiveScenario" computerName="DANIEL-NOTEBOOK" duration="00:00:00.0017400" startTime="2016-04-26T00:41:02.3907270+02:00" endTime="2016-04-26T00:41:02.3950483+02:00" testType="13cdc9d9-ddb5-4fa4-a97d-d965ccfc6d4b" outcome="Inconclusive" testListId="8c84fa94-04c1-424b-9868-57a2d4851a1d" relativeResultsDirectory="fdd77e81-b70d-43ac-85ca-a1a99b931b7d">
      <Output>
        <StdOut>Then inconclusive step
-&gt; pending: MinimalSteps.ThenInconclusiveStep()</StdOut>
        <ErrorInfo>
          <Message>Assert.Inconclusive failed. One or more step definitions are not implemented yet.
  MinimalSteps.ThenInconclusiveStep()</Message>
          <StackTrace>   bei lambda_method(Closure , String , Object[] )
   bei TechTalk.SpecFlow.UnitTestProvider.MsTestRuntimeProvider.TestInconclusive(String message)
   bei TechTalk.SpecFlow.UnitTestProvider.MsTestRuntimeProvider.TestPending(String message)
   bei TechTalk.SpecFlow.ErrorHandling.ErrorProvider.ThrowPendingError(TestStatus testStatus, String message)
   bei TechTalk.SpecFlow.Infrastructure.TestExecutionEngine.OnAfterLastStep()
   bei TechTalk.SpecFlow.TestRunner.CollectScenarioErrors()
   bei Pickles.TestHarness.MsTest.MinimalFeatures.InconclusiveFeature.ScenarioCleanup() in D:\Work\pickles-testresults\TestHarness\MsTest\Minimal Features\Inconclusive.feature.cs:Zeile 0.
   bei Pickles.TestHarness.MsTest.MinimalFeatures.InconclusiveFeature.InconclusiveFeatureInconclusiveScenario() in D:\Work\pickles-testresults\TestHarness\MsTest\Minimal Features\Inconclusive.feature:Zeile 7.
</StackTrace>
        </ErrorInfo>
      </Output>
    </UnitTestResult>
    <UnitTestResult executionId="881a36b3-69db-4fea-92d0-599325f0ab4e" testId="41cb0c4f-1c07-4937-29e8-dcc987caf94e" testName="InconclusiveFeaturePassingScenario" computerName="DANIEL-NOTEBOOK" duration="00:00:00.0002929" startTime="2016-04-26T00:41:02.3985504+02:00" endTime="2016-04-26T00:41:02.4010542+02:00" testType="13cdc9d9-ddb5-4fa4-a97d-d965ccfc6d4b" outcome="Passed" testListId="8c84fa94-04c1-424b-9868-57a2d4851a1d" relativeResultsDirectory="881a36b3-69db-4fea-92d0-599325f0ab4e">
      <Output>
        <StdOut>Then passing step
-&gt; done: MinimalSteps.ThenPassingStep() (0,0s)</StdOut>
      </Output>
    </UnitTestResult>
    <UnitTestResult executionId="a5b9c747-c35c-460f-ae5a-7982e23159b7" testId="3af599bd-a8de-95a2-1ecc-194c7f8aceeb" testName="PassingFeaturePassingScenario" computerName="DANIEL-NOTEBOOK" duration="00:00:00.0005602" startTime="2016-04-26T00:41:02.4045605+02:00" endTime="2016-04-26T00:41:02.4080649+02:00" testType="13cdc9d9-ddb5-4fa4-a97d-d965ccfc6d4b" outcome="Passed" testListId="8c84fa94-04c1-424b-9868-57a2d4851a1d" relativeResultsDirectory="a5b9c747-c35c-460f-ae5a-7982e23159b7">
      <Output>
        <StdOut>Then passing step
-&gt; done: MinimalSteps.ThenPassingStep() (0,0s)</StdOut>
      </Output>
    </UnitTestResult>
    <UnitTestResult executionId="19af94e1-f3c1-4656-94bf-380ab3734812" testId="0e090158-43a1-1be8-47c2-13e1b2c9f8c7" testName="NotAutomatedScenario1" computerName="DANIEL-NOTEBOOK" duration="00:00:00.0058467" startTime="2016-04-26T00:41:02.4120690+02:00" endTime="2016-04-26T00:41:02.4205782+02:00" testType="13cdc9d9-ddb5-4fa4-a97d-d965ccfc6d4b" outcome="Inconclusive" testListId="8c84fa94-04c1-424b-9868-57a2d4851a1d" relativeResultsDirectory="19af94e1-f3c1-4656-94bf-380ab3734812">
      <Output>
        <StdOut>Given unimplemented step
-&gt; No matching step definition found for the step. Use the following code to create one:
        [Given(@"unimplemented step")]
        public void GivenUnimplementedStep()
        {
            ScenarioContext.Current.Pending();
        }

Given unimplemented step
-&gt; No matching step definition found for the step. Use the following code to create one:
        [Given(@"unimplemented step")]
        public void GivenUnimplementedStep()
        {
            ScenarioContext.Current.Pending();
        }

When unimplemented step
-&gt; No matching step definition found for the step. Use the following code to create one:
        [When(@"unimplemented step")]
        public void WhenUnimplementedStep()
        {
            ScenarioContext.Current.Pending();
        }

Then unimplemented step
-&gt; No matching step definition found for the step. Use the following code to create one:
        [Then(@"unimplemented step")]
        public void ThenUnimplementedStep()
        {
            ScenarioContext.Current.Pending();
        }</StdOut>
        <ErrorInfo>
          <Message>Assert.Inconclusive failed. No matching step definition found for one or more steps.
using System;
using TechTalk.SpecFlow;

namespace MyNamespace
{
    [Binding]
    public class StepDefinitions
    {
        [Given(@"unimplemented step")]
        public void GivenUnimplementedStep()
        {
            ScenarioContext.Current.Pending();
        }
        
        [When(@"unimplemented step")]
[...]
   bei TechTalk.SpecFlow.UnitTestProvider.MsTestRuntimeProvider.TestPending(String message)
   bei TechTalk.SpecFlow.ErrorHandling.ErrorProvider.ThrowPendingError(TestStatus testStatus, String message)
   bei TechTalk.SpecFlow.Infrastructure.TestExecutionEngine.OnAfterLastStep()
   bei TechTalk.SpecFlow.TestRunner.CollectScenarioErrors()
   bei Pickles.TestHarness.MsTest.ScenarioOutlinesFeature.ScenarioCleanup() in D:\Work\pickles-testresults\TestHarness\MsTest\ScenarioOutlines.feature.cs:Zeile 0.
   bei Pickles.TestHarness.MsTest.ScenarioOutlinesFeature.AndWeCanGoTotallyBonkersWithMultipleExampleSections_(String result, String[] exampleTags) in D:\Work\pickles-testresults\TestHarness\MsTest\ScenarioOutlines.feature:Zeile 45.
   bei Pickles.TestHarness.MsTest.ScenarioOutlinesFeature.AndWeCanGoTotallyBonkersWithMultipleExampleSections__ExampleSet1_Inconclusive_2() in D:\Work\pickles-testresults\TestHarness\MsTest\ScenarioOutlines.feature.cs:Zeile 0.
</StackTrace>
        </ErrorInfo>
      </Output>
    </UnitTestResult>
    <UnitTestResult executionId="3fa9463f-93ff-4a58-b604-a33b510dd230" testId="78a6b3a3-679e-ee71-7ff5-c9338e3be6c2" testName="AndWeCanGoTotallyBonkersWithMultipleExampleSections__ExampleSet2_Fail_1" computerName="DANIEL-NOTEBOOK" duration="00:00:00.0025634" startTime="2016-04-26T00:41:02.4795332+02:00" endTime="2016-04-26T00:41:02.4839226+02:00" testType="13cdc9d9-ddb5-4fa4-a97d-d965ccfc6d4b" outcome="Failed" testListId="8c84fa94-04c1-424b-9868-57a2d4851a1d" relativeResultsDirectory="3fa9463f-93ff-4a58-b604-a33b510dd230">
      <Output>
        <StdOut>Then the scenario will 'fail_1'
-&gt; error: 
    true
        should be
    False
        but was
    True</StdOut>
        <ErrorInfo>
          <Message>Test method Pickles.TestHarness.MsTest.ScenarioOutlinesFeature.AndWeCanGoTotallyBonkersWithMultipleExampleSections__ExampleSet2_Fail_1 threw exception: 
Shouldly.ChuckedAWobbly: 
    true
        should be
    False
        but was
    True</Message>
          <StackTrace>    bei Shouldly.ShouldlyCoreExtensions.AssertAwesomely[T](T actual, Func`2 specifiedConstraint, Object originalActual, Object originalExpected) in c:\TeamCity\buildAgent\work\10efaabfa8adbd4e\src\Shouldly\ShouldlyCoreExtensions.cs:Zeile 18.
   bei Shouldly.ShouldBeTestExtensions.ShouldBe[T](T actual, T expected) in c:\TeamCity\buildAgent\work\10efaabfa8adbd4e\src\Shouldly\ShouldBeTestExtensions.cs:Zeile 17.
   bei AutomationLayer.ScenarioOutlineSteps.ThenTheScenarioWill(String result) in D:\Work\pickles-testresults\TestHarness\AutomationLayer\ScenarioOutlineSteps.cs:Zeile 21.
   bei lambda_method(Closure , IContextManager , String )
   bei TechTalk.SpecFlow.Bindings.BindingInvoker.InvokeBinding(IBinding binding, IContextManager contextManager, Object[] arguments, ITestTracer testTracer, TimeSpan&amp; duration)
   bei TechTalk.SpecFlow.Infrastructure.TestExecutionEngine.ExecuteStepMatch(BindingMatch match, Object[] arguments)
   bei TechTalk.SpecFlow.Infrastructure.TestExecutionEngine.ExecuteStep(StepInstance stepInstance)
   bei TechTalk.SpecFlow.Infrastructure.TestExecutionEngine.OnAfterLastStep()
   bei TechTalk.SpecFlow.TestRunner.CollectScenarioErrors()
   bei Pickles.TestHarness.MsTest.ScenarioOutlinesFeature.ScenarioCleanup() in D:\Work\pickles-testresults\TestHarness\MsTest\ScenarioOutlines.feature.cs:Zeile 0.
   bei Pickles.TestHarness.MsTest.ScenarioOutlinesFeature.AndWeCanGoTotallyBonkersWithMultipleExampleSections_(String result, String[] exampleTags) in D:\Work\pickles-testresults\TestHarness\MsTest\ScenarioOutlines.feature:Zeile 45.
   bei Pickles.TestHarness.MsTest.ScenarioOutlinesFeature.AndWeCanGoTotallyBonkersWithMultipleExampleSections__ExampleSet2_Fail_1() in D:\Work\pickles-testresults\TestHarness\MsTest\ScenarioOutlines.feature.cs:Zeile 0.
</StackTrace>
        </ErrorInfo>
      </Output>
    </UnitTestResult>
    <UnitTestResult executionId="fd037e82-ee37-4076-8cda-d95ba7da728e" testId="40304968-0dee-8e41-4f42-20809899a9d0" testName="AndWeCanGoTotallyBonkersWithMultipleExampleSections__ExampleSet2_Fail_2" computerName="DANIEL-NOTEBOOK" duration="00:00:00.0025588" startTime="2016-04-26T00:41:02.4879234+02:00" endTime="2016-04-26T00:41:02.4919274+02:00" testType="13cdc9d9-ddb5-4fa4-a97d-d965ccfc6d4b" outcome="Failed" testListId="8c84fa94-04c1-424b-9868-57a2d4851a1d" relativeResultsDirectory="fd037e82-ee37-4076-8cda-d95ba7da728e">
      <Output>
        <StdOut>Then the scenario will 'fail_2'
-&gt; error: 
    true
        should be
    False
        but was
    True</StdOut>
        <ErrorInfo>
          <Message>Test method Pickles.TestHarness.MsTest.ScenarioOutlinesFeature.AndWeCanGoTotallyBonkersWithMultipleExampleSections__ExampleSet2_Fail_2 threw exception: 
Shouldly.ChuckedAWobbly: 
    true
        should be
    False
        but was
    True</Message>
          <StackTrace>    bei Shouldly.ShouldlyCoreExtensions.AssertAwesomely[T](T actual, Func`2 specifiedConstraint, Object originalActual, Object originalExpected) in c:\TeamCity\buildAgent\work\10efaabfa8adbd4e\src\Shouldly\ShouldlyCoreExtensions.cs:Zeile 18.
   bei Shouldly.ShouldBeTestExtensions.ShouldBe[T](T actual, T expected) in c:\TeamCity\buildAgent\work\10efaabfa8adbd4e\src\Shouldly\ShouldBeTestExtensions.cs:Zeile 17.
   bei AutomationLayer.ScenarioOutlineSteps.ThenTheScenarioWill(String result) in D:\Work\pickles-testresults\TestHarness\AutomationLayer\ScenarioOutlineSteps.cs:Zeile 21.
   bei lambda_method(Closure , IContextManager , String )
   bei TechTalk.SpecFlow.Bindings.BindingInvoker.InvokeBinding(IBinding binding, IContextManager contextManager, Object[] arguments, ITestTracer testTracer, TimeSpan&amp; duration)
   bei TechTalk.SpecFlow.Infrastructure.TestExecutionEngine.ExecuteStepMatch(BindingMatch match, Object[] arguments)
   bei TechTalk.SpecFlow.Infrastructure.TestExecutionEngine.ExecuteStep(StepInstance stepInstance)
   bei TechTalk.SpecFlow.Infrastructure.TestExecutionEngine.OnAfterLastStep()
   bei TechTalk.SpecFlow.TestRunner.CollectScenarioErrors()
   bei Pickles.TestHarness.MsTest.ScenarioOutlinesFeature.ScenarioCleanup() in D:\Work\pickles-testresults\TestHarness\MsTest\ScenarioOutlines.feature.cs:Zeile 0.
   bei Pickles.TestHarness.MsTest.ScenarioOutlinesFeature.AndWeCanGoTotallyBonkersWithMultipleExampleSections_(String result, String[] exampleTags) in D:\Work\pickles-testresults\TestHarness\MsTest\ScenarioOutlines.feature:Zeile 45.
   bei Pickles.TestHarness.MsTest.ScenarioOutlinesFeature.AndWeCanGoTotallyBonkersWithMultipleExampleSections__ExampleSet2_Fail_2() in D:\Work\pickles-testresults\TestHarness\MsTest\ScenarioOutlines.feature.cs:Zeile 0.
</StackTrace>
        </ErrorInfo>
      </Output>
    </UnitTestResult>
    <UnitTestResult executionId="e1d2ea77-0fa2-4e58-97e4-829779e1c3ee" testId="72d470fa-c19a-1302-1fcf-eb104ea36048" testName="DealCorrectlyWithBackslashesInTheExamples_CTemp" computerName="DANIEL-NOTEBOOK" duration="00:00:00.0007002" startTime="2016-04-26T00:41:02.4958835+02:00" endTime="2016-04-26T00:41:02.4983854+02:00" testType="13cdc9d9-ddb5-4fa4-a97d-d965ccfc6d4b" outcome="Passed" testListId="8c84fa94-04c1-424b-9868-57a2d4851a1d" relativeResultsDirectory="e1d2ea77-0fa2-4e58-97e4-829779e1c3ee">
      <Output>
        <StdOut>When I have backslashes in the value, for example a 'c:\Temp\'
-&gt; done: ScenarioOutlineSteps.WhenIHaveBackslashesInTheValueForExampleAFilePath("c:\Temp\") (0,0s)</StdOut>
      </Output>
    </UnitTestResult>
    <UnitTestResult executionId="aa54b9bc-f5b3-415a-892d-7172aaf1ff84" testId="d09c033d-0065-cbeb-bd7c-ee8b6460688f" testName="DealCorrectlyWithParenthesisInTheExamples_ThisIsADescriptionAndMore" computerName="DANIEL-NOTEBOOK" duration="00:00:00.0008224" startTime="2016-04-26T00:41:02.5018879+02:00" endTime="2016-04-26T00:41:02.5048955+02:00" testType="13cdc9d9-ddb5-4fa4-a97d-d965ccfc6d4b" outcome="Passed" testListId="8c84fa94-04c1-424b-9868-57a2d4851a1d" relativeResultsDirectory="aa54b9bc-f5b3-415a-892d-7172aaf1ff84">
      <Output>
        <StdOut>When I have parenthesis in the value, for example an 'This is a description (and more)'
-&gt; done: ScenarioOutlineSteps.WhenIHaveParenthesisInTheValueForExampleAnOverlyDescriptiveField("This is a descrip...") (0,0s)</StdOut>
      </Output>
    </UnitTestResult>
    <UnitTestResult executionId="9c13b464-1e41-4429-8312-afe32624883b" testId="2c8f1abb-446c-6683-6327-8ec4ccd46e1a" testName="ThisIsAScenarioOutlineWhereAllScenariosPass_Pass_1" computerName="DANIEL-NOTEBOOK" duration="00:00:00.0003769" startTime="2016-04-26T00:41:02.5088973+02:00" endTime="2016-04-26T00:41:02.5108996+02:00" testType="13cdc9d9-ddb5-4fa4-a97d-d965ccfc6d4b" outcome="Passed" testListId="8c84fa94-04c1-424b-9868-57a2d4851a1d" relativeResultsDirectory="9c13b464-1e41-4429-8312-afe32624883b">
      <Output>
        <StdOut>Then the scenario will 'pass_1'
-&gt; done: ScenarioOutlineSteps.ThenTheScenarioWill("pass_1") (0,0s)</StdOut>
      </Output>
    </UnitTestResult>
    <UnitTestResult executionId="cbfb8fb4-fc6d-48d2-be94-4d5226c45b66" testId="9efc5df4-5f77-a670-8622-976418721b8f" testName="ThisIsAScenarioOutlineWhereAllScenariosPass_Pass_2" computerName="DANIEL-NOTEBOOK" duration="00:00:00.0002374" startTime="2016-04-26T00:41:02.5144012+02:00" endTime="2016-04-26T00:41:02.5164021+02:00" testType="13cdc9d9-ddb5-4fa4-a97d-d965ccfc6d4b" outcome="Passed" testListId="8c84fa94-04c1-424b-9868-57a2d4851a1d" relativeResultsDirectory="cbfb8fb4-fc6d-48d2-be94-4d5226c45b66">
      <Output>
        <StdOut>Then the scenario will 'pass_2'
-&gt; done: ScenarioOutlineSteps.ThenTheScenarioWill("pass_2") (0,0s)</StdOut>
      </Output>
    </UnitTestResult>
    <UnitTestResult executionId="abe19b91-d119-4034-8975-50ec9f56ccbb" testId="9bb2410c-d8c6-90b8-75cd-5c93dc903745" testName="ThisIsAScenarioOutlineWhereAllScenariosPass_Pass_3" computerName="DANIEL-NOTEBOOK" duration="00:00:00.0002813" startTime="2016-04-26T00:41:02.5204057+02:00" endTime="2016-04-26T00:41:02.5234067+02:00" testType="13cdc9d9-ddb5-4fa4-a97d-d965ccfc6d4b" outcome="Passed" testListId="8c84fa94-04c1-424b-9868-57a2d4851a1d" relativeResultsDirectory="abe19b91-d119-4034-8975-50ec9f56ccbb">
      <Output>
        <StdOut>Then the scenario will 'pass_3'
-&gt; done: ScenarioOutlineSteps.ThenTheScenarioWill("pass_3") (0,0s)</StdOut>
      </Output>
    </UnitTestResult>
    <UnitTestResult executionId="f4b3d175-6e04-45e5-b691-52df64db8ed2" testId="05c22c90-eaaa-d3c2-bd2d-36c2df85528e" testName="ThisIsAScenarioOutlineWhereOneScenarioFails_Fail_1" computerName="DANIEL-NOTEBOOK" duration="00:00:00.0029772" startTime="2016-04-26T00:41:02.5274173+02:00" endTime="2016-04-26T00:41:02.5324211+02:00" testType="13cdc9d9-ddb5-4fa4-a97d-d965ccfc6d4b" outcome="Failed" testListId="8c84fa94-04c1-424b-9868-57a2d4851a1d" relativeResultsDirectory="f4b3d175-6e04-45e5-b691-52df64db8ed2">
      <Output>
        <StdOut>Then the scenario will 'fail_1'
-&gt; error: 
    true
        should be
    False
        but was
    True</StdOut>
        <ErrorInfo>
          <Message>Test method Pickles.TestHarness.MsTest.ScenarioOutlinesFeature.ThisIsAScenarioOutlineWhereOneScenarioFails_Fail_1 threw exception: 
Shouldly.ChuckedAWobbly: 
    true
        should be
    False
        but was
    True</Message>
          <StackTrace>    bei Shouldly.ShouldlyCoreExtensions.AssertAwesomely[T](T actual, Func`2 specifiedConstraint, Object originalActual, Object originalExpected) in c:\TeamCity\buildAgent\work\10efaabfa8adbd4e\src\Shouldly\ShouldlyCoreExtensions.cs:Zeile 18.
   bei Shouldly.ShouldBeTestExtensions.ShouldBe[T](T actual, T expected) in c:\TeamCity\buildAgent\work\10efaabfa8adbd4e\src\Shouldly\ShouldBeTestExtensions.cs:Zeile 17.
   bei AutomationLayer.ScenarioOutlineSteps.ThenTheScenarioWill(String result) in D:\Work\pickles-testresults\TestHarness\AutomationLayer\ScenarioOutlineSteps.cs:Zeile 21.
   bei lambda_method(Closure , IContextManager , String )
   bei TechTalk.SpecFlow.Bindings.BindingInvoker.InvokeBinding(IBinding binding, IContextManager contextManager, Object[] arguments, ITestTracer testTracer, TimeSpan&amp; duration)
   bei TechTalk.SpecFlow.Infrastructure.TestExecutionEngine.ExecuteStepMatch(BindingMatch match, Object[] arguments)
   bei TechTalk.SpecFlow.Infrastructure.TestExecutionEngine.ExecuteStep(StepInstance stepInstance)
   bei TechTalk.SpecFlow.Infrastructure.TestExecutionEngine.OnAfterLastStep()
   bei TechTalk.SpecFlow.TestRunner.CollectScenarioErrors()
   bei Pickles.TestHarness.MsTest.ScenarioOutlinesFeature.ScenarioCleanup() in D:\Work\pickles-testresults\TestHarness\MsTest\ScenarioOutlines.feature.cs:Zeile 0.
   bei Pickles.TestHarness.MsTest.ScenarioOutlinesFeature.ThisIsAScenarioOutlineWhereOneScenarioFails(String result, String[] exampleTags) in D:\Work\pickles-testresults\TestHarness\MsTest\ScenarioOutlines.feature:Zeile 34.
   bei Pickles.TestHarness.MsTest.ScenarioOutlinesFeature.ThisIsAScenarioOutlineWhereOneScenarioFails_Fail_1() in D:\Work\pickles-testresults\TestHarness\MsTest\ScenarioOutlines.feature.cs:Zeile 0.
</StackTrace>
        </ErrorInfo>
      </Output>
    </UnitTestResult>
    <UnitTestResult executionId="e38ccc75-3056-4bc8-adb2-68400939dea4" testId="e64af447-d4dc-7221-865a-703128db7b90" testName="ThisIsAScenarioOutlineWhereOneScenarioFails_Pass_1" computerName="DANIEL-NOTEBOOK" duration="00:00:00.0002537" startTime="2016-04-26T00:41:02.5374310+02:00" endTime="2016-04-26T00:41:02.5394328+02:00" testType="13cdc9d9-ddb5-4fa4-a97d-d965ccfc6d4b" outcome="Passed" testListId="8c84fa94-04c1-424b-9868-57a2d4851a1d" relativeResultsDirectory="e38ccc75-3056-4bc8-adb2-68400939dea4">
      <Output>
        <StdOut>Then the scenario will 'pass_1'
-&gt; done: ScenarioOutlineSteps.ThenTheScenarioWill("pass_1") (0,0s)</StdOut>
      </Output>
    </UnitTestResult>
    <UnitTestResult executionId="6947c394-549d-46f1-85f2-3722e00fc1d1" testId="b04f3200-80ca-d47f-0c01-8a37e5c952e6" testName="ThisIsAScenarioOutlineWhereOneScenarioFails_Pass_2" computerName="DANIEL-NOTEBOOK" duration="00:00:00.0002402" startTime="2016-04-26T00:41:02.5429340+02:00" endTime="2016-04-26T00:41:02.5448140+02:00" testType="13cdc9d9-ddb5-4fa4-a97d-d965ccfc6d4b" outcome="Passed" testListId="8c84fa94-04c1-424b-9868-57a2d4851a1d" relativeResultsDirectory="6947c394-549d-46f1-85f2-3722e00fc1d1">
      <Output>
        <StdOut>Then the scenario will 'pass_2'
-&gt; done: ScenarioOutlineSteps.ThenTheScenarioWill("pass_2") (0,0s)</StdOut>
      </Output>
    </UnitTestResult>
    <UnitTestResult executionId="c16dd9f0-0fe2-4086-ab15-6f2738986c5c" testId="8c97c958-0c5d-1594-2cc5-02c96df8fc9b" testName="ThisIsAScenarioOutlineWhereOneScenarioIsInconclusive_Inconclusive_1" computerName="DANIEL-NOTEBOOK" duration="00:00:00.0016103" startTime="2016-04-26T00:41:02.5483166+02:00" endTime="2016-04-26T00:41:02.5518187+02:00" testType="13cdc9d9-ddb5-4fa4-a97d-d965ccfc6d4b" outcome="Inconclusive" testListId="8c84fa94-04c1-424b-9868-57a2d4851a1d" relativeResultsDirectory="c16dd9f0-0fe2-4086-ab15-6f2738986c5c">
      <Output>
        <StdOut>Then the scenario will 'inconclusive_1'
-&gt; pending: ScenarioOutlineSteps.ThenTheScenarioWill("inconclusive_1")</StdOut>
        <ErrorInfo>
          <Message>Assert.Inconclusive failed. One or more step definitions are not implemented yet.
  ScenarioOutlineSteps.ThenTheScenarioWill("inconclusive_1")</Message>
          <StackTrace>   bei lambda_method(Closure , String , Object[] )
   bei TechTalk.SpecFlow.UnitTestProvider.MsTestRuntimeProvider.TestInconclusive(String message)
   bei TechTalk.SpecFlow.UnitTestProvider.MsTestRuntimeProvider.TestPending(String message)
   bei TechTalk.SpecFlow.ErrorHandling.ErrorProvider.ThrowPendingError(TestStatus testStatus, String message)
   bei TechTalk.SpecFlow.Infrastructure.TestExecutionEngine.OnAfterLastStep()
   bei TechTalk.SpecFlow.TestRunner.CollectScenarioErrors()
   bei Pickles.TestHarness.MsTest.ScenarioOutlinesFeature.ScenarioCleanup() in D:\Work\pickles-testresults\TestHarness\MsTest\ScenarioOutlines.feature.cs:Zeile 0.
   bei Pickles.TestHarness.MsTest.ScenarioOutlinesFeature.ThisIsAScenarioOutlineWhereOneScenarioIsInconclusive(String result, String[] exampleTags) in D:\Work\pickles-testresults\TestHarness\MsTest\ScenarioOutlines.feature:Zeile 21.
   bei Pickles.TestHarness.MsTest.ScenarioOutlinesFeature.ThisIsAScenarioOutlineWhereOneScenarioIsInconclusive_Inconclusive_1() in D:\Work\pickles-testresults\TestHarness\MsTest\ScenarioOutlines.feature.cs:Zeile 0.
</StackTrace>
        </ErrorInfo>
      </Output>
    </UnitTestResult>
    <UnitTestResult executionId="fbe09fe8-e01e-4751-8022-e9887c6ce29e" testId="6e54c207-a3b1-f181-06be-066795ac26e1" testName="ThisIsAScenarioOutlineWhereOneScenarioIsInconclusive_Pass_1" computerName="DANIEL-NOTEBOOK" duration="00:00:00.0002449" startTime="2016-04-26T00:41:02.5558209+02:00" endTime="2016-04-26T00:41:02.5578223+02:00" testType="13cdc9d9-ddb5-4fa4-a97d-d965ccfc6d4b" outcome="Passed" testListId="8c84fa94-04c1-424b-9868-57a2d4851a1d" relativeResultsDirectory="fbe09fe8-e01e-4751-8022-e9887c6ce29e">
      <Output>
        <StdOut>Then the scenario will 'pass_1'
-&gt; done: ScenarioOutlineSteps.ThenTheScenarioWill("pass_1") (0,0s)</StdOut>
      </Output>
    </UnitTestResult>
    <UnitTestResult executionId="fbd43871-8867-4393-98ff-267b9055c690" testId="8f2bb160-fa82-a566-570e-51eeb5237e95" testName="ThisIsAScenarioOutlineWhereOneScenarioIsInconclusive_Pass_2" computerName="DANIEL-NOTEBOOK" duration="00:00:00.0002439" startTime="2016-04-26T00:41:02.5613239+02:00" endTime="2016-04-26T00:41:02.5633252+02:00" testType="13cdc9d9-ddb5-4fa4-a97d-d965ccfc6d4b" outcome="Passed" testListId="8c84fa94-04c1-424b-9868-57a2d4851a1d" relativeResultsDirectory="fbd43871-8867-4393-98ff-267b9055c690">
      <Output>
        <StdOut>Then the scenario will 'pass_2'
-&gt; done: ScenarioOutlineSteps.ThenTheScenarioWill("pass_2") (0,0s)</StdOut>
      </Output>
    </UnitTestResult>
    <UnitTestResult executionId="214e99b7-3777-4a80-8276-fe2fcee2c389" testId="f8369e2e-c5ec-dade-ad85-e2c56909c853" testName="ThisIsAScenarioOutlineWithParenthesesHyphenAndComma10_2030_40_Pass_1" computerName="DANIEL-NOTEBOOK" duration="00:00:00.0009801" startTime="2016-04-26T00:41:02.5668278+02:00" endTime="2016-04-26T00:41:02.5718311+02:00" testType="13cdc9d9-ddb5-4fa4-a97d-d965ccfc6d4b" outcome="Passed" testListId="8c84fa94-04c1-424b-9868-57a2d4851a1d" relativeResultsDirectory="214e99b7-3777-4a80-8276-fe2fcee2c389">
      <Output>
        <StdOut>Given the calculator has clean memory
-&gt; done: AdditionSteps.GivenTheCalculatorHasCleanMemory() (0,0s)
Then the scenario will 'pass_1'
-&gt; done: ScenarioOutlineSteps.ThenTheScenarioWill("pass_1") (0,0s)</StdOut>
      </Output>
    </UnitTestResult>
    <UnitTestResult executionId="23cc5923-00a0-42b4-8560-4cc48e52dbd7" testId="3fe8806f-fabb-1deb-7e27-c59578f16da3" testName="ThisIsAScenarioWithParenthesesHyphenAndComma10_2030_40" computerName="DANIEL-NOTEBOOK" duration="00:00:00.0004753" startTime="2016-04-26T00:41:02.5755338+02:00" endTime="2016-04-26T00:41:02.5780357+02:00" testType="13cdc9d9-ddb5-4fa4-a97d-d965ccfc6d4b" outcome="Passed" testListId="8c84fa94-04c1-424b-9868-57a2d4851a1d" relativeResultsDirectory="23cc5923-00a0-42b4-8560-4cc48e52dbd7">
      <Output>
        <StdOut>Given the calculator has clean memory
-&gt; done: AdditionSteps.GivenTheCalculatorHasCleanMemory() (0,0s)
Given I have entered 50 into the calculator
-&gt; done: AdditionSteps.GivenIHaveEnteredIntoTheCalculator(50) (0,0s)
And I have entered 70 into the calculator
-&gt; done: AdditionSteps.GivenIHaveEnteredIntoTheCalculator(70) (0,0s)
When I press add
-&gt; done: AdditionSteps.WhenIPressAdd() (0,0s)
Then the result should be 120 on the screen
-&gt; done: AdditionSteps.ThenTheResultShouldBeOnTheScreen(120) (0,0s)</StdOut>
      </Output>
    </UnitTestResult>
  </Results>
</TestRun>