<?xml version="1.0" encoding="utf-8" standalone="no"?>
<test-run id="2" testcasecount="47" result="Failed" total="47" passed="0" failed="0" inconclusive="0" skipped="0" asserts="0" engine-version="3.6.0.0" clr-version="4.0.30319.42000" start-time="2017-02-06 16:10:43Z" end-time="2017-02-06 16:10:45Z" duration="1.714609">
  <command-line><![CDATA["C:\Dev\Code\GitHub\DirkRombauts\pickles\\test-harness\packages\NUnit.ConsoleRunner.3.6.0\tools\nunit3-console.exe"  "C:\Dev\Code\GitHub\DirkRombauts\pickles\\test-harness\nunit\bin\Debug\nunitHarness.dll" /result="C:\Dev\Code\GitHub\DirkRombauts\pickles\\results-example-nunit2-with-nunit3-runner.xml"]]></command-line>
  <test-suite type="Assembly" id="0-1068" name="C:\Dev\Code\GitHub\DirkRombauts\pickles\test-harness\nunit\bin\Debug\nunitHarness.dll" fullname="C:\Dev\Code\GitHub\DirkRombauts\pickles\test-harness\nunit\bin\Debug\nunitHarness.dll" runstate="Runnable" testcasecount="47" result="Failed" duration="0.979439" total="47" passed="0" failed="0" inconclusive="0" skipped="0" asserts="0" site="Child">
    <properties>
      <property name="_PID" value="18712" />
      <property name="_APPDOMAIN" value="domain-" />
    </properties>
    <failure>
      <message><![CDATA[One or more child tests had errors]]></message>
    </failure>
    <test-suite type="Namespace" id="0-1069" name="Pickles" fullname="Pickles" runstate="Runnable" testcasecount="47" result="Failed" duration="0.968667" total="47" passed="0" failed="0" inconclusive="0" skipped="0" asserts="0" site="Child">
      <failure>
        <message><![CDATA[One or more child tests had errors]]></message>
      </failure>
      <test-suite type="Namespace" id="0-1070" name="TestHarness" fullname="Pickles.TestHarness" runstate="Runnable" testcasecount="47" result="Failed" duration="0.968168" total="47" passed="0" failed="0" inconclusive="0" skipped="0" asserts="0" site="Child">
        <failure>
          <message><![CDATA[One or more child tests had errors]]></message>
        </failure>
        <test-suite type="Namespace" id="0-1071" name="nunit" fullname="Pickles.TestHarness.nunit" runstate="Runnable" testcasecount="47" result="Failed" duration="0.967548" total="47" passed="0" failed="0" inconclusive="0" skipped="0" asserts="0" site="Child">
          <failure>
            <message><![CDATA[One or more child tests had errors]]></message>
          </failure>
          <test-suite type="TestFixture" id="0-1000" name="AdditionFeature" fullname="Pickles.TestHarness.nunit.AdditionFeature" classname="Pickles.TestHarness.nunit.AdditionFeature" runstate="Runnable" testcasecount="6" result="Failed" duration="0.752154" total="6" passed="0" failed="0" inconclusive="0" skipped="0" asserts="0">
            <properties>
              <property name="_DESCRIPTION" value="Addition" />
            </properties>
            <failure>
              <message><![CDATA[One or more child tests had errors]]></message>
            </failure>
            <test-suite type="ParameterizedTest" id="0-1001" name="AddingSeveralNumbers" fullname="Pickles.TestHarness.nunit.AdditionFeature.AddingSeveralNumbers" runstate="Runnable" testcasecount="2" result="Passed" duration="0.189051" total="2" passed="0" failed="0" inconclusive="0" skipped="0" asserts="0">
              <properties>
                <property name="_DESCRIPTION" value="Adding several numbers" />
                <property name="_CATEGORIES" value="tag2" />
              </properties>
              <test-case id="0-1002" name="AddingSeveralNumbers(&quot;60&quot;,&quot;70&quot;,&quot;130&quot;,&quot;260&quot;,null)" fullname="Pickles.TestHarness.nunit.AdditionFeature.AddingSeveralNumbers(&quot;60&quot;,&quot;70&quot;,&quot;130&quot;,&quot;260&quot;,null)" methodname="AddingSeveralNumbers" classname="Pickles.TestHarness.nunit.AdditionFeature" runstate="Runnable" result="Passed" duration="0.175226" asserts="0" />
              <test-case id="0-1003" name="AddingSeveralNumbers(&quot;40&quot;,&quot;50&quot;,&quot;90&quot;,&quot;180&quot;,null)" fullname="Pickles.TestHarness.nunit.AdditionFeature.AddingSeveralNumbers(&quot;40&quot;,&quot;50&quot;,&quot;90&quot;,&quot;180&quot;,null)" methodname="AddingSeveralNumbers" classname="Pickles.TestHarness.nunit.AdditionFeature" runstate="Runnable" result="Passed" duration="0.000406" asserts="0" />
            </test-suite>
            <test-case id="0-1004" name="AddTwoNumbers" fullname="Pickles.TestHarness.nunit.AdditionFeature.AddTwoNumbers" methodname="AddTwoNumbers" classname="Pickles.TestHarness.nunit.AdditionFeature" runstate="Runnable" result="Passed" duration="0.000716" asserts="0">
              <properties>
                <property name="_DESCRIPTION" value="Add two numbers" />
                <property name="_CATEGORIES" value="tag1" />
              </properties>
            </test-case>
            <test-case id="0-1005" name="FailToAddTwoNumbers" fullname="Pickles.TestHarness.nunit.AdditionFeature.FailToAddTwoNumbers" methodname="FailToAddTwoNumbers" classname="Pickles.TestHarness.nunit.AdditionFeature" runstate="Runnable" result="Failed" label="Error" duration="0.007659" asserts="0">
              <properties>
                <property name="_DESCRIPTION" value="Fail to add two numbers" />
                <property name="_CATEGORIES" value="tag1" />
              </properties>
              <failure>
                <message><![CDATA[System.FormatException : Input string was not in a correct format.]]></message>
                <stack-trace><![CDATA[   at System.Number.StringToNumber(String str, NumberStyles options, NumberBuffer& number, NumberFormatInfo info, Boolean parseDecimal)
   at System.Number.ParseInt32(String s, NumberStyles style, NumberFormatInfo info)
   at System.String.System.IConvertible.ToInt32(IFormatProvider provider)
   at System.Convert.ChangeType(Object value, Type conversionType, IFormatProvider provider)
   at System.Linq.Enumerable.<SelectIterator>d__5`2.MoveNext()
   at System.Linq.Buffer`1..ctor(IEnumerable`1 source)
   at System.Linq.Enumerable.ToArray[TSource](IEnumerable`1 source)
   at TechTalk.SpecFlow.Infrastructure.TestExecutionEngine.GetExecuteArguments(BindingMatch match)
   at TechTalk.SpecFlow.Infrastructure.TestExecutionEngine.ExecuteStep(StepInstance stepInstance)
   at TechTalk.SpecFlow.Infrastructure.TestExecutionEngine.OnAfterLastStep()
   at Pickles.TestHarness.nunit.AdditionFeature.ScenarioCleanup()
   at Pickles.TestHarness.nunit.AdditionFeature.FailToAddTwoNumbers() in C:\Dev\Code\GitHub\DirkRombauts\pickles\test-harness\nunit\Addition.feature:line 34]]></stack-trace>
              </failure>
            </test-case>
            <test-case id="0-1006" name="IgnoredAddingTwoNumbers" fullname="Pickles.TestHarness.nunit.AdditionFeature.IgnoredAddingTwoNumbers" methodname="IgnoredAddingTwoNumbers" classname="Pickles.TestHarness.nunit.AdditionFeature" runstate="Ignored" result="Skipped" label="Ignored" duration="0.000484" asserts="0">
              <properties>
                <property name="_DESCRIPTION" value="Ignored adding two numbers" />
                <property name="_IGNOREREASON" value="" />
              </properties>
              <reason>
                <message><![CDATA[]]></message>
              </reason>
            </test-case>
            <test-case id="0-1007" name="NotAutomatedAddingTwoNumbers" fullname="Pickles.TestHarness.nunit.AdditionFeature.NotAutomatedAddingTwoNumbers" methodname="NotAutomatedAddingTwoNumbers" classname="Pickles.TestHarness.nunit.AdditionFeature" runstate="Runnable" result="Inconclusive" duration="0.100333" asserts="0">
              <properties>
                <property name="_DESCRIPTION" value="Not automated adding two numbers" />
              </properties>
              <reason>
                <message><![CDATA[No matching step definition found for one or more steps.
using System;
using TechTalk.SpecFlow;

namespace MyNamespace
{
    [Binding]
    public class StepDefinitions
    {
        [Given(@"unimplemented step")]
        public void GivenUnimplementedStep()
        {
            ScenarioContext.Current.Pending();
        }
        
        [When(@"unimplemented step")]
        public void WhenUnimplementedStep()
        {
            ScenarioContext.Current.Pending();
        }
        
        [Then(@"unimplemented step")]
        public void ThenUnimplementedStep()
        {
            ScenarioContext.Current.Pending();
        }
    }
}
]]></message>
              </reason>
            </test-case>
          </test-suite>
          <test-suite type="TestFixture" id="0-1008" name="FailingBackgroundFeature" fullname="Pickles.TestHarness.nunit.FailingBackgroundFeature" classname="Pickles.TestHarness.nunit.FailingBackgroundFeature" runstate="Runnable" testcasecount="3" result="Failed" duration="0.031973" total="3" passed="0" failed="0" inconclusive="0" skipped="0" asserts="0" site="Child">
            <properties>
              <property name="_DESCRIPTION" value="Failing Background" />
            </properties>
            <failure>
              <message><![CDATA[One or more child tests had errors]]></message>
            </failure>
            <test-suite type="ParameterizedTest" id="0-1010" name="AddingSeveralNumbers" fullname="Pickles.TestHarness.nunit.FailingBackgroundFeature.AddingSeveralNumbers" runstate="Runnable" testcasecount="2" result="Failed" duration="0.024280" total="2" passed="0" failed="0" inconclusive="0" skipped="0" asserts="0">
              <properties>
                <property name="_DESCRIPTION" value="Adding several numbers" />
              </properties>
              <failure>
                <message><![CDATA[One or more child tests had errors]]></message>
              </failure>
              <test-case id="0-1011" name="AddingSeveralNumbers(&quot;60&quot;,&quot;70&quot;,&quot;130&quot;,&quot;260&quot;,null)" fullname="Pickles.TestHarness.nunit.FailingBackgroundFeature.AddingSeveralNumbers(&quot;60&quot;,&quot;70&quot;,&quot;130&quot;,&quot;260&quot;,null)" methodname="AddingSeveralNumbers" classname="Pickles.TestHarness.nunit.FailingBackgroundFeature" runstate="Runnable" result="Failed" label="Error" duration="0.017141" asserts="0">
                <failure>
                  <message><![CDATA[Shouldly.ChuckedAWobbly : 
    1
        should be
    2
        but was
    1]]></message>
                  <stack-trace><![CDATA[   at Shouldly.ShouldlyCoreExtensions.AssertAwesomely[T](T actual, Func`2 specifiedConstraint, Object originalActual, Object originalExpected) in c:\TeamCity\buildAgent\work\10efaabfa8adbd4e\src\Shouldly\ShouldlyCoreExtensions.cs:line 18
   at Shouldly.ShouldBeTestExtensions.ShouldBe[T](T actual, T expected) in c:\TeamCity\buildAgent\work\10efaabfa8adbd4e\src\Shouldly\ShouldBeTestExtensions.cs:line 17
   at AutomationLayer.AdditionSteps.GivenTheBackgroundStepFails() in C:\Dev\Code\GitHub\DirkRombauts\pickles\test-harness\AutomationLayer\AdditionSteps.cs:line 25
   at TechTalk.SpecFlow.Bindings.BindingInvoker.InvokeBinding(IBinding binding, IContextManager contextManager, Object[] arguments, ITestTracer testTracer, TimeSpan& duration)
   at TechTalk.SpecFlow.Infrastructure.TestExecutionEngine.ExecuteStepMatch(BindingMatch match, Object[] arguments)
   at TechTalk.SpecFlow.Infrastructure.TestExecutionEngine.ExecuteStep(StepInstance stepInstance)
   at TechTalk.SpecFlow.Infrastructure.TestExecutionEngine.OnAfterLastStep()
   at Pickles.TestHarness.nunit.FailingBackgroundFeature.ScenarioCleanup()
   at Pickles.TestHarness.nunit.FailingBackgroundFeature.AddingSeveralNumbers(String firstNumber, String secondNumber, String thirdNumber, String result, String[] exampleTags) in C:\Dev\Code\GitHub\DirkRombauts\pickles\test-harness\nunit\FailingBackground.feature:line 19]]></stack-trace>
                </failure>
              </test-case>
              <test-case id="0-1012" name="AddingSeveralNumbers(&quot;40&quot;,&quot;50&quot;,&quot;90&quot;,&quot;180&quot;,null)" fullname="Pickles.TestHarness.nunit.FailingBackgroundFeature.AddingSeveralNumbers(&quot;40&quot;,&quot;50&quot;,&quot;90&quot;,&quot;180&quot;,null)" methodname="AddingSeveralNumbers" classname="Pickles.TestHarness.nunit.FailingBackgroundFeature" runstate="Runnable" result="Failed" label="Error" duration="0.002115" asserts="0">
                <failure>
                  <message><![CDATA[Shouldly.ChuckedAWobbly : 
    1
        should be
    2
        but was
    1]]></message>
                  <stack-trace><![CDATA[   at Shouldly.ShouldlyCoreExtensions.AssertAwesomely[T](T actual, Func`2 specifiedConstraint, Object originalActual, Object originalExpected) in c:\TeamCity\buildAgent\work\10efaabfa8adbd4e\src\Shouldly\ShouldlyCoreExtensions.cs:line 18
   at Shouldly.ShouldBeTestExtensions.ShouldBe[T](T actual, T expected) in c:\TeamCity\buildAgent\work\10efaabfa8adbd4e\src\Shouldly\ShouldBeTestExtensions.cs:line 17
   at AutomationLayer.AdditionSteps.GivenTheBackgroundStepFails() in C:\Dev\Code\GitHub\DirkRombauts\pickles\test-harness\AutomationLayer\AdditionSteps.cs:line 25
   at TechTalk.SpecFlow.Bindings.BindingInvoker.InvokeBinding(IBinding binding, IContextManager contextManager, Object[] arguments, ITestTracer testTracer, TimeSpan& duration)
   at TechTalk.SpecFlow.Infrastructure.TestExecutionEngine.ExecuteStepMatch(BindingMatch match, Object[] arguments)
   at TechTalk.SpecFlow.Infrastructure.TestExecutionEngine.ExecuteStep(StepInstance stepInstance)
   at TechTalk.SpecFlow.Infrastructure.TestExecutionEngine.OnAfterLastStep()
   at Pickles.TestHarness.nunit.FailingBackgroundFeature.ScenarioCleanup()
   at Pickles.TestHarness.nunit.FailingBackgroundFeature.AddingSeveralNumbers(String firstNumber, String secondNumber, String thirdNumber, String result, String[] exampleTags) in C:\Dev\Code\GitHub\DirkRombauts\pickles\test-harness\nunit\FailingBackground.feature:line 19]]></stack-trace>
                </failure>
              </test-case>
            </test-suite>
            <test-case id="0-1009" name="AddTwoNumbers" fullname="Pickles.TestHarness.nunit.FailingBackgroundFeature.AddTwoNumbers" methodname="AddTwoNumbers" classname="Pickles.TestHarness.nunit.FailingBackgroundFeature" runstate="Runnable" result="Failed" label="Error" duration="0.002105" asserts="0">
              <properties>
                <property name="_DESCRIPTION" value="Add two numbers" />
              </properties>
              <failure>
                <message><![CDATA[Shouldly.ChuckedAWobbly : 
    1
        should be
    2
        but was
    1]]></message>
                <stack-trace><![CDATA[   at Shouldly.ShouldlyCoreExtensions.AssertAwesomely[T](T actual, Func`2 specifiedConstraint, Object originalActual, Object originalExpected) in c:\TeamCity\buildAgent\work\10efaabfa8adbd4e\src\Shouldly\ShouldlyCoreExtensions.cs:line 18
   at Shouldly.ShouldBeTestExtensions.ShouldBe[T](T actual, T expected) in c:\TeamCity\buildAgent\work\10efaabfa8adbd4e\src\Shouldly\ShouldBeTestExtensions.cs:line 17
   at AutomationLayer.AdditionSteps.GivenTheBackgroundStepFails() in C:\Dev\Code\GitHub\DirkRombauts\pickles\test-harness\AutomationLayer\AdditionSteps.cs:line 25
   at TechTalk.SpecFlow.Bindings.BindingInvoker.InvokeBinding(IBinding binding, IContextManager contextManager, Object[] arguments, ITestTracer testTracer, TimeSpan& duration)
   at TechTalk.SpecFlow.Infrastructure.TestExecutionEngine.ExecuteStepMatch(BindingMatch match, Object[] arguments)
   at TechTalk.SpecFlow.Infrastructure.TestExecutionEngine.ExecuteStep(StepInstance stepInstance)
   at TechTalk.SpecFlow.Infrastructure.TestExecutionEngine.OnAfterLastStep()
   at Pickles.TestHarness.nunit.FailingBackgroundFeature.ScenarioCleanup()
   at Pickles.TestHarness.nunit.FailingBackgroundFeature.AddTwoNumbers() in C:\Dev\Code\GitHub\DirkRombauts\pickles\test-harness\nunit\FailingBackground.feature:line 12]]></stack-trace>
              </failure>
            </test-case>
          </test-suite>
          <test-suite type="Namespace" id="0-1072" name="MinimalFeatures" fullname="Pickles.TestHarness.nunit.MinimalFeatures" runstate="Runnable" testcasecount="6" result="Failed" duration="0.037299" total="6" passed="0" failed="0" inconclusive="0" skipped="0" asserts="0" site="Child">
            <failure>
              <message><![CDATA[One or more child tests had errors]]></message>
            </failure>
            <test-suite type="TestFixture" id="0-1059" name="FailingFeature" fullname="Pickles.TestHarness.nunit.MinimalFeatures.FailingFeature" classname="Pickles.TestHarness.nunit.MinimalFeatures.FailingFeature" runstate="Runnable" testcasecount="3" result="Failed" duration="0.018637" total="3" passed="0" failed="0" inconclusive="0" skipped="0" asserts="0">
              <properties>
                <property name="_DESCRIPTION" value="Failing" />
              </properties>
              <failure>
                <message><![CDATA[One or more child tests had errors]]></message>
              </failure>
              <test-case id="0-1062" name="FailingFeatureFailingScenario" fullname="Pickles.TestHarness.nunit.MinimalFeatures.FailingFeature.FailingFeatureFailingScenario" methodname="FailingFeatureFailingScenario" classname="Pickles.TestHarness.nunit.MinimalFeatures.FailingFeature" runstate="Runnable" result="Failed" label="Error" duration="0.004580" asserts="0">
                <properties>
                  <property name="_DESCRIPTION" value="Failing Feature Failing Scenario" />
                </properties>
                <failure>
                  <message><![CDATA[Shouldly.ChuckedAWobbly : 
    true
        should be
    False
        but was
    True]]></message>
                  <stack-trace><![CDATA[   at Shouldly.ShouldlyCoreExtensions.AssertAwesomely[T](T actual, Func`2 specifiedConstraint, Object originalActual, Object originalExpected) in c:\TeamCity\buildAgent\work\10efaabfa8adbd4e\src\Shouldly\ShouldlyCoreExtensions.cs:line 18
   at Shouldly.ShouldBeTestExtensions.ShouldBe[T](T actual, T expected) in c:\TeamCity\buildAgent\work\10efaabfa8adbd4e\src\Shouldly\ShouldBeTestExtensions.cs:line 17
   at AutomationLayer.MinimalFeatures.MinimalSteps.ThenFailingStep() in C:\Dev\Code\GitHub\DirkRombauts\pickles\test-harness\AutomationLayer\MinimalFeatures\MinimalSteps.cs:line 24
   at TechTalk.SpecFlow.Bindings.BindingInvoker.InvokeBinding(IBinding binding, IContextManager contextManager, Object[] arguments, ITestTracer testTracer, TimeSpan& duration)
   at TechTalk.SpecFlow.Infrastructure.TestExecutionEngine.ExecuteStepMatch(BindingMatch match, Object[] arguments)
   at TechTalk.SpecFlow.Infrastructure.TestExecutionEngine.ExecuteStep(StepInstance stepInstance)
   at TechTalk.SpecFlow.Infrastructure.TestExecutionEngine.OnAfterLastStep()
   at Pickles.TestHarness.nunit.MinimalFeatures.FailingFeature.ScenarioCleanup()
   at Pickles.TestHarness.nunit.MinimalFeatures.FailingFeature.FailingFeatureFailingScenario() in C:\Dev\Code\GitHub\DirkRombauts\pickles\test-harness\nunit\Minimal Features\Failing.feature:line 10]]></stack-trace>
                </failure>
              </test-case>
              <test-case id="0-1061" name="FailingFeatureInconclusiveScenario" fullname="Pickles.TestHarness.nunit.MinimalFeatures.FailingFeature.FailingFeatureInconclusiveScenario" methodname="FailingFeatureInconclusiveScenario" classname="Pickles.TestHarness.nunit.MinimalFeatures.FailingFeature" runstate="Runnable" result="Inconclusive" duration="0.004259" asserts="0">
                <properties>
                  <property name="_DESCRIPTION" value="Failing Feature Inconclusive Scenario" />
                </properties>
                <reason>
                  <message><![CDATA[One or more step definitions are not implemented yet.
  MinimalSteps.ThenInconclusiveStep()]]></message>
                </reason>
              </test-case>
              <test-case id="0-1060" name="FailingFeaturePassingScenario" fullname="Pickles.TestHarness.nunit.MinimalFeatures.FailingFeature.FailingFeaturePassingScenario" methodname="FailingFeaturePassingScenario" classname="Pickles.TestHarness.nunit.MinimalFeatures.FailingFeature" runstate="Runnable" result="Passed" duration="0.000742" asserts="0">
                <properties>
                  <property name="_DESCRIPTION" value="Failing Feature Passing Scenario" />
                </properties>
              </test-case>
            </test-suite>
            <test-suite type="TestFixture" id="0-1063" name="InconclusiveFeature" fullname="Pickles.TestHarness.nunit.MinimalFeatures.InconclusiveFeature" classname="Pickles.TestHarness.nunit.MinimalFeatures.InconclusiveFeature" runstate="Runnable" testcasecount="2" result="Passed" duration="0.008982" total="2" passed="0" failed="0" inconclusive="0" skipped="0" asserts="0">
              <properties>
                <property name="_DESCRIPTION" value="Inconclusive" />
              </properties>
              <test-case id="0-1065" name="InconclusiveFeatureInconclusiveScenario" fullname="Pickles.TestHarness.nunit.MinimalFeatures.InconclusiveFeature.InconclusiveFeatureInconclusiveScenario" methodname="InconclusiveFeatureInconclusiveScenario" classname="Pickles.TestHarness.nunit.MinimalFeatures.InconclusiveFeature" runstate="Runnable" result="Inconclusive" duration="0.002483" asserts="0">
                <properties>
                  <property name="_DESCRIPTION" value="Inconclusive Feature Inconclusive Scenario" />
                </properties>
                <reason>
                  <message><![CDATA[One or more step definitions are not implemented yet.
  MinimalSteps.ThenInconclusiveStep()]]></message>
                </reason>
              </test-case>
              <test-case id="0-1064" name="InconclusiveFeaturePassingScenario" fullname="Pickles.TestHarness.nunit.MinimalFeatures.InconclusiveFeature.InconclusiveFeaturePassingScenario" methodname="InconclusiveFeaturePassingScenario" classname="Pickles.TestHarness.nunit.MinimalFeatures.InconclusiveFeature" runstate="Runnable" result="Passed" duration="0.000324" asserts="0">
                <properties>
                  <property name="_DESCRIPTION" value="Inconclusive Feature Passing Scenario" />
                </properties>
              </test-case>
            </test-suite>
            <test-suite type="TestFixture" id="0-1066" name="PassingFeature" fullname="Pickles.TestHarness.nunit.MinimalFeatures.PassingFeature" classname="Pickles.TestHarness.nunit.MinimalFeatures.PassingFeature" runstate="Runnable" testcasecount="1" result="Passed" duration="0.001035" total="1" passed="0" failed="0" inconclusive="0" skipped="0" asserts="0">
              <properties>
                <property name="_DESCRIPTION" value="Passing" />
              </properties>
              <test-case id="0-1067" name="PassingFeaturePassingScenario" fullname="Pickles.TestHarness.nunit.MinimalFeatures.PassingFeature.PassingFeaturePassingScenario" methodname="PassingFeaturePassingScenario" classname="Pickles.TestHarness.nunit.MinimalFeatures.PassingFeature" runstate="Runnable" result="Passed" duration="0.000448" asserts="0">
                <properties>
                  <property name="_DESCRIPTION" value="Passing Feature Passing Scenario" />
                </properties>
              </test-case>
            </test-suite>
          </test-suite>
          <test-suite type="TestFixture" id="0-1013" name="NotAutomatedAtAllFeature" fullname="Pickles.TestHarness.nunit.NotAutomatedAtAllFeature" classname="Pickles.TestHarness.nunit.NotAutomatedAtAllFeature" runstate="Runnable" testcasecount="3" result="Inconclusive" duration="0.032350" total="3" passed="0" failed="0" inconclusive="0" skipped="0" asserts="0">
            <properties>
              <property name="_DESCRIPTION" value="Not Automated At All" />
            </properties>
            <test-case id="0-1014" name="NotAutomatedScenario1" fullname="Pickles.TestHarness.nunit.NotAutomatedAtAllFeature.NotAutomatedScenario1" methodname="NotAutomatedScenario1" classname="Pickles.TestHarness.nunit.NotAutomatedAtAllFeature" runstate="Runnable" result="Inconclusive" duration="0.007734" asserts="0">
              <properties>
                <property name="_DESCRIPTION" value="Not automated scenario 1" />
              </properties>
              <reason>
                <message><![CDATA[No matching step definition found for one or more steps.
using System;
using TechTalk.SpecFlow;

namespace MyNamespace
{
    [Binding]
    public class StepDefinitions
    {
        [Given(@"unimplemented step")]
        public void GivenUnimplementedStep()
        {
            ScenarioContext.Current.Pending();
        }
        
        [When(@"unimplemented step")]
        public void WhenUnimplementedStep()
        {
            ScenarioContext.Current.Pending();
        }
        
        [Then(@"unimplemented step")]
        public void ThenUnimplementedStep()
        {
            ScenarioContext.Current.Pending();
        }
    }
}
]]></message>
              </reason>
            </test-case>
            <test-case id="0-1015" name="NotAutomatedScenario2" fullname="Pickles.TestHarness.nunit.NotAutomatedAtAllFeature.NotAutomatedScenario2" methodname="NotAutomatedScenario2" classname="Pickles.TestHarness.nunit.NotAutomatedAtAllFeature" runstate="Runnable" result="Inconclusive" duration="0.006292" asserts="0">
              <properties>
                <property name="_DESCRIPTION" value="Not automated scenario 2" />
              </properties>
              <reason>
                <message><![CDATA[No matching step definition found for one or more steps.
using System;
using TechTalk.SpecFlow;

namespace MyNamespace
{
    [Binding]
    public class StepDefinitions
    {
        [Given(@"unimplemented step")]
        public void GivenUnimplementedStep()
        {
            ScenarioContext.Current.Pending();
        }
        
        [When(@"unimplemented step")]
        public void WhenUnimplementedStep()
        {
            ScenarioContext.Current.Pending();
        }
        
        [Then(@"unimplemented step")]
        public void ThenUnimplementedStep()
        {
            ScenarioContext.Current.Pending();
        }
    }
}
]]></message>
              </reason>
            </test-case>
            <test-case id="0-1016" name="NotAutomatedScenario3" fullname="Pickles.TestHarness.nunit.NotAutomatedAtAllFeature.NotAutomatedScenario3" methodname="NotAutomatedScenario3" classname="Pickles.TestHarness.nunit.NotAutomatedAtAllFeature" runstate="Runnable" result="Inconclusive" duration="0.009060" asserts="0">
              <properties>
                <property name="_DESCRIPTION" value="Not automated scenario 3" />
              </properties>
              <reason>
                <message><![CDATA[No matching step definition found for one or more steps.
using System;
using TechTalk.SpecFlow;

namespace MyNamespace
{
    [Binding]
    public class StepDefinitions
    {
        [Given(@"unimplemented step")]
        public void GivenUnimplementedStep()
        {
            ScenarioContext.Current.Pending();
        }
        
        [When(@"unimplemented step")]
        public void WhenUnimplementedStep()
        {
            ScenarioContext.Current.Pending();
        }
        
        [Then(@"unimplemented step")]
        public void ThenUnimplementedStep()
        {
            ScenarioContext.Current.Pending();
        }
    }
}
]]></message>
              </reason>
            </test-case>
          </test-suite>
          <test-suite type="TestFixture" id="0-1017" name="ScenarioOutlinesFeature" fullname="Pickles.TestHarness.nunit.ScenarioOutlinesFeature" classname="Pickles.TestHarness.nunit.ScenarioOutlinesFeature" runstate="Runnable" testcasecount="18" result="Failed" duration="0.058142" total="18" passed="0" failed="0" inconclusive="0" skipped="0" asserts="0" site="Child">
            <properties>
              <property name="_DESCRIPTION" value="Scenario Outlines" />
            </properties>
            <failure>
              <message><![CDATA[One or more child tests had errors]]></message>
            </failure>
            <test-suite type="ParameterizedTest" id="0-1030" name="AndWeCanGoTotallyBonkersWithMultipleExampleSections_" fullname="Pickles.TestHarness.nunit.ScenarioOutlinesFeature.AndWeCanGoTotallyBonkersWithMultipleExampleSections_" runstate="Runnable" testcasecount="6" result="Failed" duration="0.020685" total="6" passed="0" failed="0" inconclusive="0" skipped="0" asserts="0">
              <properties>
                <property name="_DESCRIPTION" value="And we can go totally bonkers with multiple example sections." />
              </properties>
              <failure>
                <message><![CDATA[One or more child tests had errors]]></message>
              </failure>
              <test-case id="0-1031" name="AndWeCanGoTotallyBonkersWithMultipleExampleSections_(&quot;pass_1&quot;,null)" fullname="Pickles.TestHarness.nunit.ScenarioOutlinesFeature.AndWeCanGoTotallyBonkersWithMultipleExampleSections_(&quot;pass_1&quot;,null)" methodname="AndWeCanGoTotallyBonkersWithMultipleExampleSections_" classname="Pickles.TestHarness.nunit.ScenarioOutlinesFeature" runstate="Runnable" result="Passed" duration="0.001216" asserts="0" />
              <test-case id="0-1032" name="AndWeCanGoTotallyBonkersWithMultipleExampleSections_(&quot;pass_2&quot;,null)" fullname="Pickles.TestHarness.nunit.ScenarioOutlinesFeature.AndWeCanGoTotallyBonkersWithMultipleExampleSections_(&quot;pass_2&quot;,null)" methodname="AndWeCanGoTotallyBonkersWithMultipleExampleSections_" classname="Pickles.TestHarness.nunit.ScenarioOutlinesFeature" runstate="Runnable" result="Passed" duration="0.000141" asserts="0" />
              <test-case id="0-1033" name="AndWeCanGoTotallyBonkersWithMultipleExampleSections_(&quot;inconclusive_1&quot;,null)" fullname="Pickles.TestHarness.nunit.ScenarioOutlinesFeature.AndWeCanGoTotallyBonkersWithMultipleExampleSections_(&quot;inconclusive_1&quot;,null)" methodname="AndWeCanGoTotallyBonkersWithMultipleExampleSections_" classname="Pickles.TestHarness.nunit.ScenarioOutlinesFeature" runstate="Runnable" result="Inconclusive" duration="0.001250" asserts="0">
                <reason>
                  <message><![CDATA[One or more step definitions are not implemented yet.
  ScenarioOutlineSteps.ThenTheScenarioWill("inconclusive_1")]]></message>
                </reason>
              </test-case>
              <test-case id="0-1034" name="AndWeCanGoTotallyBonkersWithMultipleExampleSections_(&quot;inconclusive_2&quot;,null)" fullname="Pickles.TestHarness.nunit.ScenarioOutlinesFeature.AndWeCanGoTotallyBonkersWithMultipleExampleSections_(&quot;inconclusive_2&quot;,null)" methodname="AndWeCanGoTotallyBonkersWithMultipleExampleSections_" classname="Pickles.TestHarness.nunit.ScenarioOutlinesFeature" runstate="Runnable" result="Inconclusive" duration="0.002043" asserts="0">
                <reason>
                  <message><![CDATA[One or more step definitions are not implemented yet.
  ScenarioOutlineSteps.ThenTheScenarioWill("inconclusive_2")]]></message>
                </reason>
              </test-case>
              <test-case id="0-1035" name="AndWeCanGoTotallyBonkersWithMultipleExampleSections_(&quot;fail_1&quot;,null)" fullname="Pickles.TestHarness.nunit.ScenarioOutlinesFeature.AndWeCanGoTotallyBonkersWithMultipleExampleSections_(&quot;fail_1&quot;,null)" methodname="AndWeCanGoTotallyBonkersWithMultipleExampleSections_" classname="Pickles.TestHarness.nunit.ScenarioOutlinesFeature" runstate="Runnable" result="Failed" label="Error" duration="0.001980" asserts="0">
                <failure>
                  <message><![CDATA[Shouldly.ChuckedAWobbly : 
    true
        should be
    False
        but was
    True]]></message>
                  <stack-trace><![CDATA[   at Shouldly.ShouldlyCoreExtensions.AssertAwesomely[T](T actual, Func`2 specifiedConstraint, Object originalActual, Object originalExpected) in c:\TeamCity\buildAgent\work\10efaabfa8adbd4e\src\Shouldly\ShouldlyCoreExtensions.cs:line 18
   at Shouldly.ShouldBeTestExtensions.ShouldBe[T](T actual, T expected) in c:\TeamCity\buildAgent\work\10efaabfa8adbd4e\src\Shouldly\ShouldBeTestExtensions.cs:line 17
   at AutomationLayer.ScenarioOutlineSteps.ThenTheScenarioWill(String result) in C:\Dev\Code\GitHub\DirkRombauts\pickles\test-harness\AutomationLayer\ScenarioOutlineSteps.cs:line 21
   at TechTalk.SpecFlow.Bindings.BindingInvoker.InvokeBinding(IBinding binding, IContextManager contextManager, Object[] arguments, ITestTracer testTracer, TimeSpan& duration)
   at TechTalk.SpecFlow.Infrastructure.TestExecutionEngine.ExecuteStepMatch(BindingMatch match, Object[] arguments)
   at TechTalk.SpecFlow.Infrastructure.TestExecutionEngine.ExecuteStep(StepInstance stepInstance)
   at TechTalk.SpecFlow.Infrastructure.TestExecutionEngine.OnAfterLastStep()
   at Pickles.TestHarness.nunit.ScenarioOutlinesFeature.ScenarioCleanup()
   at Pickles.TestHarness.nunit.ScenarioOutlinesFeature.AndWeCanGoTotallyBonkersWithMultipleExampleSections_(String result, String[] exampleTags) in C:\Dev\Code\GitHub\DirkRombauts\pickles\test-harness\nunit\ScenarioOutlines.feature:line 45]]></stack-trace>
                </failure>
              </test-case>
              <test-case id="0-1036" name="AndWeCanGoTotallyBonkersWithMultipleExampleSections_(&quot;fail_2&quot;,null)" fullname="Pickles.TestHarness.nunit.ScenarioOutlinesFeature.AndWeCanGoTotallyBonkersWithMultipleExampleSections_(&quot;fail_2&quot;,null)" methodname="AndWeCanGoTotallyBonkersWithMultipleExampleSections_" classname="Pickles.TestHarness.nunit.ScenarioOutlinesFeature" runstate="Runnable" result="Failed" label="Error" duration="0.001026" asserts="0">
                <failure>
                  <message><![CDATA[Shouldly.ChuckedAWobbly : 
    true
        should be
    False
        but was
    True]]></message>
                  <stack-trace><![CDATA[   at Shouldly.ShouldlyCoreExtensions.AssertAwesomely[T](T actual, Func`2 specifiedConstraint, Object originalActual, Object originalExpected) in c:\TeamCity\buildAgent\work\10efaabfa8adbd4e\src\Shouldly\ShouldlyCoreExtensions.cs:line 18
   at Shouldly.ShouldBeTestExtensions.ShouldBe[T](T actual, T expected) in c:\TeamCity\buildAgent\work\10efaabfa8adbd4e\src\Shouldly\ShouldBeTestExtensions.cs:line 17
   at AutomationLayer.ScenarioOutlineSteps.ThenTheScenarioWill(String result) in C:\Dev\Code\GitHub\DirkRombauts\pickles\test-harness\AutomationLayer\ScenarioOutlineSteps.cs:line 21
   at TechTalk.SpecFlow.Bindings.BindingInvoker.InvokeBinding(IBinding binding, IContextManager contextManager, Object[] arguments, ITestTracer testTracer, TimeSpan& duration)
   at TechTalk.SpecFlow.Infrastructure.TestExecutionEngine.ExecuteStepMatch(BindingMatch match, Object[] arguments)
   at TechTalk.SpecFlow.Infrastructure.TestExecutionEngine.ExecuteStep(StepInstance stepInstance)
   at TechTalk.SpecFlow.Infrastructure.TestExecutionEngine.OnAfterLastStep()
   at Pickles.TestHarness.nunit.ScenarioOutlinesFeature.ScenarioCleanup()
   at Pickles.TestHarness.nunit.ScenarioOutlinesFeature.AndWeCanGoTotallyBonkersWithMultipleExampleSections_(String result, String[] exampleTags) in C:\Dev\Code\GitHub\DirkRombauts\pickles\test-harness\nunit\ScenarioOutlines.feature:line 45]]></stack-trace>
                </failure>
              </test-case>
            </test-suite>
            <test-suite type="ParameterizedTest" id="0-1037" name="DealCorrectlyWithBackslashesInTheExamples" fullname="Pickles.TestHarness.nunit.ScenarioOutlinesFeature.DealCorrectlyWithBackslashesInTheExamples" runstate="Runnable" testcasecount="1" result="Passed" duration="0.001145" total="1" passed="0" failed="0" inconclusive="0" skipped="0" asserts="0">
              <properties>
                <property name="_DESCRIPTION" value="Deal correctly with backslashes in the examples" />
              </properties>
              <test-case id="0-1038" name="DealCorrectlyWithBackslashesInTheExamples(&quot;c:\\Temp\\&quot;,null)" fullname="Pickles.TestHarness.nunit.ScenarioOutlinesFeature.DealCorrectlyWithBackslashesInTheExamples(&quot;c:\\Temp\\&quot;,null)" methodname="DealCorrectlyWithBackslashesInTheExamples" classname="Pickles.TestHarness.nunit.ScenarioOutlinesFeature" runstate="Runnable" result="Passed" duration="0.000896" asserts="0" />
            </test-suite>
            <test-suite type="ParameterizedTest" id="0-1041" name="DealCorrectlyWithOverlongExampleValues" fullname="Pickles.TestHarness.nunit.ScenarioOutlinesFeature.DealCorrectlyWithOverlongExampleValues" runstate="Runnable" testcasecount="1" result="Passed" duration="0.001062" total="1" passed="0" failed="0" inconclusive="0" skipped="0" asserts="0">
              <properties>
                <property name="_DESCRIPTION" value="Deal correctly with overlong example values" />
              </properties>
              <test-case id="0-1042" name="DealCorrectlyWithOverlongExampleValues(&quot;Please enter a valid two letter country code (e.g. DE)!&quot;,&quot;This is just a very very very veery long error message!&quot;,null)" fullname="Pickles.TestHarness.nunit.ScenarioOutlinesFeature.DealCorrectlyWithOverlongExampleValues(&quot;Please enter a valid two letter country code (e.g. DE)!&quot;,&quot;This is just a very very very veery long error message!&quot;,null)" methodname="DealCorrectlyWithOverlongExampleValues" classname="Pickles.TestHarness.nunit.ScenarioOutlinesFeature" runstate="Runnable" result="Passed" duration="0.000853" asserts="0" />
            </test-suite>
            <test-suite type="ParameterizedTest" id="0-1039" name="DealCorrectlyWithParenthesisInTheExamples" fullname="Pickles.TestHarness.nunit.ScenarioOutlinesFeature.DealCorrectlyWithParenthesisInTheExamples" runstate="Runnable" testcasecount="1" result="Passed" duration="0.001004" total="1" passed="0" failed="0" inconclusive="0" skipped="0" asserts="0">
              <properties>
                <property name="_DESCRIPTION" value="Deal correctly with parenthesis in the examples" />
              </properties>
              <test-case id="0-1040" name="DealCorrectlyWithParenthesisInTheExamples(&quot;This is a description (and more)&quot;,null)" fullname="Pickles.TestHarness.nunit.ScenarioOutlinesFeature.DealCorrectlyWithParenthesisInTheExamples(&quot;This is a description (and more)&quot;,null)" methodname="DealCorrectlyWithParenthesisInTheExamples" classname="Pickles.TestHarness.nunit.ScenarioOutlinesFeature" runstate="Runnable" result="Passed" duration="0.000808" asserts="0" />
            </test-suite>
            <test-suite type="ParameterizedTest" id="0-1018" name="ThisIsAScenarioOutlineWhereAllScenariosPass" fullname="Pickles.TestHarness.nunit.ScenarioOutlinesFeature.ThisIsAScenarioOutlineWhereAllScenariosPass" runstate="Runnable" testcasecount="3" result="Passed" duration="0.004058" total="3" passed="0" failed="0" inconclusive="0" skipped="0" asserts="0">
              <properties>
                <property name="_DESCRIPTION" value="This is a scenario outline where all scenarios pass" />
              </properties>
              <test-case id="0-1019" name="ThisIsAScenarioOutlineWhereAllScenariosPass(&quot;pass_1&quot;,null)" fullname="Pickles.TestHarness.nunit.ScenarioOutlinesFeature.ThisIsAScenarioOutlineWhereAllScenariosPass(&quot;pass_1&quot;,null)" methodname="ThisIsAScenarioOutlineWhereAllScenariosPass" classname="Pickles.TestHarness.nunit.ScenarioOutlinesFeature" runstate="Runnable" result="Passed" duration="0.000326" asserts="0" />
              <test-case id="0-1020" name="ThisIsAScenarioOutlineWhereAllScenariosPass(&quot;pass_2&quot;,null)" fullname="Pickles.TestHarness.nunit.ScenarioOutlinesFeature.ThisIsAScenarioOutlineWhereAllScenariosPass(&quot;pass_2&quot;,null)" methodname="ThisIsAScenarioOutlineWhereAllScenariosPass" classname="Pickles.TestHarness.nunit.ScenarioOutlinesFeature" runstate="Runnable" result="Passed" duration="0.000169" asserts="0" />
              <test-case id="0-1021" name="ThisIsAScenarioOutlineWhereAllScenariosPass(&quot;pass_3&quot;,null)" fullname="Pickles.TestHarness.nunit.ScenarioOutlinesFeature.ThisIsAScenarioOutlineWhereAllScenariosPass(&quot;pass_3&quot;,null)" methodname="ThisIsAScenarioOutlineWhereAllScenariosPass" classname="Pickles.TestHarness.nunit.ScenarioOutlinesFeature" runstate="Runnable" result="Passed" duration="0.000144" asserts="0" />
            </test-suite>
            <test-suite type="ParameterizedTest" id="0-1026" name="ThisIsAScenarioOutlineWhereOneScenarioFails" fullname="Pickles.TestHarness.nunit.ScenarioOutlinesFeature.ThisIsAScenarioOutlineWhereOneScenarioFails" runstate="Runnable" testcasecount="3" result="Failed" duration="0.008964" total="3" passed="0" failed="0" inconclusive="0" skipped="0" asserts="0">
              <properties>
                <property name="_DESCRIPTION" value="This is a scenario outline where one scenario fails" />
              </properties>
              <failure>
                <message><![CDATA[One or more child tests had errors]]></message>
              </failure>
              <test-case id="0-1027" name="ThisIsAScenarioOutlineWhereOneScenarioFails(&quot;pass_1&quot;,null)" fullname="Pickles.TestHarness.nunit.ScenarioOutlinesFeature.ThisIsAScenarioOutlineWhereOneScenarioFails(&quot;pass_1&quot;,null)" methodname="ThisIsAScenarioOutlineWhereOneScenarioFails" classname="Pickles.TestHarness.nunit.ScenarioOutlinesFeature" runstate="Runnable" result="Passed" duration="0.000412" asserts="0" />
              <test-case id="0-1028" name="ThisIsAScenarioOutlineWhereOneScenarioFails(&quot;pass_2&quot;,null)" fullname="Pickles.TestHarness.nunit.ScenarioOutlinesFeature.ThisIsAScenarioOutlineWhereOneScenarioFails(&quot;pass_2&quot;,null)" methodname="ThisIsAScenarioOutlineWhereOneScenarioFails" classname="Pickles.TestHarness.nunit.ScenarioOutlinesFeature" runstate="Runnable" result="Passed" duration="0.000284" asserts="0" />
              <test-case id="0-1029" name="ThisIsAScenarioOutlineWhereOneScenarioFails(&quot;fail_1&quot;,null)" fullname="Pickles.TestHarness.nunit.ScenarioOutlinesFeature.ThisIsAScenarioOutlineWhereOneScenarioFails(&quot;fail_1&quot;,null)" methodname="ThisIsAScenarioOutlineWhereOneScenarioFails" classname="Pickles.TestHarness.nunit.ScenarioOutlinesFeature" runstate="Runnable" result="Failed" label="Error" duration="0.001274" asserts="0">
                <failure>
                  <message><![CDATA[Shouldly.ChuckedAWobbly : 
    true
        should be
    False
        but was
    True]]></message>
                  <stack-trace><![CDATA[   at Shouldly.ShouldlyCoreExtensions.AssertAwesomely[T](T actual, Func`2 specifiedConstraint, Object originalActual, Object originalExpected) in c:\TeamCity\buildAgent\work\10efaabfa8adbd4e\src\Shouldly\ShouldlyCoreExtensions.cs:line 18
   at Shouldly.ShouldBeTestExtensions.ShouldBe[T](T actual, T expected) in c:\TeamCity\buildAgent\work\10efaabfa8adbd4e\src\Shouldly\ShouldBeTestExtensions.cs:line 17
   at AutomationLayer.ScenarioOutlineSteps.ThenTheScenarioWill(String result) in C:\Dev\Code\GitHub\DirkRombauts\pickles\test-harness\AutomationLayer\ScenarioOutlineSteps.cs:line 21
   at TechTalk.SpecFlow.Bindings.BindingInvoker.InvokeBinding(IBinding binding, IContextManager contextManager, Object[] arguments, ITestTracer testTracer, TimeSpan& duration)
   at TechTalk.SpecFlow.Infrastructure.TestExecutionEngine.ExecuteStepMatch(BindingMatch match, Object[] arguments)
   at TechTalk.SpecFlow.Infrastructure.TestExecutionEngine.ExecuteStep(StepInstance stepInstance)
   at TechTalk.SpecFlow.Infrastructure.TestExecutionEngine.OnAfterLastStep()
   at Pickles.TestHarness.nunit.ScenarioOutlinesFeature.ScenarioCleanup()
   at Pickles.TestHarness.nunit.ScenarioOutlinesFeature.ThisIsAScenarioOutlineWhereOneScenarioFails(String result, String[] exampleTags) in C:\Dev\Code\GitHub\DirkRombauts\pickles\test-harness\nunit\ScenarioOutlines.feature:line 34]]></stack-trace>
                </failure>
              </test-case>
            </test-suite>
            <test-suite type="ParameterizedTest" id="0-1022" name="ThisIsAScenarioOutlineWhereOneScenarioIsInconclusive" fullname="Pickles.TestHarness.nunit.ScenarioOutlinesFeature.ThisIsAScenarioOutlineWhereOneScenarioIsInconclusive" runstate="Runnable" testcasecount="3" result="Passed" duration="0.006391" total="3" passed="0" failed="0" inconclusive="0" skipped="0" asserts="0">
              <properties>
                <property name="_DESCRIPTION" value="This is a scenario outline where one scenario is inconclusive" />
              </properties>
              <test-case id="0-1023" name="ThisIsAScenarioOutlineWhereOneScenarioIsInconclusive(&quot;pass_1&quot;,null)" fullname="Pickles.TestHarness.nunit.ScenarioOutlinesFeature.ThisIsAScenarioOutlineWhereOneScenarioIsInconclusive(&quot;pass_1&quot;,null)" methodname="ThisIsAScenarioOutlineWhereOneScenarioIsInconclusive" classname="Pickles.TestHarness.nunit.ScenarioOutlinesFeature" runstate="Runnable" result="Passed" duration="0.000324" asserts="0" />
              <test-case id="0-1024" name="ThisIsAScenarioOutlineWhereOneScenarioIsInconclusive(&quot;pass_2&quot;,null)" fullname="Pickles.TestHarness.nunit.ScenarioOutlinesFeature.ThisIsAScenarioOutlineWhereOneScenarioIsInconclusive(&quot;pass_2&quot;,null)" methodname="ThisIsAScenarioOutlineWhereOneScenarioIsInconclusive" classname="Pickles.TestHarness.nunit.ScenarioOutlinesFeature" runstate="Runnable" result="Passed" duration="0.000094" asserts="0" />
              <test-case id="0-1025" name="ThisIsAScenarioOutlineWhereOneScenarioIsInconclusive(&quot;inconclusive_1&quot;,null)" fullname="Pickles.TestHarness.nunit.ScenarioOutlinesFeature.ThisIsAScenarioOutlineWhereOneScenarioIsInconclusive(&quot;inconclusive_1&quot;,null)" methodname="ThisIsAScenarioOutlineWhereOneScenarioIsInconclusive" classname="Pickles.TestHarness.nunit.ScenarioOutlinesFeature" runstate="Runnable" result="Inconclusive" duration="0.001041" asserts="0">
                <reason>
                  <message><![CDATA[One or more step definitions are not implemented yet.
  ScenarioOutlineSteps.ThenTheScenarioWill("inconclusive_1")]]></message>
                </reason>
              </test-case>
            </test-suite>
          </test-suite>
          <test-suite type="TestFixture" id="0-1043" name="ScenariosWithSpecialCharactersFeature" fullname="Pickles.TestHarness.nunit.ScenariosWithSpecialCharactersFeature" classname="Pickles.TestHarness.nunit.ScenariosWithSpecialCharactersFeature" runstate="Runnable" testcasecount="11" result="Passed" duration="0.035023" total="11" passed="0" failed="0" inconclusive="0" skipped="0" asserts="0">
            <properties>
              <property name="_DESCRIPTION" value="Scenarios With Special Characters" />
            </properties>
            <test-suite type="ParameterizedTest" id="0-1057" name="ThisIsAScenarioOutlineWithAmpersand" fullname="Pickles.TestHarness.nunit.ScenariosWithSpecialCharactersFeature.ThisIsAScenarioOutlineWithAmpersand" runstate="Runnable" testcasecount="1" result="Passed" duration="0.000904" total="1" passed="0" failed="0" inconclusive="0" skipped="0" asserts="0">
              <properties>
                <property name="_DESCRIPTION" value="This is a scenario outline with ampersand &amp;" />
              </properties>
              <test-case id="0-1058" name="ThisIsAScenarioOutlineWithAmpersand(&quot;pass_1&quot;,null)" fullname="Pickles.TestHarness.nunit.ScenariosWithSpecialCharactersFeature.ThisIsAScenarioOutlineWithAmpersand(&quot;pass_1&quot;,null)" methodname="ThisIsAScenarioOutlineWithAmpersand" classname="Pickles.TestHarness.nunit.ScenariosWithSpecialCharactersFeature" runstate="Runnable" result="Passed" duration="0.000675" asserts="0" />
            </test-suite>
            <test-suite type="ParameterizedTest" id="0-1055" name="ThisIsAScenarioOutlineWithGermanUmlautsAouBAOU" fullname="Pickles.TestHarness.nunit.ScenariosWithSpecialCharactersFeature.ThisIsAScenarioOutlineWithGermanUmlautsAouBAOU" runstate="Runnable" testcasecount="1" result="Passed" duration="0.000900" total="1" passed="0" failed="0" inconclusive="0" skipped="0" asserts="0">
              <properties>
                <property name="_DESCRIPTION" value="This is a scenario outline with german umlauts äöüß ÄÖÜ" />
              </properties>
              <test-case id="0-1056" name="ThisIsAScenarioOutlineWithGermanUmlautsAouBAOU(&quot;pass_1&quot;,null)" fullname="Pickles.TestHarness.nunit.ScenariosWithSpecialCharactersFeature.ThisIsAScenarioOutlineWithGermanUmlautsAouBAOU(&quot;pass_1&quot;,null)" methodname="ThisIsAScenarioOutlineWithGermanUmlautsAouBAOU" classname="Pickles.TestHarness.nunit.ScenariosWithSpecialCharactersFeature" runstate="Runnable" result="Passed" duration="0.000475" asserts="0" />
            </test-suite>
            <test-suite type="ParameterizedTest" id="0-1045" name="ThisIsAScenarioOutlineWithParenthesesHyphenAndComma10_2030_40" fullname="Pickles.TestHarness.nunit.ScenariosWithSpecialCharactersFeature.ThisIsAScenarioOutlineWithParenthesesHyphenAndComma10_2030_40" runstate="Runnable" testcasecount="1" result="Passed" duration="0.000833" total="1" passed="0" failed="0" inconclusive="0" skipped="0" asserts="0">
              <properties>
                <property name="_DESCRIPTION" value="This is a scenario outline with parentheses, hyphen and comma (10-20, 30-40)" />
              </properties>
              <test-case id="0-1046" name="ThisIsAScenarioOutlineWithParenthesesHyphenAndComma10_2030_40(&quot;pass_1&quot;,null)" fullname="Pickles.TestHarness.nunit.ScenariosWithSpecialCharactersFeature.ThisIsAScenarioOutlineWithParenthesesHyphenAndComma10_2030_40(&quot;pass_1&quot;,null)" methodname="ThisIsAScenarioOutlineWithParenthesesHyphenAndComma10_2030_40" classname="Pickles.TestHarness.nunit.ScenariosWithSpecialCharactersFeature" runstate="Runnable" result="Passed" duration="0.000390" asserts="0" />
            </test-suite>
            <test-case id="0-1044" name="ThisIsAScenarioWithParenthesesHyphenAndComma10_2030_40" fullname="Pickles.TestHarness.nunit.ScenariosWithSpecialCharactersFeature.ThisIsAScenarioWithParenthesesHyphenAndComma10_2030_40" methodname="ThisIsAScenarioWithParenthesesHyphenAndComma10_2030_40" classname="Pickles.TestHarness.nunit.ScenariosWithSpecialCharactersFeature" runstate="Runnable" result="Passed" duration="0.000614" asserts="0">
              <properties>
                <property name="_DESCRIPTION" value="This is a scenario with parentheses, hyphen and comma (10-20, 30-40)" />
              </properties>
            </test-case>
            <test-suite type="ParameterizedTest" id="0-1047" name="ThisScenarioContainsExamplesWithRegex_SpecialCharacters" fullname="Pickles.TestHarness.nunit.ScenariosWithSpecialCharactersFeature.ThisScenarioContainsExamplesWithRegex_SpecialCharacters" runstate="Runnable" testcasecount="7" result="Passed" duration="0.016488" total="7" passed="0" failed="0" inconclusive="0" skipped="0" asserts="0">
              <properties>
                <property name="_DESCRIPTION" value="This scenario contains examples with Regex-special characters" />
              </properties>
              <test-case id="0-1048" name="ThisScenarioContainsExamplesWithRegex_SpecialCharacters(&quot;**&quot;,null)" fullname="Pickles.TestHarness.nunit.ScenariosWithSpecialCharactersFeature.ThisScenarioContainsExamplesWithRegex_SpecialCharacters(&quot;**&quot;,null)" methodname="ThisScenarioContainsExamplesWithRegex_SpecialCharacters" classname="Pickles.TestHarness.nunit.ScenariosWithSpecialCharactersFeature" runstate="Runnable" result="Passed" duration="0.001947" asserts="0" />
              <test-case id="0-1049" name="ThisScenarioContainsExamplesWithRegex_SpecialCharacters(&quot;++&quot;,null)" fullname="Pickles.TestHarness.nunit.ScenariosWithSpecialCharactersFeature.ThisScenarioContainsExamplesWithRegex_SpecialCharacters(&quot;++&quot;,null)" methodname="ThisScenarioContainsExamplesWithRegex_SpecialCharacters" classname="Pickles.TestHarness.nunit.ScenariosWithSpecialCharactersFeature" runstate="Runnable" result="Passed" duration="0.000429" asserts="0" />
              <test-case id="0-1050" name="ThisScenarioContainsExamplesWithRegex_SpecialCharacters(&quot;.*&quot;,null)" fullname="Pickles.TestHarness.nunit.ScenariosWithSpecialCharactersFeature.ThisScenarioContainsExamplesWithRegex_SpecialCharacters(&quot;.*&quot;,null)" methodname="ThisScenarioContainsExamplesWithRegex_SpecialCharacters" classname="Pickles.TestHarness.nunit.ScenariosWithSpecialCharactersFeature" runstate="Runnable" result="Passed" duration="0.000207" asserts="0" />
              <test-case id="0-1051" name="ThisScenarioContainsExamplesWithRegex_SpecialCharacters(&quot;[]&quot;,null)" fullname="Pickles.TestHarness.nunit.ScenariosWithSpecialCharactersFeature.ThisScenarioContainsExamplesWithRegex_SpecialCharacters(&quot;[]&quot;,null)" methodname="ThisScenarioContainsExamplesWithRegex_SpecialCharacters" classname="Pickles.TestHarness.nunit.ScenariosWithSpecialCharactersFeature" runstate="Runnable" result="Passed" duration="0.000207" asserts="0" />
              <test-case id="0-1052" name="ThisScenarioContainsExamplesWithRegex_SpecialCharacters(&quot;{}&quot;,null)" fullname="Pickles.TestHarness.nunit.ScenariosWithSpecialCharactersFeature.ThisScenarioContainsExamplesWithRegex_SpecialCharacters(&quot;{}&quot;,null)" methodname="ThisScenarioContainsExamplesWithRegex_SpecialCharacters" classname="Pickles.TestHarness.nunit.ScenariosWithSpecialCharactersFeature" runstate="Runnable" result="Passed" duration="0.000161" asserts="0" />
              <test-case id="0-1053" name="ThisScenarioContainsExamplesWithRegex_SpecialCharacters(&quot;()&quot;,null)" fullname="Pickles.TestHarness.nunit.ScenariosWithSpecialCharactersFeature.ThisScenarioContainsExamplesWithRegex_SpecialCharacters(&quot;()&quot;,null)" methodname="ThisScenarioContainsExamplesWithRegex_SpecialCharacters" classname="Pickles.TestHarness.nunit.ScenariosWithSpecialCharactersFeature" runstate="Runnable" result="Passed" duration="0.000148" asserts="0" />
              <test-case id="0-1054" name="ThisScenarioContainsExamplesWithRegex_SpecialCharacters(&quot;^.*(?&lt;foo&gt;BAR)\\s[^0-9]{3,4}A+$&quot;,null)" fullname="Pickles.TestHarness.nunit.ScenariosWithSpecialCharactersFeature.ThisScenarioContainsExamplesWithRegex_SpecialCharacters(&quot;^.*(?&lt;foo&gt;BAR)\\s[^0-9]{3,4}A+$&quot;,null)" methodname="ThisScenarioContainsExamplesWithRegex_SpecialCharacters" classname="Pickles.TestHarness.nunit.ScenariosWithSpecialCharactersFeature" runstate="Runnable" result="Passed" duration="0.000155" asserts="0" />
            </test-suite>
          </test-suite>
        </test-suite>
      </test-suite>
    </test-suite>
  </test-suite>
</test-run>